[2016.01.08-05.36.00:661][  0]Log file open, 01/07/16 21:36:00
[2016.01.08-05.36.00:661][  0]LogInit:Display: Running engine for game: SpiritRunner
[2016.01.08-05.36.00:661][  0]LogInit:Display: RandInit(220626339) SRandInit(220626339).
[2016.01.08-05.36.00:661][  0]LogTaskGraph: Started task graph with 4 named threads and 7 total threads.
[2016.01.08-05.36.00:661][  0]LogStats: Stats thread started
[2016.01.08-05.36.00:661][  0]LogInit: Version: 4.8.3-2634408+++depot+UE4-Releases+4.8
[2016.01.08-05.36.00:661][  0]LogInit: API Version: 2579680
[2016.01.08-05.36.00:661][  0]LogInit: Compiled (64-bit): Jul 27 2015 16:24:33
[2016.01.08-05.36.00:661][  0]LogInit: Compiled with Visual C++: 18.00.21005.01
[2016.01.08-05.36.00:661][  0]LogInit: Build Configuration: Development
[2016.01.08-05.36.00:661][  0]LogInit: Branch Name: ++depot+UE4-Releases+4.8
[2016.01.08-05.36.00:661][  0]LogInit: Command line: 
[2016.01.08-05.36.00:661][  0]LogInit: Base directory: G:/Programs/Epic Games/4.8/Engine/Binaries/Win64/
[2016.01.08-05.36.00:661][  0]LogInit: Rocket: 1
[2016.01.08-05.36.00:673][  0]LogInit: Using libcurl 7.41.0
[2016.01.08-05.36.00:673][  0]LogInit:  - built for x86_64-pc-win32
[2016.01.08-05.36.00:673][  0]LogInit:  - supports SSL with WinSSL
[2016.01.08-05.36.00:673][  0]LogInit:  - other features:
[2016.01.08-05.36.00:673][  0]LogInit:      CURL_VERSION_SSL
[2016.01.08-05.36.00:673][  0]LogInit:      CURL_VERSION_IPV6
[2016.01.08-05.36.00:673][  0]LogInit:      CURL_VERSION_ASYNCHDNS
[2016.01.08-05.36.00:673][  0]LogInit:      CURL_VERSION_LARGEFILE
[2016.01.08-05.36.00:673][  0]LogInit:      CURL_VERSION_IDN
[2016.01.08-05.36.00:673][  0]LogInit:  CurlRequestOptions (configurable via config and command line):
[2016.01.08-05.36.00:673][  0]LogInit:  - bVerifyPeer = true  - Libcurl will verify peer certificate
[2016.01.08-05.36.00:673][  0]LogInit:  - bUseHttpProxy = false  - Libcurl will NOT use HTTP proxy
[2016.01.08-05.36.00:673][  0]LogInit:  - bDontReuseConnections = false  - Libcurl will reuse connections
[2016.01.08-05.36.00:673][  0]LogInit:  - CertBundlePath = nullptr  - Libcurl will use whatever was configured at build time.
[2016.01.08-05.36.00:683][  0]LogOnline:Warning: No default platform service specified for OnlineSubsystem
[2016.01.08-05.36.00:695][  0]LogInit: Presizing for 0 objects not considered by GC, pre-allocating 0 bytes.
[2016.01.08-05.36.00:699][  0]LogInit: Object subsystem initialized
[2016.01.08-05.36.00:700][  0]LogConsoleResponse:Warning: Skipping Unknown console variable: 'TranslucentSortAxis = (X=0.000000,Y=-1.000000,Z=0.000000)'
[2016.01.08-05.36.00:700][  0]LogConsoleResponse:Warning:   Found in ini file 'C:/Users/John/Documents/GitHub/spiritrunner/SpiritRunner/Saved/Config/Windows/Engine.ini', in section '[/Script/Engine.RendererSettings]'
[2016.01.08-05.36.00:700][  0]LogConsoleResponse:Warning: Skipping Unknown console variable: 'UIScaleRule = ShortestSide'
[2016.01.08-05.36.00:700][  0]LogConsoleResponse:Warning:   Found in ini file 'C:/Users/John/Documents/GitHub/spiritrunner/SpiritRunner/Saved/Config/Windows/Engine.ini', in section '[/Script/Engine.RendererSettings]'
[2016.01.08-05.36.00:700][  0]LogConsoleResponse:Warning: Skipping Unknown console variable: 'UIScaleCurve = (EditorCurveData=(Keys=),ExternalCurve=None)'
[2016.01.08-05.36.00:700][  0]LogConsoleResponse:Warning:   Found in ini file 'C:/Users/John/Documents/GitHub/spiritrunner/SpiritRunner/Saved/Config/Windows/Engine.ini', in section '[/Script/Engine.RendererSettings]'
[2016.01.08-05.36.00:700][  0]LogInit: Selected Device Profile: [Windows]
[2016.01.08-05.36.00:700][  0]LogInit: Applying CVar settings loaded from the selected device profile: [Windows]
[2016.01.08-05.36.00:705][  0]LogInit: Computer: JOHN-PC
[2016.01.08-05.36.00:705][  0]LogInit: User: John
[2016.01.08-05.36.00:705][  0]LogInit: CPU Page size=4096, Cores=4
[2016.01.08-05.36.00:705][  0]LogInit: High frequency timer resolution =3.906279 MHz
[2016.01.08-05.36.00:705][  0]LogMemory: Memory total: Physical=7.9GB (8GB approx)
[2016.01.08-05.36.00:705][  0]LogMemory: Platform Memory Stats for Windows
[2016.01.08-05.36.00:705][  0]LogMemory: Process Physical Memory: 50.32 MB used, 50.32 MB peak
[2016.01.08-05.36.00:705][  0]LogMemory: Process Virtual Memory: 24.27 MB used, 24.27 MB peak
[2016.01.08-05.36.00:705][  0]LogMemory: Physical Memory: 5050.31 MB used, 8108.02 MB total
[2016.01.08-05.36.00:705][  0]LogMemory: Virtual Memory: 283.25 MB used, 8388608.00 MB total
[2016.01.08-05.36.00:735][  0]LogTextLocalizationManager: The requested culture ('en_US') has no localization data; parent culture's ('en') localization data will be used.
[2016.01.08-05.36.00:883][  0]LogTextLocalizationManager:Warning: Loaded localization resources contain conflicting entries for (Namespace:ContentBrowser, Key:ImportAssetToolTip):
Localization Resource: (G:/Programs/Epic Games/4.8/Engine/Content/Localization/Editor/en/Editor.locres) Source String Hash: (-630476809) Localized String: (Import to {0}...)
Localization Resource: (G:/Programs/Epic Games/4.8/Engine/Content/Localization/Editor/en/Editor.locres) Source String Hash: (1271782899) Localized String: (Imports an asset from file to this folder.)
[2016.01.08-05.36.01:227][  0]LogD3D11RHI: Found D3D11 adapter 0: NVIDIA GeForce GTX 970 (Feature Level 11_0)
[2016.01.08-05.36.01:227][  0]LogD3D11RHI: Adapter has 4008MB of dedicated video memory, 0MB of dedicated system memory, and 3798MB of shared system memory, 2 output[s]
[2016.01.08-05.36.01:233][  0]LogD3D11RHI: Found D3D11 adapter 1: Intel(R) HD Graphics 4600 (Feature Level 11_0)
[2016.01.08-05.36.01:233][  0]LogD3D11RHI: Adapter has 64MB of dedicated video memory, 0MB of dedicated system memory, and 1632MB of shared system memory, 0 output[s]
[2016.01.08-05.36.01:233][  0]LogD3D11RHI: Chosen D3D11 Adapter Id = 0
[2016.01.08-05.36.01:240][  0]LogD3D11RHI: InitD3DDevice
[2016.01.08-05.36.01:240][  0]LogD3D11RHI: !Direct3DDevice
[2016.01.08-05.36.01:240][  0]LogRHI: Texture pool is 1361 MB (70% of 1945 MB)
[2016.01.08-05.36.01:247][  0]LogD3D11RHI: Async texture creation enabled
[2016.01.08-05.36.01:259][  0]LogShaderCompilers:Display: Using Local Shader Compiler.
[2016.01.08-05.36.01:900][  0]LogTemp:Display: Loaded TP DesktopTargetPlatform
[2016.01.08-05.36.01:911][  0]LogTemp:Display: Loaded TP WindowsClientTargetPlatform
[2016.01.08-05.36.01:923][  0]LogTemp:Display: Loaded TP WindowsNoEditorTargetPlatform
[2016.01.08-05.36.01:935][  0]LogTemp:Display: Loaded TP WindowsServerTargetPlatform
[2016.01.08-05.36.01:947][  0]LogTemp:Display: Loaded TP WindowsTargetPlatform
[2016.01.08-05.36.01:957][  0]LogTemp:Display: Loaded TP AndroidTargetPlatform
[2016.01.08-05.36.01:967][  0]LogTemp:Display: Loaded TP Android_ASTCTargetPlatform
[2016.01.08-05.36.01:977][  0]LogTemp:Display: Loaded TP Android_ATCTargetPlatform
[2016.01.08-05.36.01:987][  0]LogTemp:Display: Loaded TP Android_DXTTargetPlatform
[2016.01.08-05.36.01:997][  0]LogTemp:Display: Loaded TP Android_ETC1TargetPlatform
[2016.01.08-05.36.02:007][  0]LogTemp:Display: Loaded TP Android_ETC2TargetPlatform
[2016.01.08-05.36.02:017][  0]LogTemp:Display: Loaded TP Android_PVRTCTargetPlatform
[2016.01.08-05.36.02:058][  0]LogTemp:Display: Loaded TP IOSTargetPlatform
[2016.01.08-05.36.02:068][  0]LogTemp:Display: Loaded TP LinuxNoEditorTargetPlatform
[2016.01.08-05.36.02:078][  0]LogTemp:Display: Loaded TP LinuxServerTargetPlatform
[2016.01.08-05.36.02:090][  0]LogTemp:Display: Loaded TP LinuxTargetPlatform
[2016.01.08-05.36.02:090][  0]LogTargetPlatformManager:Display: Building Assets For Windows
[2016.01.08-05.36.02:261][  0]LogDerivedDataCache:Display: Max Cache Size: 512 MB
[2016.01.08-05.36.02:307][  0]LogDerivedDataCache: Loaded boot cache 0.05s 53MB C:/Users/John/AppData/Local/UnrealEngine/4.8/DerivedDataCache/Boot.ddc.
[2016.01.08-05.36.02:307][  0]LogDerivedDataCache:Display: Loaded Boot cache: C:/Users/John/AppData/Local/UnrealEngine/4.8/DerivedDataCache/Boot.ddc
[2016.01.08-05.36.02:307][  0]LogDerivedDataCache: FDerivedDataBackendGraph:  Pak pak cache file C:/Users/John/Documents/GitHub/spiritrunner/SpiritRunner/DerivedDataCache/DDC.ddp not found, will not use a pak cache.
[2016.01.08-05.36.02:307][  0]LogDerivedDataCache: Unable to find inner node Pak for hierarchical cache Hierarchy.
[2016.01.08-05.36.02:307][  0]LogDerivedDataCache: FDerivedDataBackendGraph:  CompressedPak pak cache file C:/Users/John/Documents/GitHub/spiritrunner/SpiritRunner/DerivedDataCache/Compressed.ddp not found, will not use a pak cache.
[2016.01.08-05.36.02:307][  0]LogDerivedDataCache: Unable to find inner node CompressedPak for hierarchical cache Hierarchy.
[2016.01.08-05.36.02:420][  0]LogDerivedDataCache:Display: Pak cache opened for reading ../../../Engine/DerivedDataCache/Compressed.ddp.
[2016.01.08-05.36.02:430][  0]LogDerivedDataCache: Using Local data cache path C:/Users/John/AppData/Local/UnrealEngine/Common/DerivedDataCache: Writable
[2016.01.08-05.36.02:569][  0]LogInit: Selected Device Profile: [Windows]
[2016.01.08-05.36.02:574][  0]ImportText (ComponentSweepMultiTests): Missing closing parenthesis: (RootShapeAsset="/Engine/BasicShapes/Cube.Cube",ShapeType="TriggerCapsule",HitResult=(Time=0.50,Location=(X=-100.000015,Y=0.0,Z=100.000015),ImpactPoint=(X=-50.0,Y=0.0,Z=50.0),Normal=(X=-1.0,Y=-0.0,Z=0.0),ImpactNormal=(X=0.0,Y=0.0,Z=1.0),TraceStart=(X=-200.0,Y=0.0,Z=200.0),TraceEnd=(X=0.0,Y=0.0,Z=0.0))
[2016.01.08-05.36.02:575][  0]ImportText (LineTraceSingleByChannelTests): Missing closing parenthesis: (RootShapeAsset="/Engine/BasicShapes/Cube.Cube",HitResult=(Time=0.50,Location=(X=-100.000015,Y=0.0,Z=100.000015),ImpactPoint=(X=-50.0,Y=0.0,Z=50.0),Normal=(X=-1.0,Y=-0.0,Z=0.0),ImpactNormal=(X=0.0,Y=0.0,Z=1.0),TraceStart=(X=-200.0,Y=0.0,Z=200.0),TraceEnd=(X=0.0,Y=0.0,Z=0.0))
[2016.01.08-05.36.02:601][  0]LogMeshUtilities: No automatic mesh reduction module available
[2016.01.08-05.36.02:601][  0]LogMeshUtilities: No automatic mesh merging module available
[2016.01.08-05.36.02:894][  0]LogInit: WinSock: version 1.1 (2.2), MaxSocks=32767, MaxUdp=65467
[2016.01.08-05.36.03:625][  0]UdpMessaging: Initializing bridge on interface 0.0.0.0:0 to multicast group 230.0.0.1:6666.
[2016.01.08-05.36.03:925][  0]SourceControl: Info Source control is disabled
[2016.01.08-05.36.03:925][  0]SourceControl: Info Source control is disabled
[2016.01.08-05.36.03:934][  0]SourceControl: Info Source control is disabled
[2016.01.08-05.36.03:942][  0]SourceControl: Info Source control is disabled
[2016.01.08-05.36.04:116][  0]LogObj: 26273 objects as part of root set at end of initial load.
[2016.01.08-05.36.04:116][  0]LogUObjectAllocator: 5409248 out of 0 bytes used by permanent object pool.
[2016.01.08-05.36.04:171][  0]LogEngine: Initializing Engine...
[2016.01.08-05.36.04:172][  0]LogHMD: Can't find Oculus library dev build: is proper Runtime installed? Version: 0.6.0.0
[2016.01.08-05.36.04:173][  0]LogHMD:Warning: SteamVR failed to initialize.  Error: 110
[2016.01.08-05.36.04:278][  0]LogAIModule: Creating AISystem for world NewWorld
[2016.01.08-05.36.04:284][  0]LogInit: XAudio2 using 'Speakers (Turtle Beach P11 Headset)' : 2 channels at 48 kHz using 16 bits per sample (channel mask 0x3)
[2016.01.08-05.36.04:307][  0]LogInit: FAudioDevice initialized.
[2016.01.08-05.36.04:335][  0]LogDerivedDataCache: Saved boot cache 0.03s 53MB C:/Users/John/AppData/Local/UnrealEngine/4.8/DerivedDataCache/Boot.ddc.
[2016.01.08-05.36.04:341][  0]LogInit: Texture streaming: Disabled
[2016.01.08-05.36.04:363][  0]LogAnalytics: Creating configured Analytics provider AnalyticsET
[2016.01.08-05.36.04:363][  0]LogAnalytics: [UEEditor.Rocket.Release] APIServer = http://et2.epicgames.com/ET2/. AppVersion = 4.8.3-2634408+++depot+UE4-Releases+4.8
[2016.01.08-05.36.04:363][  0]LogAnalytics: [UEEditor.Rocket.Release] SetUserId 795ce0b24c6318a5324eaf839592b765|e87b0c418b154305b06c892317f44a4d|3e9e43dd-6daf-4b71-9a80-f4287aceb186
[2016.01.08-05.36.04:363][  0]LogAnalytics: [UEEditor.Rocket.Release] AnalyticsET::StartSession
[2016.01.08-05.36.04:399][  0]LogInit: Transaction tracking system initialized
[2016.01.08-05.36.04:505][  0]BlueprintLog: New page: Editor Load
[2016.01.08-05.36.04:535][  0]LogAssetRegistry: FAssetRegistry took 0.0097 seconds to start up
[2016.01.08-05.36.04:535][  0]LogDirectoryWatcher:Warning: Failed to begin reading directory changes for ../../../Engine/Plugins/Experimental/CharacterAI/Content/. Error: 0
[2016.01.08-05.36.05:072][  0]LogConsoleManager:Warning: Console variable 'r.VSync' wasn't set ('GameSetting' has a lower priority than 'SystemSettingsIni')
[2016.01.08-05.36.05:072][  0]LogConsoleResponse:Display: 
[2016.01.08-05.36.05:150][  0]LogCook:Display: Done creating registry. It took  0.00s.
[2016.01.08-05.36.05:289][  0]SourceControl: Info Source control is disabled
[2016.01.08-05.36.05:289][  0]Cmd: MAP LOAD FILE="C:/Users/John/Documents/GitHub/spiritrunner/SpiritRunner/Content/SpiritRunner/Maps/RunnerMapTest.umap" TEMPLATE=0 SHOWPROGRESS=1 FEATURELEVEL=3
[2016.01.08-05.36.05:290][  0]LightingResults: New page: Lighting Build
[2016.01.08-05.36.05:301][  0]MapCheck: New page: Map Check
[2016.01.08-05.36.05:301][  0]LightingResults: New page: Lighting Build
[2016.01.08-05.36.05:307][  0]LogParticles: Destroying 0 GPU particle simulations for FXSystem 0x000000001EB8EF20
[2016.01.08-05.36.06:322][  0]LogLinker:Warning: Can't find file '/Game/SpiritRunner/Blueprints/ToriFloor1'
[2016.01.08-05.36.06:323][  0]LogLinker:Warning: Can't find file for asset '/Game/SpiritRunner/Blueprints/ToriFloor1' while loading C:/Users/John/Documents/GitHub/spiritrunner/SpiritRunner/Content/SpiritRunner/UMG/PauseMenu.uasset.
[2016.01.08-05.36.06:323][  0]LoadErrors:Error: Error /Game/SpiritRunner/UMG/PauseMenu : Can't find file for asset. /Game/SpiritRunner/Blueprints/ToriFloor1
[2016.01.08-05.36.07:110][  0]LogLinker:Warning: Can't find file '/Game/SpiritRunner/Blueprints/ToriFloor1'
[2016.01.08-05.36.07:110][  0]LogLinker:Warning: Can't find file for asset '/Game/SpiritRunner/Blueprints/ToriFloor1' while loading C:/Users/John/Documents/GitHub/spiritrunner/SpiritRunner/Content/SpiritRunner/Blueprints/RunCharacter.uasset.
[2016.01.08-05.36.07:110][  0]LoadErrors:Error: Error /Game/SpiritRunner/Blueprints/RunCharacter : Can't find file for asset. /Game/SpiritRunner/Blueprints/ToriFloor1
[2016.01.08-05.36.07:112][  0]LogLinker:Warning: Can't find file '/Game/SpiritRunner/Blueprints/ToriFloor1'
[2016.01.08-05.36.07:112][  0]LogLinker:Warning: Can't find file for asset '/Game/SpiritRunner/Blueprints/ToriFloor1' while loading C:/Users/John/Documents/GitHub/spiritrunner/SpiritRunner/Content/SpiritRunner/Blueprints/RunCharacter.uasset.
[2016.01.08-05.36.07:112][  0]LoadErrors:Error: Error /Game/SpiritRunner/Blueprints/RunCharacter : Can't find file for asset. /Game/SpiritRunner/Blueprints/ToriFloor1
[2016.01.08-05.36.07:115][  0]LogLinker:Warning: Can't find file '/Game/SpiritRunner/Blueprints/ToriFloor1'
[2016.01.08-05.36.07:115][  0]LoadErrors: Info Failed to load /Game/SpiritRunner/Blueprints/ToriFloor1.ToriFloor1_C Referenced by EdGraphPin_88908
[2016.01.08-05.36.07:115][  0]LogLinker:Warning: Can't find file for asset '/Game/SpiritRunner/Blueprints/ToriFloor1' while loading C:/Users/John/Documents/GitHub/spiritrunner/SpiritRunner/Content/SpiritRunner/Blueprints/RunCharacter.uasset.
[2016.01.08-05.36.07:115][  0]LoadErrors: Info Failed to load /Game/SpiritRunner/Blueprints/ToriFloor1.ToriFloor1_C Referenced by EdGraphPin_88908
[2016.01.08-05.36.07:115][  0]LoadErrors:Error: Error /Game/SpiritRunner/Blueprints/RunCharacter : Can't find file for asset. /Game/SpiritRunner/Blueprints/ToriFloor1
[2016.01.08-05.36.07:115][  0]LogLinker:Warning: Can't find file '/Game/SpiritRunner/Blueprints/ToriFloor1'
[2016.01.08-05.36.07:115][  0]LoadErrors: Info Failed to load /Game/SpiritRunner/Blueprints/ToriFloor1.ToriFloor1_C Referenced by EdGraphPin_88912
[2016.01.08-05.36.07:115][  0]LogLinker:Warning: Can't find file for asset '/Game/SpiritRunner/Blueprints/ToriFloor1' while loading C:/Users/John/Documents/GitHub/spiritrunner/SpiritRunner/Content/SpiritRunner/Blueprints/RunCharacter.uasset.
[2016.01.08-05.36.07:115][  0]LoadErrors: Info Failed to load /Game/SpiritRunner/Blueprints/ToriFloor1.ToriFloor1_C Referenced by EdGraphPin_88912
[2016.01.08-05.36.07:115][  0]LoadErrors:Error: Error /Game/SpiritRunner/Blueprints/RunCharacter : Can't find file for asset. /Game/SpiritRunner/Blueprints/ToriFloor1
[2016.01.08-05.36.07:188][  0]LogBlueprint:Error: [compiler RunGameMode] Error Spawn node  SpawnActor NONE  must have a class specified.
[2016.01.08-05.36.07:207][  0]LogBlueprint:Warning: [compiler RunGameMode] Warning [0007.45] Compile of RunGameMode failed. 1 Fatal Issue(s) 0 Warning(s) [in 39 ms]
[2016.01.08-05.36.07:209][  0]LogBlueprint:Warning: [compiler RunGameMode] Warning [0007.45] Compile of RunGameMode failed. 1 Fatal Issue(s) 1 Warning(s) [in 1 ms]
[2016.01.08-05.36.07:209][  0]LogBlueprint:Warning: [compiler RunGameMode] Warning [0007.45] Compile of RunGameMode failed. 1 Fatal Issue(s) 2 Warning(s) [in 0 ms]
[2016.01.08-05.36.07:680][  0]LogBlueprint:Error: [compiler RunGameMode] Error Spawn node  SpawnActor NONE  must have a class specified.
[2016.01.08-05.36.07:697][  0]LogBlueprint:Warning: [compiler RunGameMode] Warning [0007.94] Compile of RunGameMode failed. 1 Fatal Issue(s) 0 Warning(s) [in 42 ms]
[2016.01.08-05.36.07:699][  0]LogBlueprint:Warning: [compiler RunGameMode] Warning [0007.94] Compile of RunGameMode failed. 1 Fatal Issue(s) 1 Warning(s) [in 1 ms]
[2016.01.08-05.36.07:709][  0]LogLinker:Warning: Can't find file '/Game/SpiritRunner/Blueprints/ToriFloor1'
[2016.01.08-05.36.07:709][  0]LogLinker:Warning: Can't find file for asset '/Game/SpiritRunner/Blueprints/ToriFloor1' while loading C:/Users/John/Documents/GitHub/spiritrunner/SpiritRunner/Content/SpiritRunner/Blueprints/RunGameMode.uasset.
[2016.01.08-05.36.07:709][  0]LoadErrors:Error: Error /Game/SpiritRunner/Blueprints/RunGameMode : Can't find file for asset. /Game/SpiritRunner/Blueprints/ToriFloor1
[2016.01.08-05.36.07:712][  0]LogLinker:Warning: Can't find file '/Game/SpiritRunner/Blueprints/ToriFloor1'
[2016.01.08-05.36.07:712][  0]LogLinker:Warning: Can't find file for asset '/Game/SpiritRunner/Blueprints/ToriFloor1' while loading C:/Users/John/Documents/GitHub/spiritrunner/SpiritRunner/Content/SpiritRunner/Blueprints/RunGameMode.uasset.
[2016.01.08-05.36.07:712][  0]LoadErrors:Error: Error /Game/SpiritRunner/Blueprints/RunGameMode : Can't find file for asset. /Game/SpiritRunner/Blueprints/ToriFloor1
[2016.01.08-05.36.09:217][  0]LogAIModule: Creating AISystem for world RunnerMapTest
[2016.01.08-05.36.09:237][  0]LogEditorServer: Finished looking for orphan Actors (0.000 secs)
[2016.01.08-05.36.09:238][  0]Cmd: MAP CHECKDEP NOCLEARLOG
[2016.01.08-05.36.09:291][  0]MapCheck: Info Map check complete: 0 Error(s), 0 Warning(s), took 52.256ms to complete.
[2016.01.08-05.36.09:291][  0]LogFileHelpers: Loading map 'RunnerMapTest' took 4.001
[2016.01.08-05.36.09:538][  0]LogCollectionManager: Loaded 0 collections in 0.002994 seconds
[2016.01.08-05.36.09:547][  0]LogContentBrowser: Native class hierarchy populated in 0.0080 seconds. Added 1792 classes and 301 folders.
[2016.01.08-05.36.09:646][  0]LogContentBrowser: Native class hierarchy updated for 'WidgetCarousel' in 0.0004 seconds. Added 0 classes and 0 folders.
[2016.01.08-05.36.09:818][  0]LogContentBrowser: Native class hierarchy updated for 'AddContentDialog' in 0.0003 seconds. Added 0 classes and 0 folders.
[2016.01.08-05.36.09:841][  0]LogContentBrowser: Native class hierarchy updated for 'SceneOutliner' in 0.0003 seconds. Added 1 classes and 2 folders.
[2016.01.08-05.36.09:869][  0]LogCrashTracker: Crashtracker disabled due to settings.
[2016.01.08-05.36.09:870][  0]LogD3D11RHI: InitD3DDevice
[2016.01.08-05.36.09:872][  0]LogUObjectGlobals:Warning: Failed to find object 'Class None.'
[2016.01.08-05.36.09:892][  0]LogLoad: Full Startup: 10.14 seconds (BP compile: 1.37 seconds)
[2016.01.08-05.36.09:950][  0]LogContentStreaming: Texture pool size is 0.000000MB
[2016.01.08-05.36.10:142][  0]LogContentStreaming: Texture pool size now 1000 MB
[2016.01.08-05.36.10:148][  0]LogD3D11RHI: InitD3DDevice
[2016.01.08-05.36.10:335][  0]LogRenderer: Reallocating scene render targets to support 1208x576 (Frame:2).
[2016.01.08-05.36.11:186][ 10]LogD3D11RHI: InitD3DDevice
[2016.01.08-05.36.11:826][ 11]LogAssetRegistry: Asset discovery search completed in 7.3004 seconds
[2016.01.08-05.36.13:488][ 17]LogD3D11RHI: InitD3DDevice
[2016.01.08-05.36.40:551][949]LogD3D11RHI: InitD3DDevice
[2016.01.08-05.36.41:245][ 29]LogD3D11RHI: InitD3DDevice
[2016.01.08-05.36.42:675][175]Cmd: MAP LOAD FILE="C:/Users/John/Documents/GitHub/spiritrunner/SpiritRunner/Content/SpiritRunner/Maps/Platforms.umap" TEMPLATE=0 SHOWPROGRESS=1 FEATURELEVEL=3
[2016.01.08-05.36.42:680][175]LogD3D11RHI: InitD3DDevice
[2016.01.08-05.36.42:695][175]LightingResults: New page: Lighting Build
[2016.01.08-05.36.42:716][175]LoadErrors: New page: Loading map: Platforms.umap
[2016.01.08-05.36.42:717][175]MapCheck: New page: Map Check
[2016.01.08-05.36.42:717][175]LightingResults: New page: Lighting Build
[2016.01.08-05.36.42:725][175]LogParticles: Destroying 0 GPU particle simulations for FXSystem 0x000000003F06D8A0
[2016.01.08-05.36.42:868][175]LogLinker:Warning: Can't find file '/Game/SpiritRunner/Materials/uvFERNpainted'
[2016.01.08-05.36.42:868][175]LogLinker:Warning: Can't find file for asset '/Game/SpiritRunner/Materials/uvFERNpainted' while loading C:/Users/John/Documents/GitHub/spiritrunner/SpiritRunner/Content/SpiritRunner/Models/Mat_Fern.uasset.
[2016.01.08-05.36.42:868][175]LoadErrors:Error: Error /Game/SpiritRunner/Models/Mat_Fern : Can't find file for asset. /Game/SpiritRunner/Materials/uvFERNpainted
[2016.01.08-05.36.42:868][175]LogLinker:Warning: Can't find file '/Game/SpiritRunner/Materials/uvFERNpainted'
[2016.01.08-05.36.42:868][175]LogLinker:Warning: Can't find file for asset '/Game/SpiritRunner/Materials/uvFERNpainted' while loading C:/Users/John/Documents/GitHub/spiritrunner/SpiritRunner/Content/SpiritRunner/Models/Mat_Fern.uasset.
[2016.01.08-05.36.42:977][175]LogLinker:Warning: Can't find file '/Game/SpiritRunner/Materials/uvFERNpainted'
[2016.01.08-05.36.42:977][175]LoadErrors: Info Failed to load /Game/SpiritRunner/Materials/uvFERNpainted.uvFERNpainted Referenced by MaterialExpressionTextureSample_0
[2016.01.08-05.36.42:977][175]LogLinker:Warning: Can't find file for asset '/Game/SpiritRunner/Materials/uvFERNpainted' while loading NULL.
[2016.01.08-05.36.44:165][175]LogMaterial: Missing cached shader map for material Mat_Fern, compiling. 
[2016.01.08-05.36.44:166][175]LogMaterial:Warning: Failed to compile Material /Game/SpiritRunner/Models/Mat_Fern.Mat_Fern for platform PCD3D_SM5, Default Material will be used in game.
[2016.01.08-05.36.44:166][175]LogMaterial:Warning: 	(Node TextureSample) TextureSample> Missing input texture
[2016.01.08-05.36.44:280][175]LogAIModule: Creating AISystem for world Platforms
[2016.01.08-05.36.44:615][175]LogEditorServer: Finished looking for orphan Actors (0.000 secs)
[2016.01.08-05.36.44:688][175]LogD3D11RHI: InitD3DDevice
[2016.01.08-05.36.44:712][175]Cmd: MAP CHECKDEP NOCLEARLOG
[2016.01.08-05.36.44:765][175]MapCheck: Info Map check complete: 0 Error(s), 0 Warning(s), took 52.724ms to complete.
[2016.01.08-05.36.44:765][175]LogFileHelpers: Loading map 'Platforms' took 2.091
[2016.01.08-05.36.44:835][176]Cmd: UpdateLandscapeEditorData -warnings
[2016.01.08-05.36.44:841][176]Cmd: UpdateLandscapeEditorData
[2016.01.08-05.36.57:622][602]LogEditorViewport: Clicking on Actor (LMB): StaticMeshActor (FINALfern)
[2016.01.08-05.36.58:553][704]Cmd: DELETE
[2016.01.08-05.36.58:553][704]Cmd: ACTOR DELETE
[2016.01.08-05.36.58:574][704]LogEditorActor: Deleted Actor: StaticMeshActor
[2016.01.08-05.36.58:603][704]LogEditorActor: Deleted 1 Actors (0.039 secs)
[2016.01.08-05.37.06:474][330]LogEditorViewport: Clicking on Actor (LMB): Landscape (Landscape24)
[2016.01.08-05.37.07:713][447]LogEditorViewport: Clicking on Actor (CTRL LMB): StaticMeshActor (lowpolytree4)
[2016.01.08-05.37.08:522][531]LogEditorViewport: Clicking on Actor (CTRL LMB): StaticMeshActor (lowpolytree)
[2016.01.08-05.37.09:588][646]LogEditorViewport: Clicking on Actor (CTRL LMB): StaticMeshActor (FINALplant13)
[2016.01.08-05.37.10:243][706]LogEditorViewport: Clicking on Actor (CTRL LMB): StaticMeshActor (FINALlog2)
[2016.01.08-05.37.11:205][814]LogEditorViewport: Clicking on Actor (CTRL LMB): StaticMeshActor (FINALplant12)
[2016.01.08-05.37.11:761][859]LogEditorViewport: Clicking on Actor (CTRL LMB): StaticMeshActor (FINALlog)
[2016.01.08-05.37.12:373][928]LogEditorViewport: Clicking on Actor (CTRL LMB): StaticMeshActor (lowpolytree3)
[2016.01.08-05.37.16:079][290]LogEditorViewport: Clicking on Actor (CTRL LMB): StaticMeshActor (FINALplant16)
[2016.01.08-05.37.17:170][409]LogEditorViewport: Clicking on Actor (CTRL LMB): StaticMeshActor (FINALplant11)
[2016.01.08-05.37.17:637][463]LogEditorViewport: Clicking on Actor (CTRL LMB): StaticMeshActor (lowpolytree2)
[2016.01.08-05.37.18:522][557]LogEditorViewport: Clicking on Actor (CTRL LMB): StaticMeshActor (FINALplant10)
[2016.01.08-05.37.19:459][647]LogEditorViewport: Clicking on Actor (CTRL LMB): StaticMeshActor (FINALplant15)
[2016.01.08-05.37.22:445][943]LogEditorViewport: Clicking on Actor (CTRL LMB): StaticMeshActor (FINALplant14)
[2016.01.08-05.37.23:388][ 44]LogEditorViewport: Clicking on Actor (CTRL LMB): StaticMeshActor (FINALbrokenbridge6)
[2016.01.08-05.37.26:091][300]LogEditorViewport: Clicking on Actor (CTRL LMB): StaticMeshActor (lowpolytree7)
[2016.01.08-05.37.27:062][398]LogEditorViewport: Clicking on Actor (CTRL LMB): StaticMeshActor (FINALplant9)
[2016.01.08-05.37.28:179][509]LogEditorViewport: Clicking on Actor (CTRL LMB): StaticMeshActor (FINALplant)
[2016.01.08-05.37.29:395][632]LogEditorViewport: Clicking on Actor (CTRL LMB): StaticMeshActor (FINALplant2)
[2016.01.08-05.37.30:280][726]LogEditorViewport: Clicking on Actor (CTRL LMB): StaticMeshActor (lowpolytree5)
[2016.01.08-05.37.32:593][950]LogEditorViewport: Clicking on Actor (CTRL LMB): StaticMeshActor (FINALplant4)
[2016.01.08-05.37.33:997][103]LogEditorViewport: Clicking on Actor (CTRL LMB): StaticMeshActor (FINALrockandplant)
[2016.01.08-05.37.35:171][241]LogEditorViewport: Clicking on Actor (CTRL LMB): StaticMeshActor (FINALplant7)
[2016.01.08-05.37.41:438][907]LogEditorViewport: Clicking on Actor (CTRL LMB): StaticMeshActor (lowpolytree6)
[2016.01.08-05.37.42:852][ 46]LogEditorViewport: Clicking on Actor (CTRL LMB): BP_Sky_Sphere_C (Sky Sphere2)
[2016.01.08-05.37.43:635][138]LogEditorViewport: Clicking on Actor (CTRL LMB): StaticMeshActor (FINALplant6)
[2016.01.08-05.37.46:042][355]LogEditorViewport: Clicking on Actor (CTRL LMB): StaticMeshActor (FINALplant3)
[2016.01.08-05.37.47:505][509]LogEditorViewport: Clicking on Actor (CTRL LMB): StaticMeshActor (FINALplant8)
[2016.01.08-05.37.50:524][836]LogEditorViewport: Clicking on Actor (CTRL LMB): StaticMeshActor (FINALplant5)
[2016.01.08-05.38.12:498][231]LogD3D11RHI: InitD3DDevice
[2016.01.08-05.38.13:824][369]LogD3D11RHI: InitD3DDevice
[2016.01.08-05.38.22:318][297]LogUObjectGlobals:Warning: Guid is in use by SceneComponent /Game/SpiritRunner/Maps/Platforms.Platforms:PersistentLevel.Landscape24.RootComponent0 and SceneComponent /Game/SpiritRunner/Blueprints/FlatFloor6.FlatFloor6_C:RootComponent0EA23589C46E009708C7BA4860231371D, which should never happen in the editor but could happen at runtime with duplicate level loading or PIE
[2016.01.08-05.38.22:318][297]LogUObjectGlobals:Warning: Guid is in use by LandscapeComponent /Game/SpiritRunner/Maps/Platforms.Platforms:PersistentLevel.Landscape24.LandscapeComponent_0 and LandscapeComponent /Game/SpiritRunner/Blueprints/FlatFloor6.FlatFloor6_C:LandscapeComponent2E3651E248F2259CB3DD159AC6721A04, which should never happen in the editor but could happen at runtime with duplicate level loading or PIE
[2016.01.08-05.38.22:319][297]LogUObjectGlobals:Warning: Guid is in use by LandscapeComponent /Game/SpiritRunner/Maps/Platforms.Platforms:PersistentLevel.Landscape24.LandscapeComponent_1 and LandscapeComponent /Game/SpiritRunner/Blueprints/FlatFloor6.FlatFloor6_C:LandscapeComponentF23D96C74B2FB90C01C528B8E6266BBF, which should never happen in the editor but could happen at runtime with duplicate level loading or PIE
[2016.01.08-05.38.22:319][297]LogUObjectGlobals:Warning: Guid is in use by LandscapeComponent /Game/SpiritRunner/Maps/Platforms.Platforms:PersistentLevel.Landscape24.LandscapeComponent_10 and LandscapeComponent /Game/SpiritRunner/Blueprints/FlatFloor6.FlatFloor6_C:LandscapeComponent3D2ABADA44BF2B22533193886B15E278, which should never happen in the editor but could happen at runtime with duplicate level loading or PIE
[2016.01.08-05.38.22:319][297]LogUObjectGlobals:Warning: Guid is in use by LandscapeComponent /Game/SpiritRunner/Maps/Platforms.Platforms:PersistentLevel.Landscape24.LandscapeComponent_11 and LandscapeComponent /Game/SpiritRunner/Blueprints/FlatFloor6.FlatFloor6_C:LandscapeComponent242A6E6A467DE63F398A1DB7E507B387, which should never happen in the editor but could happen at runtime with duplicate level loading or PIE
[2016.01.08-05.38.22:319][297]LogUObjectGlobals:Warning: Guid is in use by LandscapeComponent /Game/SpiritRunner/Maps/Platforms.Platforms:PersistentLevel.Landscape24.LandscapeComponent_12 and LandscapeComponent /Game/SpiritRunner/Blueprints/FlatFloor6.FlatFloor6_C:LandscapeComponent7D7242944A63CC654E291B9E58F4B051, which should never happen in the editor but could happen at runtime with duplicate level loading or PIE
[2016.01.08-05.38.22:319][297]LogUObjectGlobals:Warning: Guid is in use by LandscapeComponent /Game/SpiritRunner/Maps/Platforms.Platforms:PersistentLevel.Landscape24.LandscapeComponent_13 and LandscapeComponent /Game/SpiritRunner/Blueprints/FlatFloor6.FlatFloor6_C:LandscapeComponentC2ABD4B942AECA760570CC9E1D40C068, which should never happen in the editor but could happen at runtime with duplicate level loading or PIE
[2016.01.08-05.38.22:319][297]LogUObjectGlobals:Warning: Guid is in use by LandscapeComponent /Game/SpiritRunner/Maps/Platforms.Platforms:PersistentLevel.Landscape24.LandscapeComponent_14 and LandscapeComponent /Game/SpiritRunner/Blueprints/FlatFloor6.FlatFloor6_C:LandscapeComponentB8F257FD49CC915FD3B939807B3E0222, which should never happen in the editor but could happen at runtime with duplicate level loading or PIE
[2016.01.08-05.38.22:319][297]LogUObjectGlobals:Warning: Guid is in use by LandscapeComponent /Game/SpiritRunner/Maps/Platforms.Platforms:PersistentLevel.Landscape24.LandscapeComponent_15 and LandscapeComponent /Game/SpiritRunner/Blueprints/FlatFloor6.FlatFloor6_C:LandscapeComponent0339FBBA40FCF0DE399022B9A7AEA930, which should never happen in the editor but could happen at runtime with duplicate level loading or PIE
[2016.01.08-05.38.22:319][297]LogUObjectGlobals:Warning: Guid is in use by LandscapeComponent /Game/SpiritRunner/Maps/Platforms.Platforms:PersistentLevel.Landscape24.LandscapeComponent_16 and LandscapeComponent /Game/SpiritRunner/Blueprints/FlatFloor6.FlatFloor6_C:LandscapeComponent2BA40D6A4A1988B50C23B3909FE78B31, which should never happen in the editor but could happen at runtime with duplicate level loading or PIE
[2016.01.08-05.38.22:319][297]LogUObjectGlobals:Warning: Guid is in use by LandscapeComponent /Game/SpiritRunner/Maps/Platforms.Platforms:PersistentLevel.Landscape24.LandscapeComponent_17 and LandscapeComponent /Game/SpiritRunner/Blueprints/FlatFloor6.FlatFloor6_C:LandscapeComponentD12F927E435948838F864BB3666014D5, which should never happen in the editor but could happen at runtime with duplicate level loading or PIE
[2016.01.08-05.38.22:319][297]LogUObjectGlobals:Warning: Guid is in use by LandscapeComponent /Game/SpiritRunner/Maps/Platforms.Platforms:PersistentLevel.Landscape24.LandscapeComponent_18 and LandscapeComponent /Game/SpiritRunner/Blueprints/FlatFloor6.FlatFloor6_C:LandscapeComponent19BE1C034ABE28579ACA5FB94AE92B9E, which should never happen in the editor but could happen at runtime with duplicate level loading or PIE
[2016.01.08-05.38.22:319][297]LogUObjectGlobals:Warning: Guid is in use by LandscapeComponent /Game/SpiritRunner/Maps/Platforms.Platforms:PersistentLevel.Landscape24.LandscapeComponent_19 and LandscapeComponent /Game/SpiritRunner/Blueprints/FlatFloor6.FlatFloor6_C:LandscapeComponentE07B2BCE46D09A59FBB53BB2AAB03482, which should never happen in the editor but could happen at runtime with duplicate level loading or PIE
[2016.01.08-05.38.22:319][297]LogUObjectGlobals:Warning: Guid is in use by LandscapeComponent /Game/SpiritRunner/Maps/Platforms.Platforms:PersistentLevel.Landscape24.LandscapeComponent_2 and LandscapeComponent /Game/SpiritRunner/Blueprints/FlatFloor6.FlatFloor6_C:LandscapeComponent2CDC74DF4092D6D7F4BDA8A9A158A6E4, which should never happen in the editor but could happen at runtime with duplicate level loading or PIE
[2016.01.08-05.38.22:319][297]LogUObjectGlobals:Warning: Guid is in use by LandscapeComponent /Game/SpiritRunner/Maps/Platforms.Platforms:PersistentLevel.Landscape24.LandscapeComponent_20 and LandscapeComponent /Game/SpiritRunner/Blueprints/FlatFloor6.FlatFloor6_C:LandscapeComponentF96E653747107D790714218D60FFA3CF, which should never happen in the editor but could happen at runtime with duplicate level loading or PIE
[2016.01.08-05.38.22:320][297]LogUObjectGlobals:Warning: Guid is in use by LandscapeComponent /Game/SpiritRunner/Maps/Platforms.Platforms:PersistentLevel.Landscape24.LandscapeComponent_21 and LandscapeComponent /Game/SpiritRunner/Blueprints/FlatFloor6.FlatFloor6_C:LandscapeComponentF665C24747C3EE0447CB8B939243D4B7, which should never happen in the editor but could happen at runtime with duplicate level loading or PIE
[2016.01.08-05.38.22:320][297]LogUObjectGlobals:Warning: Guid is in use by LandscapeComponent /Game/SpiritRunner/Maps/Platforms.Platforms:PersistentLevel.Landscape24.LandscapeComponent_22 and LandscapeComponent /Game/SpiritRunner/Blueprints/FlatFloor6.FlatFloor6_C:LandscapeComponent96EC4E7E442598A4E5F59CA12D231F6A, which should never happen in the editor but could happen at runtime with duplicate level loading or PIE
[2016.01.08-05.38.22:320][297]LogUObjectGlobals:Warning: Guid is in use by LandscapeComponent /Game/SpiritRunner/Maps/Platforms.Platforms:PersistentLevel.Landscape24.LandscapeComponent_23 and LandscapeComponent /Game/SpiritRunner/Blueprints/FlatFloor6.FlatFloor6_C:LandscapeComponent337058174E540797F6A0F9AAF786C9E7, which should never happen in the editor but could happen at runtime with duplicate level loading or PIE
[2016.01.08-05.38.22:320][297]LogUObjectGlobals:Warning: Guid is in use by LandscapeComponent /Game/SpiritRunner/Maps/Platforms.Platforms:PersistentLevel.Landscape24.LandscapeComponent_24 and LandscapeComponent /Game/SpiritRunner/Blueprints/FlatFloor6.FlatFloor6_C:LandscapeComponent1B68665D4CB0E4C23477199FBA0D4D94, which should never happen in the editor but could happen at runtime with duplicate level loading or PIE
[2016.01.08-05.38.22:320][297]LogUObjectGlobals:Warning: Guid is in use by LandscapeComponent /Game/SpiritRunner/Maps/Platforms.Platforms:PersistentLevel.Landscape24.LandscapeComponent_25 and LandscapeComponent /Game/SpiritRunner/Blueprints/FlatFloor6.FlatFloor6_C:LandscapeComponent7B3F92784E3CCA6DFF008499F36C9D0F, which should never happen in the editor but could happen at runtime with duplicate level loading or PIE
[2016.01.08-05.38.22:320][297]LogUObjectGlobals:Warning: Guid is in use by LandscapeComponent /Game/SpiritRunner/Maps/Platforms.Platforms:PersistentLevel.Landscape24.LandscapeComponent_26 and LandscapeComponent /Game/SpiritRunner/Blueprints/FlatFloor6.FlatFloor6_C:LandscapeComponentF033E34F459C0A186279E18B745470C4, which should never happen in the editor but could happen at runtime with duplicate level loading or PIE
[2016.01.08-05.38.22:320][297]LogUObjectGlobals:Warning: Guid is in use by LandscapeComponent /Game/SpiritRunner/Maps/Platforms.Platforms:PersistentLevel.Landscape24.LandscapeComponent_27 and LandscapeComponent /Game/SpiritRunner/Blueprints/FlatFloor6.FlatFloor6_C:LandscapeComponent1C34FAE6477950256D5DDA9CB7B0BEA4, which should never happen in the editor but could happen at runtime with duplicate level loading or PIE
[2016.01.08-05.38.22:320][297]LogUObjectGlobals:Warning: Guid is in use by LandscapeComponent /Game/SpiritRunner/Maps/Platforms.Platforms:PersistentLevel.Landscape24.LandscapeComponent_28 and LandscapeComponent /Game/SpiritRunner/Blueprints/FlatFloor6.FlatFloor6_C:LandscapeComponent9A892F8140714F295394A2B762FA94C6, which should never happen in the editor but could happen at runtime with duplicate level loading or PIE
[2016.01.08-05.38.22:320][297]LogUObjectGlobals:Warning: Guid is in use by LandscapeComponent /Game/SpiritRunner/Maps/Platforms.Platforms:PersistentLevel.Landscape24.LandscapeComponent_29 and LandscapeComponent /Game/SpiritRunner/Blueprints/FlatFloor6.FlatFloor6_C:LandscapeComponent0EF0F90C471EA709679921B1B5130567, which should never happen in the editor but could happen at runtime with duplicate level loading or PIE
[2016.01.08-05.38.22:320][297]LogUObjectGlobals:Warning: Guid is in use by LandscapeComponent /Game/SpiritRunner/Maps/Platforms.Platforms:PersistentLevel.Landscape24.LandscapeComponent_3 and LandscapeComponent /Game/SpiritRunner/Blueprints/FlatFloor6.FlatFloor6_C:LandscapeComponentD2B2EF684BBD5259F400F997913F37FE, which should never happen in the editor but could happen at runtime with duplicate level loading or PIE
[2016.01.08-05.38.22:320][297]LogUObjectGlobals:Warning: Guid is in use by LandscapeComponent /Game/SpiritRunner/Maps/Platforms.Platforms:PersistentLevel.Landscape24.LandscapeComponent_30 and LandscapeComponent /Game/SpiritRunner/Blueprints/FlatFloor6.FlatFloor6_C:LandscapeComponentD3F72D934378C03524EADB9ADEA5FE04, which should never happen in the editor but could happen at runtime with duplicate level loading or PIE
[2016.01.08-05.38.22:320][297]LogUObjectGlobals:Warning: Guid is in use by LandscapeComponent /Game/SpiritRunner/Maps/Platforms.Platforms:PersistentLevel.Landscape24.LandscapeComponent_31 and LandscapeComponent /Game/SpiritRunner/Blueprints/FlatFloor6.FlatFloor6_C:LandscapeComponent296F2293471681238EB630B97318A10B, which should never happen in the editor but could happen at runtime with duplicate level loading or PIE
[2016.01.08-05.38.22:320][297]LogUObjectGlobals:Warning: Guid is in use by LandscapeComponent /Game/SpiritRunner/Maps/Platforms.Platforms:PersistentLevel.Landscape24.LandscapeComponent_32 and LandscapeComponent /Game/SpiritRunner/Blueprints/FlatFloor6.FlatFloor6_C:LandscapeComponentBF2B1F564BA346693A95CCBF2370377C, which should never happen in the editor but could happen at runtime with duplicate level loading or PIE
[2016.01.08-05.38.22:320][297]LogUObjectGlobals:Warning: Guid is in use by LandscapeComponent /Game/SpiritRunner/Maps/Platforms.Platforms:PersistentLevel.Landscape24.LandscapeComponent_33 and LandscapeComponent /Game/SpiritRunner/Blueprints/FlatFloor6.FlatFloor6_C:LandscapeComponentE39B8BD94BDDF0F46EA956BA039288AA, which should never happen in the editor but could happen at runtime with duplicate level loading or PIE
[2016.01.08-05.38.22:320][297]LogUObjectGlobals:Warning: Guid is in use by LandscapeComponent /Game/SpiritRunner/Maps/Platforms.Platforms:PersistentLevel.Landscape24.LandscapeComponent_34 and LandscapeComponent /Game/SpiritRunner/Blueprints/FlatFloor6.FlatFloor6_C:LandscapeComponentE81C75F64FC96E91DCCCE9BF03041C29, which should never happen in the editor but could happen at runtime with duplicate level loading or PIE
[2016.01.08-05.38.22:321][297]LogUObjectGlobals:Warning: Guid is in use by LandscapeComponent /Game/SpiritRunner/Maps/Platforms.Platforms:PersistentLevel.Landscape24.LandscapeComponent_35 and LandscapeComponent /Game/SpiritRunner/Blueprints/FlatFloor6.FlatFloor6_C:LandscapeComponent1D6674A6429B64FD873A42800DDB5B45, which should never happen in the editor but could happen at runtime with duplicate level loading or PIE
[2016.01.08-05.38.22:321][297]LogUObjectGlobals:Warning: Guid is in use by LandscapeComponent /Game/SpiritRunner/Maps/Platforms.Platforms:PersistentLevel.Landscape24.LandscapeComponent_36 and LandscapeComponent /Game/SpiritRunner/Blueprints/FlatFloor6.FlatFloor6_C:LandscapeComponentC6EA7A314DD8E7FDD2903E8430958CF3, which should never happen in the editor but could happen at runtime with duplicate level loading or PIE
[2016.01.08-05.38.22:321][297]LogUObjectGlobals:Warning: Guid is in use by LandscapeComponent /Game/SpiritRunner/Maps/Platforms.Platforms:PersistentLevel.Landscape24.LandscapeComponent_37 and LandscapeComponent /Game/SpiritRunner/Blueprints/FlatFloor6.FlatFloor6_C:LandscapeComponent37C8FF1E43C0C58CB45EAAA8CDE6713F, which should never happen in the editor but could happen at runtime with duplicate level loading or PIE
[2016.01.08-05.38.22:321][297]LogUObjectGlobals:Warning: Guid is in use by LandscapeComponent /Game/SpiritRunner/Maps/Platforms.Platforms:PersistentLevel.Landscape24.LandscapeComponent_38 and LandscapeComponent /Game/SpiritRunner/Blueprints/FlatFloor6.FlatFloor6_C:LandscapeComponent27271E014FDB61113CF380946B0B9FFB, which should never happen in the editor but could happen at runtime with duplicate level loading or PIE
[2016.01.08-05.38.22:321][297]LogUObjectGlobals:Warning: Guid is in use by LandscapeComponent /Game/SpiritRunner/Maps/Platforms.Platforms:PersistentLevel.Landscape24.LandscapeComponent_39 and LandscapeComponent /Game/SpiritRunner/Blueprints/FlatFloor6.FlatFloor6_C:LandscapeComponent2538233D41228D9A98105C85740A21D8, which should never happen in the editor but could happen at runtime with duplicate level loading or PIE
[2016.01.08-05.38.22:321][297]LogUObjectGlobals:Warning: Guid is in use by LandscapeComponent /Game/SpiritRunner/Maps/Platforms.Platforms:PersistentLevel.Landscape24.LandscapeComponent_4 and LandscapeComponent /Game/SpiritRunner/Blueprints/FlatFloor6.FlatFloor6_C:LandscapeComponent160042D6448380CA4C5F0F95D5D169F8, which should never happen in the editor but could happen at runtime with duplicate level loading or PIE
[2016.01.08-05.38.22:321][297]LogUObjectGlobals:Warning: Guid is in use by LandscapeComponent /Game/SpiritRunner/Maps/Platforms.Platforms:PersistentLevel.Landscape24.LandscapeComponent_40 and LandscapeComponent /Game/SpiritRunner/Blueprints/FlatFloor6.FlatFloor6_C:LandscapeComponent2C7B731B4D5F4C5750CEA5968F2C2C0E, which should never happen in the editor but could happen at runtime with duplicate level loading or PIE
[2016.01.08-05.38.22:321][297]LogUObjectGlobals:Warning: Guid is in use by LandscapeComponent /Game/SpiritRunner/Maps/Platforms.Platforms:PersistentLevel.Landscape24.LandscapeComponent_41 and LandscapeComponent /Game/SpiritRunner/Blueprints/FlatFloor6.FlatFloor6_C:LandscapeComponent0BD472FF472A4E6D4907458D128BA721, which should never happen in the editor but could happen at runtime with duplicate level loading or PIE
[2016.01.08-05.38.22:321][297]LogUObjectGlobals:Warning: Guid is in use by LandscapeComponent /Game/SpiritRunner/Maps/Platforms.Platforms:PersistentLevel.Landscape24.LandscapeComponent_42 and LandscapeComponent /Game/SpiritRunner/Blueprints/FlatFloor6.FlatFloor6_C:LandscapeComponent534E8C3E496C1DF78C30E4A8313C4B82, which should never happen in the editor but could happen at runtime with duplicate level loading or PIE
[2016.01.08-05.38.22:321][297]LogUObjectGlobals:Warning: Guid is in use by LandscapeComponent /Game/SpiritRunner/Maps/Platforms.Platforms:PersistentLevel.Landscape24.LandscapeComponent_43 and LandscapeComponent /Game/SpiritRunner/Blueprints/FlatFloor6.FlatFloor6_C:LandscapeComponent025D658F484ACDF7116BA0933B0F60BE, which should never happen in the editor but could happen at runtime with duplicate level loading or PIE
[2016.01.08-05.38.22:321][297]LogUObjectGlobals:Warning: Guid is in use by LandscapeComponent /Game/SpiritRunner/Maps/Platforms.Platforms:PersistentLevel.Landscape24.LandscapeComponent_44 and LandscapeComponent /Game/SpiritRunner/Blueprints/FlatFloor6.FlatFloor6_C:LandscapeComponent70316C0A4CD4FB371DCE9FB534C8E76B, which should never happen in the editor but could happen at runtime with duplicate level loading or PIE
[2016.01.08-05.38.22:321][297]LogUObjectGlobals:Warning: Guid is in use by LandscapeComponent /Game/SpiritRunner/Maps/Platforms.Platforms:PersistentLevel.Landscape24.LandscapeComponent_45 and LandscapeComponent /Game/SpiritRunner/Blueprints/FlatFloor6.FlatFloor6_C:LandscapeComponent8305BC634AD5431EEA227CBD596C606C, which should never happen in the editor but could happen at runtime with duplicate level loading or PIE
[2016.01.08-05.38.22:321][297]LogUObjectGlobals:Warning: Guid is in use by LandscapeComponent /Game/SpiritRunner/Maps/Platforms.Platforms:PersistentLevel.Landscape24.LandscapeComponent_46 and LandscapeComponent /Game/SpiritRunner/Blueprints/FlatFloor6.FlatFloor6_C:LandscapeComponentD8F9E90640940EC40B6AB0B9283AED19, which should never happen in the editor but could happen at runtime with duplicate level loading or PIE
[2016.01.08-05.38.22:321][297]LogUObjectGlobals:Warning: Guid is in use by LandscapeComponent /Game/SpiritRunner/Maps/Platforms.Platforms:PersistentLevel.Landscape24.LandscapeComponent_47 and LandscapeComponent /Game/SpiritRunner/Blueprints/FlatFloor6.FlatFloor6_C:LandscapeComponent7E18337F4C8E4B3AD4320AB06CE6B9BF, which should never happen in the editor but could happen at runtime with duplicate level loading or PIE
[2016.01.08-05.38.22:322][297]LogUObjectGlobals:Warning: Guid is in use by LandscapeComponent /Game/SpiritRunner/Maps/Platforms.Platforms:PersistentLevel.Landscape24.LandscapeComponent_48 and LandscapeComponent /Game/SpiritRunner/Blueprints/FlatFloor6.FlatFloor6_C:LandscapeComponent5F801A014553C9E1B12817B80C27619C, which should never happen in the editor but could happen at runtime with duplicate level loading or PIE
[2016.01.08-05.38.22:322][297]LogUObjectGlobals:Warning: Guid is in use by LandscapeComponent /Game/SpiritRunner/Maps/Platforms.Platforms:PersistentLevel.Landscape24.LandscapeComponent_49 and LandscapeComponent /Game/SpiritRunner/Blueprints/FlatFloor6.FlatFloor6_C:LandscapeComponent486069044ED497EDE697A5B984C6B502, which should never happen in the editor but could happen at runtime with duplicate level loading or PIE
[2016.01.08-05.38.22:322][297]LogUObjectGlobals:Warning: Guid is in use by LandscapeComponent /Game/SpiritRunner/Maps/Platforms.Platforms:PersistentLevel.Landscape24.LandscapeComponent_5 and LandscapeComponent /Game/SpiritRunner/Blueprints/FlatFloor6.FlatFloor6_C:LandscapeComponentE74B73504F592488D5BABD8A45010B1F, which should never happen in the editor but could happen at runtime with duplicate level loading or PIE
[2016.01.08-05.38.22:322][297]LogUObjectGlobals:Warning: Guid is in use by LandscapeComponent /Game/SpiritRunner/Maps/Platforms.Platforms:PersistentLevel.Landscape24.LandscapeComponent_50 and LandscapeComponent /Game/SpiritRunner/Blueprints/FlatFloor6.FlatFloor6_C:LandscapeComponent1BF7AFED45B2ACEE998AC9A7A9D2E742, which should never happen in the editor but could happen at runtime with duplicate level loading or PIE
[2016.01.08-05.38.22:322][297]LogUObjectGlobals:Warning: Guid is in use by LandscapeComponent /Game/SpiritRunner/Maps/Platforms.Platforms:PersistentLevel.Landscape24.LandscapeComponent_51 and LandscapeComponent /Game/SpiritRunner/Blueprints/FlatFloor6.FlatFloor6_C:LandscapeComponent8269C82749395F1C55941899DB9F4F97, which should never happen in the editor but could happen at runtime with duplicate level loading or PIE
[2016.01.08-05.38.22:322][297]LogUObjectGlobals:Warning: Guid is in use by LandscapeComponent /Game/SpiritRunner/Maps/Platforms.Platforms:PersistentLevel.Landscape24.LandscapeComponent_52 and LandscapeComponent /Game/SpiritRunner/Blueprints/FlatFloor6.FlatFloor6_C:LandscapeComponentEBC9B05541E182ED96C2E7806504BF37, which should never happen in the editor but could happen at runtime with duplicate level loading or PIE
[2016.01.08-05.38.22:322][297]LogUObjectGlobals:Warning: Guid is in use by LandscapeComponent /Game/SpiritRunner/Maps/Platforms.Platforms:PersistentLevel.Landscape24.LandscapeComponent_53 and LandscapeComponent /Game/SpiritRunner/Blueprints/FlatFloor6.FlatFloor6_C:LandscapeComponentFEEE9CD147B4EACE1B40EAACC99B12E8, which should never happen in the editor but could happen at runtime with duplicate level loading or PIE
[2016.01.08-05.38.22:322][297]LogUObjectGlobals:Warning: Guid is in use by LandscapeComponent /Game/SpiritRunner/Maps/Platforms.Platforms:PersistentLevel.Landscape24.LandscapeComponent_54 and LandscapeComponent /Game/SpiritRunner/Blueprints/FlatFloor6.FlatFloor6_C:LandscapeComponent1B190A1C42BAF5AFF01DB3A776E5BB83, which should never happen in the editor but could happen at runtime with duplicate level loading or PIE
[2016.01.08-05.38.22:322][297]LogUObjectGlobals:Warning: Guid is in use by LandscapeComponent /Game/SpiritRunner/Maps/Platforms.Platforms:PersistentLevel.Landscape24.LandscapeComponent_6 and LandscapeComponent /Game/SpiritRunner/Blueprints/FlatFloor6.FlatFloor6_C:LandscapeComponent70680C1E4863E05B410AF2B8C8CC7C5B, which should never happen in the editor but could happen at runtime with duplicate level loading or PIE
[2016.01.08-05.38.22:322][297]LogUObjectGlobals:Warning: Guid is in use by LandscapeComponent /Game/SpiritRunner/Maps/Platforms.Platforms:PersistentLevel.Landscape24.LandscapeComponent_7 and LandscapeComponent /Game/SpiritRunner/Blueprints/FlatFloor6.FlatFloor6_C:LandscapeComponent195858E54AB08151018AA482B35C719C, which should never happen in the editor but could happen at runtime with duplicate level loading or PIE
[2016.01.08-05.38.22:322][297]LogUObjectGlobals:Warning: Guid is in use by LandscapeComponent /Game/SpiritRunner/Maps/Platforms.Platforms:PersistentLevel.Landscape24.LandscapeComponent_8 and LandscapeComponent /Game/SpiritRunner/Blueprints/FlatFloor6.FlatFloor6_C:LandscapeComponent83E28B0941037AD1E3802A8299DF6956, which should never happen in the editor but could happen at runtime with duplicate level loading or PIE
[2016.01.08-05.38.22:322][297]LogUObjectGlobals:Warning: Guid is in use by LandscapeComponent /Game/SpiritRunner/Maps/Platforms.Platforms:PersistentLevel.Landscape24.LandscapeComponent_9 and LandscapeComponent /Game/SpiritRunner/Blueprints/FlatFloor6.FlatFloor6_C:LandscapeComponent532CB1AA494DE7B010732990119633E6, which should never happen in the editor but could happen at runtime with duplicate level loading or PIE
[2016.01.08-05.38.22:322][297]LogUObjectGlobals:Warning: Guid is in use by LandscapeHeightfieldCollisionComponent /Game/SpiritRunner/Maps/Platforms.Platforms:PersistentLevel.Landscape24.LandscapeHeightfieldCollisionComponent_0 and LandscapeHeightfieldCollisionComponent /Game/SpiritRunner/Blueprints/FlatFloor6.FlatFloor6_C:LandscapeHeightfieldCollisionComponent7E85B0624BF29E838E3F7099B6BE4866, which should never happen in the editor but could happen at runtime with duplicate level loading or PIE
[2016.01.08-05.38.22:323][297]LogUObjectGlobals:Warning: Guid is in use by LandscapeHeightfieldCollisionComponent /Game/SpiritRunner/Maps/Platforms.Platforms:PersistentLevel.Landscape24.LandscapeHeightfieldCollisionComponent_1 and LandscapeHeightfieldCollisionComponent /Game/SpiritRunner/Blueprints/FlatFloor6.FlatFloor6_C:LandscapeHeightfieldCollisionComponent96F0B83C46E938F20B0554983F3772CE, which should never happen in the editor but could happen at runtime with duplicate level loading or PIE
[2016.01.08-05.38.22:323][297]LogUObjectGlobals:Warning: Guid is in use by LandscapeHeightfieldCollisionComponent /Game/SpiritRunner/Maps/Platforms.Platforms:PersistentLevel.Landscape24.LandscapeHeightfieldCollisionComponent_10 and LandscapeHeightfieldCollisionComponent /Game/SpiritRunner/Blueprints/FlatFloor6.FlatFloor6_C:LandscapeHeightfieldCollisionComponent088F7C634D99E11F9FD86DA1EC8D61A0, which should never happen in the editor but could happen at runtime with duplicate level loading or PIE
[2016.01.08-05.38.22:323][297]LogUObjectGlobals:Warning: Guid is in use by LandscapeHeightfieldCollisionComponent /Game/SpiritRunner/Maps/Platforms.Platforms:PersistentLevel.Landscape24.LandscapeHeightfieldCollisionComponent_11 and LandscapeHeightfieldCollisionComponent /Game/SpiritRunner/Blueprints/FlatFloor6.FlatFloor6_C:LandscapeHeightfieldCollisionComponent8894E3384544730148D549B38D83EFA2, which should never happen in the editor but could happen at runtime with duplicate level loading or PIE
[2016.01.08-05.38.22:323][297]LogUObjectGlobals:Warning: Guid is in use by LandscapeHeightfieldCollisionComponent /Game/SpiritRunner/Maps/Platforms.Platforms:PersistentLevel.Landscape24.LandscapeHeightfieldCollisionComponent_12 and LandscapeHeightfieldCollisionComponent /Game/SpiritRunner/Blueprints/FlatFloor6.FlatFloor6_C:LandscapeHeightfieldCollisionComponentFFD6FE234906BCBB3D48199472E81F18, which should never happen in the editor but could happen at runtime with duplicate level loading or PIE
[2016.01.08-05.38.22:323][297]LogUObjectGlobals:Warning: Guid is in use by LandscapeHeightfieldCollisionComponent /Game/SpiritRunner/Maps/Platforms.Platforms:PersistentLevel.Landscape24.LandscapeHeightfieldCollisionComponent_13 and LandscapeHeightfieldCollisionComponent /Game/SpiritRunner/Blueprints/FlatFloor6.FlatFloor6_C:LandscapeHeightfieldCollisionComponent52F7FDE0443DE4258C20C4B492020AE4, which should never happen in the editor but could happen at runtime with duplicate level loading or PIE
[2016.01.08-05.38.22:323][297]LogUObjectGlobals:Warning: Guid is in use by LandscapeHeightfieldCollisionComponent /Game/SpiritRunner/Maps/Platforms.Platforms:PersistentLevel.Landscape24.LandscapeHeightfieldCollisionComponent_14 and LandscapeHeightfieldCollisionComponent /Game/SpiritRunner/Blueprints/FlatFloor6.FlatFloor6_C:LandscapeHeightfieldCollisionComponent29A2D7FA44D7948DDB82F5A2EBCE8BE0, which should never happen in the editor but could happen at runtime with duplicate level loading or PIE
[2016.01.08-05.38.22:323][297]LogUObjectGlobals:Warning: Guid is in use by LandscapeHeightfieldCollisionComponent /Game/SpiritRunner/Maps/Platforms.Platforms:PersistentLevel.Landscape24.LandscapeHeightfieldCollisionComponent_15 and LandscapeHeightfieldCollisionComponent /Game/SpiritRunner/Blueprints/FlatFloor6.FlatFloor6_C:LandscapeHeightfieldCollisionComponent61AEB6A34F741770EDB739A703BA9AD4, which should never happen in the editor but could happen at runtime with duplicate level loading or PIE
[2016.01.08-05.38.22:323][297]LogUObjectGlobals:Warning: Guid is in use by LandscapeHeightfieldCollisionComponent /Game/SpiritRunner/Maps/Platforms.Platforms:PersistentLevel.Landscape24.LandscapeHeightfieldCollisionComponent_16 and LandscapeHeightfieldCollisionComponent /Game/SpiritRunner/Blueprints/FlatFloor6.FlatFloor6_C:LandscapeHeightfieldCollisionComponent64EDBF1349911745A8F0DA92E77B67B2, which should never happen in the editor but could happen at runtime with duplicate level loading or PIE
[2016.01.08-05.38.22:323][297]LogUObjectGlobals:Warning: Guid is in use by LandscapeHeightfieldCollisionComponent /Game/SpiritRunner/Maps/Platforms.Platforms:PersistentLevel.Landscape24.LandscapeHeightfieldCollisionComponent_17 and LandscapeHeightfieldCollisionComponent /Game/SpiritRunner/Blueprints/FlatFloor6.FlatFloor6_C:LandscapeHeightfieldCollisionComponentC3A3C3EF40179F258FBB5999ED3C80CB, which should never happen in the editor but could happen at runtime with duplicate level loading or PIE
[2016.01.08-05.38.22:323][297]LogUObjectGlobals:Warning: Guid is in use by LandscapeHeightfieldCollisionComponent /Game/SpiritRunner/Maps/Platforms.Platforms:PersistentLevel.Landscape24.LandscapeHeightfieldCollisionComponent_18 and LandscapeHeightfieldCollisionComponent /Game/SpiritRunner/Blueprints/FlatFloor6.FlatFloor6_C:LandscapeHeightfieldCollisionComponentBF46AC7E4A424EBA3D45B7B392E7E96A, which should never happen in the editor but could happen at runtime with duplicate level loading or PIE
[2016.01.08-05.38.22:323][297]LogUObjectGlobals:Warning: Guid is in use by LandscapeHeightfieldCollisionComponent /Game/SpiritRunner/Maps/Platforms.Platforms:PersistentLevel.Landscape24.LandscapeHeightfieldCollisionComponent_19 and LandscapeHeightfieldCollisionComponent /Game/SpiritRunner/Blueprints/FlatFloor6.FlatFloor6_C:LandscapeHeightfieldCollisionComponent261DA95D4904A14024ACC2BD25107DDE, which should never happen in the editor but could happen at runtime with duplicate level loading or PIE
[2016.01.08-05.38.22:323][297]LogUObjectGlobals:Warning: Guid is in use by LandscapeHeightfieldCollisionComponent /Game/SpiritRunner/Maps/Platforms.Platforms:PersistentLevel.Landscape24.LandscapeHeightfieldCollisionComponent_2 and LandscapeHeightfieldCollisionComponent /Game/SpiritRunner/Blueprints/FlatFloor6.FlatFloor6_C:LandscapeHeightfieldCollisionComponent4A79E5EA46AD8017B21BB099433F8C2B, which should never happen in the editor but could happen at runtime with duplicate level loading or PIE
[2016.01.08-05.38.22:324][297]LogUObjectGlobals:Warning: Guid is in use by LandscapeHeightfieldCollisionComponent /Game/SpiritRunner/Maps/Platforms.Platforms:PersistentLevel.Landscape24.LandscapeHeightfieldCollisionComponent_20 and LandscapeHeightfieldCollisionComponent /Game/SpiritRunner/Blueprints/FlatFloor6.FlatFloor6_C:LandscapeHeightfieldCollisionComponent82F1213C44F7ACB3A8F60FB75409D8AD, which should never happen in the editor but could happen at runtime with duplicate level loading or PIE
[2016.01.08-05.38.22:324][297]LogUObjectGlobals:Warning: Guid is in use by LandscapeHeightfieldCollisionComponent /Game/SpiritRunner/Maps/Platforms.Platforms:PersistentLevel.Landscape24.LandscapeHeightfieldCollisionComponent_21 and LandscapeHeightfieldCollisionComponent /Game/SpiritRunner/Blueprints/FlatFloor6.FlatFloor6_C:LandscapeHeightfieldCollisionComponent871DFF6E4B59AF8F41CD6B8B5758A33D, which should never happen in the editor but could happen at runtime with duplicate level loading or PIE
[2016.01.08-05.38.22:324][297]LogUObjectGlobals:Warning: Guid is in use by LandscapeHeightfieldCollisionComponent /Game/SpiritRunner/Maps/Platforms.Platforms:PersistentLevel.Landscape24.LandscapeHeightfieldCollisionComponent_22 and LandscapeHeightfieldCollisionComponent /Game/SpiritRunner/Blueprints/FlatFloor6.FlatFloor6_C:LandscapeHeightfieldCollisionComponentFDB81E82463B51BB342C8EA02DDBC0EE, which should never happen in the editor but could happen at runtime with duplicate level loading or PIE
[2016.01.08-05.38.22:324][297]LogUObjectGlobals:Warning: Guid is in use by LandscapeHeightfieldCollisionComponent /Game/SpiritRunner/Maps/Platforms.Platforms:PersistentLevel.Landscape24.LandscapeHeightfieldCollisionComponent_23 and LandscapeHeightfieldCollisionComponent /Game/SpiritRunner/Blueprints/FlatFloor6.FlatFloor6_C:LandscapeHeightfieldCollisionComponent4D5BFCB64609EEA9C1C016A0E1F840B6, which should never happen in the editor but could happen at runtime with duplicate level loading or PIE
[2016.01.08-05.38.22:324][297]LogUObjectGlobals:Warning: Guid is in use by LandscapeHeightfieldCollisionComponent /Game/SpiritRunner/Maps/Platforms.Platforms:PersistentLevel.Landscape24.LandscapeHeightfieldCollisionComponent_24 and LandscapeHeightfieldCollisionComponent /Game/SpiritRunner/Blueprints/FlatFloor6.FlatFloor6_C:LandscapeHeightfieldCollisionComponentC2A9A891443DED1A907251821BC4F521, which should never happen in the editor but could happen at runtime with duplicate level loading or PIE
[2016.01.08-05.38.22:324][297]LogUObjectGlobals:Warning: Guid is in use by LandscapeHeightfieldCollisionComponent /Game/SpiritRunner/Maps/Platforms.Platforms:PersistentLevel.Landscape24.LandscapeHeightfieldCollisionComponent_25 and LandscapeHeightfieldCollisionComponent /Game/SpiritRunner/Blueprints/FlatFloor6.FlatFloor6_C:LandscapeHeightfieldCollisionComponent694849CA486956FF4D6627AC8D8376E8, which should never happen in the editor but could happen at runtime with duplicate level loading or PIE
[2016.01.08-05.38.22:324][297]LogUObjectGlobals:Warning: Guid is in use by LandscapeHeightfieldCollisionComponent /Game/SpiritRunner/Maps/Platforms.Platforms:PersistentLevel.Landscape24.LandscapeHeightfieldCollisionComponent_26 and LandscapeHeightfieldCollisionComponent /Game/SpiritRunner/Blueprints/FlatFloor6.FlatFloor6_C:LandscapeHeightfieldCollisionComponent0FB52A1D469654C4D68055A23A0DEE33, which should never happen in the editor but could happen at runtime with duplicate level loading or PIE
[2016.01.08-05.38.22:324][297]LogUObjectGlobals:Warning: Guid is in use by LandscapeHeightfieldCollisionComponent /Game/SpiritRunner/Maps/Platforms.Platforms:PersistentLevel.Landscape24.LandscapeHeightfieldCollisionComponent_27 and LandscapeHeightfieldCollisionComponent /Game/SpiritRunner/Blueprints/FlatFloor6.FlatFloor6_C:LandscapeHeightfieldCollisionComponentBB59ADF54889A193D676BBBC9A9F4B26, which should never happen in the editor but could happen at runtime with duplicate level loading or PIE
[2016.01.08-05.38.22:324][297]LogUObjectGlobals:Warning: Guid is in use by LandscapeHeightfieldCollisionComponent /Game/SpiritRunner/Maps/Platforms.Platforms:PersistentLevel.Landscape24.LandscapeHeightfieldCollisionComponent_28 and LandscapeHeightfieldCollisionComponent /Game/SpiritRunner/Blueprints/FlatFloor6.FlatFloor6_C:LandscapeHeightfieldCollisionComponentE85F2D11406163B933810CA5C36861A5, which should never happen in the editor but could happen at runtime with duplicate level loading or PIE
[2016.01.08-05.38.22:324][297]LogUObjectGlobals:Warning: Guid is in use by LandscapeHeightfieldCollisionComponent /Game/SpiritRunner/Maps/Platforms.Platforms:PersistentLevel.Landscape24.LandscapeHeightfieldCollisionComponent_29 and LandscapeHeightfieldCollisionComponent /Game/SpiritRunner/Blueprints/FlatFloor6.FlatFloor6_C:LandscapeHeightfieldCollisionComponent514F8A224B4345D5BA10B6ADA35CFB05, which should never happen in the editor but could happen at runtime with duplicate level loading or PIE
[2016.01.08-05.38.22:324][297]LogUObjectGlobals:Warning: Guid is in use by LandscapeHeightfieldCollisionComponent /Game/SpiritRunner/Maps/Platforms.Platforms:PersistentLevel.Landscape24.LandscapeHeightfieldCollisionComponent_3 and LandscapeHeightfieldCollisionComponent /Game/SpiritRunner/Blueprints/FlatFloor6.FlatFloor6_C:LandscapeHeightfieldCollisionComponentFEE0093E4545AA968452FE9CEA9838F6, which should never happen in the editor but could happen at runtime with duplicate level loading or PIE
[2016.01.08-05.38.22:324][297]LogUObjectGlobals:Warning: Guid is in use by LandscapeHeightfieldCollisionComponent /Game/SpiritRunner/Maps/Platforms.Platforms:PersistentLevel.Landscape24.LandscapeHeightfieldCollisionComponent_30 and LandscapeHeightfieldCollisionComponent /Game/SpiritRunner/Blueprints/FlatFloor6.FlatFloor6_C:LandscapeHeightfieldCollisionComponentD43642334CDFE7B66C2E6598FC1F8588, which should never happen in the editor but could happen at runtime with duplicate level loading or PIE
[2016.01.08-05.38.22:325][297]LogUObjectGlobals:Warning: Guid is in use by LandscapeHeightfieldCollisionComponent /Game/SpiritRunner/Maps/Platforms.Platforms:PersistentLevel.Landscape24.LandscapeHeightfieldCollisionComponent_31 and LandscapeHeightfieldCollisionComponent /Game/SpiritRunner/Blueprints/FlatFloor6.FlatFloor6_C:LandscapeHeightfieldCollisionComponentAAB2E46E4D235CAB70C643942DB8BECA, which should never happen in the editor but could happen at runtime with duplicate level loading or PIE
[2016.01.08-05.38.22:325][297]LogUObjectGlobals:Warning: Guid is in use by LandscapeHeightfieldCollisionComponent /Game/SpiritRunner/Maps/Platforms.Platforms:PersistentLevel.Landscape24.LandscapeHeightfieldCollisionComponent_32 and LandscapeHeightfieldCollisionComponent /Game/SpiritRunner/Blueprints/FlatFloor6.FlatFloor6_C:LandscapeHeightfieldCollisionComponent141C78514D878DB4784E31B9A689BC56, which should never happen in the editor but could happen at runtime with duplicate level loading or PIE
[2016.01.08-05.38.22:325][297]LogUObjectGlobals:Warning: Guid is in use by LandscapeHeightfieldCollisionComponent /Game/SpiritRunner/Maps/Platforms.Platforms:PersistentLevel.Landscape24.LandscapeHeightfieldCollisionComponent_33 and LandscapeHeightfieldCollisionComponent /Game/SpiritRunner/Blueprints/FlatFloor6.FlatFloor6_C:LandscapeHeightfieldCollisionComponentCC3100A14A5395932CFBCF87A92DABAB, which should never happen in the editor but could happen at runtime with duplicate level loading or PIE
[2016.01.08-05.38.22:325][297]LogUObjectGlobals:Warning: Guid is in use by LandscapeHeightfieldCollisionComponent /Game/SpiritRunner/Maps/Platforms.Platforms:PersistentLevel.Landscape24.LandscapeHeightfieldCollisionComponent_34 and LandscapeHeightfieldCollisionComponent /Game/SpiritRunner/Blueprints/FlatFloor6.FlatFloor6_C:LandscapeHeightfieldCollisionComponent314F5CD54F6F1FC2DBC56892F8A56303, which should never happen in the editor but could happen at runtime with duplicate level loading or PIE
[2016.01.08-05.38.22:325][297]LogUObjectGlobals:Warning: Guid is in use by LandscapeHeightfieldCollisionComponent /Game/SpiritRunner/Maps/Platforms.Platforms:PersistentLevel.Landscape24.LandscapeHeightfieldCollisionComponent_35 and LandscapeHeightfieldCollisionComponent /Game/SpiritRunner/Blueprints/FlatFloor6.FlatFloor6_C:LandscapeHeightfieldCollisionComponentC592179846CCB7C172E5588ED625E4F6, which should never happen in the editor but could happen at runtime with duplicate level loading or PIE
[2016.01.08-05.38.22:325][297]LogUObjectGlobals:Warning: Guid is in use by LandscapeHeightfieldCollisionComponent /Game/SpiritRunner/Maps/Platforms.Platforms:PersistentLevel.Landscape24.LandscapeHeightfieldCollisionComponent_36 and LandscapeHeightfieldCollisionComponent /Game/SpiritRunner/Blueprints/FlatFloor6.FlatFloor6_C:LandscapeHeightfieldCollisionComponent3FD9F1B54B1844B7DDE95A81A1D50C9B, which should never happen in the editor but could happen at runtime with duplicate level loading or PIE
[2016.01.08-05.38.22:325][297]LogUObjectGlobals:Warning: Guid is in use by LandscapeHeightfieldCollisionComponent /Game/SpiritRunner/Maps/Platforms.Platforms:PersistentLevel.Landscape24.LandscapeHeightfieldCollisionComponent_37 and LandscapeHeightfieldCollisionComponent /Game/SpiritRunner/Blueprints/FlatFloor6.FlatFloor6_C:LandscapeHeightfieldCollisionComponent48F4E7024D728845ED1FFBBAC50922E6, which should never happen in the editor but could happen at runtime with duplicate level loading or PIE
[2016.01.08-05.38.22:325][297]LogUObjectGlobals:Warning: Guid is in use by LandscapeHeightfieldCollisionComponent /Game/SpiritRunner/Maps/Platforms.Platforms:PersistentLevel.Landscape24.LandscapeHeightfieldCollisionComponent_38 and LandscapeHeightfieldCollisionComponent /Game/SpiritRunner/Blueprints/FlatFloor6.FlatFloor6_C:LandscapeHeightfieldCollisionComponent5C0F914140D562DD338FF59D7243133A, which should never happen in the editor but could happen at runtime with duplicate level loading or PIE
[2016.01.08-05.38.22:325][297]LogUObjectGlobals:Warning: Guid is in use by LandscapeHeightfieldCollisionComponent /Game/SpiritRunner/Maps/Platforms.Platforms:PersistentLevel.Landscape24.LandscapeHeightfieldCollisionComponent_39 and LandscapeHeightfieldCollisionComponent /Game/SpiritRunner/Blueprints/FlatFloor6.FlatFloor6_C:LandscapeHeightfieldCollisionComponentD22B4CD444635C4C2C9CEDA4B3456837, which should never happen in the editor but could happen at runtime with duplicate level loading or PIE
[2016.01.08-05.38.22:325][297]LogUObjectGlobals:Warning: Guid is in use by LandscapeHeightfieldCollisionComponent /Game/SpiritRunner/Maps/Platforms.Platforms:PersistentLevel.Landscape24.LandscapeHeightfieldCollisionComponent_4 and LandscapeHeightfieldCollisionComponent /Game/SpiritRunner/Blueprints/FlatFloor6.FlatFloor6_C:LandscapeHeightfieldCollisionComponent69C04121494D208A0CAF01BDDAF5CED2, which should never happen in the editor but could happen at runtime with duplicate level loading or PIE
[2016.01.08-05.38.22:325][297]LogUObjectGlobals:Warning: Guid is in use by LandscapeHeightfieldCollisionComponent /Game/SpiritRunner/Maps/Platforms.Platforms:PersistentLevel.Landscape24.LandscapeHeightfieldCollisionComponent_40 and LandscapeHeightfieldCollisionComponent /Game/SpiritRunner/Blueprints/FlatFloor6.FlatFloor6_C:LandscapeHeightfieldCollisionComponentDD3F9AEE41B985206776039D27B469F7, which should never happen in the editor but could happen at runtime with duplicate level loading or PIE
[2016.01.08-05.38.22:325][297]LogUObjectGlobals:Warning: Guid is in use by LandscapeHeightfieldCollisionComponent /Game/SpiritRunner/Maps/Platforms.Platforms:PersistentLevel.Landscape24.LandscapeHeightfieldCollisionComponent_41 and LandscapeHeightfieldCollisionComponent /Game/SpiritRunner/Blueprints/FlatFloor6.FlatFloor6_C:LandscapeHeightfieldCollisionComponent56D96F424F8316325CE1F0808D411A1D, which should never happen in the editor but could happen at runtime with duplicate level loading or PIE
[2016.01.08-05.38.22:326][297]LogUObjectGlobals:Warning: Guid is in use by LandscapeHeightfieldCollisionComponent /Game/SpiritRunner/Maps/Platforms.Platforms:PersistentLevel.Landscape24.LandscapeHeightfieldCollisionComponent_42 and LandscapeHeightfieldCollisionComponent /Game/SpiritRunner/Blueprints/FlatFloor6.FlatFloor6_C:LandscapeHeightfieldCollisionComponent47F8927C4AF8B173B1100CA1F91F7BBA, which should never happen in the editor but could happen at runtime with duplicate level loading or PIE
[2016.01.08-05.38.22:326][297]LogUObjectGlobals:Warning: Guid is in use by LandscapeHeightfieldCollisionComponent /Game/SpiritRunner/Maps/Platforms.Platforms:PersistentLevel.Landscape24.LandscapeHeightfieldCollisionComponent_43 and LandscapeHeightfieldCollisionComponent /Game/SpiritRunner/Blueprints/FlatFloor6.FlatFloor6_C:LandscapeHeightfieldCollisionComponent3A77959B4266BEFFE86DD9A67A59BEFA, which should never happen in the editor but could happen at runtime with duplicate level loading or PIE
[2016.01.08-05.38.22:326][297]LogUObjectGlobals:Warning: Guid is in use by LandscapeHeightfieldCollisionComponent /Game/SpiritRunner/Maps/Platforms.Platforms:PersistentLevel.Landscape24.LandscapeHeightfieldCollisionComponent_44 and LandscapeHeightfieldCollisionComponent /Game/SpiritRunner/Blueprints/FlatFloor6.FlatFloor6_C:LandscapeHeightfieldCollisionComponent9B5DD5024E852562AE25B4A6192BA886, which should never happen in the editor but could happen at runtime with duplicate level loading or PIE
[2016.01.08-05.38.22:326][297]LogUObjectGlobals:Warning: Guid is in use by LandscapeHeightfieldCollisionComponent /Game/SpiritRunner/Maps/Platforms.Platforms:PersistentLevel.Landscape24.LandscapeHeightfieldCollisionComponent_45 and LandscapeHeightfieldCollisionComponent /Game/SpiritRunner/Blueprints/FlatFloor6.FlatFloor6_C:LandscapeHeightfieldCollisionComponentB6E6249145A0FB20FFBC09B1E220E5E9, which should never happen in the editor but could happen at runtime with duplicate level loading or PIE
[2016.01.08-05.38.22:326][297]LogUObjectGlobals:Warning: Guid is in use by LandscapeHeightfieldCollisionComponent /Game/SpiritRunner/Maps/Platforms.Platforms:PersistentLevel.Landscape24.LandscapeHeightfieldCollisionComponent_46 and LandscapeHeightfieldCollisionComponent /Game/SpiritRunner/Blueprints/FlatFloor6.FlatFloor6_C:LandscapeHeightfieldCollisionComponent3EE169D1423665BBBC08F592C5011491, which should never happen in the editor but could happen at runtime with duplicate level loading or PIE
[2016.01.08-05.38.22:326][297]LogUObjectGlobals:Warning: Guid is in use by LandscapeHeightfieldCollisionComponent /Game/SpiritRunner/Maps/Platforms.Platforms:PersistentLevel.Landscape24.LandscapeHeightfieldCollisionComponent_47 and LandscapeHeightfieldCollisionComponent /Game/SpiritRunner/Blueprints/FlatFloor6.FlatFloor6_C:LandscapeHeightfieldCollisionComponentDF66550446E2E62117D4CE9699FC4D85, which should never happen in the editor but could happen at runtime with duplicate level loading or PIE
[2016.01.08-05.38.22:326][297]LogUObjectGlobals:Warning: Guid is in use by LandscapeHeightfieldCollisionComponent /Game/SpiritRunner/Maps/Platforms.Platforms:PersistentLevel.Landscape24.LandscapeHeightfieldCollisionComponent_48 and LandscapeHeightfieldCollisionComponent /Game/SpiritRunner/Blueprints/FlatFloor6.FlatFloor6_C:LandscapeHeightfieldCollisionComponent8F11119D47899CCE7D2798932C75E12C, which should never happen in the editor but could happen at runtime with duplicate level loading or PIE
[2016.01.08-05.38.22:326][297]LogUObjectGlobals:Warning: Guid is in use by LandscapeHeightfieldCollisionComponent /Game/SpiritRunner/Maps/Platforms.Platforms:PersistentLevel.Landscape24.LandscapeHeightfieldCollisionComponent_49 and LandscapeHeightfieldCollisionComponent /Game/SpiritRunner/Blueprints/FlatFloor6.FlatFloor6_C:LandscapeHeightfieldCollisionComponent5C37BB9C413968A95B80628606134634, which should never happen in the editor but could happen at runtime with duplicate level loading or PIE
[2016.01.08-05.38.22:326][297]LogUObjectGlobals:Warning: Guid is in use by LandscapeHeightfieldCollisionComponent /Game/SpiritRunner/Maps/Platforms.Platforms:PersistentLevel.Landscape24.LandscapeHeightfieldCollisionComponent_5 and LandscapeHeightfieldCollisionComponent /Game/SpiritRunner/Blueprints/FlatFloor6.FlatFloor6_C:LandscapeHeightfieldCollisionComponent034FD83240607F7260F93E8FFE966996, which should never happen in the editor but could happen at runtime with duplicate level loading or PIE
[2016.01.08-05.38.22:326][297]LogUObjectGlobals:Warning: Guid is in use by LandscapeHeightfieldCollisionComponent /Game/SpiritRunner/Maps/Platforms.Platforms:PersistentLevel.Landscape24.LandscapeHeightfieldCollisionComponent_50 and LandscapeHeightfieldCollisionComponent /Game/SpiritRunner/Blueprints/FlatFloor6.FlatFloor6_C:LandscapeHeightfieldCollisionComponent66DA411841CBAD842AD8E1AC8EC2D54C, which should never happen in the editor but could happen at runtime with duplicate level loading or PIE
[2016.01.08-05.38.22:327][297]LogUObjectGlobals:Warning: Guid is in use by LandscapeHeightfieldCollisionComponent /Game/SpiritRunner/Maps/Platforms.Platforms:PersistentLevel.Landscape24.LandscapeHeightfieldCollisionComponent_51 and LandscapeHeightfieldCollisionComponent /Game/SpiritRunner/Blueprints/FlatFloor6.FlatFloor6_C:LandscapeHeightfieldCollisionComponent0A867DC646D0F3B9D26F4AA48DDEF180, which should never happen in the editor but could happen at runtime with duplicate level loading or PIE
[2016.01.08-05.38.22:327][297]LogUObjectGlobals:Warning: Guid is in use by LandscapeHeightfieldCollisionComponent /Game/SpiritRunner/Maps/Platforms.Platforms:PersistentLevel.Landscape24.LandscapeHeightfieldCollisionComponent_52 and LandscapeHeightfieldCollisionComponent /Game/SpiritRunner/Blueprints/FlatFloor6.FlatFloor6_C:LandscapeHeightfieldCollisionComponentBA4265F54927A51E896573B62CD80A5B, which should never happen in the editor but could happen at runtime with duplicate level loading or PIE
[2016.01.08-05.38.22:327][297]LogUObjectGlobals:Warning: Guid is in use by LandscapeHeightfieldCollisionComponent /Game/SpiritRunner/Maps/Platforms.Platforms:PersistentLevel.Landscape24.LandscapeHeightfieldCollisionComponent_53 and LandscapeHeightfieldCollisionComponent /Game/SpiritRunner/Blueprints/FlatFloor6.FlatFloor6_C:LandscapeHeightfieldCollisionComponentFB0872F546C1FB6084A2E9B7510AA570, which should never happen in the editor but could happen at runtime with duplicate level loading or PIE
[2016.01.08-05.38.22:327][297]LogUObjectGlobals:Warning: Guid is in use by LandscapeHeightfieldCollisionComponent /Game/SpiritRunner/Maps/Platforms.Platforms:PersistentLevel.Landscape24.LandscapeHeightfieldCollisionComponent_54 and LandscapeHeightfieldCollisionComponent /Game/SpiritRunner/Blueprints/FlatFloor6.FlatFloor6_C:LandscapeHeightfieldCollisionComponentF998DAAC4AAB422EB7C091BBA8FB36EE, which should never happen in the editor but could happen at runtime with duplicate level loading or PIE
[2016.01.08-05.38.22:327][297]LogUObjectGlobals:Warning: Guid is in use by LandscapeHeightfieldCollisionComponent /Game/SpiritRunner/Maps/Platforms.Platforms:PersistentLevel.Landscape24.LandscapeHeightfieldCollisionComponent_6 and LandscapeHeightfieldCollisionComponent /Game/SpiritRunner/Blueprints/FlatFloor6.FlatFloor6_C:LandscapeHeightfieldCollisionComponent45B81F95426240D2561FF6A5DA421982, which should never happen in the editor but could happen at runtime with duplicate level loading or PIE
[2016.01.08-05.38.22:327][297]LogUObjectGlobals:Warning: Guid is in use by LandscapeHeightfieldCollisionComponent /Game/SpiritRunner/Maps/Platforms.Platforms:PersistentLevel.Landscape24.LandscapeHeightfieldCollisionComponent_7 and LandscapeHeightfieldCollisionComponent /Game/SpiritRunner/Blueprints/FlatFloor6.FlatFloor6_C:LandscapeHeightfieldCollisionComponent8505D1374B4B890A36B3D78993504161, which should never happen in the editor but could happen at runtime with duplicate level loading or PIE
[2016.01.08-05.38.22:327][297]LogUObjectGlobals:Warning: Guid is in use by LandscapeHeightfieldCollisionComponent /Game/SpiritRunner/Maps/Platforms.Platforms:PersistentLevel.Landscape24.LandscapeHeightfieldCollisionComponent_8 and LandscapeHeightfieldCollisionComponent /Game/SpiritRunner/Blueprints/FlatFloor6.FlatFloor6_C:LandscapeHeightfieldCollisionComponentA15FA7724DA2898FB3ADC7A191F70DDD, which should never happen in the editor but could happen at runtime with duplicate level loading or PIE
[2016.01.08-05.38.22:327][297]LogUObjectGlobals:Warning: Guid is in use by LandscapeHeightfieldCollisionComponent /Game/SpiritRunner/Maps/Platforms.Platforms:PersistentLevel.Landscape24.LandscapeHeightfieldCollisionComponent_9 and LandscapeHeightfieldCollisionComponent /Game/SpiritRunner/Blueprints/FlatFloor6.FlatFloor6_C:LandscapeHeightfieldCollisionComponentFA17A3C3472954E31622B9BADF199702, which should never happen in the editor but could happen at runtime with duplicate level loading or PIE
[2016.01.08-05.38.22:327][297]LogUObjectGlobals:Warning: Guid is in use by StaticMeshComponent /Game/SpiritRunner/Maps/Platforms.Platforms:PersistentLevel.lowpolytree4.StaticMeshComponent0 and StaticMeshComponent /Game/SpiritRunner/Blueprints/FlatFloor6.FlatFloor6_C:StaticMeshComponent09BA8B91D48F2709F75DCF088005025DB, which should never happen in the editor but could happen at runtime with duplicate level loading or PIE
[2016.01.08-05.38.22:327][297]LogUObjectGlobals:Warning: Guid is in use by StaticMeshComponent /Game/SpiritRunner/Maps/Platforms.Platforms:PersistentLevel.lowpolytree_10.StaticMeshComponent0 and StaticMeshComponent /Game/SpiritRunner/Blueprints/FlatFloor6.FlatFloor6_C:StaticMeshComponent01D8CEFF6744226A3E42C717BD7D10E5D8, which should never happen in the editor but could happen at runtime with duplicate level loading or PIE
[2016.01.08-05.38.22:328][297]LogUObjectGlobals:Warning: Guid is in use by StaticMeshComponent /Game/SpiritRunner/Maps/Platforms.Platforms:PersistentLevel.FINALplant13.StaticMeshComponent0 and StaticMeshComponent /Game/SpiritRunner/Blueprints/FlatFloor6.FlatFloor6_C:StaticMeshComponent026975360A41E647CB5C3976B8928E8289, which should never happen in the editor but could happen at runtime with duplicate level loading or PIE
[2016.01.08-05.38.22:328][297]LogUObjectGlobals:Warning: Guid is in use by StaticMeshComponent /Game/SpiritRunner/Maps/Platforms.Platforms:PersistentLevel.FINALlog2.StaticMeshComponent0 and StaticMeshComponent /Game/SpiritRunner/Blueprints/FlatFloor6.FlatFloor6_C:StaticMeshComponent038436AE1B4815B950C60911A20782A292, which should never happen in the editor but could happen at runtime with duplicate level loading or PIE
[2016.01.08-05.38.22:328][297]LogUObjectGlobals:Warning: Guid is in use by StaticMeshComponent /Game/SpiritRunner/Maps/Platforms.Platforms:PersistentLevel.FINALplant12.StaticMeshComponent0 and StaticMeshComponent /Game/SpiritRunner/Blueprints/FlatFloor6.FlatFloor6_C:StaticMeshComponent04A8DFBEB0428F243028F2F9B549ABE07E, which should never happen in the editor but could happen at runtime with duplicate level loading or PIE
[2016.01.08-05.38.22:328][297]LogUObjectGlobals:Warning: Guid is in use by StaticMeshComponent /Game/SpiritRunner/Maps/Platforms.Platforms:PersistentLevel.FINALlog_36.StaticMeshComponent0 and StaticMeshComponent /Game/SpiritRunner/Blueprints/FlatFloor6.FlatFloor6_C:StaticMeshComponent05DCB707EE470400795ABFE5AC6AE5E19F, which should never happen in the editor but could happen at runtime with duplicate level loading or PIE
[2016.01.08-05.38.22:328][297]LogUObjectGlobals:Warning: Guid is in use by StaticMeshComponent /Game/SpiritRunner/Maps/Platforms.Platforms:PersistentLevel.lowpolytree3.StaticMeshComponent0 and StaticMeshComponent /Game/SpiritRunner/Blueprints/FlatFloor6.FlatFloor6_C:StaticMeshComponent06ADE5FDB54E0A02431BC3E6989C1F2759, which should never happen in the editor but could happen at runtime with duplicate level loading or PIE
[2016.01.08-05.38.22:328][297]LogUObjectGlobals:Warning: Guid is in use by StaticMeshComponent /Game/SpiritRunner/Maps/Platforms.Platforms:PersistentLevel.FINALplant16.StaticMeshComponent0 and StaticMeshComponent /Game/SpiritRunner/Blueprints/FlatFloor6.FlatFloor6_C:StaticMeshComponent074E7F3CD34654720945FBAE8B6E219CB5, which should never happen in the editor but could happen at runtime with duplicate level loading or PIE
[2016.01.08-05.38.22:328][297]LogUObjectGlobals:Warning: Guid is in use by StaticMeshComponent /Game/SpiritRunner/Maps/Platforms.Platforms:PersistentLevel.FINALplant11.StaticMeshComponent0 and StaticMeshComponent /Game/SpiritRunner/Blueprints/FlatFloor6.FlatFloor6_C:StaticMeshComponent08F5D192B54F240FA2FF7F0192A9425547, which should never happen in the editor but could happen at runtime with duplicate level loading or PIE
[2016.01.08-05.38.22:328][297]LogUObjectGlobals:Warning: Guid is in use by StaticMeshComponent /Game/SpiritRunner/Maps/Platforms.Platforms:PersistentLevel.lowpolytree2.StaticMeshComponent0 and StaticMeshComponent /Game/SpiritRunner/Blueprints/FlatFloor6.FlatFloor6_C:StaticMeshComponent0965C9BB494393D49849B1E2899DCC3B1E, which should never happen in the editor but could happen at runtime with duplicate level loading or PIE
[2016.01.08-05.38.22:328][297]LogUObjectGlobals:Warning: Guid is in use by StaticMeshComponent /Game/SpiritRunner/Maps/Platforms.Platforms:PersistentLevel.FINALplant10.StaticMeshComponent0 and StaticMeshComponent /Game/SpiritRunner/Blueprints/FlatFloor6.FlatFloor6_C:StaticMeshComponent010537EF28445B360F07B33FD8AAA0B72BD, which should never happen in the editor but could happen at runtime with duplicate level loading or PIE
[2016.01.08-05.38.22:328][297]LogUObjectGlobals:Warning: Guid is in use by StaticMeshComponent /Game/SpiritRunner/Maps/Platforms.Platforms:PersistentLevel.FINALplant15.StaticMeshComponent0 and StaticMeshComponent /Game/SpiritRunner/Blueprints/FlatFloor6.FlatFloor6_C:StaticMeshComponent01110FE54F7497AD83B0F79869CECB84C95, which should never happen in the editor but could happen at runtime with duplicate level loading or PIE
[2016.01.08-05.38.22:329][297]LogUObjectGlobals:Warning: Guid is in use by StaticMeshComponent /Game/SpiritRunner/Maps/Platforms.Platforms:PersistentLevel.FINALplant14.StaticMeshComponent0 and StaticMeshComponent /Game/SpiritRunner/Blueprints/FlatFloor6.FlatFloor6_C:StaticMeshComponent0129840343B4E6587FE571977BA03337A0A, which should never happen in the editor but could happen at runtime with duplicate level loading or PIE
[2016.01.08-05.38.22:329][297]LogUObjectGlobals:Warning: Guid is in use by StaticMeshComponent /Game/SpiritRunner/Maps/Platforms.Platforms:PersistentLevel.FINALbrokenbridge6.StaticMeshComponent0 and StaticMeshComponent /Game/SpiritRunner/Blueprints/FlatFloor6.FlatFloor6_C:StaticMeshComponent013CD5C93864F35AE682D2C7EB80FC43D20, which should never happen in the editor but could happen at runtime with duplicate level loading or PIE
[2016.01.08-05.38.22:329][297]LogUObjectGlobals:Warning: Guid is in use by StaticMeshComponent /Game/SpiritRunner/Maps/Platforms.Platforms:PersistentLevel.lowpolytree7.StaticMeshComponent0 and StaticMeshComponent /Game/SpiritRunner/Blueprints/FlatFloor6.FlatFloor6_C:StaticMeshComponent014FC817A1845F981649042C2AA836BAD21, which should never happen in the editor but could happen at runtime with duplicate level loading or PIE
[2016.01.08-05.38.22:329][297]LogUObjectGlobals:Warning: Guid is in use by StaticMeshComponent /Game/SpiritRunner/Maps/Platforms.Platforms:PersistentLevel.FINALplant9.StaticMeshComponent0 and StaticMeshComponent /Game/SpiritRunner/Blueprints/FlatFloor6.FlatFloor6_C:StaticMeshComponent01534EA28AC4E0216AD864339ABDA0D3C14, which should never happen in the editor but could happen at runtime with duplicate level loading or PIE
[2016.01.08-05.38.22:329][297]LogUObjectGlobals:Warning: Guid is in use by StaticMeshComponent /Game/SpiritRunner/Maps/Platforms.Platforms:PersistentLevel.FINALplant_19.StaticMeshComponent0 and StaticMeshComponent /Game/SpiritRunner/Blueprints/FlatFloor6.FlatFloor6_C:StaticMeshComponent016C526C29B423415BB46211D839235706F, which should never happen in the editor but could happen at runtime with duplicate level loading or PIE
[2016.01.08-05.38.22:329][297]LogUObjectGlobals:Warning: Guid is in use by StaticMeshComponent /Game/SpiritRunner/Maps/Platforms.Platforms:PersistentLevel.FINALplant2.StaticMeshComponent0 and StaticMeshComponent /Game/SpiritRunner/Blueprints/FlatFloor6.FlatFloor6_C:StaticMeshComponent0175F70C5E340BFD1DBBFE414AEA64D560A, which should never happen in the editor but could happen at runtime with duplicate level loading or PIE
[2016.01.08-05.38.22:329][297]LogUObjectGlobals:Warning: Guid is in use by StaticMeshComponent /Game/SpiritRunner/Maps/Platforms.Platforms:PersistentLevel.lowpolytree5.StaticMeshComponent0 and StaticMeshComponent /Game/SpiritRunner/Blueprints/FlatFloor6.FlatFloor6_C:StaticMeshComponent018F9B098D74122E58FCBCBD98DF473F9F2, which should never happen in the editor but could happen at runtime with duplicate level loading or PIE
[2016.01.08-05.38.22:329][297]LogUObjectGlobals:Warning: Guid is in use by StaticMeshComponent /Game/SpiritRunner/Maps/Platforms.Platforms:PersistentLevel.FINALplant4.StaticMeshComponent0 and StaticMeshComponent /Game/SpiritRunner/Blueprints/FlatFloor6.FlatFloor6_C:StaticMeshComponent01933A923714A9CA6AF45A30082AD6E048A, which should never happen in the editor but could happen at runtime with duplicate level loading or PIE
[2016.01.08-05.38.22:329][297]LogUObjectGlobals:Warning: Guid is in use by StaticMeshComponent /Game/SpiritRunner/Maps/Platforms.Platforms:PersistentLevel.FINALrockandplant_33.StaticMeshComponent0 and StaticMeshComponent /Game/SpiritRunner/Blueprints/FlatFloor6.FlatFloor6_C:StaticMeshComponent020C54A0FB249436C509F14309227A516C8, which should never happen in the editor but could happen at runtime with duplicate level loading or PIE
[2016.01.08-05.38.22:330][297]LogUObjectGlobals:Warning: Guid is in use by StaticMeshComponent /Game/SpiritRunner/Maps/Platforms.Platforms:PersistentLevel.FINALplant7.StaticMeshComponent0 and StaticMeshComponent /Game/SpiritRunner/Blueprints/FlatFloor6.FlatFloor6_C:StaticMeshComponent0212B9CB2C747BA9C357203048733F56D67, which should never happen in the editor but could happen at runtime with duplicate level loading or PIE
[2016.01.08-05.38.22:330][297]LogUObjectGlobals:Warning: Guid is in use by StaticMeshComponent /Game/SpiritRunner/Maps/Platforms.Platforms:PersistentLevel.lowpolytree6.StaticMeshComponent0 and StaticMeshComponent /Game/SpiritRunner/Blueprints/FlatFloor6.FlatFloor6_C:StaticMeshComponent022E0A9F5414C64F200F737D3A16EA3B673, which should never happen in the editor but could happen at runtime with duplicate level loading or PIE
[2016.01.08-05.38.22:330][297]LogUObjectGlobals:Warning: Guid is in use by SceneComponent /Game/SpiritRunner/Maps/Platforms.Platforms:PersistentLevel.SkySphere2.Base and SceneComponent /Game/SpiritRunner/Blueprints/FlatFloor6.FlatFloor6_C:Base377D7DFB4643D40BFD66A4B8A4CC5F23, which should never happen in the editor but could happen at runtime with duplicate level loading or PIE
[2016.01.08-05.38.22:330][297]LogUObjectGlobals:Warning: Guid is in use by StaticMeshComponent /Game/SpiritRunner/Maps/Platforms.Platforms:PersistentLevel.SkySphere2.Sky Sphere mesh and StaticMeshComponent /Game/SpiritRunner/Blueprints/FlatFloor6.FlatFloor6_C:Sky Sphere meshF41A008A4AC2685B9F7D29ACD9EE8E9F, which should never happen in the editor but could happen at runtime with duplicate level loading or PIE
[2016.01.08-05.38.22:330][297]LogUObjectGlobals:Warning: Guid is in use by StaticMeshComponent /Game/SpiritRunner/Maps/Platforms.Platforms:PersistentLevel.FINALplant6.StaticMeshComponent0 and StaticMeshComponent /Game/SpiritRunner/Blueprints/FlatFloor6.FlatFloor6_C:StaticMeshComponent0231D9C58A14C5C18BF4DC8CA941A8FE7EA, which should never happen in the editor but could happen at runtime with duplicate level loading or PIE
[2016.01.08-05.38.22:330][297]LogUObjectGlobals:Warning: Guid is in use by StaticMeshComponent /Game/SpiritRunner/Maps/Platforms.Platforms:PersistentLevel.FINALplant3.StaticMeshComponent0 and StaticMeshComponent /Game/SpiritRunner/Blueprints/FlatFloor6.FlatFloor6_C:StaticMeshComponent0241EF0AFBF4037DB0C535859BF80F7B55B, which should never happen in the editor but could happen at runtime with duplicate level loading or PIE
[2016.01.08-05.38.22:330][297]LogUObjectGlobals:Warning: Guid is in use by StaticMeshComponent /Game/SpiritRunner/Maps/Platforms.Platforms:PersistentLevel.FINALplant8.StaticMeshComponent0 and StaticMeshComponent /Game/SpiritRunner/Blueprints/FlatFloor6.FlatFloor6_C:StaticMeshComponent025630290EA44BA632ACA8BAD85636147D3, which should never happen in the editor but could happen at runtime with duplicate level loading or PIE
[2016.01.08-05.38.22:331][297]LogUObjectGlobals:Warning: Guid is in use by StaticMeshComponent /Game/SpiritRunner/Maps/Platforms.Platforms:PersistentLevel.FINALplant5.StaticMeshComponent0 and StaticMeshComponent /Game/SpiritRunner/Blueprints/FlatFloor6.FlatFloor6_C:StaticMeshComponent02684492B3342BE6FE459D5E390570BD562, which should never happen in the editor but could happen at runtime with duplicate level loading or PIE
[2016.01.08-05.38.22:359][297]LogWindows:Error: Windows GetLastError: The operation completed successfully. (0)
[2016.01.08-05.38.22:360][297]LogCrashTracker: 


[2016.01.08-05.38.39:075][297]LogCrashTracker: 


[2016.01.08-05.38.39:075][297]LogWindows: === Critical error: ===
Fatal error: [File:D:\BuildFarm\buildmachine_++depot+UE4-Releases+4.8\Engine\Source\Runtime\CoreUObject\Private\Templates\Casts.cpp] [Line: 11] 
Cast of FlatFloor6_C /Game/SpiritRunner/Maps/Platforms.Platforms:PersistentLevel.FlatFloor6_C_0 to LandscapeProxy failed


KERNELBASE.dll {0x000007fefd1d9e5d} + 0 bytes
UE4Editor-Core.dll!FOutputDeviceWindowsError::Serialize() {0x000007fee04c7c0f} + 0 bytes [d:\buildfarm\buildmachine_++depot+ue4-releases+4.8\engine\sou
UE4Editor-Core.dll!FOutputDevice::Logf__VA() {0x000007fee03810b8} + 159 bytes [d:\buildfarm\buildmachine_++depot+ue4-releases+4.8\engine\sou
UE4Editor-Core.dll!FDebug::AssertFailed() {0x000007fee0351e72} + 65 bytes [d:\buildfarm\buildmachine_++depot+ue4-releases+4.8\engine\sou
UE4Editor-CoreUObject.dll!CastLogError() {0x000007fee0b9ccdf} + 0 bytes [d:\buildfarm\buildmachine_++depot+ue4-releases+4.8\engine\sou
UE4Editor-Landscape.dll!CastChecked<ALandscapeProxy,UObject>() {0x000007fedc78d3c1} + 89 bytes [d:\buildfarm\buildmachine_++depot+ue4-releases+4.8\engine\sou
UE4Editor-Landscape.dll!ULandscapeComponent::PostLoad() {0x000007fedc832106} + 14 bytes [d:\buildfarm\buildmachine_++depot+ue4-releases+4.8\engine\sou
UE4Editor-CoreUObject.dll!UObject::ConditionalPostLoad() {0x000007fee0c49a3f} + 0 bytes [d:\buildfarm\buildmachine_++depot+ue4-releases+4.8\engine\sou
UE4Editor-CoreUObject.dll!StaticDuplicateObjectEx() {0x000007fee0d65f0d} + 0 bytes [d:\buildfarm\buildmachine_++depot+ue4-releases+4.8\engine\sou
UE4Editor-CoreUObject.dll!StaticDuplicateObject() {0x000007fee0d6525d} + 10 bytes [d:\buildfarm\buildmachine_++depot+ue4-releases+4.8\engine\sou
UE4Editor-Engine.dll!AActor::CreateComponentFromTemplate() {0x000007fedd4e4b36} + 40 bytes [d:\buildfarm\buildmachine_++depot+ue4-releases+4.8\engine\sou
UE4Editor-Engine.dll!USCS_Node::ExecuteNodeOnActor() {0x000007feddac48e0} + 34 bytes [d:\buildfarm\buildmachine_++depot+ue4-releases+4.8\engine\sou
UE4Editor-Engine.dll!USCS_Node::ExecuteNodeOnActor() {0x000007feddac4d11} + 0 bytes [d:\buildfarm\buildmachine_++depot+ue4-releases+4.8\engine\sou
UE4Editor-Engine.dll!USCS_Node::ExecuteNodeOnActor() {0x000007feddac4d11} + 0 bytes [d:\buildfarm\buildmachine_++depot+ue4-releases+4.8\engine\sou
UE4Editor-Engine.dll!USimpleConstructionScript::ExecuteScriptOnActor() {0x000007feddac53b6} + 34 bytes [d:\buildfarm\buildmachine_++depot+ue4-releases+4.8\engine\sou
UE4Editor-Engine.dll!AActor::ExecuteConstruction() {0x000007fedd4f18ed} + 0 bytes [d:\buildfarm\buildmachine_++depot+ue4-releases+4.8\engine\sou
UE4Editor-Engine.dll!AActor::FinishSpawning() {0x000007fedd4f7510} + 0 bytes [d:\buildfarm\buildmachine_++depot+ue4-releases+4.8\engine\sou
UE4Editor-Engine.dll!AActor::PostSpawnInitialize() {0x000007fedd51b4ba} + 0 bytes [d:\buildfarm\buildmachine_++depot+ue4-releases+4.8\engine\sou
UE4Editor-Engine.dll!UWorld::SpawnActor() {0x000007fedd8c0a43} + 0 bytes [d:\buildfarm\buildmachine_++depot+ue4-releases+4.8\engine\sou
UE4Editor-UnrealEd.dll!FKismetEditorUtilities::CreateBlueprintInstanceFromSelection() {0x000007fedb028c88} + 72 bytes [d:\buildfarm\buildmachine_++depot+ue4-releases+4.8\engine\sou
UE4Editor-UnrealEd.dll!FCreateConstructionScriptFromSelectedActors::Execute() {0x000007fedb02ffdc} + 0 bytes [d:\buildfarm\buildmachine_++depot+ue4-releases+4.8\engine\sou
UE4Editor-UnrealEd.dll!FKismetEditorUtilities::HarvestBlueprintFromActors() {0x000007fedb0447cc} + 0 bytes [d:\buildfarm\buildmachine_++depot+ue4-releases+4.8\engine\sou
UE4Editor-KismetWidgets.dll!FCreateBlueprintFromActorDialog::OnCreateBlueprint() {0x000007fed9523ac7} + 17 bytes [d:\buildfarm\buildmachine_++depot+ue4-releases+4.8\engine\sou
UE4Editor-KismetWidgets.dll!TBaseStaticDelegateInstance<void __cdecl(FString const & __ptr64),bool>::ExecuteIfSafe() {0x000007fed95177e5} + 0 bytes [d:\buildfarm\buildmachine_++depot+ue4-releases+4.8\engine\sou
UE4Editor-UnrealEd.dll!SCreateAssetFromObject::OnCreateAssetFromActorClicked() {0x000007fedaa206fa} + 189 bytes [d:\buildfarm\buildmachine_++depot+ue4-releases+4.8\engine\sou
UE4Editor-UnrealEd.dll!TMemberFunctionCaller<SCreateAssetFromObject,FReply (__cdecl SCreateAssetFromObject::*)(void) __ptr64>::operator()<>() {0x000007feda984ce7} + 16 bytes [d:\buildfarm\buildmachine_++depot+ue4-releases+4.8\engine\sou
UE4Editor-UnrealEd.dll!TTupleImpl<TIntegerSequence<> >::ApplyAfter_ExplicitReturnType<FReply,TMemberFunctionCaller<SCreateAssetFromObject,FReply (__cdecl SCreateAssetFromObject::*)(void) __ptr64> >() {0x000007feda986379} + 19 bytes [d:\buildfarm\buildmachine_++depot+ue4-releases+4.8\engine\sou
UE4Editor-UnrealEd.dll!TBaseSPMethodDelegateInstance<0,SCreateAssetFromObject,0,FReply __cdecl(void)>::Execute() {0x000007feda9f7819} + 36 bytes [d:\buildfarm\buildmachine_++depot+ue4-releases+4.8\engine\sou
UE4Editor-Slate.dll!TBaseDelegate<FReply>::Execute() {0x000007fedccb0c7a} + 6 bytes [d:\buildfarm\buildmachine_++depot+ue4-releases+4.8\engine\sou
UE4Editor-Slate.dll!SButton::OnMouseButtonUp() {0x000007fedccdf88f} + 17 bytes [d:\buildfarm\buildmachine_++depot+ue4-releases+4.8\engine\sou
UE4Editor-Slate.dll!<lambda_de96dc3471181973108233c6db1f9843>::operator()() {0x000007fedcae4ccc} + 24 bytes [d:\buildfarm\buildmachine_++depot+ue4-releases+4.8\engine\sou
UE4Editor-Slate.dll!FEventRouter::Route<FReply,FEventRouter::FToLeafmostPolicy,FPointerEvent,<lambda_de96dc3471181973108233c6db1f9843> >() {0x000007fedca9d167} + 21 bytes [d:\buildfarm\buildmachine_++depot+ue4-releases+4.8\engine\sou
UE4Editor-Slate.dll!FSlateApplication::ProcessMouseButtonUpEvent() {0x000007fedcb58617} + 78 bytes [d:\buildfarm\buildmachine_++depot+ue4-releases+4.8\engine\sou
UE4Editor-Slate.dll!FSlateApplication::OnMouseUp() {0x000007fedcb45d84} + 16 bytes [d:\buildfarm\buildmachine_++depot+ue4-releases+4.8\engine\sou
UE4Editor-Core.dll!FWindowsApplication::ProcessDeferredMessage() {0x000007fee04bd7ad} + 12 bytes [d:\buildfarm\buildmachine_++depot+ue4-releases+4.8\engine\sou
UE4Editor-Core.dll!FWindowsApplication::DeferMessage() {0x000007fee04a49d1} + 74 bytes [d:\buildfarm\buildmachine_++depot+ue4-releases+4.8\engine\sou
UE4Editor-Core.dll!FWindowsApplication::ProcessMessage() {0x000007fee04bedc3} + 44 bytes [d:\buildfarm\buildmachine_++depot+ue4-releases+4.8\engine\sou
UE4Editor-Core.dll!FWindowsApplication::AppWndProc() {0x000007fee049e5ba} + 0 bytes [d:\buildfarm\buildmachine_++depot+ue4-releases+4.8\engine\sou
USER32.dll {0x0000000077289bd1} + 0 bytes
USER32.dll {0x00000000772898da} + 0 bytes
UE4Editor-Core.dll!FWindowsPlatformMisc::PumpMessages() {0x000007fee04c0186} + 48 bytes [d:\buildfarm\buildmachine_++depot+ue4-releases+4.8\engine\sou
UE4Editor.exe!FEngineLoop::Tick() {0x000000013f443c7a} + 8 bytes [d:\buildfarm\buildmachine_++depot+ue4-releases+4.8\engine\sou
UE4Editor.exe!GuardedMain() {0x000000013f4349cc} + 0 bytes [d:\buildfarm\buildmachine_++depot+ue4-releases+4.8\engine\sou
UE4Editor.exe!GuardedMainWrapper() {0x000000013f434a4a} + 5 bytes [d:\buildfarm\buildmachine_++depot+ue4-releases+4.8\engine\sou
UE4Editor.exe!WinMain() {0x000000013f4465c9} + 17 bytes [d:\buildfarm\buildmachine_++depot+ue4-releases+4.8\engine\sou
UE4Editor.exe!__tmainCRTStartup() {0x000000013f4475d9} + 21 bytes [f:\dd\vctools\crt\crtw32\dllstuff\crtexe.c:618]
kernel32.dll {0x000000007716652d} + 0 bytes
ntdll.dll {0x000000007739c541} + 0 bytes
ntdll.dll {0x000000007739c541} + 0 bytes

