[2016.01.02-05.43.25:876][  0]Log file open, 01/01/16 21:43:25
[2016.01.02-05.43.25:876][  0]LogInit:Display: Running engine for game: SpiritRunner
[2016.01.02-05.43.25:876][  0]LogInit:Display: RandInit(1944730000) SRandInit(1944730000).
[2016.01.02-05.43.25:876][  0]LogTaskGraph: Started task graph with 4 named threads and 7 total threads.
[2016.01.02-05.43.25:876][  0]LogStats: Stats thread started
[2016.01.02-05.43.25:876][  0]LogInit: Version: 4.8.3-2634408+++depot+UE4-Releases+4.8
[2016.01.02-05.43.25:876][  0]LogInit: API Version: 2579680
[2016.01.02-05.43.25:876][  0]LogInit: Compiled (64-bit): Jul 27 2015 16:24:33
[2016.01.02-05.43.25:876][  0]LogInit: Compiled with Visual C++: 18.00.21005.01
[2016.01.02-05.43.25:876][  0]LogInit: Build Configuration: Development
[2016.01.02-05.43.25:876][  0]LogInit: Branch Name: ++depot+UE4-Releases+4.8
[2016.01.02-05.43.25:876][  0]LogInit: Command line: 
[2016.01.02-05.43.25:876][  0]LogInit: Base directory: G:/Programs/Epic Games/4.8/Engine/Binaries/Win64/
[2016.01.02-05.43.25:876][  0]LogInit: Rocket: 1
[2016.01.02-05.43.25:901][  0]LogInit: Using libcurl 7.41.0
[2016.01.02-05.43.25:901][  0]LogInit:  - built for x86_64-pc-win32
[2016.01.02-05.43.25:901][  0]LogInit:  - supports SSL with WinSSL
[2016.01.02-05.43.25:901][  0]LogInit:  - other features:
[2016.01.02-05.43.25:901][  0]LogInit:      CURL_VERSION_SSL
[2016.01.02-05.43.25:901][  0]LogInit:      CURL_VERSION_IPV6
[2016.01.02-05.43.25:901][  0]LogInit:      CURL_VERSION_ASYNCHDNS
[2016.01.02-05.43.25:901][  0]LogInit:      CURL_VERSION_LARGEFILE
[2016.01.02-05.43.25:901][  0]LogInit:      CURL_VERSION_IDN
[2016.01.02-05.43.25:901][  0]LogInit:  CurlRequestOptions (configurable via config and command line):
[2016.01.02-05.43.25:901][  0]LogInit:  - bVerifyPeer = true  - Libcurl will verify peer certificate
[2016.01.02-05.43.25:901][  0]LogInit:  - bUseHttpProxy = false  - Libcurl will NOT use HTTP proxy
[2016.01.02-05.43.25:901][  0]LogInit:  - bDontReuseConnections = false  - Libcurl will reuse connections
[2016.01.02-05.43.25:901][  0]LogInit:  - CertBundlePath = nullptr  - Libcurl will use whatever was configured at build time.
[2016.01.02-05.43.25:916][  0]LogOnline:Warning: No default platform service specified for OnlineSubsystem
[2016.01.02-05.43.25:942][  0]LogInit: Presizing for 0 objects not considered by GC, pre-allocating 0 bytes.
[2016.01.02-05.43.25:951][  0]LogInit: Object subsystem initialized
[2016.01.02-05.43.25:952][  0]LogConsoleResponse:Warning: Skipping Unknown console variable: 'TranslucentSortAxis = (X=0.000000,Y=-1.000000,Z=0.000000)'
[2016.01.02-05.43.25:952][  0]LogConsoleResponse:Warning:   Found in ini file 'C:/Users/John/Documents/GitHub/spiritrunner/SpiritRunner/Saved/Config/Windows/Engine.ini', in section '[/Script/Engine.RendererSettings]'
[2016.01.02-05.43.25:952][  0]LogConsoleResponse:Warning: Skipping Unknown console variable: 'UIScaleRule = ShortestSide'
[2016.01.02-05.43.25:952][  0]LogConsoleResponse:Warning:   Found in ini file 'C:/Users/John/Documents/GitHub/spiritrunner/SpiritRunner/Saved/Config/Windows/Engine.ini', in section '[/Script/Engine.RendererSettings]'
[2016.01.02-05.43.25:952][  0]LogConsoleResponse:Warning: Skipping Unknown console variable: 'UIScaleCurve = (EditorCurveData=(Keys=),ExternalCurve=None)'
[2016.01.02-05.43.25:952][  0]LogConsoleResponse:Warning:   Found in ini file 'C:/Users/John/Documents/GitHub/spiritrunner/SpiritRunner/Saved/Config/Windows/Engine.ini', in section '[/Script/Engine.RendererSettings]'
[2016.01.02-05.43.25:953][  0]LogInit: Selected Device Profile: [Windows]
[2016.01.02-05.43.25:953][  0]LogInit: Applying CVar settings loaded from the selected device profile: [Windows]
[2016.01.02-05.43.25:960][  0]LogInit: Computer: JOHN-PC
[2016.01.02-05.43.25:960][  0]LogInit: User: John
[2016.01.02-05.43.25:960][  0]LogInit: CPU Page size=4096, Cores=4
[2016.01.02-05.43.25:960][  0]LogInit: High frequency timer resolution =3.906269 MHz
[2016.01.02-05.43.25:960][  0]LogMemory: Memory total: Physical=7.9GB (8GB approx)
[2016.01.02-05.43.25:960][  0]LogMemory: Platform Memory Stats for Windows
[2016.01.02-05.43.25:960][  0]LogMemory: Process Physical Memory: 50.49 MB used, 50.49 MB peak
[2016.01.02-05.43.25:960][  0]LogMemory: Process Virtual Memory: 23.29 MB used, 24.14 MB peak
[2016.01.02-05.43.25:960][  0]LogMemory: Physical Memory: 7796.75 MB used, 8108.02 MB total
[2016.01.02-05.43.25:960][  0]LogMemory: Virtual Memory: 282.25 MB used, 8388608.00 MB total
[2016.01.02-05.43.26:001][  0]LogTextLocalizationManager: The requested culture ('en_US') has no localization data; parent culture's ('en') localization data will be used.
[2016.01.02-05.43.26:177][  0]LogTextLocalizationManager:Warning: Loaded localization resources contain conflicting entries for (Namespace:ContentBrowser, Key:ImportAssetToolTip):
Localization Resource: (G:/Programs/Epic Games/4.8/Engine/Content/Localization/Editor/en/Editor.locres) Source String Hash: (-630476809) Localized String: (Import to {0}...)
Localization Resource: (G:/Programs/Epic Games/4.8/Engine/Content/Localization/Editor/en/Editor.locres) Source String Hash: (1271782899) Localized String: (Imports an asset from file to this folder.)
[2016.01.02-05.43.26:516][  0]LogD3D11RHI: Found D3D11 adapter 0: NVIDIA GeForce GTX 970 (Feature Level 11_0)
[2016.01.02-05.43.26:516][  0]LogD3D11RHI: Adapter has 4008MB of dedicated video memory, 0MB of dedicated system memory, and 3798MB of shared system memory, 1 output[s]
[2016.01.02-05.43.26:524][  0]LogD3D11RHI: Found D3D11 adapter 1: Intel(R) HD Graphics 4600 (Feature Level 11_0)
[2016.01.02-05.43.26:524][  0]LogD3D11RHI: Adapter has 64MB of dedicated video memory, 0MB of dedicated system memory, and 1632MB of shared system memory, 0 output[s]
[2016.01.02-05.43.26:524][  0]LogD3D11RHI: Chosen D3D11 Adapter Id = 0
[2016.01.02-05.43.26:535][  0]LogD3D11RHI: InitD3DDevice
[2016.01.02-05.43.26:535][  0]LogD3D11RHI: !Direct3DDevice
[2016.01.02-05.43.26:536][  0]LogRHI: Texture pool is 1361 MB (70% of 1945 MB)
[2016.01.02-05.43.26:544][  0]LogD3D11RHI: Async texture creation enabled
[2016.01.02-05.43.26:557][  0]LogShaderCompilers:Display: Using Local Shader Compiler.
[2016.01.02-05.43.27:730][  0]LogTemp:Display: Loaded TP DesktopTargetPlatform
[2016.01.02-05.43.27:746][  0]LogTemp:Display: Loaded TP WindowsClientTargetPlatform
[2016.01.02-05.43.27:759][  0]LogTemp:Display: Loaded TP WindowsNoEditorTargetPlatform
[2016.01.02-05.43.27:796][  0]LogTemp:Display: Loaded TP WindowsServerTargetPlatform
[2016.01.02-05.43.27:815][  0]LogTemp:Display: Loaded TP WindowsTargetPlatform
[2016.01.02-05.43.27:855][  0]LogTemp:Display: Loaded TP AndroidTargetPlatform
[2016.01.02-05.43.27:871][  0]LogTemp:Display: Loaded TP Android_ASTCTargetPlatform
[2016.01.02-05.43.27:889][  0]LogTemp:Display: Loaded TP Android_ATCTargetPlatform
[2016.01.02-05.43.27:932][  0]LogTemp:Display: Loaded TP Android_DXTTargetPlatform
[2016.01.02-05.43.27:947][  0]LogTemp:Display: Loaded TP Android_ETC1TargetPlatform
[2016.01.02-05.43.27:972][  0]LogTemp:Display: Loaded TP Android_ETC2TargetPlatform
[2016.01.02-05.43.27:985][  0]LogTemp:Display: Loaded TP Android_PVRTCTargetPlatform
[2016.01.02-05.43.28:144][  0]LogTemp:Display: Loaded TP IOSTargetPlatform
[2016.01.02-05.43.28:174][  0]LogTemp:Display: Loaded TP LinuxNoEditorTargetPlatform
[2016.01.02-05.43.28:208][  0]LogTemp:Display: Loaded TP LinuxServerTargetPlatform
[2016.01.02-05.43.28:244][  0]LogTemp:Display: Loaded TP LinuxTargetPlatform
[2016.01.02-05.43.28:244][  0]LogTargetPlatformManager:Display: Building Assets For Windows
[2016.01.02-05.43.28:984][  0]LogDerivedDataCache:Display: Max Cache Size: 512 MB
[2016.01.02-05.43.29:030][  0]LogDerivedDataCache: Loaded boot cache 0.05s 53MB C:/Users/John/AppData/Local/UnrealEngine/4.8/DerivedDataCache/Boot.ddc.
[2016.01.02-05.43.29:030][  0]LogDerivedDataCache:Display: Loaded Boot cache: C:/Users/John/AppData/Local/UnrealEngine/4.8/DerivedDataCache/Boot.ddc
[2016.01.02-05.43.29:030][  0]LogDerivedDataCache: FDerivedDataBackendGraph:  Pak pak cache file C:/Users/John/Documents/GitHub/spiritrunner/SpiritRunner/DerivedDataCache/DDC.ddp not found, will not use a pak cache.
[2016.01.02-05.43.29:030][  0]LogDerivedDataCache: Unable to find inner node Pak for hierarchical cache Hierarchy.
[2016.01.02-05.43.29:031][  0]LogDerivedDataCache: FDerivedDataBackendGraph:  CompressedPak pak cache file C:/Users/John/Documents/GitHub/spiritrunner/SpiritRunner/DerivedDataCache/Compressed.ddp not found, will not use a pak cache.
[2016.01.02-05.43.29:031][  0]LogDerivedDataCache: Unable to find inner node CompressedPak for hierarchical cache Hierarchy.
[2016.01.02-05.43.29:248][  0]LogDerivedDataCache:Display: Pak cache opened for reading ../../../Engine/DerivedDataCache/Compressed.ddp.
[2016.01.02-05.43.29:269][  0]LogDerivedDataCache: Using Local data cache path C:/Users/John/AppData/Local/UnrealEngine/Common/DerivedDataCache: Writable
[2016.01.02-05.43.32:527][  0]LogInit: Selected Device Profile: [Windows]
[2016.01.02-05.43.32:533][  0]ImportText (ComponentSweepMultiTests): Missing closing parenthesis: (RootShapeAsset="/Engine/BasicShapes/Cube.Cube",ShapeType="TriggerCapsule",HitResult=(Time=0.50,Location=(X=-100.000015,Y=0.0,Z=100.000015),ImpactPoint=(X=-50.0,Y=0.0,Z=50.0),Normal=(X=-1.0,Y=-0.0,Z=0.0),ImpactNormal=(X=0.0,Y=0.0,Z=1.0),TraceStart=(X=-200.0,Y=0.0,Z=200.0),TraceEnd=(X=0.0,Y=0.0,Z=0.0))
[2016.01.02-05.43.32:533][  0]ImportText (LineTraceSingleByChannelTests): Missing closing parenthesis: (RootShapeAsset="/Engine/BasicShapes/Cube.Cube",HitResult=(Time=0.50,Location=(X=-100.000015,Y=0.0,Z=100.000015),ImpactPoint=(X=-50.0,Y=0.0,Z=50.0),Normal=(X=-1.0,Y=-0.0,Z=0.0),ImpactNormal=(X=0.0,Y=0.0,Z=1.0),TraceStart=(X=-200.0,Y=0.0,Z=200.0),TraceEnd=(X=0.0,Y=0.0,Z=0.0))
[2016.01.02-05.43.32:576][  0]LogMeshUtilities: No automatic mesh reduction module available
[2016.01.02-05.43.32:576][  0]LogMeshUtilities: No automatic mesh merging module available
[2016.01.02-05.43.32:935][  0]LogInit: WinSock: version 1.1 (2.2), MaxSocks=32767, MaxUdp=65467
[2016.01.02-05.43.43:941][  0]UdpMessaging: Initializing bridge on interface 0.0.0.0:0 to multicast group 230.0.0.1:6666.
[2016.01.02-05.43.44:474][  0]SourceControl: Info Source control is disabled
[2016.01.02-05.43.44:475][  0]SourceControl: Info Source control is disabled
[2016.01.02-05.43.44:497][  0]SourceControl: Info Source control is disabled
[2016.01.02-05.43.44:524][  0]SourceControl: Info Source control is disabled
[2016.01.02-05.43.44:918][  0]LogObj: 26273 objects as part of root set at end of initial load.
[2016.01.02-05.43.44:918][  0]LogUObjectAllocator: 5409248 out of 0 bytes used by permanent object pool.
[2016.01.02-05.43.45:025][  0]LogEngine: Initializing Engine...
[2016.01.02-05.43.45:026][  0]LogHMD: Can't find Oculus library dev build: is proper Runtime installed? Version: 0.6.0.0
[2016.01.02-05.43.45:044][  0]LogHMD:Warning: SteamVR failed to initialize.  Error: 110
[2016.01.02-05.43.45:164][  0]LogAIModule: Creating AISystem for world NewWorld
[2016.01.02-05.43.45:171][  0]LogInit: XAudio2 using 'Speakers (Turtle Beach P11 Headset)' : 2 channels at 48 kHz using 16 bits per sample (channel mask 0x3)
[2016.01.02-05.43.45:176][  0]LogInit: FAudioDevice initialized.
[2016.01.02-05.43.45:204][  0]LogDerivedDataCache: Saved boot cache 0.03s 53MB C:/Users/John/AppData/Local/UnrealEngine/4.8/DerivedDataCache/Boot.ddc.
[2016.01.02-05.43.45:209][  0]LogInit: Texture streaming: Disabled
[2016.01.02-05.43.45:233][  0]LogAnalytics: Creating configured Analytics provider AnalyticsET
[2016.01.02-05.43.45:233][  0]LogAnalytics: [UEEditor.Rocket.Release] APIServer = http://et2.epicgames.com/ET2/. AppVersion = 4.8.3-2634408+++depot+UE4-Releases+4.8
[2016.01.02-05.43.45:233][  0]LogAnalytics: [UEEditor.Rocket.Release] SetUserId 795ce0b24c6318a5324eaf839592b765|e87b0c418b154305b06c892317f44a4d|3e9e43dd-6daf-4b71-9a80-f4287aceb186
[2016.01.02-05.43.45:234][  0]LogAnalytics: [UEEditor.Rocket.Release] AnalyticsET::StartSession
[2016.01.02-05.43.45:423][  0]LogInit: Transaction tracking system initialized
[2016.01.02-05.43.45:764][  0]BlueprintLog: New page: Editor Load
[2016.01.02-05.43.45:826][  0]LogAssetRegistry: FAssetRegistry took 0.0102 seconds to start up
[2016.01.02-05.43.45:826][  0]LogDirectoryWatcher:Warning: Failed to begin reading directory changes for ../../../Engine/Plugins/Experimental/CharacterAI/Content/. Error: 0
[2016.01.02-05.43.46:768][  0]LogConsoleManager:Warning: Console variable 'r.VSync' wasn't set ('GameSetting' has a lower priority than 'SystemSettingsIni')
[2016.01.02-05.43.46:768][  0]LogConsoleResponse:Display: 
[2016.01.02-05.43.46:908][  0]LogCook:Display: Done creating registry. It took  0.00s.
[2016.01.02-05.43.47:083][  0]SourceControl: Info Source control is disabled
[2016.01.02-05.43.47:417][  0]LogD3D11RHI: InitD3DDevice
[2016.01.02-05.44.46:944][  0]LogD3D11RHI: InitD3DDevice
[2016.01.02-05.44.50:893][  0]LogWindowsTextInputMethodSystem:Display: IME system now deactivated.
[2016.01.02-05.44.50:894][  0]LogWindowsTextInputMethodSystem:Display: IME system now deactivated.
[2016.01.02-05.44.50:894][  0]Cmd: MAP LOAD FILE="C:/Users/John/Documents/GitHub/spiritrunner/SpiritRunner/Content/SpiritRunner/Maps/RunnerMapTest.umap" TEMPLATE=0 SHOWPROGRESS=1 FEATURELEVEL=3
[2016.01.02-05.44.50:894][  0]LightingResults: New page: Lighting Build
[2016.01.02-05.44.50:935][  0]MapCheck: New page: Map Check
[2016.01.02-05.44.50:935][  0]LightingResults: New page: Lighting Build
[2016.01.02-05.44.50:965][  0]LogParticles: Destroying 0 GPU particle simulations for FXSystem 0x0000000018B62F20
[2016.01.02-05.44.55:270][  0]LogStaticMesh: Building static mesh yencoin...
[2016.01.02-05.44.55:340][  0]LogStaticMesh: Built static mesh [0.082284.2s] /Game/SpiritRunner/Models/yencoin.yencoin
[2016.01.02-05.44.56:379][  0]LogTexture:Display: Building textures: uvYENCOIN3 (AutoDXT)
[2016.01.02-05.45.19:705][  0]LogMaterial: Missing cached shader map for material Mat_Coin, compiling. 
[2016.01.02-05.45.28:371][  0]LogStaticMesh: Building static mesh FlatFloor2...
[2016.01.02-05.45.28:576][  0]LogStaticMesh: Built static mesh [0.285785.2s] /Game/SpiritRunner/Models/FlatFloor2.FlatFloor2
[2016.01.02-05.45.30:393][  0]LogMaterial: Missing cached shader map for material lambert3, compiling. 
[2016.01.02-05.45.30:619][  0]LogMaterial: Missing cached shader map for material WorldGridMaterial, compiling. 
[2016.01.02-05.45.33:262][  0]LogAIModule: Creating AISystem for world RunnerMapTest
[2016.01.02-05.45.38:386][  0]LogEditorServer: Finished looking for orphan Actors (0.018 secs)
[2016.01.02-05.45.39:951][  0]Cmd: MAP CHECKDEP NOCLEARLOG
[2016.01.02-05.45.42:146][  0]MapCheck: Info Map check complete: 0 Error(s), 0 Warning(s), took 2,125.952ms to complete.
[2016.01.02-05.45.42:159][  0]LogFileHelpers: Loading map 'RunnerMapTest' took 51.265
[2016.01.02-05.45.47:374][  0]LogCollectionManager: Loaded 0 collections in 0.005680 seconds
[2016.01.02-05.45.48:404][  0]LogContentBrowser: Native class hierarchy populated in 1.0006 seconds. Added 1792 classes and 301 folders.
[2016.01.02-05.45.48:773][  0]LogContentBrowser: Native class hierarchy updated for 'WidgetCarousel' in 0.0004 seconds. Added 0 classes and 0 folders.
[2016.01.02-05.45.48:852][  0]LogContentBrowser: Native class hierarchy updated for 'AddContentDialog' in 0.0003 seconds. Added 0 classes and 0 folders.
[2016.01.02-05.45.48:984][  0]LogContentBrowser: Native class hierarchy updated for 'SceneOutliner' in 0.0012 seconds. Added 1 classes and 2 folders.
[2016.01.02-05.45.49:816][  0]LogCrashTracker: Crashtracker disabled due to settings.
[2016.01.02-05.45.49:901][  0]LogD3D11RHI: InitD3DDevice
[2016.01.02-05.45.49:980][  0]LogUObjectGlobals:Warning: Failed to find object 'Class None.'
[2016.01.02-05.45.50:131][  0]LogStats:Warning: MetaData mismatch. Did you assign a stat to two groups? New //STATGROUP_Threads//SplashScreenThread///Thread_2758_0///####STATCAT_Advanced#### old //STATGROUP_Threads//SplashScreenThread///Thread_240c_0///####STATCAT_Advanced####
[2016.01.02-05.45.50:144][  0]LogLoad: Full Startup: 145.92 seconds (BP compile: 2.02 seconds)
[2016.01.02-05.45.51:573][  0]LogContentStreaming: Texture pool size is 0.000000MB
[2016.01.02-05.45.52:575][  0]LogContentStreaming: Texture pool size now 1000 MB
[2016.01.02-05.45.54:441][  0]LogRenderer: Reallocating scene render targets to support 1208x576 (Frame:2).
[2016.01.02-05.45.56:043][  2]LogD3D11RHI: InitD3DDevice
[2016.01.02-05.45.57:863][ 24]LogActorComponent: UnregisterComponent: (/Engine/Transient.CharMoveComp) Not registered. Aborting.
[2016.01.02-05.45.57:864][ 24]LogActorComponent: UnregisterComponent: (/Engine/Transient.RotatingMovement0C812BA34D0DD21FB12D1D9A948423D7) Not registered. Aborting.
[2016.01.02-05.45.57:864][ 24]LogActorComponent: UnregisterComponent: (/Engine/Transient.RotatingMovementComponent_0) Not registered. Aborting.
[2016.01.02-05.46.01:123][ 25]Cmd: QUIT_EDITOR
[2016.01.02-05.46.01:690][ 25]LogExit: Preparing to exit.
[2016.01.02-05.46.03:316][ 25]LogExit: Editor shut down
[2016.01.02-05.46.03:370][ 25]LogExit: Transaction tracking system shut down
[2016.01.02-05.46.03:443][ 25]LogParticles: Destroying 0 GPU particle simulations for FXSystem 0x00000000389907C0
[2016.01.02-05.46.03:443][ 25]LogParticles: Destroying 0 GPU particle simulations for FXSystem 0x000000003BDE25C0
[2016.01.02-05.46.03:443][ 25]LogParticles: Destroying 0 GPU particle simulations for FXSystem 0x000000003A9C9260
[2016.01.02-05.46.03:443][ 25]LogParticles: Destroying 0 GPU particle simulations for FXSystem 0x000000003A8AA2A0
[2016.01.02-05.46.06:951][ 25]LogExit: Object subsystem successfully closed.
[2016.01.02-05.46.07:717][ 25]LogD3D11RHI: Shutdown
[2016.01.02-05.46.07:717][ 25]LogD3D11RHI: CleanupD3DDevice
[2016.01.02-05.46.08:070][ 25]LogD3D11RHI: ~FD3D11DynamicRHI
[2016.01.02-05.46.08:227][ 25]LogModuleManager: Shutting down and abandoning module CrashTracker (188)
[2016.01.02-05.46.08:227][ 25]LogModuleManager: Shutting down and abandoning module SceneOutliner (187)
[2016.01.02-05.46.08:227][ 25]LogModuleManager: Shutting down and abandoning module SuperSearch (186)
[2016.01.02-05.46.08:227][ 25]LogModuleManager: Shutting down and abandoning module WidgetCarousel (185)
[2016.01.02-05.46.08:227][ 25]LogModuleManager: Shutting down and abandoning module AddContentDialog (184)
[2016.01.02-05.46.08:228][ 25]LogModuleManager: Shutting down and abandoning module EditorWidgets (183)
[2016.01.02-05.46.08:228][ 25]LogModuleManager: Shutting down and abandoning module CollectionManager (182)
[2016.01.02-05.46.08:228][ 25]LogModuleManager: Shutting down and abandoning module StatsViewer (181)
[2016.01.02-05.46.08:246][ 25]LogModuleManager: Shutting down and abandoning module FoliageEdit (180)
[2016.01.02-05.46.08:250][ 25]LogModuleManager: Shutting down and abandoning module LandscapeEditor (179)
[2016.01.02-05.46.08:282][ 25]LogModuleManager: Shutting down and abandoning module ActorPickerMode (178)
[2016.01.02-05.46.08:282][ 25]LogModuleManager: Shutting down and abandoning module GeometryMode (177)
[2016.01.02-05.46.08:282][ 25]LogModuleManager: Shutting down and abandoning module TextureAlignMode (176)
[2016.01.02-05.46.08:282][ 25]LogModuleManager: Shutting down and abandoning module BspMode (175)
[2016.01.02-05.46.08:282][ 25]LogModuleManager: Shutting down and abandoning module PlacementMode (174)
[2016.01.02-05.46.08:282][ 25]LogModuleManager: Shutting down and abandoning module AutomationWorker (173)
[2016.01.02-05.46.08:282][ 25]LogModuleManager: Shutting down and abandoning module CharacterAI (172)
[2016.01.02-05.46.08:286][ 25]LogModuleManager: Shutting down and abandoning module SmartSnapping (171)
[2016.01.02-05.46.08:290][ 25]LogModuleManager: Shutting down and abandoning module ViewportSnapping (170)
[2016.01.02-05.46.08:297][ 25]LogModuleManager: Shutting down and abandoning module LogVisualizer (169)
[2016.01.02-05.46.08:328][ 25]LogModuleManager: Shutting down and abandoning module GameProjectGeneration (168)
[2016.01.02-05.46.08:349][ 25]LogModuleManager: Shutting down and abandoning module IntroTutorials (167)
[2016.01.02-05.46.08:361][ 25]LogModuleManager: Shutting down and abandoning module EditorLiveStreaming (166)
[2016.01.02-05.46.08:362][ 25]LogModuleManager: Shutting down and abandoning module IOSPlatformEditor (165)
[2016.01.02-05.46.08:368][ 25]LogModuleManager: Shutting down and abandoning module HTML5PlatformEditor (164)
[2016.01.02-05.46.08:368][ 25]LogModuleManager: Shutting down and abandoning module AndroidDeviceDetection (163)
[2016.01.02-05.46.08:543][ 25]LogModuleManager: Shutting down and abandoning module AndroidPlatformEditor (162)
[2016.01.02-05.46.08:552][ 25]LogModuleManager: Shutting down and abandoning module IOSRuntimeSettings (161)
[2016.01.02-05.46.08:552][ 25]LogModuleManager: Shutting down and abandoning module AndroidRuntimeSettings (160)
[2016.01.02-05.46.08:552][ 25]LogModuleManager: Shutting down and abandoning module MergeActors (159)
[2016.01.02-05.46.08:559][ 25]LogModuleManager: Shutting down and abandoning module SizeMap (158)
[2016.01.02-05.46.08:559][ 25]LogModuleManager: Shutting down and abandoning module TreeMap (157)
[2016.01.02-05.46.08:569][ 25]LogModuleManager: Shutting down and abandoning module ReferenceViewer (156)
[2016.01.02-05.46.08:569][ 25]LogModuleManager: Shutting down and abandoning module LocalizationDashboard (155)
[2016.01.02-05.46.08:581][ 25]LogModuleManager: Shutting down and abandoning module HardwareTargeting (154)
[2016.01.02-05.46.08:581][ 25]LogModuleManager: Shutting down and abandoning module DeviceProfileEditor (153)
[2016.01.02-05.46.08:587][ 25]LogModuleManager: Shutting down and abandoning module UndoHistory (152)
[2016.01.02-05.46.08:608][ 25]LogModuleManager: Shutting down and abandoning module GameplayTagsEditor (151)
[2016.01.02-05.46.08:608][ 25]LogModuleManager: Shutting down and abandoning module UserFeedback (150)
[2016.01.02-05.46.08:608][ 25]LogModuleManager: Shutting down and abandoning module XmlParser (149)
[2016.01.02-05.46.08:622][ 25]LogModuleManager: Shutting down and abandoning module Blutility (148)
[2016.01.02-05.46.08:622][ 25]LogModuleManager: Shutting down and abandoning module ProjectTargetPlatformEditor (147)
[2016.01.02-05.46.08:631][ 25]LogModuleManager: Shutting down and abandoning module ProjectSettingsViewer (146)
[2016.01.02-05.46.08:631][ 25]LogModuleManager: Shutting down and abandoning module InputBindingEditor (145)
[2016.01.02-05.46.08:641][ 25]LogModuleManager: Shutting down and abandoning module EditorSettingsViewer (144)
[2016.01.02-05.46.08:641][ 25]LogModuleManager: Shutting down and abandoning module SettingsEditor (143)
[2016.01.02-05.46.08:677][ 25]LogModuleManager: Shutting down and abandoning module ProjectLauncher (142)
[2016.01.02-05.46.08:686][ 25]LogModuleManager: Shutting down and abandoning module SessionFrontend (141)
[2016.01.02-05.46.08:695][ 25]LogModuleManager: Shutting down and abandoning module ProfilerClient (140)
[2016.01.02-05.46.08:703][ 25]LogModuleManager: Shutting down and abandoning module TargetDeviceServices (139)
[2016.01.02-05.46.08:718][ 25]LogModuleManager: Shutting down and abandoning module DeviceManager (138)
[2016.01.02-05.46.08:775][ 25]LogModuleManager: Shutting down and abandoning module AutomationController (137)
[2016.01.02-05.46.08:776][ 25]LogModuleManager: Shutting down and abandoning module AutomationWindow (136)
[2016.01.02-05.46.08:783][ 25]LogModuleManager: Shutting down and abandoning module Layers (135)
[2016.01.02-05.46.08:816][ 25]LogModuleManager: Shutting down and abandoning module ComponentVisualizers (134)
[2016.01.02-05.46.08:816][ 25]LogModuleManager: Shutting down and abandoning module DetailCustomizations (133)
[2016.01.02-05.46.08:839][ 25]LogModuleManager: Shutting down and abandoning module PackagesDialog (132)
[2016.01.02-05.46.08:878][ 25]LogModuleManager: Shutting down and abandoning module AssetRegistry (131)
[2016.01.02-05.46.10:339][ 25]LogModuleManager: Shutting down and abandoning module Persona (130)
[2016.01.02-05.46.10:351][ 25]LogModuleManager: Shutting down and abandoning module Kismet (129)
[2016.01.02-05.46.10:368][ 25]LogModuleManager: Shutting down and abandoning module GraphEditor (128)
[2016.01.02-05.46.10:407][ 25]LogModuleManager: Shutting down and abandoning module ClassViewer (127)
[2016.01.02-05.46.10:429][ 25]LogModuleManager: Shutting down and abandoning module Toolbox (126)
[2016.01.02-05.46.10:429][ 25]LogModuleManager: Shutting down and abandoning module ModuleUI (125)
[2016.01.02-05.46.10:437][ 25]LogModuleManager: Shutting down and abandoning module MovieSceneTools (124)
[2016.01.02-05.46.10:449][ 25]LogModuleManager: Shutting down and abandoning module OutputLog (123)
[2016.01.02-05.46.10:449][ 25]LogModuleManager: Shutting down and abandoning module GammaUI (122)
[2016.01.02-05.46.10:471][ 25]LogModuleManager: Shutting down and abandoning module Documentation (121)
[2016.01.02-05.46.10:471][ 25]LogModuleManager: Shutting down and abandoning module GameLiveStreaming (120)
[2016.01.02-05.46.10:476][ 25]LogModuleManager: Shutting down and abandoning module StreamingPauseRendering (119)
[2016.01.02-05.46.10:485][ 25]LogModuleManager: Shutting down and abandoning module AnalyticsET (118)
[2016.01.02-05.46.10:485][ 25]LogModuleManager: Shutting down and abandoning module Analytics (117)
[2016.01.02-05.46.10:485][ 25]LogModuleManager: Shutting down and abandoning module AITestSuite (116)
[2016.01.02-05.46.10:493][ 25]LogModuleManager: Shutting down and abandoning module GameplayDebugger (115)
[2016.01.02-05.46.10:503][ 25]LogModuleManager: Shutting down and abandoning module AIModule (114)
[2016.01.02-05.46.10:527][ 25]LogModuleManager: Shutting down and abandoning module ProfilerService (113)
[2016.01.02-05.46.10:753][ 25]LogModuleManager: Shutting down and abandoning module TaskGraph (112)
[2016.01.02-05.46.10:759][ 25]LogModuleManager: Shutting down and abandoning module SlateRemote (111)
[2016.01.02-05.46.10:759][ 25]LogModuleManager: Shutting down and abandoning module SteamVRController (110)
[2016.01.02-05.46.10:759][ 25]LogModuleManager: Shutting down and abandoning module SteamVR (109)
[2016.01.02-05.46.10:759][ 25]LogModuleManager: Shutting down and abandoning module ProceduralMeshComponent (108)
[2016.01.02-05.46.10:759][ 25]LogModuleManager: Shutting down and abandoning module OculusRift (107)
[2016.01.02-05.46.10:759][ 25]LogModuleManager: Shutting down and abandoning module LeapMotionController (106)
[2016.01.02-05.46.10:839][ 25]LogModuleManager: Shutting down and abandoning module CustomMeshComponent (105)
[2016.01.02-05.46.10:839][ 25]LogModuleManager: Shutting down and abandoning module CableComponent (104)
[2016.01.02-05.46.10:848][ 25]LogModuleManager: Shutting down and abandoning module MessagingDebugger (103)
[2016.01.02-05.46.10:859][ 25]LogModuleManager: Shutting down and abandoning module MediaPlayerEditor (102)
[2016.01.02-05.46.10:880][ 25]LogModuleManager: Shutting down and abandoning module SpeedTreeImporter (101)
[2016.01.02-05.46.10:880][ 25]LogModuleManager: Shutting down and abandoning module PluginBrowser (100)
[2016.01.02-05.46.10:883][ 25]LogModuleManager: Shutting down and abandoning module EpicSurvey (99)
[2016.01.02-05.46.10:883][ 25]LogModuleManager: Shutting down and abandoning module DesktopPlatform (98)
[2016.01.02-05.46.10:896][ 25]LogModuleManager: Shutting down and abandoning module VisualStudioSourceCodeAccess (97)
[2016.01.02-05.46.10:901][ 25]LogModuleManager: Shutting down and abandoning module UObjectPlugin (96)
[2016.01.02-05.46.10:902][ 25]LogModuleManager: Shutting down and abandoning module SubversionSourceControl (95)
[2016.01.02-05.46.10:918][ 25]LogModuleManager: Shutting down and abandoning module PerforceSourceControl (94)
[2016.01.02-05.46.10:929][ 25]LogModuleManager: Shutting down and abandoning module SourceControl (93)
[2016.01.02-05.46.10:938][ 25]LogModuleManager: Shutting down and abandoning module GitSourceControl (92)
[2016.01.02-05.46.10:949][ 25]LogModuleManager: Shutting down and abandoning module BlankPlugin (91)
[2016.01.02-05.46.10:949][ 25]LogModuleManager: Shutting down and abandoning module PaperTiledImporter (90)
[2016.01.02-05.46.10:949][ 25]LogModuleManager: Shutting down and abandoning module PaperSpriteSheetImporter (89)
[2016.01.02-05.46.10:958][ 25]LogModuleManager: Shutting down and abandoning module MeshPaint (88)
[2016.01.02-05.46.10:963][ 25]LogModuleManager: Shutting down and abandoning module SlateReflector (87)
[2016.01.02-05.46.10:975][ 25]LogModuleManager: Shutting down and abandoning module DirectoryWatcher (86)
[2016.01.02-05.46.11:078][ 25]LogModuleManager: Shutting down and abandoning module HotReload (85)
[2016.01.02-05.46.11:078][ 25]LogModuleManager: Shutting down and abandoning module MainFrame (84)
[2016.01.02-05.46.11:078][ 25]LogModuleManager: Shutting down and abandoning module LevelEditor (83)
[2016.01.02-05.46.11:135][ 25]LogModuleManager: Shutting down and abandoning module ContentBrowser (82)
[2016.01.02-05.46.11:146][ 25]LogModuleManager: Shutting down and abandoning module Paper2DEditor (81)
[2016.01.02-05.46.11:168][ 25]LogModuleManager: Shutting down and abandoning module UdpMessaging (80)
[2016.01.02-05.46.11:270][ 25]LogModuleManager: Shutting down and abandoning module Paper2D (79)
[2016.01.02-05.46.11:278][ 25]LogModuleManager: Shutting down and abandoning module WindowsMoviePlayer (78)
[2016.01.02-05.46.11:331][ 25]LogModuleManager: Shutting down and abandoning module Media (77)
[2016.01.02-05.46.11:331][ 25]LogModuleManager: Shutting down and abandoning module WmfMedia (76)
[2016.01.02-05.46.11:342][ 25]LogModuleManager: Shutting down and abandoning module OnlineBlueprintSupport (75)
[2016.01.02-05.46.11:342][ 25]LogModuleManager: Shutting down and abandoning module PropertyEditor (74)
[2016.01.02-05.46.11:362][ 25]LogModuleManager: Shutting down and abandoning module BehaviorTreeEditor (73)
[2016.01.02-05.46.11:376][ 25]LogModuleManager: Shutting down and abandoning module FunctionalTesting (72)
[2016.01.02-05.46.11:383][ 25]LogModuleManager: Shutting down and abandoning module CollisionAnalyzer (71)
[2016.01.02-05.46.11:399][ 25]LogModuleManager: Shutting down and abandoning module WorkspaceMenuStructure (70)
[2016.01.02-05.46.11:399][ 25]LogModuleManager: Shutting down and abandoning module MessageLog (69)
[2016.01.02-05.46.11:399][ 25]LogModuleManager: Shutting down and abandoning module Sequencer (68)
[2016.01.02-05.46.11:400][ 25]LogModuleManager: Shutting down and abandoning module AssetTools (67)
[2016.01.02-05.46.11:434][ 25]LogModuleManager: Shutting down and abandoning module UMGEditor (66)
[2016.01.02-05.46.11:451][ 25]LogModuleManager: Shutting down and abandoning module UMG (65)
[2016.01.02-05.46.11:460][ 25]LogModuleManager: Shutting down and abandoning module Slate (64)
[2016.01.02-05.46.11:460][ 25]LogModuleManager: Shutting down and abandoning module EditorStyle (63)
[2016.01.02-05.46.11:621][ 25]LogModuleManager: Shutting down and abandoning module SessionServices (62)
[2016.01.02-05.46.11:621][ 25]LogModuleManager: Shutting down and abandoning module SourceCodeAccess (61)
[2016.01.02-05.46.11:621][ 25]LogModuleManager: Shutting down and abandoning module HeadMountedDisplay (60)
[2016.01.02-05.46.11:621][ 25]LogModuleManager: Shutting down and abandoning module XAudio2 (59)
[2016.01.02-05.46.11:621][ 25]LogModuleManager: Shutting down and abandoning module Networking (57)
[2016.01.02-05.46.11:621][ 25]LogModuleManager: Shutting down and abandoning module Core (56)
[2016.01.02-05.46.11:621][ 25]LogModuleManager: Shutting down and abandoning module KismetCompiler (55)
[2016.01.02-05.46.11:621][ 25]LogModuleManager: Shutting down and abandoning module PhysXFormats (54)
[2016.01.02-05.46.11:621][ 25]LogModuleManager: Shutting down and abandoning module MeshUtilities (53)
[2016.01.02-05.46.11:639][ 25]LogModuleManager: Shutting down and abandoning module DerivedDataCache (52)
[2016.01.02-05.46.11:703][ 25]LogDerivedDataCache: Shutdown
[2016.01.02-05.46.11:703][ 25]LogModuleManager: Shutting down and abandoning module ShaderFormatOpenGL (51)
[2016.01.02-05.46.11:719][ 25]LogModuleManager: Shutting down and abandoning module ShaderFormatD3D (50)
[2016.01.02-05.46.11:741][ 25]LogModuleManager: Shutting down and abandoning module MetalShaderFormat (49)
[2016.01.02-05.46.11:760][ 25]LogModuleManager: Shutting down and abandoning module TextureFormatUncompressed (48)
[2016.01.02-05.46.11:760][ 25]LogModuleManager: Shutting down and abandoning module TextureFormatPVR (47)
[2016.01.02-05.46.11:766][ 25]LogModuleManager: Shutting down and abandoning module TextureFormatIntelISPCTexComp (46)
[2016.01.02-05.46.11:773][ 25]LogModuleManager: Shutting down and abandoning module TextureFormatDXT (45)
[2016.01.02-05.46.11:779][ 25]LogModuleManager: Shutting down and abandoning module ImageWrapper (44)
[2016.01.02-05.46.11:779][ 25]LogModuleManager: Shutting down and abandoning module TextureFormatASTC (43)
[2016.01.02-05.46.11:779][ 25]LogModuleManager: Shutting down and abandoning module TextureFormatAndroid (42)
[2016.01.02-05.46.11:780][ 25]LogModuleManager: Shutting down and abandoning module AudioFormatOpus (41)
[2016.01.02-05.46.11:792][ 25]LogModuleManager: Shutting down and abandoning module AudioFormatOgg (40)
[2016.01.02-05.46.11:800][ 25]LogModuleManager: Shutting down and abandoning module AudioFormatADPCM (39)
[2016.01.02-05.46.11:800][ 25]LogModuleManager: Shutting down and abandoning module LinuxTargetPlatform (38)
[2016.01.02-05.46.11:819][ 25]LogModuleManager: Shutting down and abandoning module LinuxServerTargetPlatform (37)
[2016.01.02-05.46.11:832][ 25]LogModuleManager: Shutting down and abandoning module LinuxNoEditorTargetPlatform (36)
[2016.01.02-05.46.11:848][ 25]LogModuleManager: Shutting down and abandoning module Messaging (35)
[2016.01.02-05.46.11:848][ 25]LogModuleManager: Shutting down and abandoning module IOSTargetPlatform (34)
[2016.01.02-05.46.11:855][ 25]LogModuleManager: Shutting down and abandoning module HTML5TargetPlatform (33)
[2016.01.02-05.46.11:867][ 25]LogModuleManager: Shutting down and abandoning module Android_PVRTCTargetPlatform (32)
[2016.01.02-05.46.11:870][ 25]LogModuleManager: Shutting down and abandoning module Android_ETC2TargetPlatform (31)
[2016.01.02-05.46.11:870][ 25]LogModuleManager: Shutting down and abandoning module Android_ETC1TargetPlatform (30)
[2016.01.02-05.46.11:870][ 25]LogModuleManager: Shutting down and abandoning module Android_DXTTargetPlatform (29)
[2016.01.02-05.46.11:870][ 25]LogModuleManager: Shutting down and abandoning module Android_ATCTargetPlatform (28)
[2016.01.02-05.46.11:870][ 25]LogModuleManager: Shutting down and abandoning module Android_ASTCTargetPlatform (27)
[2016.01.02-05.46.11:870][ 25]LogModuleManager: Shutting down and abandoning module AndroidTargetPlatform (26)
[2016.01.02-05.46.11:870][ 25]LogModuleManager: Shutting down and abandoning module WindowsTargetPlatform (25)
[2016.01.02-05.46.11:881][ 25]LogModuleManager: Shutting down and abandoning module WindowsServerTargetPlatform (24)
[2016.01.02-05.46.11:887][ 25]LogModuleManager: Shutting down and abandoning module WindowsNoEditorTargetPlatform (23)
[2016.01.02-05.46.11:893][ 25]LogModuleManager: Shutting down and abandoning module WindowsClientTargetPlatform (22)
[2016.01.02-05.46.11:893][ 25]LogModuleManager: Shutting down and abandoning module DesktopTargetPlatform (21)
[2016.01.02-05.46.11:895][ 25]LogModuleManager: Shutting down and abandoning module TargetPlatform (20)
[2016.01.02-05.46.11:895][ 25]LogModuleManager: Shutting down and abandoning module InputCore (19)
[2016.01.02-05.46.11:895][ 25]LogModuleManager: Shutting down and abandoning module Settings (18)
[2016.01.02-05.46.11:895][ 25]LogModuleManager: Shutting down and abandoning module OnlineSubsystem (16)
[2016.01.02-05.46.11:895][ 25]LogModuleManager: Shutting down and abandoning module HTTP (15)
[2016.01.02-05.46.11:909][ 25]LogModuleManager: Shutting down and abandoning module ExampleDeviceProfileSelector (14)
[2016.01.02-05.46.11:922][ 25]LogModuleManager: Shutting down and abandoning module TextureCompressor (13)
[2016.01.02-05.46.11:922][ 25]LogModuleManager: Shutting down and abandoning module ShaderCore (12)
[2016.01.02-05.46.11:922][ 25]LogModuleManager: Shutting down and abandoning module Landscape (11)
[2016.01.02-05.46.11:922][ 25]LogModuleManager: Shutting down and abandoning module SlateRHIRenderer (10)
[2016.01.02-05.46.11:972][ 25]LogModuleManager: Shutting down and abandoning module OpenGLDrv (9)
[2016.01.02-05.46.11:976][ 25]LogModuleManager: Shutting down and abandoning module D3D11RHI (8)
[2016.01.02-05.46.11:977][ 25]LogModuleManager: Shutting down and abandoning module Renderer (7)
[2016.01.02-05.46.11:977][ 25]LogModuleManager: Shutting down and abandoning module Engine (6)
[2016.01.02-05.46.11:977][ 25]LogModuleManager: Shutting down and abandoning module CoreUObject (5)
[2016.01.02-05.46.11:977][ 25]LogModuleManager: Shutting down and abandoning module NetworkFile (4)
[2016.01.02-05.46.11:991][ 25]LogModuleManager: Shutting down and abandoning module StreamingFile (3)
[2016.01.02-05.46.12:000][ 25]LogModuleManager: Shutting down and abandoning module SandboxFile (2)
[2016.01.02-05.46.12:018][ 25]LogModuleManager: Shutting down and abandoning module PakFile (1)
[2016.01.02-05.46.12:062][ 25]LogExit: Exiting.
[2016.01.02-05.46.12:251][ 25]Log file closed, 01/01/16 21:46:12
