[2015.12.26-06.43.37:101][  0]Log file open, 12/25/15 22:43:37
[2015.12.26-06.43.37:101][  0]LogInit:Display: Running engine for game: SpiritRunner
[2015.12.26-06.43.37:101][  0]LogInit:Display: RandInit(872397588) SRandInit(872397589).
[2015.12.26-06.43.37:101][  0]LogTaskGraph: Started task graph with 4 named threads and 7 total threads.
[2015.12.26-06.43.37:101][  0]LogStats: Stats thread started
[2015.12.26-06.43.37:101][  0]LogInit: Version: 4.8.3-2634408+++depot+UE4-Releases+4.8
[2015.12.26-06.43.37:101][  0]LogInit: API Version: 2579680
[2015.12.26-06.43.37:101][  0]LogInit: Compiled (64-bit): Jul 27 2015 16:24:33
[2015.12.26-06.43.37:101][  0]LogInit: Compiled with Visual C++: 18.00.21005.01
[2015.12.26-06.43.37:101][  0]LogInit: Build Configuration: Development
[2015.12.26-06.43.37:101][  0]LogInit: Branch Name: ++depot+UE4-Releases+4.8
[2015.12.26-06.43.37:101][  0]LogInit: Command line: 
[2015.12.26-06.43.37:101][  0]LogInit: Base directory: G:/Programs/Epic Games/4.8/Engine/Binaries/Win64/
[2015.12.26-06.43.37:101][  0]LogInit: Rocket: 1
[2015.12.26-06.43.37:114][  0]LogInit: Using libcurl 7.41.0
[2015.12.26-06.43.37:114][  0]LogInit:  - built for x86_64-pc-win32
[2015.12.26-06.43.37:114][  0]LogInit:  - supports SSL with WinSSL
[2015.12.26-06.43.37:114][  0]LogInit:  - other features:
[2015.12.26-06.43.37:114][  0]LogInit:      CURL_VERSION_SSL
[2015.12.26-06.43.37:114][  0]LogInit:      CURL_VERSION_IPV6
[2015.12.26-06.43.37:114][  0]LogInit:      CURL_VERSION_ASYNCHDNS
[2015.12.26-06.43.37:114][  0]LogInit:      CURL_VERSION_LARGEFILE
[2015.12.26-06.43.37:114][  0]LogInit:      CURL_VERSION_IDN
[2015.12.26-06.43.37:114][  0]LogInit:  CurlRequestOptions (configurable via config and command line):
[2015.12.26-06.43.37:114][  0]LogInit:  - bVerifyPeer = true  - Libcurl will verify peer certificate
[2015.12.26-06.43.37:114][  0]LogInit:  - bUseHttpProxy = false  - Libcurl will NOT use HTTP proxy
[2015.12.26-06.43.37:114][  0]LogInit:  - bDontReuseConnections = false  - Libcurl will reuse connections
[2015.12.26-06.43.37:114][  0]LogInit:  - CertBundlePath = nullptr  - Libcurl will use whatever was configured at build time.
[2015.12.26-06.43.37:124][  0]LogOnline:Warning: No default platform service specified for OnlineSubsystem
[2015.12.26-06.43.37:136][  0]LogInit: Presizing for 0 objects not considered by GC, pre-allocating 0 bytes.
[2015.12.26-06.43.37:141][  0]LogInit: Object subsystem initialized
[2015.12.26-06.43.37:141][  0]LogConsoleResponse:Warning: Skipping Unknown console variable: 'TranslucentSortAxis = (X=0.000000,Y=-1.000000,Z=0.000000)'
[2015.12.26-06.43.37:141][  0]LogConsoleResponse:Warning:   Found in ini file 'C:/Users/John/Documents/GitHub/spiritrunner/SpiritRunner/Saved/Config/Windows/Engine.ini', in section '[/Script/Engine.RendererSettings]'
[2015.12.26-06.43.37:141][  0]LogConsoleResponse:Warning: Skipping Unknown console variable: 'UIScaleRule = ShortestSide'
[2015.12.26-06.43.37:141][  0]LogConsoleResponse:Warning:   Found in ini file 'C:/Users/John/Documents/GitHub/spiritrunner/SpiritRunner/Saved/Config/Windows/Engine.ini', in section '[/Script/Engine.RendererSettings]'
[2015.12.26-06.43.37:141][  0]LogConsoleResponse:Warning: Skipping Unknown console variable: 'UIScaleCurve = (EditorCurveData=(Keys=),ExternalCurve=None)'
[2015.12.26-06.43.37:141][  0]LogConsoleResponse:Warning:   Found in ini file 'C:/Users/John/Documents/GitHub/spiritrunner/SpiritRunner/Saved/Config/Windows/Engine.ini', in section '[/Script/Engine.RendererSettings]'
[2015.12.26-06.43.37:141][  0]LogInit: Selected Device Profile: [Windows]
[2015.12.26-06.43.37:142][  0]LogInit: Applying CVar settings loaded from the selected device profile: [Windows]
[2015.12.26-06.43.37:145][  0]LogInit: Computer: JOHN-PC
[2015.12.26-06.43.37:145][  0]LogInit: User: John
[2015.12.26-06.43.37:145][  0]LogInit: CPU Page size=4096, Cores=4
[2015.12.26-06.43.37:145][  0]LogInit: High frequency timer resolution =3.906279 MHz
[2015.12.26-06.43.37:146][  0]LogMemory: Memory total: Physical=7.9GB (8GB approx)
[2015.12.26-06.43.37:146][  0]LogMemory: Platform Memory Stats for Windows
[2015.12.26-06.43.37:146][  0]LogMemory: Process Physical Memory: 50.28 MB used, 50.28 MB peak
[2015.12.26-06.43.37:146][  0]LogMemory: Process Virtual Memory: 24.26 MB used, 24.26 MB peak
[2015.12.26-06.43.37:146][  0]LogMemory: Physical Memory: 5044.23 MB used, 8108.02 MB total
[2015.12.26-06.43.37:146][  0]LogMemory: Virtual Memory: 283.25 MB used, 8388608.00 MB total
[2015.12.26-06.43.37:176][  0]LogTextLocalizationManager: The requested culture ('en_US') has no localization data; parent culture's ('en') localization data will be used.
[2015.12.26-06.43.37:323][  0]LogTextLocalizationManager:Warning: Loaded localization resources contain conflicting entries for (Namespace:ContentBrowser, Key:ImportAssetToolTip):
Localization Resource: (G:/Programs/Epic Games/4.8/Engine/Content/Localization/Editor/en/Editor.locres) Source String Hash: (-630476809) Localized String: (Import to {0}...)
Localization Resource: (G:/Programs/Epic Games/4.8/Engine/Content/Localization/Editor/en/Editor.locres) Source String Hash: (1271782899) Localized String: (Imports an asset from file to this folder.)
[2015.12.26-06.43.37:581][  0]LogD3D11RHI: Found D3D11 adapter 0: NVIDIA GeForce GTX 970 (Feature Level 11_0)
[2015.12.26-06.43.37:581][  0]LogD3D11RHI: Adapter has 4008MB of dedicated video memory, 0MB of dedicated system memory, and 3798MB of shared system memory, 1 output[s]
[2015.12.26-06.43.37:589][  0]LogD3D11RHI: Found D3D11 adapter 1: Intel(R) HD Graphics 4600 (Feature Level 11_0)
[2015.12.26-06.43.37:589][  0]LogD3D11RHI: Adapter has 64MB of dedicated video memory, 0MB of dedicated system memory, and 1632MB of shared system memory, 0 output[s]
[2015.12.26-06.43.37:589][  0]LogD3D11RHI: Chosen D3D11 Adapter Id = 0
[2015.12.26-06.43.37:596][  0]LogD3D11RHI: InitD3DDevice
[2015.12.26-06.43.37:596][  0]LogD3D11RHI: !Direct3DDevice
[2015.12.26-06.43.37:596][  0]LogRHI: Texture pool is 1361 MB (70% of 1945 MB)
[2015.12.26-06.43.37:604][  0]LogD3D11RHI: Async texture creation enabled
[2015.12.26-06.43.37:617][  0]LogShaderCompilers:Display: Using Local Shader Compiler.
[2015.12.26-06.43.38:305][  0]LogTemp:Display: Loaded TP DesktopTargetPlatform
[2015.12.26-06.43.38:318][  0]LogTemp:Display: Loaded TP WindowsClientTargetPlatform
[2015.12.26-06.43.38:330][  0]LogTemp:Display: Loaded TP WindowsNoEditorTargetPlatform
[2015.12.26-06.43.38:342][  0]LogTemp:Display: Loaded TP WindowsServerTargetPlatform
[2015.12.26-06.43.38:356][  0]LogTemp:Display: Loaded TP WindowsTargetPlatform
[2015.12.26-06.43.38:367][  0]LogTemp:Display: Loaded TP AndroidTargetPlatform
[2015.12.26-06.43.38:378][  0]LogTemp:Display: Loaded TP Android_ASTCTargetPlatform
[2015.12.26-06.43.38:390][  0]LogTemp:Display: Loaded TP Android_ATCTargetPlatform
[2015.12.26-06.43.38:401][  0]LogTemp:Display: Loaded TP Android_DXTTargetPlatform
[2015.12.26-06.43.38:412][  0]LogTemp:Display: Loaded TP Android_ETC1TargetPlatform
[2015.12.26-06.43.38:424][  0]LogTemp:Display: Loaded TP Android_ETC2TargetPlatform
[2015.12.26-06.43.38:435][  0]LogTemp:Display: Loaded TP Android_PVRTCTargetPlatform
[2015.12.26-06.43.38:480][  0]LogTemp:Display: Loaded TP IOSTargetPlatform
[2015.12.26-06.43.38:490][  0]LogTemp:Display: Loaded TP LinuxNoEditorTargetPlatform
[2015.12.26-06.43.38:501][  0]LogTemp:Display: Loaded TP LinuxServerTargetPlatform
[2015.12.26-06.43.38:512][  0]LogTemp:Display: Loaded TP LinuxTargetPlatform
[2015.12.26-06.43.38:512][  0]LogTargetPlatformManager:Display: Building Assets For Windows
[2015.12.26-06.43.38:690][  0]LogDerivedDataCache:Display: Max Cache Size: 512 MB
[2015.12.26-06.43.38:735][  0]LogDerivedDataCache: Loaded boot cache 0.04s 53MB C:/Users/John/AppData/Local/UnrealEngine/4.8/DerivedDataCache/Boot.ddc.
[2015.12.26-06.43.38:735][  0]LogDerivedDataCache:Display: Loaded Boot cache: C:/Users/John/AppData/Local/UnrealEngine/4.8/DerivedDataCache/Boot.ddc
[2015.12.26-06.43.38:735][  0]LogDerivedDataCache: FDerivedDataBackendGraph:  Pak pak cache file C:/Users/John/Documents/GitHub/spiritrunner/SpiritRunner/DerivedDataCache/DDC.ddp not found, will not use a pak cache.
[2015.12.26-06.43.38:735][  0]LogDerivedDataCache: Unable to find inner node Pak for hierarchical cache Hierarchy.
[2015.12.26-06.43.38:735][  0]LogDerivedDataCache: FDerivedDataBackendGraph:  CompressedPak pak cache file C:/Users/John/Documents/GitHub/spiritrunner/SpiritRunner/DerivedDataCache/Compressed.ddp not found, will not use a pak cache.
[2015.12.26-06.43.38:735][  0]LogDerivedDataCache: Unable to find inner node CompressedPak for hierarchical cache Hierarchy.
[2015.12.26-06.43.38:851][  0]LogDerivedDataCache:Display: Pak cache opened for reading ../../../Engine/DerivedDataCache/Compressed.ddp.
[2015.12.26-06.43.38:861][  0]LogDerivedDataCache: Using Local data cache path C:/Users/John/AppData/Local/UnrealEngine/Common/DerivedDataCache: Writable
[2015.12.26-06.43.39:010][  0]LogInit: Selected Device Profile: [Windows]
[2015.12.26-06.43.39:018][  0]ImportText (ComponentSweepMultiTests): Missing closing parenthesis: (RootShapeAsset="/Engine/BasicShapes/Cube.Cube",ShapeType="TriggerCapsule",HitResult=(Time=0.50,Location=(X=-100.000015,Y=0.0,Z=100.000015),ImpactPoint=(X=-50.0,Y=0.0,Z=50.0),Normal=(X=-1.0,Y=-0.0,Z=0.0),ImpactNormal=(X=0.0,Y=0.0,Z=1.0),TraceStart=(X=-200.0,Y=0.0,Z=200.0),TraceEnd=(X=0.0,Y=0.0,Z=0.0))
[2015.12.26-06.43.39:018][  0]ImportText (LineTraceSingleByChannelTests): Missing closing parenthesis: (RootShapeAsset="/Engine/BasicShapes/Cube.Cube",HitResult=(Time=0.50,Location=(X=-100.000015,Y=0.0,Z=100.000015),ImpactPoint=(X=-50.0,Y=0.0,Z=50.0),Normal=(X=-1.0,Y=-0.0,Z=0.0),ImpactNormal=(X=0.0,Y=0.0,Z=1.0),TraceStart=(X=-200.0,Y=0.0,Z=200.0),TraceEnd=(X=0.0,Y=0.0,Z=0.0))
[2015.12.26-06.43.39:046][  0]LogMeshUtilities: No automatic mesh reduction module available
[2015.12.26-06.43.39:046][  0]LogMeshUtilities: No automatic mesh merging module available
[2015.12.26-06.43.39:345][  0]LogInit: WinSock: version 1.1 (2.2), MaxSocks=32767, MaxUdp=65467
[2015.12.26-06.43.40:251][  0]UdpMessaging: Initializing bridge on interface 0.0.0.0:0 to multicast group 230.0.0.1:6666.
[2015.12.26-06.43.40:534][  0]SourceControl: Info Source control is disabled
[2015.12.26-06.43.40:535][  0]SourceControl: Info Source control is disabled
[2015.12.26-06.43.40:544][  0]SourceControl: Info Source control is disabled
[2015.12.26-06.43.40:553][  0]SourceControl: Info Source control is disabled
[2015.12.26-06.43.40:731][  0]LogObj: 26273 objects as part of root set at end of initial load.
[2015.12.26-06.43.40:731][  0]LogUObjectAllocator: 5409248 out of 0 bytes used by permanent object pool.
[2015.12.26-06.43.40:788][  0]LogEngine: Initializing Engine...
[2015.12.26-06.43.40:790][  0]LogHMD: Can't find Oculus library dev build: is proper Runtime installed? Version: 0.6.0.0
[2015.12.26-06.43.40:791][  0]LogHMD:Warning: SteamVR failed to initialize.  Error: 110
[2015.12.26-06.43.40:897][  0]LogAIModule: Creating AISystem for world NewWorld
[2015.12.26-06.43.40:904][  0]LogInit: XAudio2 using 'Speakers (Turtle Beach P11 Headset)' : 2 channels at 48 kHz using 16 bits per sample (channel mask 0x3)
[2015.12.26-06.43.40:909][  0]LogInit: FAudioDevice initialized.
[2015.12.26-06.43.40:937][  0]LogDerivedDataCache: Saved boot cache 0.03s 53MB C:/Users/John/AppData/Local/UnrealEngine/4.8/DerivedDataCache/Boot.ddc.
[2015.12.26-06.43.40:943][  0]LogInit: Texture streaming: Disabled
[2015.12.26-06.43.40:963][  0]LogAnalytics: Creating configured Analytics provider AnalyticsET
[2015.12.26-06.43.40:963][  0]LogAnalytics: [UEEditor.Rocket.Release] APIServer = http://et2.epicgames.com/ET2/. AppVersion = 4.8.3-2634408+++depot+UE4-Releases+4.8
[2015.12.26-06.43.40:964][  0]LogAnalytics: [UEEditor.Rocket.Release] SetUserId 795ce0b24c6318a5324eaf839592b765|e87b0c418b154305b06c892317f44a4d|3e9e43dd-6daf-4b71-9a80-f4287aceb186
[2015.12.26-06.43.40:964][  0]LogAnalytics: [UEEditor.Rocket.Release] AnalyticsET::StartSession
[2015.12.26-06.43.41:003][  0]LogInit: Transaction tracking system initialized
[2015.12.26-06.43.41:121][  0]BlueprintLog: New page: Editor Load
[2015.12.26-06.43.41:153][  0]LogAssetRegistry: FAssetRegistry took 0.0094 seconds to start up
[2015.12.26-06.43.41:153][  0]LogDirectoryWatcher:Warning: Failed to begin reading directory changes for ../../../Engine/Plugins/Experimental/CharacterAI/Content/. Error: 0
[2015.12.26-06.43.41:889][  0]LogConsoleManager:Warning: Console variable 'r.VSync' wasn't set ('GameSetting' has a lower priority than 'SystemSettingsIni')
[2015.12.26-06.43.41:889][  0]LogConsoleResponse:Display: 
[2015.12.26-06.43.41:973][  0]LogCook:Display: Done creating registry. It took  0.00s.
[2015.12.26-06.43.42:160][  0]SourceControl: Info Source control is disabled
[2015.12.26-06.43.42:210][  0]LogD3D11RHI: InitD3DDevice
[2015.12.26-06.43.43:345][  0]LogD3D11RHI: InitD3DDevice
[2015.12.26-06.43.48:542][  0]LogWindowsTextInputMethodSystem:Display: IME system now deactivated.
[2015.12.26-06.43.48:542][  0]LogWindowsTextInputMethodSystem:Display: IME system now deactivated.
[2015.12.26-06.43.48:543][  0]LogD3D11RHI: InitD3DDevice
[2015.12.26-06.43.53:801][  0]LogWindowsTextInputMethodSystem:Display: IME system now deactivated.
[2015.12.26-06.43.53:801][  0]LogWindowsTextInputMethodSystem:Display: IME system now deactivated.
[2015.12.26-06.43.53:802][  0]Cmd: MAP LOAD FILE="C:/Users/John/Documents/GitHub/spiritrunner/SpiritRunner/Content/SpiritRunner/Maps/RunnerMapTest.umap" TEMPLATE=0 SHOWPROGRESS=1 FEATURELEVEL=3
[2015.12.26-06.43.53:804][  0]LightingResults: New page: Lighting Build
[2015.12.26-06.43.53:879][  0]MapCheck: New page: Map Check
[2015.12.26-06.43.53:879][  0]LightingResults: New page: Lighting Build
[2015.12.26-06.43.53:903][  0]LogParticles: Destroying 0 GPU particle simulations for FXSystem 0x0000000013CBEF20
[2015.12.26-06.43.58:195][  0]LogAIModule: Creating AISystem for world RunnerMapTest
[2015.12.26-06.43.58:201][  0]LogEditorServer: Finished looking for orphan Actors (0.000 secs)
[2015.12.26-06.43.58:203][  0]Cmd: MAP CHECKDEP NOCLEARLOG
[2015.12.26-06.43.58:267][  0]MapCheck: Info Map check complete: 0 Error(s), 0 Warning(s), took 64.186ms to complete.
[2015.12.26-06.43.58:267][  0]LogFileHelpers: Loading map 'RunnerMapTest' took 4.465
[2015.12.26-06.43.58:438][  0]LogCollectionManager: Loaded 0 collections in 0.001924 seconds
[2015.12.26-06.43.58:443][  0]LogContentBrowser: Native class hierarchy populated in 0.0049 seconds. Added 1792 classes and 301 folders.
[2015.12.26-06.43.58:540][  0]LogContentBrowser: Native class hierarchy updated for 'WidgetCarousel' in 0.0003 seconds. Added 0 classes and 0 folders.
[2015.12.26-06.43.58:799][  0]LogContentBrowser: Native class hierarchy updated for 'AddContentDialog' in 0.0006 seconds. Added 0 classes and 0 folders.
[2015.12.26-06.43.58:891][  0]LogContentBrowser: Native class hierarchy updated for 'SceneOutliner' in 0.0006 seconds. Added 1 classes and 2 folders.
[2015.12.26-06.43.59:002][  0]LogCrashTracker: Crashtracker disabled due to settings.
[2015.12.26-06.43.59:003][  0]LogD3D11RHI: InitD3DDevice
[2015.12.26-06.43.59:009][  0]LogUObjectGlobals:Warning: Failed to find object 'Class None.'
[2015.12.26-06.43.59:029][  0]LogStats:Warning: MetaData mismatch. Did you assign a stat to two groups? New //STATGROUP_Threads//SplashScreenThread///Thread_2344_0///####STATCAT_Advanced#### old //STATGROUP_Threads//SplashScreenThread///Thread_202c_0///####STATCAT_Advanced####
[2015.12.26-06.43.59:029][  0]LogLoad: Full Startup: 22.84 seconds (BP compile: 1.35 seconds)
[2015.12.26-06.43.59:206][  0]LogContentStreaming: Texture pool size is 0.000000MB
[2015.12.26-06.43.59:368][  0]LogContentStreaming: Texture pool size now 1000 MB
[2015.12.26-06.44.00:370][  0]LogRenderer: Reallocating scene render targets to support 1208x576 (Frame:2).
[2015.12.26-06.44.06:307][ 13]LogAssetRegistry: Asset discovery search completed in 25.1634 seconds
[2015.12.26-06.47.38:363][219]LogD3D11RHI: InitD3DDevice
[2015.12.26-06.47.40:151][415]LogD3D11RHI: InitD3DDevice
[2015.12.26-06.47.44:069][832]LogActorComponent: UnregisterComponent: (/Engine/Transient.CharMoveComp) Not registered. Aborting.
[2015.12.26-06.47.44:069][832]LogActorComponent: UnregisterComponent: (/Engine/Transient.RotatingMovement0C812BA34D0DD21FB12D1D9A948423D7) Not registered. Aborting.
[2015.12.26-06.47.44:069][832]LogActorComponent: UnregisterComponent: (/Engine/Transient.RotatingMovementComponent_0) Not registered. Aborting.
[2015.12.26-06.47.44:236][832]Cmd: MAP LOAD FILE="C:/Users/John/Documents/GitHub/spiritrunner/SpiritRunner/Content/SpiritRunner/Maps/Platforms.umap" TEMPLATE=0 SHOWPROGRESS=1 FEATURELEVEL=3
[2015.12.26-06.47.44:239][832]LogD3D11RHI: InitD3DDevice
[2015.12.26-06.47.44:249][832]LightingResults: New page: Lighting Build
[2015.12.26-06.47.44:271][832]LoadErrors: New page: Loading map: Platforms.umap
[2015.12.26-06.47.44:271][832]MapCheck: New page: Map Check
[2015.12.26-06.47.44:271][832]LightingResults: New page: Lighting Build
[2015.12.26-06.47.44:280][832]LogParticles: Destroying 0 GPU particle simulations for FXSystem 0x0000000028358540
[2015.12.26-06.47.44:315][832]LogAIModule: Creating AISystem for world Platforms
[2015.12.26-06.47.44:370][832]LogEditorServer: Finished looking for orphan Actors (0.000 secs)
[2015.12.26-06.47.44:396][832]Cmd: MAP CHECKDEP NOCLEARLOG
[2015.12.26-06.47.44:563][832]MapCheck: Info Map check complete: 0 Error(s), 0 Warning(s), took 166.454ms to complete.
[2015.12.26-06.47.44:563][832]LogFileHelpers: Loading map 'Platforms' took 0.328
[2015.12.26-06.47.44:614][833]Cmd: UpdateLandscapeEditorData -warnings
[2015.12.26-06.47.44:616][833]Cmd: UpdateLandscapeEditorData
[2015.12.26-06.47.50:128][422]LogD3D11RHI: InitD3DDevice
[2015.12.26-06.48.00:485][524]LogTexture:Display: Building textures: Texture2D_2 (G8)
[2015.12.26-06.48.07:629][278]LogD3D11RHI: InitD3DDevice
[2015.12.26-06.52.05:671][330]LogD3D11RHI: InitD3DDevice
[2015.12.26-06.52.07:703][549]LogD3D11RHI: InitD3DDevice
[2015.12.26-06.52.08:717][662]LogD3D11RHI: InitD3DDevice
[2015.12.26-06.52.09:310][724]LogD3D11RHI: InitD3DDevice
[2015.12.26-06.52.18:881][716]LogEditorViewport: Clicking on Actor (LMB): Landscape (Landscape)
[2015.12.26-06.52.27:444][543]Cmd: TRANSACTION UNDO
[2015.12.26-06.52.27:444][543]LogEditorTransaction: Undo Landscape Editing: Flatten
[2015.12.26-06.52.27:468][543]PIE:Warning: Warning AttachTo: '/Game/SpiritRunner/Maps/Platforms.Platforms:PersistentLevel.LandscapeGizmoActiveActor_3.GizmoRendererComponent0' is not static , cannot attach '/Game/SpiritRunner/Maps/Platforms.Platforms:PersistentLevel.LandscapeGizmoActiveActor_3.RootComponent0' which is static to it. Aborting.
[2015.12.26-06.52.27:470][543]LogD3D11RHI: InitD3DDevice
[2015.12.26-06.53.58:012][781]Cmd: TRANSACTION UNDO
[2015.12.26-06.53.58:012][781]LogEditorTransaction: Undo Landscape Editing: Flatten
[2015.12.26-06.53.58:014][781]LogTexture:Display: Building textures: Texture2D_12 (BGRA8)
[2015.12.26-06.53.58:018][781]PIE:Warning: Warning AttachTo: '/Game/SpiritRunner/Maps/Platforms.Platforms:PersistentLevel.LandscapeGizmoActiveActor_3.GizmoRendererComponent0' is not static , cannot attach '/Game/SpiritRunner/Maps/Platforms.Platforms:PersistentLevel.LandscapeGizmoActiveActor_3.RootComponent0' which is static to it. Aborting.
[2015.12.26-06.53.58:020][781]LogD3D11RHI: InitD3DDevice
[2015.12.26-06.54.01:112][ 88]Cmd: TRANSACTION UNDO
[2015.12.26-06.54.01:112][ 88]LogEditorTransaction: Undo Landscape Editing: Flatten
[2015.12.26-06.54.01:118][ 88]PIE:Warning: Warning AttachTo: '/Game/SpiritRunner/Maps/Platforms.Platforms:PersistentLevel.LandscapeGizmoActiveActor_3.GizmoRendererComponent0' is not static , cannot attach '/Game/SpiritRunner/Maps/Platforms.Platforms:PersistentLevel.LandscapeGizmoActiveActor_3.RootComponent0' which is static to it. Aborting.
[2015.12.26-06.54.01:120][ 88]LogD3D11RHI: InitD3DDevice
[2015.12.26-06.54.08:115][794]Cmd: TRANSACTION UNDO
[2015.12.26-06.54.08:115][794]LogEditorTransaction: Undo Landscape Editing: Flatten
[2015.12.26-06.54.08:120][794]PIE:Warning: Warning AttachTo: '/Game/SpiritRunner/Maps/Platforms.Platforms:PersistentLevel.LandscapeGizmoActiveActor_3.GizmoRendererComponent0' is not static , cannot attach '/Game/SpiritRunner/Maps/Platforms.Platforms:PersistentLevel.LandscapeGizmoActiveActor_3.RootComponent0' which is static to it. Aborting.
[2015.12.26-06.54.08:122][794]LogD3D11RHI: InitD3DDevice
[2015.12.26-06.54.11:179][ 86]Cmd: TRANSACTION UNDO
[2015.12.26-06.54.11:179][ 86]LogEditorTransaction: Undo Landscape Editing: Flatten
[2015.12.26-06.54.11:188][ 86]PIE:Warning: Warning AttachTo: '/Game/SpiritRunner/Maps/Platforms.Platforms:PersistentLevel.LandscapeGizmoActiveActor_3.GizmoRendererComponent0' is not static , cannot attach '/Game/SpiritRunner/Maps/Platforms.Platforms:PersistentLevel.LandscapeGizmoActiveActor_3.RootComponent0' which is static to it. Aborting.
[2015.12.26-06.54.11:191][ 86]LogD3D11RHI: InitD3DDevice
[2015.12.26-06.54.58:838][ 24]Cmd: TRANSACTION UNDO
[2015.12.26-06.54.58:838][ 24]LogEditorTransaction: Undo Landscape Editing: Flatten
[2015.12.26-06.54.58:842][ 24]LogTexture:Display: Building textures: Texture2D_12 (BGRA8)
[2015.12.26-06.54.58:849][ 24]PIE:Warning: Warning AttachTo: '/Game/SpiritRunner/Maps/Platforms.Platforms:PersistentLevel.LandscapeGizmoActiveActor_3.GizmoRendererComponent0' is not static , cannot attach '/Game/SpiritRunner/Maps/Platforms.Platforms:PersistentLevel.LandscapeGizmoActiveActor_3.RootComponent0' which is static to it. Aborting.
[2015.12.26-06.54.58:852][ 24]LogD3D11RHI: InitD3DDevice
[2015.12.26-06.54.59:284][ 60]Cmd: TRANSACTION UNDO
[2015.12.26-06.54.59:284][ 60]LogEditorTransaction: Undo Landscape Editing: Flatten
[2015.12.26-06.54.59:300][ 60]LogTexture:Display: Building textures: Texture2D_12 (BGRA8)
[2015.12.26-06.54.59:304][ 60]PIE:Warning: Warning AttachTo: '/Game/SpiritRunner/Maps/Platforms.Platforms:PersistentLevel.LandscapeGizmoActiveActor_3.GizmoRendererComponent0' is not static , cannot attach '/Game/SpiritRunner/Maps/Platforms.Platforms:PersistentLevel.LandscapeGizmoActiveActor_3.RootComponent0' which is static to it. Aborting.
[2015.12.26-06.59.07:334][714]LogD3D11RHI: InitD3DDevice
[2015.12.26-06.59.19:668][751]LogD3D11RHI: InitD3DDevice
[2015.12.26-06.59.19:760][751]LogActorComponent: UnregisterComponent: (/Engine/Transient.CharMoveComp) Not registered. Aborting.
[2015.12.26-06.59.19:761][751]LogActorComponent: UnregisterComponent: (/Engine/Transient.RotatingMovement0C812BA34D0DD21FB12D1D9A948423D7) Not registered. Aborting.
[2015.12.26-06.59.19:761][751]LogActorComponent: UnregisterComponent: (/Engine/Transient.RotatingMovementComponent_1) Not registered. Aborting.
[2015.12.26-06.59.19:843][751]LogTexture:Display: Building textures: Texture2D_12 (BGRA8)
[2015.12.26-06.59.19:867][751]LogSavePackage: Save=25.702978ms
[2015.12.26-06.59.19:867][751]LogSavePackage: Moving 'C:/Users/John/Documents/GitHub/spiritrunner/SpiritRunner/Saved/Platforms_Auto11500BA884D40A107D9E1B6AC77058F17.tmp' to 'C:/Users/John/Documents/GitHub/spiritrunner/SpiritRunner/Saved/Autosaves/Game/SpiritRunner/Maps/Platforms_Auto1.umap'
[2015.12.26-06.59.19:870][751]LogFileHelpers: Editor autosave (incl. sublevels) for '/Game/SpiritRunner/Maps/Platforms' took 0.110
[2015.12.26-06.59.19:870][751]LogFileHelpers: Editor autosave (incl. sublevels) for all levels took 0.110
[2015.12.26-07.00.51:858][287]LogD3D11RHI: InitD3DDevice
[2015.12.26-07.01.11:016][342]LogD3D11RHI: InitD3DDevice
[2015.12.26-07.01.37:952][191]LogD3D11RHI: InitD3DDevice
[2015.12.26-07.09.08:295][138]Cmd: TRANSACTION UNDO
[2015.12.26-07.09.08:295][138]LogEditorTransaction: Undo Landscape Editing: Add ramp
[2015.12.26-07.09.08:297][138]LogTexture:Display: Building textures: Texture2D_12 (BGRA8)
[2015.12.26-07.09.08:298][138]PIE:Warning: Warning AttachTo: '/Game/SpiritRunner/Maps/Platforms.Platforms:PersistentLevel.LandscapeGizmoActiveActor_3.GizmoRendererComponent0' is not static , cannot attach '/Game/SpiritRunner/Maps/Platforms.Platforms:PersistentLevel.LandscapeGizmoActiveActor_3.RootComponent0' which is static to it. Aborting.
[2015.12.26-07.09.08:301][138]LogD3D11RHI: InitD3DDevice
[2015.12.26-07.09.27:641][300]LogD3D11RHI: InitD3DDevice
[2015.12.26-07.09.29:571][514]LogD3D11RHI: InitD3DDevice
[2015.12.26-07.11.36:759][517]LogD3D11RHI: InitD3DDevice
[2015.12.26-07.11.45:769][544]LogD3D11RHI: InitD3DDevice
[2015.12.26-07.11.45:867][544]LogActorComponent: UnregisterComponent: (/Engine/Transient.CharMoveComp) Not registered. Aborting.
[2015.12.26-07.11.45:867][544]LogActorComponent: UnregisterComponent: (/Engine/Transient.RotatingMovement0C812BA34D0DD21FB12D1D9A948423D7) Not registered. Aborting.
[2015.12.26-07.11.45:867][544]LogActorComponent: UnregisterComponent: (/Engine/Transient.RotatingMovementComponent_2) Not registered. Aborting.
[2015.12.26-07.11.45:940][544]LogTexture:Display: Building textures: Texture2D_12 (BGRA8)
[2015.12.26-07.11.45:966][544]LogSavePackage: Save=27.398964ms
[2015.12.26-07.11.45:966][544]LogSavePackage: Moving 'C:/Users/John/Documents/GitHub/spiritrunner/SpiritRunner/Saved/Platforms_Auto265B483524859CE85402F22B7935F0CAE.tmp' to 'C:/Users/John/Documents/GitHub/spiritrunner/SpiritRunner/Saved/Autosaves/Game/SpiritRunner/Maps/Platforms_Auto2.umap'
[2015.12.26-07.11.45:968][544]LogFileHelpers: Editor autosave (incl. sublevels) for '/Game/SpiritRunner/Maps/Platforms' took 0.102
[2015.12.26-07.11.45:968][544]LogFileHelpers: Editor autosave (incl. sublevels) for all levels took 0.102
[2015.12.26-07.12.53:093][538]Cmd: TRANSACTION UNDO
[2015.12.26-07.12.53:093][538]LogEditorTransaction: Undo Landscape Editing: Flatten
[2015.12.26-07.12.53:095][538]PIE:Warning: Warning AttachTo: '/Game/SpiritRunner/Maps/Platforms.Platforms:PersistentLevel.LandscapeGizmoActiveActor_3.GizmoRendererComponent0' is not static , cannot attach '/Game/SpiritRunner/Maps/Platforms.Platforms:PersistentLevel.LandscapeGizmoActiveActor_3.RootComponent0' which is static to it. Aborting.
[2015.12.26-07.12.53:097][538]LogD3D11RHI: InitD3DDevice
[2015.12.26-07.12.55:641][823]Cmd: TRANSACTION UNDO
[2015.12.26-07.12.55:641][823]LogEditorTransaction: Undo Landscape Editing: Flatten
[2015.12.26-07.12.55:643][823]PIE:Warning: Warning AttachTo: '/Game/SpiritRunner/Maps/Platforms.Platforms:PersistentLevel.LandscapeGizmoActiveActor_3.GizmoRendererComponent0' is not static , cannot attach '/Game/SpiritRunner/Maps/Platforms.Platforms:PersistentLevel.LandscapeGizmoActiveActor_3.RootComponent0' which is static to it. Aborting.
[2015.12.26-07.14.04:652][361]LogEditorViewport: Clicking on Actor (double click): Landscape (Landscape)
[2015.12.26-07.14.05:762][478]Cmd: TRANSACTION UNDO
[2015.12.26-07.14.05:762][478]LogEditorTransaction: Undo Clicking on Actors (double-click)
[2015.12.26-07.14.05:767][478]PIE:Warning: Warning AttachTo: '/Game/SpiritRunner/Maps/Platforms.Platforms:PersistentLevel.LandscapeGizmoActiveActor_3.GizmoRendererComponent0' is not static , cannot attach '/Game/SpiritRunner/Maps/Platforms.Platforms:PersistentLevel.LandscapeGizmoActiveActor_3.RootComponent0' which is static to it. Aborting.
[2015.12.26-07.14.05:784][478]LogD3D11RHI: InitD3DDevice
[2015.12.26-07.14.06:343][519]Cmd: TRANSACTION UNDO
[2015.12.26-07.14.06:343][519]LogEditorTransaction: Undo Landscape Editing: Flatten
[2015.12.26-07.14.06:346][519]LogTexture:Display: Building textures: Texture2D_12 (BGRA8)
[2015.12.26-07.14.06:346][519]PIE:Warning: Warning AttachTo: '/Game/SpiritRunner/Maps/Platforms.Platforms:PersistentLevel.LandscapeGizmoActiveActor_3.GizmoRendererComponent0' is not static , cannot attach '/Game/SpiritRunner/Maps/Platforms.Platforms:PersistentLevel.LandscapeGizmoActiveActor_3.RootComponent0' which is static to it. Aborting.
[2015.12.26-07.14.06:647][549]Cmd: TRANSACTION UNDO
[2015.12.26-07.14.06:647][549]LogEditorTransaction: Undo Landscape Editing: Flatten
[2015.12.26-07.14.06:656][549]LogTexture:Display: Building textures: Texture2D_12 (BGRA8)
[2015.12.26-07.14.06:657][549]PIE:Warning: Warning AttachTo: '/Game/SpiritRunner/Maps/Platforms.Platforms:PersistentLevel.LandscapeGizmoActiveActor_3.GizmoRendererComponent0' is not static , cannot attach '/Game/SpiritRunner/Maps/Platforms.Platforms:PersistentLevel.LandscapeGizmoActiveActor_3.RootComponent0' which is static to it. Aborting.
[2015.12.26-07.14.07:040][587]Cmd: TRANSACTION UNDO
[2015.12.26-07.14.07:040][587]LogEditorTransaction: Undo Landscape Editing: Flatten
[2015.12.26-07.14.07:048][587]LogTexture:Display: Building textures: Texture2D_12 (BGRA8)
[2015.12.26-07.14.07:050][587]PIE:Warning: Warning AttachTo: '/Game/SpiritRunner/Maps/Platforms.Platforms:PersistentLevel.LandscapeGizmoActiveActor_3.GizmoRendererComponent0' is not static , cannot attach '/Game/SpiritRunner/Maps/Platforms.Platforms:PersistentLevel.LandscapeGizmoActiveActor_3.RootComponent0' which is static to it. Aborting.
[2015.12.26-07.15.21:829][905]Cmd: TRANSACTION UNDO
[2015.12.26-07.15.21:829][905]LogEditorTransaction: Undo Landscape Editing: Flatten
[2015.12.26-07.15.21:834][905]LogTexture:Display: Building textures: Texture2D_12 (BGRA8)
[2015.12.26-07.15.21:836][905]PIE:Warning: Warning AttachTo: '/Game/SpiritRunner/Maps/Platforms.Platforms:PersistentLevel.LandscapeGizmoActiveActor_3.GizmoRendererComponent0' is not static , cannot attach '/Game/SpiritRunner/Maps/Platforms.Platforms:PersistentLevel.LandscapeGizmoActiveActor_3.RootComponent0' which is static to it. Aborting.
[2015.12.26-07.15.21:841][905]LogD3D11RHI: InitD3DDevice
[2015.12.26-07.15.28:375][576]LogEditorViewport: Clicking on Actor (double click): Landscape (Landscape)
[2015.12.26-07.15.28:691][601]LogEditorViewport: Clicking on Actor (double click): Landscape (Landscape)
[2015.12.26-07.15.29:019][640]LogEditorViewport: Clicking on Actor (double click): Landscape (Landscape)
[2015.12.26-07.15.29:661][705]LogEditorViewport: Clicking on Actor (double click): Landscape (Landscape)
[2015.12.26-07.15.36:834][425]Cmd: ACTOR SELECT ALL
[2015.12.26-07.15.37:152][446]Cmd: TRANSACTION UNDO
[2015.12.26-07.15.37:152][446]LogEditorTransaction: Undo Select All
[2015.12.26-07.15.37:152][446]PIE:Warning: Warning AttachTo: '/Game/SpiritRunner/Maps/Platforms.Platforms:PersistentLevel.LandscapeGizmoActiveActor_3.GizmoRendererComponent0' is not static , cannot attach '/Game/SpiritRunner/Maps/Platforms.Platforms:PersistentLevel.LandscapeGizmoActiveActor_3.RootComponent0' which is static to it. Aborting.
[2015.12.26-07.15.37:155][446]LogD3D11RHI: InitD3DDevice
[2015.12.26-07.15.37:666][478]Cmd: TRANSACTION UNDO
[2015.12.26-07.15.37:666][478]LogEditorTransaction: Undo Landscape Editing: Flatten
[2015.12.26-07.15.37:682][478]LogTexture:Display: Building textures: Texture2D_12 (BGRA8)
[2015.12.26-07.15.37:683][478]PIE:Warning: Warning AttachTo: '/Game/SpiritRunner/Maps/Platforms.Platforms:PersistentLevel.LandscapeGizmoActiveActor_3.GizmoRendererComponent0' is not static , cannot attach '/Game/SpiritRunner/Maps/Platforms.Platforms:PersistentLevel.LandscapeGizmoActiveActor_3.RootComponent0' which is static to it. Aborting.
[2015.12.26-07.15.37:931][505]Cmd: TRANSACTION UNDO
[2015.12.26-07.15.37:931][505]LogEditorTransaction: Undo Landscape Editing: Flatten
[2015.12.26-07.15.37:933][505]LogTexture:Display: Building textures: Texture2D_12 (BGRA8)
[2015.12.26-07.15.37:934][505]PIE:Warning: Warning AttachTo: '/Game/SpiritRunner/Maps/Platforms.Platforms:PersistentLevel.LandscapeGizmoActiveActor_3.GizmoRendererComponent0' is not static , cannot attach '/Game/SpiritRunner/Maps/Platforms.Platforms:PersistentLevel.LandscapeGizmoActiveActor_3.RootComponent0' which is static to it. Aborting.
[2015.12.26-07.15.38:143][530]Cmd: TRANSACTION UNDO
[2015.12.26-07.15.38:143][530]LogEditorTransaction: Undo Landscape Editing: Flatten
[2015.12.26-07.15.38:144][530]LogTexture:Display: Building textures: Texture2D_12 (BGRA8)
[2015.12.26-07.15.38:145][530]PIE:Warning: Warning AttachTo: '/Game/SpiritRunner/Maps/Platforms.Platforms:PersistentLevel.LandscapeGizmoActiveActor_3.GizmoRendererComponent0' is not static , cannot attach '/Game/SpiritRunner/Maps/Platforms.Platforms:PersistentLevel.LandscapeGizmoActiveActor_3.RootComponent0' which is static to it. Aborting.
[2015.12.26-07.15.38:328][552]Cmd: TRANSACTION UNDO
[2015.12.26-07.15.38:328][552]LogEditorTransaction: Undo Clicking on Actors (double-click)
[2015.12.26-07.15.38:970][614]Cmd: TRANSACTION UNDO
[2015.12.26-07.15.38:970][614]LogEditorTransaction: Undo Landscape Editing: Flatten
[2015.12.26-07.15.38:980][614]LogTexture:Display: Building textures: Texture2D_12 (BGRA8)
[2015.12.26-07.15.39:593][678]Cmd: TRANSACTION UNDO
[2015.12.26-07.15.39:593][678]LogEditorTransaction: Undo Landscape Editing: Flatten
[2015.12.26-07.15.39:601][678]LogTexture:Display: Building textures: Texture2D_12 (BGRA8)
[2015.12.26-07.15.39:948][714]Cmd: TRANSACTION UNDO
[2015.12.26-07.15.39:948][714]LogEditorTransaction: Undo Landscape Editing: Flatten
[2015.12.26-07.15.39:950][714]LogTexture:Display: Building textures: Texture2D_12 (BGRA8)
[2015.12.26-07.17.37:125][180]LogActorComponent: UnregisterComponent: (/Engine/Transient.CharMoveComp) Not registered. Aborting.
[2015.12.26-07.17.37:126][180]LogActorComponent: UnregisterComponent: (/Engine/Transient.RotatingMovement0C812BA34D0DD21FB12D1D9A948423D7) Not registered. Aborting.
[2015.12.26-07.17.37:126][180]LogActorComponent: UnregisterComponent: (/Engine/Transient.RotatingMovementComponent_3) Not registered. Aborting.
[2015.12.26-07.17.37:181][180]LogD3D11RHI: InitD3DDevice
[2015.12.26-07.17.37:387][180]LogTexture:Display: Building textures: Texture2D_12 (BGRA8)
[2015.12.26-07.17.37:415][180]LogSavePackage: Save=29.796131ms
[2015.12.26-07.17.37:415][180]LogSavePackage: Moving 'C:/Users/John/Documents/GitHub/spiritrunner/SpiritRunner/Saved/Platforms0268E9574B72B95FD771DA83046E6942.tmp' to 'C:/Users/John/Documents/GitHub/spiritrunner/SpiritRunner/Content/SpiritRunner/Maps/Platforms.umap'
[2015.12.26-07.17.37:434][180]LogFileHelpers: Saving map 'Platforms' took 0.230
[2015.12.26-07.24.26:106][963]LogD3D11RHI: InitD3DDevice
[2015.12.26-07.24.28:298][206]LogD3D11RHI: InitD3DDevice
[2015.12.26-07.24.30:621][448]LogEditorViewport: Clicking on Actor (LMB): Landscape (Landscape9)
[2015.12.26-07.24.31:624][543]LogEditorViewport: Clicking on Actor (LMB): Landscape (Landscape9)
[2015.12.26-07.24.39:093][293]LogEditorViewport: Clicking on Actor (LMB): Landscape (Landscape9)
[2015.12.26-07.24.40:787][441]LogEditorViewport: Clicking on Actor (LMB): BP_Sky_Sphere_C (Sky Sphere)
[2015.12.26-07.24.41:084][468]LogEditorViewport: Clicking on Actor (LMB): Landscape (Landscape)
[2015.12.26-07.24.41:940][540]LogEditorViewport: Clicking on Actor (LMB): Landscape (Landscape9)
[2015.12.26-07.25.08:917][981]Cmd: TRANSACTION UNDO
[2015.12.26-07.25.08:917][981]LogEditorTransaction: Undo Move Actors
[2015.12.26-07.25.08:919][981]LogActorComponent: ~FComponentReregisterContext: (/Game/SpiritRunner/Maps/Platforms.Platforms:PersistentLevel.Landscape9.LandscapeHeightfieldCollisionComponent_1) Component already registered.
[2015.12.26-07.25.08:919][981]LogActorComponent: ~FComponentReregisterContext: (/Game/SpiritRunner/Maps/Platforms.Platforms:PersistentLevel.Landscape9.LandscapeHeightfieldCollisionComponent_0) Component already registered.
[2015.12.26-07.25.08:922][981]LogD3D11RHI: InitD3DDevice
[2015.12.26-07.25.08:938][982]Cmd: UpdateLandscapeEditorData
[2015.12.26-07.25.10:692][119]Cmd: EDIT COPY
[2015.12.26-07.25.11:011][148]Cmd: EDIT PASTE
[2015.12.26-07.25.11:035][148]LogTexture:Display: Building textures: Texture2D_3 (BGRA8)
[2015.12.26-07.25.11:039][148]LogTexture:Display: Building textures: Texture2D_17 (BGRA8)
[2015.12.26-07.25.11:087][149]Cmd: UpdateLandscapeEditorData
[2015.12.26-07.25.33:849][166]LogEditorViewport: Clicking on Actor (LMB): Landscape (Landscape9)
[2015.12.26-07.27.28:071][325]LogD3D11RHI: InitD3DDevice
[2015.12.26-07.27.37:061][113]LogD3D11RHI: InitD3DDevice
[2015.12.26-07.27.37:157][113]LogActorComponent: UnregisterComponent: (/Engine/Transient.CharMoveComp) Not registered. Aborting.
[2015.12.26-07.27.37:158][113]LogActorComponent: UnregisterComponent: (/Engine/Transient.RotatingMovement0C812BA34D0DD21FB12D1D9A948423D7) Not registered. Aborting.
[2015.12.26-07.27.37:158][113]LogActorComponent: UnregisterComponent: (/Engine/Transient.RotatingMovementComponent_4) Not registered. Aborting.
[2015.12.26-07.27.37:409][113]LogSavePackage: Save=48.631702ms
[2015.12.26-07.27.37:409][113]LogSavePackage: Moving 'C:/Users/John/Documents/GitHub/spiritrunner/SpiritRunner/Saved/Platforms_Auto3AFD50B6B40D0DF26B09BA6B0386CD5F7.tmp' to 'C:/Users/John/Documents/GitHub/spiritrunner/SpiritRunner/Saved/Autosaves/Game/SpiritRunner/Maps/Platforms_Auto3.umap'
[2015.12.26-07.27.37:412][113]LogFileHelpers: Editor autosave (incl. sublevels) for '/Game/SpiritRunner/Maps/Platforms' took 0.255
[2015.12.26-07.27.37:412][113]LogFileHelpers: Editor autosave (incl. sublevels) for all levels took 0.255
[2015.12.26-07.30.12:631][854]Cmd: TRANSACTION UNDO
[2015.12.26-07.30.12:631][854]LogEditorTransaction: Undo Rotate Actors
[2015.12.26-07.30.12:633][854]LogActorComponent: ~FComponentReregisterContext: (/Game/SpiritRunner/Maps/Platforms.Platforms:PersistentLevel.Landscape9.LandscapeHeightfieldCollisionComponent_1) Component already registered.
[2015.12.26-07.30.12:633][854]LogActorComponent: ~FComponentReregisterContext: (/Game/SpiritRunner/Maps/Platforms.Platforms:PersistentLevel.Landscape9.LandscapeHeightfieldCollisionComponent_0) Component already registered.
[2015.12.26-07.30.12:637][854]LogD3D11RHI: InitD3DDevice
[2015.12.26-07.30.12:657][855]Cmd: UpdateLandscapeEditorData
[2015.12.26-07.30.25:904][993]LogEditorViewport: Clicking on Actor (LMB): Landscape (Landscape10)
[2015.12.26-07.33.33:648][ 95]LogD3D11RHI: InitD3DDevice
[2015.12.26-07.33.48:846][490]LogEditorViewport: Clicking on Actor (LMB): Landscape (Landscape9)
[2015.12.26-07.34.12:974][626]LogD3D11RHI: InitD3DDevice
[2015.12.26-07.34.13:083][637]LogD3D11RHI: InitD3DDevice
[2015.12.26-07.34.13:627][689]LogD3D11RHI: InitD3DDevice
[2015.12.26-07.34.13:908][720]LogD3D11RHI: InitD3DDevice
[2015.12.26-07.37.56:465][697]Cmd: TRANSACTION UNDO
[2015.12.26-07.37.56:465][697]LogEditorTransaction: Undo Landscape Editing: Add ramp
[2015.12.26-07.37.56:469][697]LogD3D11RHI: InitD3DDevice
[2015.12.26-07.39.00:476][985]Cmd: TRANSACTION UNDO
[2015.12.26-07.39.00:476][985]LogEditorTransaction: Undo Edit Ramp Width
[2015.12.26-07.39.00:480][985]LogD3D11RHI: InitD3DDevice
[2015.12.26-07.39.01:094][ 26]Cmd: TRANSACTION UNDO
[2015.12.26-07.39.01:095][ 26]LogEditorTransaction: Undo Landscape Editing: Add ramp
[2015.12.26-07.40.59:166][329]LogD3D11RHI: InitD3DDevice
[2015.12.26-07.42.49:140][ 67]Cmd: TRANSACTION UNDO
[2015.12.26-07.42.49:140][ 67]LogEditorTransaction: Undo Move Actors
[2015.12.26-07.42.49:142][ 67]LogD3D11RHI: InitD3DDevice
[2015.12.26-07.42.51:859][318]Cmd: TRANSACTION REDO
[2015.12.26-07.42.51:859][318]LogEditorTransaction: Redo Move Actors
[2015.12.26-07.43.17:590][830]Cmd: TRANSACTION UNDO
[2015.12.26-07.43.17:590][830]LogEditorTransaction: Undo Move Actors
[2015.12.26-07.43.17:601][830]LogD3D11RHI: InitD3DDevice
[2015.12.26-07.45.11:327][816]LogD3D11RHI: InitD3DDevice
[2015.12.26-07.45.11:457][816]LogActorComponent: UnregisterComponent: (/Engine/Transient.CharMoveComp) Not registered. Aborting.
[2015.12.26-07.45.11:458][816]LogActorComponent: UnregisterComponent: (/Engine/Transient.RotatingMovement0C812BA34D0DD21FB12D1D9A948423D7) Not registered. Aborting.
[2015.12.26-07.45.11:458][816]LogActorComponent: UnregisterComponent: (/Engine/Transient.RotatingMovementComponent_5) Not registered. Aborting.
[2015.12.26-07.45.11:534][816]LogTexture:Display: Building textures: Texture2D_16 (BGRA8)
[2015.12.26-07.45.11:535][816]LogTexture:Display: Building textures: Texture2D_15 (BGRA8)
[2015.12.26-07.45.11:562][816]LogSavePackage: Save=29.152807ms
[2015.12.26-07.45.11:562][816]LogSavePackage: Moving 'C:/Users/John/Documents/GitHub/spiritrunner/SpiritRunner/Saved/Platforms_Auto43BF437634E7D3E47AAF66FAE27A87DDF.tmp' to 'C:/Users/John/Documents/GitHub/spiritrunner/SpiritRunner/Saved/Autosaves/Game/SpiritRunner/Maps/Platforms_Auto4.umap'
[2015.12.26-07.45.11:564][816]LogFileHelpers: Editor autosave (incl. sublevels) for '/Game/SpiritRunner/Maps/Platforms' took 0.107
[2015.12.26-07.45.11:564][816]LogFileHelpers: Editor autosave (incl. sublevels) for all levels took 0.107
[2015.12.26-07.49.40:990][485]Cmd: TRANSACTION UNDO
[2015.12.26-07.49.40:990][485]LogEditorTransaction: Undo Landscape Editing: Add ramp
[2015.12.26-07.49.41:004][485]LogD3D11RHI: InitD3DDevice
[2015.12.26-07.50.51:611][436]LogD3D11RHI: InitD3DDevice
[2015.12.26-07.51.10:478][287]Cmd: TRANSACTION UNDO
[2015.12.26-07.51.10:478][287]LogEditorTransaction: Undo Landscape Editing: Flatten
[2015.12.26-07.51.10:481][287]LogTexture:Display: Building textures: Texture2D_16 (BGRA8)
[2015.12.26-07.51.10:483][287]LogTexture:Display: Building textures: Texture2D_15 (BGRA8)
[2015.12.26-07.51.10:487][287]LogD3D11RHI: InitD3DDevice
[2015.12.26-07.52.46:186][343]Cmd: TRANSACTION UNDO
[2015.12.26-07.52.46:186][343]LogEditorTransaction: Undo Landscape Editing: Flatten
[2015.12.26-07.52.46:191][343]LogTexture:Display: Building textures: Texture2D_16 (BGRA8)
[2015.12.26-07.52.46:193][343]LogTexture:Display: Building textures: Texture2D_15 (BGRA8)
[2015.12.26-07.52.46:202][343]LogD3D11RHI: InitD3DDevice
[2015.12.26-07.52.49:706][670]Cmd: TRANSACTION UNDO
[2015.12.26-07.52.49:706][670]LogEditorTransaction: Undo Landscape Editing: Flatten
[2015.12.26-07.52.49:711][670]LogD3D11RHI: InitD3DDevice
[2015.12.26-07.52.58:971][544]Cmd: TRANSACTION UNDO
[2015.12.26-07.52.58:971][544]LogEditorTransaction: Undo Landscape Editing: Flatten
[2015.12.26-07.52.58:984][544]LogD3D11RHI: InitD3DDevice
[2015.12.26-07.53.00:373][644]Cmd: TRANSACTION UNDO
[2015.12.26-07.53.00:373][644]LogEditorTransaction: Undo Landscape Editing: Flatten
[2015.12.26-07.53.00:378][644]LogTexture:Display: Building textures: Texture2D_16 (BGRA8)
[2015.12.26-07.53.00:380][644]LogTexture:Display: Building textures: Texture2D_15 (BGRA8)
[2015.12.26-07.54.00:491][398]Cmd: TRANSACTION UNDO
[2015.12.26-07.54.00:491][398]LogEditorTransaction: Undo Landscape Editing: Flatten
[2015.12.26-07.54.00:494][398]LogTexture:Display: Building textures: Texture2D_15 (BGRA8)
[2015.12.26-07.54.00:495][398]LogTexture:Display: Building textures: Texture2D_16 (BGRA8)
[2015.12.26-07.54.00:499][398]LogD3D11RHI: InitD3DDevice
[2015.12.26-07.54.18:075][ 68]LogEditorViewport: Clicking on Actor (double click): Landscape (Landscape9)
[2015.12.26-07.54.19:230][175]Cmd: TRANSACTION UNDO
[2015.12.26-07.54.19:230][175]LogEditorTransaction: Undo Clicking on Actors (double-click)
[2015.12.26-07.54.19:232][175]LogD3D11RHI: InitD3DDevice
[2015.12.26-07.54.19:723][205]Cmd: TRANSACTION UNDO
[2015.12.26-07.54.19:723][205]LogEditorTransaction: Undo Landscape Editing: Flatten
[2015.12.26-07.54.19:738][205]LogTexture:Display: Building textures: Texture2D_15 (BGRA8)
[2015.12.26-07.54.19:739][205]LogTexture:Display: Building textures: Texture2D_16 (BGRA8)
[2015.12.26-07.54.43:796][507]Cmd: TRANSACTION UNDO
[2015.12.26-07.54.43:796][507]LogEditorTransaction: Undo Landscape Editing: Flatten
[2015.12.26-07.54.43:800][507]LogTexture:Display: Building textures: Texture2D_16 (BGRA8)
[2015.12.26-07.54.43:801][507]LogTexture:Display: Building textures: Texture2D_15 (BGRA8)
[2015.12.26-07.54.43:806][507]LogD3D11RHI: InitD3DDevice
[2015.12.26-07.55.52:179][751]LogD3D11RHI: InitD3DDevice
[2015.12.26-07.56.33:853][708]LogD3D11RHI: InitD3DDevice
[2015.12.26-07.56.33:953][708]LogActorComponent: UnregisterComponent: (/Engine/Transient.CharMoveComp) Not registered. Aborting.
[2015.12.26-07.56.33:953][708]LogActorComponent: UnregisterComponent: (/Engine/Transient.RotatingMovement0C812BA34D0DD21FB12D1D9A948423D7) Not registered. Aborting.
[2015.12.26-07.56.33:953][708]LogActorComponent: UnregisterComponent: (/Engine/Transient.RotatingMovementComponent_6) Not registered. Aborting.
[2015.12.26-07.56.34:034][708]LogTexture:Display: Building textures: Texture2D_16 (BGRA8)
[2015.12.26-07.56.34:035][708]LogTexture:Display: Building textures: Texture2D_15 (BGRA8)
[2015.12.26-07.56.34:070][708]LogSavePackage: Save=36.864750ms
[2015.12.26-07.56.34:070][708]LogSavePackage: Moving 'C:/Users/John/Documents/GitHub/spiritrunner/SpiritRunner/Saved/Platforms_Auto5120B92894D5B5F5671E7649E7761448F.tmp' to 'C:/Users/John/Documents/GitHub/spiritrunner/SpiritRunner/Saved/Autosaves/Game/SpiritRunner/Maps/Platforms_Auto5.umap'
[2015.12.26-07.56.34:072][708]LogFileHelpers: Editor autosave (incl. sublevels) for '/Game/SpiritRunner/Maps/Platforms' took 0.119
[2015.12.26-07.56.34:072][708]LogFileHelpers: Editor autosave (incl. sublevels) for all levels took 0.119
[2015.12.26-08.13.11:734][740]LogEditorViewport: Clicking on Actor (LMB): Landscape (Landscape10)
[2015.12.26-08.13.15:191][ 54]LogD3D11RHI: InitD3DDevice
[2015.12.26-08.13.39:932][675]LogEditorViewport: Clicking on Actor (LMB): Landscape (Landscape2)
[2015.12.26-08.13.40:536][735]Cmd: EDIT COPY
[2015.12.26-08.13.40:939][772]Cmd: EDIT PASTE
[2015.12.26-08.13.40:944][772]LogTexture:Display: Building textures: Texture2D_18 (BGRA8)
[2015.12.26-08.13.40:946][772]LogTexture:Display: Building textures: Texture2D_19 (BGRA8)
[2015.12.26-08.13.40:967][773]Cmd: UpdateLandscapeEditorData
[2015.12.26-08.14.40:291][ 67]LogEditorViewport: Clicking on Actor (context menu): Landscape (Landscape11)
[2015.12.26-08.14.40:315][ 67]LogD3D11RHI: InitD3DDevice
[2015.12.26-08.14.41:573][205]LogEditorViewport: Clicking on Actor (LMB): Landscape (Landscape11)
[2015.12.26-08.14.45:688][611]Cmd: EDIT COPY
[2015.12.26-08.14.45:921][638]Cmd: EDIT PASTE
[2015.12.26-08.14.45:927][638]LogTexture:Display: Building textures: Texture2D_20 (BGRA8)
[2015.12.26-08.14.45:928][638]LogTexture:Display: Building textures: Texture2D_21 (BGRA8)
[2015.12.26-08.14.45:949][639]Cmd: UpdateLandscapeEditorData
[2015.12.26-08.16.25:963][495]Cmd: EDIT COPY
[2015.12.26-08.16.28:064][691]Cmd: EDIT COPY
[2015.12.26-08.16.28:957][772]Cmd: EDIT PASTE
[2015.12.26-08.16.28:962][772]LogTexture:Display: Building textures: Texture2D_22 (BGRA8)
[2015.12.26-08.16.28:964][772]LogTexture:Display: Building textures: Texture2D_23 (BGRA8)
[2015.12.26-08.16.28:985][773]Cmd: UpdateLandscapeEditorData
[2015.12.26-08.16.34:403][296]LogEditorViewport: Clicking on Actor (LMB): BP_Sky_Sphere_C (Sky Sphere)
[2015.12.26-08.16.35:348][394]LogEditorViewport: Clicking on Actor (LMB): Landscape (Landscape13)
[2015.12.26-08.16.37:224][585]Cmd: DELETE
[2015.12.26-08.16.37:224][585]Cmd: ACTOR DELETE
[2015.12.26-08.16.37:224][585]LogEditorActor: Deleted Actor: Landscape
[2015.12.26-08.16.37:225][585]LogActorComponent: UnregisterComponent: (/Engine/Transient.CharMoveComp) Not registered. Aborting.
[2015.12.26-08.16.37:225][585]LogActorComponent: UnregisterComponent: (/Engine/Transient.RotatingMovement0C812BA34D0DD21FB12D1D9A948423D7) Not registered. Aborting.
[2015.12.26-08.16.37:225][585]LogActorComponent: UnregisterComponent: (/Engine/Transient.RotatingMovementComponent_7) Not registered. Aborting.
[2015.12.26-08.16.37:244][585]LogEditorActor: Deleted 1 Actors (0.021 secs)
[2015.12.26-08.16.37:250][586]Cmd: UpdateLandscapeEditorData
[2015.12.26-08.16.38:152][677]LogEditorViewport: Clicking on Actor (LMB): Landscape (Landscape12)
[2015.12.26-08.16.38:787][730]Cmd: TRANSACTION UNDO
[2015.12.26-08.16.38:787][730]LogEditorTransaction: Undo Clicking on Actors
[2015.12.26-08.16.38:792][730]LogD3D11RHI: InitD3DDevice
[2015.12.26-08.16.39:242][768]Cmd: TRANSACTION UNDO
[2015.12.26-08.16.39:242][768]LogEditorTransaction: Undo Delete Actors
[2015.12.26-08.16.39:279][769]Cmd: UpdateLandscapeEditorData
[2015.12.26-08.16.39:789][829]Cmd: TRANSACTION UNDO
[2015.12.26-08.16.39:789][829]LogEditorTransaction: Undo Clicking on Actors
[2015.12.26-08.16.40:194][863]Cmd: TRANSACTION UNDO
[2015.12.26-08.16.40:194][863]LogEditorTransaction: Undo Move Actors
[2015.12.26-08.16.40:227][864]Cmd: UpdateLandscapeEditorData
[2015.12.26-08.16.40:626][899]Cmd: TRANSACTION UNDO
[2015.12.26-08.16.40:626][899]LogEditorTransaction: Undo Paste
[2015.12.26-08.16.40:658][900]Cmd: UpdateLandscapeEditorData
[2015.12.26-08.16.41:122][950]Cmd: TRANSACTION UNDO
[2015.12.26-08.16.41:122][950]LogEditorTransaction: Undo Move Actors
[2015.12.26-08.16.41:127][950]LogActorComponent: ~FComponentReregisterContext: (/Game/SpiritRunner/Maps/Platforms.Platforms:PersistentLevel.Landscape12.LandscapeHeightfieldCollisionComponent_5) Component already registered.
[2015.12.26-08.16.41:129][950]LogActorComponent: ~FComponentReregisterContext: (/Game/SpiritRunner/Maps/Platforms.Platforms:PersistentLevel.Landscape12.LandscapeHeightfieldCollisionComponent_4) Component already registered.
[2015.12.26-08.16.41:159][951]Cmd: UpdateLandscapeEditorData
[2015.12.26-08.16.49:906][802]LogD3D11RHI: InitD3DDevice
[2015.12.26-08.16.50:997][920]LogD3D11RHI: InitD3DDevice
[2015.12.26-08.16.51:422][969]LogD3D11RHI: InitD3DDevice
[2015.12.26-08.16.51:711][991]LogD3D11RHI: InitD3DDevice
[2015.12.26-08.16.52:073][ 32]LogD3D11RHI: InitD3DDevice
[2015.12.26-08.16.58:721][687]LogD3D11RHI: InitD3DDevice
[2015.12.26-08.17.31:085][627]LogD3D11RHI: InitD3DDevice
[2015.12.26-08.17.40:087][654]LogD3D11RHI: InitD3DDevice
[2015.12.26-08.17.40:185][654]LogActorComponent: UnregisterComponent: (/Engine/Transient.CharMoveComp) Not registered. Aborting.
[2015.12.26-08.17.40:185][654]LogActorComponent: UnregisterComponent: (/Engine/Transient.RotatingMovement0C812BA34D0DD21FB12D1D9A948423D7) Not registered. Aborting.
[2015.12.26-08.17.40:185][654]LogActorComponent: UnregisterComponent: (/Engine/Transient.RotatingMovementComponent_8) Not registered. Aborting.
[2015.12.26-08.17.40:289][654]LogSavePackage: Save=31.577366ms
[2015.12.26-08.17.40:289][654]LogSavePackage: Moving 'C:/Users/John/Documents/GitHub/spiritrunner/SpiritRunner/Saved/Platforms_Auto6E26513DB4FE0C6921A0BC4B42FA24F06.tmp' to 'C:/Users/John/Documents/GitHub/spiritrunner/SpiritRunner/Saved/Autosaves/Game/SpiritRunner/Maps/Platforms_Auto6.umap'
[2015.12.26-08.17.40:291][654]LogFileHelpers: Editor autosave (incl. sublevels) for '/Game/SpiritRunner/Maps/Platforms' took 0.106
[2015.12.26-08.17.40:291][654]LogFileHelpers: Editor autosave (incl. sublevels) for all levels took 0.106
[2015.12.26-08.25.50:565][165]LogD3D11RHI: InitD3DDevice
[2015.12.26-08.25.50:579][165]LogTexture:Display: Building textures: Texture2D_24 (BGRA8)
[2015.12.26-08.25.50:598][166]Cmd: UpdateLandscapeEditorData
[2015.12.26-08.25.58:688][101]LogEditorViewport: Clicking on Actor (LMB): Landscape (Landscape4)
[2015.12.26-08.26.55:472][143]LogEditorViewport: Clicking on Actor (LMB): Landscape (Landscape4)
[2015.12.26-08.27.42:921][ 19]LogD3D11RHI: InitD3DDevice
[2015.12.26-08.27.43:089][ 37]LogD3D11RHI: InitD3DDevice
[2015.12.26-08.27.43:542][ 81]LogD3D11RHI: InitD3DDevice
[2015.12.26-08.27.43:820][113]LogD3D11RHI: InitD3DDevice
[2015.12.26-08.28.22:351][ 51]LogEditorViewport: Clicking on Actor (LMB): Landscape (Landscape4)
[2015.12.26-08.28.23:019][120]Cmd: EDIT COPY
[2015.12.26-08.28.23:945][211]Cmd: EDIT PASTE
[2015.12.26-08.28.23:957][211]LogTexture:Display: Building textures: Texture2D_25 (BGRA8)
[2015.12.26-08.28.23:960][211]LogTexture:Display: Building textures: Texture2D_26 (BGRA8)
[2015.12.26-08.28.23:996][212]Cmd: UpdateLandscapeEditorData
[2015.12.26-08.28.36:747][475]LogEditorViewport: Clicking on Actor (LMB): Landscape (Landscape4)
[2015.12.26-08.28.54:126][243]LogEditorViewport: Clicking on Actor (LMB): Landscape (Landscape13)
[2015.12.26-08.28.59:675][785]Cmd: EDIT COPY
[2015.12.26-08.29.00:084][806]Cmd: EDIT PASTE
[2015.12.26-08.29.00:090][806]LogTexture:Display: Building textures: Texture2D_27 (BGRA8)
[2015.12.26-08.29.00:091][806]LogTexture:Display: Building textures: Texture2D_28 (BGRA8)
[2015.12.26-08.29.00:114][807]Cmd: UpdateLandscapeEditorData
[2015.12.26-08.29.11:044][846]LogEditorViewport: Clicking on Actor (LMB): Landscape (Landscape13)
[2015.12.26-08.29.22:500][960]LogEditorViewport: Clicking on Actor (LMB): Landscape (Landscape4)
[2015.12.26-08.30.00:512][ 29]LogD3D11RHI: InitD3DDevice
[2015.12.26-08.30.09:512][ 56]LogD3D11RHI: InitD3DDevice
[2015.12.26-08.30.09:606][ 56]LogActorComponent: UnregisterComponent: (/Engine/Transient.CharMoveComp) Not registered. Aborting.
[2015.12.26-08.30.09:606][ 56]LogActorComponent: UnregisterComponent: (/Engine/Transient.RotatingMovement0C812BA34D0DD21FB12D1D9A948423D7) Not registered. Aborting.
[2015.12.26-08.30.09:606][ 56]LogActorComponent: UnregisterComponent: (/Engine/Transient.RotatingMovementComponent_9) Not registered. Aborting.
[2015.12.26-08.30.09:741][ 56]LogSavePackage: Save=39.411674ms
[2015.12.26-08.30.09:741][ 56]LogSavePackage: Moving 'C:/Users/John/Documents/GitHub/spiritrunner/SpiritRunner/Saved/Platforms_Auto7CDA056E04D7871E43EEBE8A5663E5ABF.tmp' to 'C:/Users/John/Documents/GitHub/spiritrunner/SpiritRunner/Saved/Autosaves/Game/SpiritRunner/Maps/Platforms_Auto7.umap'
[2015.12.26-08.30.09:743][ 56]LogFileHelpers: Editor autosave (incl. sublevels) for '/Game/SpiritRunner/Maps/Platforms' took 0.138
[2015.12.26-08.30.09:743][ 56]LogFileHelpers: Editor autosave (incl. sublevels) for all levels took 0.138
[2015.12.26-08.30.09:751][ 57]Cmd: UpdateLandscapeEditorData
[2015.12.26-08.36.07:725][138]LogEditorViewport: Clicking on Actor (LMB): Landscape (Landscape4)
[2015.12.26-08.36.33:576][994]LogD3D11RHI: InitD3DDevice
[2015.12.26-08.36.56:592][532]LogEditorViewport: Clicking on Actor (LMB): Landscape (Landscape13)
[2015.12.26-08.39.05:788][786]LogEditorViewport: Clicking on Actor (LMB): Landscape (Landscape4)
[2015.12.26-08.39.08:884][111]LogEditorViewport: Clicking on Actor (LMB): Landscape (Landscape13)
[2015.12.26-08.39.09:266][142]Cmd: EDIT COPY
[2015.12.26-08.39.09:700][184]Cmd: EDIT PASTE
[2015.12.26-08.39.09:712][184]LogTexture:Display: Building textures: Texture2D_29 (BGRA8)
[2015.12.26-08.39.09:714][184]LogTexture:Display: Building textures: Texture2D_30 (BGRA8)
[2015.12.26-08.39.09:776][185]Cmd: UpdateLandscapeEditorData
[2015.12.26-08.39.24:950][698]LogLinker:Warning: Can't find file '/Game/UE4_Mannequin/Mesh/UE4_Mannequin'
[2015.12.26-08.39.24:965][698]LogLinker:Warning: Can't find file '/Game/UE4_Mannequin/Mesh/UE4_Mannequin'
[2015.12.26-08.39.24:965][698]LogLinker:Warning: Can't find file '/Game/UE4_Mannequin/Mesh/UE4_Mannequin'
[2015.12.26-08.39.24:965][698]LogUObjectGlobals:Warning: Failed to find object 'SkeletalMesh /Game/UE4_Mannequin/Mesh/UE4_Mannequin.UE4_Mannequin'
[2015.12.26-08.39.24:973][699]LogLinker:Warning: Can't find file '/Game/UE4_Mannequin/Mesh/UE4_Mannequin'
[2015.12.26-08.39.24:973][699]LogLinker:Warning: Can't find file '/Game/UE4_Mannequin/Mesh/UE4_Mannequin'
[2015.12.26-08.39.24:973][699]LogLinker:Warning: Can't find file '/Game/UE4_Mannequin/Mesh/UE4_Mannequin'
[2015.12.26-08.39.24:973][699]LogUObjectGlobals:Warning: Failed to find object 'SkeletalMesh /Game/UE4_Mannequin/Mesh/UE4_Mannequin.UE4_Mannequin'
[2015.12.26-08.39.24:973][699]LogLinker:Warning: Can't find file '/Game/UE4_Mannequin/Mesh/UE4_Mannequin'
[2015.12.26-08.39.24:974][699]LogLinker:Warning: Can't find file '/Game/UE4_Mannequin/Mesh/UE4_Mannequin'
[2015.12.26-08.39.24:974][699]LogLinker:Warning: Can't find file '/Game/UE4_Mannequin/Mesh/UE4_Mannequin'
[2015.12.26-08.39.24:974][699]LogUObjectGlobals:Warning: Failed to find object 'SkeletalMesh /Game/UE4_Mannequin/Mesh/UE4_Mannequin.UE4_Mannequin'
[2015.12.26-08.39.24:974][699]LogLinker:Warning: Can't find file '/Game/UE4_Mannequin/Mesh/UE4_Mannequin'
[2015.12.26-08.39.24:974][699]LogLinker:Warning: Can't find file '/Game/UE4_Mannequin/Mesh/UE4_Mannequin'
[2015.12.26-08.39.24:974][699]LogLinker:Warning: Can't find file '/Game/UE4_Mannequin/Mesh/UE4_Mannequin'
[2015.12.26-08.39.24:974][699]LogUObjectGlobals:Warning: Failed to find object 'SkeletalMesh /Game/UE4_Mannequin/Mesh/UE4_Mannequin.UE4_Mannequin'
[2015.12.26-08.39.24:974][699]LogLinker:Warning: Can't find file '/Game/UE4_Mannequin/Mesh/UE4_Mannequin'
[2015.12.26-08.39.24:974][699]LogLinker:Warning: Can't find file '/Game/UE4_Mannequin/Mesh/UE4_Mannequin'
[2015.12.26-08.39.24:975][699]LogLinker:Warning: Can't find file '/Game/UE4_Mannequin/Mesh/UE4_Mannequin'
[2015.12.26-08.39.24:975][699]LogUObjectGlobals:Warning: Failed to find object 'SkeletalMesh /Game/UE4_Mannequin/Mesh/UE4_Mannequin.UE4_Mannequin'
[2015.12.26-08.39.24:976][699]LogLinker:Warning: Can't find file '/Game/UE4_Mannequin/Mesh/UE4_Mannequin'
[2015.12.26-08.39.24:976][699]LogLinker:Warning: Can't find file '/Game/UE4_Mannequin/Mesh/UE4_Mannequin'
[2015.12.26-08.39.24:976][699]LogLinker:Warning: Can't find file '/Game/UE4_Mannequin/Mesh/UE4_Mannequin'
[2015.12.26-08.39.24:976][699]LogUObjectGlobals:Warning: Failed to find object 'SkeletalMesh /Game/UE4_Mannequin/Mesh/UE4_Mannequin.UE4_Mannequin'
[2015.12.26-08.39.24:976][699]LogLinker:Warning: Can't find file '/Game/UE4_Mannequin/Mesh/UE4_Mannequin'
[2015.12.26-08.39.24:976][699]LogLinker:Warning: Can't find file '/Game/UE4_Mannequin/Mesh/UE4_Mannequin'
[2015.12.26-08.39.24:977][699]LogLinker:Warning: Can't find file '/Game/UE4_Mannequin/Mesh/UE4_Mannequin'
[2015.12.26-08.39.24:977][699]LogUObjectGlobals:Warning: Failed to find object 'SkeletalMesh /Game/UE4_Mannequin/Mesh/UE4_Mannequin.UE4_Mannequin'
[2015.12.26-08.39.24:978][699]LogLinker:Warning: Can't find file '/Game/UE4_Mannequin/Mesh/UE4_Mannequin'
[2015.12.26-08.39.24:978][699]LogLinker:Warning: Can't find file '/Game/UE4_Mannequin/Mesh/UE4_Mannequin'
[2015.12.26-08.39.24:978][699]LogLinker:Warning: Can't find file '/Game/UE4_Mannequin/Mesh/UE4_Mannequin'
[2015.12.26-08.39.24:978][699]LogUObjectGlobals:Warning: Failed to find object 'SkeletalMesh /Game/UE4_Mannequin/Mesh/UE4_Mannequin.UE4_Mannequin'
[2015.12.26-08.39.40:982][187]LogD3D11RHI: InitD3DDevice
[2015.12.26-08.39.41:079][187]LogActorFactory: Actor Factory created FINALbrokenbridge1
[2015.12.26-08.39.41:102][187]LogActorFactory: Actor Factory created FINALbrokenbridge1
[2015.12.26-08.39.43:592][422]LogD3D11RHI: InitD3DDevice
[2015.12.26-08.39.43:721][434]LogActorFactory: Actor Factory created FINALbrokenbridge1
[2015.12.26-08.39.44:579][523]LogActorFactory: Actor Factory created FINALbrokenbridge1
[2015.12.26-08.39.47:137][784]Cmd: TRANSACTION UNDO
[2015.12.26-08.39.47:137][784]LogEditorTransaction: Undo Create Actors
[2015.12.26-08.39.47:205][784]LogD3D11RHI: InitD3DDevice
[2015.12.26-08.39.47:888][835]Cmd: TRANSACTION UNDO
[2015.12.26-08.39.47:888][835]LogEditorTransaction: Undo Create Actors
[2015.12.26-08.39.52:615][300]LogD3D11RHI: InitD3DDevice
[2015.12.26-08.39.52:730][313]LogActorFactory: Actor Factory created FINALbrokenbridge1
[2015.12.26-08.39.53:381][378]LogActorFactory: Actor Factory created FINALbrokenbridge1
[2015.12.26-08.40.11:050][126]LogEditorViewport: Clicking on Actor (LMB): StaticMeshActor (FINALbrokenbridge1)
[2015.12.26-08.41.56:217][870]LogD3D11RHI: InitD3DDevice
[2015.12.26-08.42.05:218][897]LogD3D11RHI: InitD3DDevice
[2015.12.26-08.42.05:372][897]LogActorComponent: UnregisterComponent: (/Engine/Transient.CharMoveComp) Not registered. Aborting.
[2015.12.26-08.42.05:373][897]LogActorComponent: UnregisterComponent: (/Engine/Transient.RotatingMovement0C812BA34D0DD21FB12D1D9A948423D7) Not registered. Aborting.
[2015.12.26-08.42.05:373][897]LogActorComponent: UnregisterComponent: (/Engine/Transient.RotatingMovementComponent_10) Not registered. Aborting.
[2015.12.26-08.42.05:449][897]LogTexture:Display: Building textures: Texture2D_25 (BGRA8)
[2015.12.26-08.42.05:450][897]LogTexture:Display: Building textures: Texture2D_26 (BGRA8)
[2015.12.26-08.42.05:490][897]LogSavePackage: Save=42.137032ms
[2015.12.26-08.42.05:490][897]LogSavePackage: Moving 'C:/Users/John/Documents/GitHub/spiritrunner/SpiritRunner/Saved/Platforms_Auto8E40BE4424A60DFFC3534C290AAA3E3F2.tmp' to 'C:/Users/John/Documents/GitHub/spiritrunner/SpiritRunner/Saved/Autosaves/Game/SpiritRunner/Maps/Platforms_Auto8.umap'
[2015.12.26-08.42.05:492][897]LogFileHelpers: Editor autosave (incl. sublevels) for '/Game/SpiritRunner/Maps/Platforms' took 0.120
[2015.12.26-08.42.05:492][897]LogFileHelpers: Editor autosave (incl. sublevels) for all levels took 0.120
[2015.12.26-08.42.54:779][ 25]LogEditorViewport: Clicking on Actor (LMB): Landscape (Landscape13)
[2015.12.26-08.42.55:500][ 97]LogEditorViewport: Clicking on Actor (LMB): StaticMeshActor (FINALbrokenbridge1)
[2015.12.26-08.43.00:241][551]LogD3D11RHI: InitD3DDevice
[2015.12.26-08.43.00:388][568]LogActorFactory: Actor Factory created FINALbrokenbridge2
[2015.12.26-08.43.01:880][704]LogActorFactory: Actor Factory created FINALbrokenbridge2
[2015.12.26-08.43.03:914][901]LogEditorViewport: Clicking on Actor (LMB): StaticMeshActor (FINALbrokenbridge1)
[2015.12.26-08.43.09:822][446]LogEditorViewport: Clicking on Actor (LMB): StaticMeshActor (FINALbrokenbridge2)
[2015.12.26-08.43.11:883][651]LogEditorViewport: Clicking on Actor (LMB): StaticMeshActor (FINALbrokenbridge1)
[2015.12.26-08.43.14:963][946]LogEditorViewport: Clicking on Actor (LMB): StaticMeshActor (FINALbrokenbridge2)
[2015.12.26-08.43.20:774][517]LogEditorViewport: Clicking on Actor (LMB): BP_Sky_Sphere_C (Sky Sphere)
[2015.12.26-08.43.25:757][  6]LogEditorViewport: Clicking on Actor (LMB): StaticMeshActor (FINALbrokenbridge2)
[2015.12.26-08.44.15:683][812]LogEditorViewport: Clicking on Actor (LMB): StaticMeshActor (FINALbrokenbridge1)
[2015.12.26-08.44.25:914][798]LogEditorViewport: Clicking on Actor (LMB): StaticMeshActor (FINALbrokenbridge2)
[2015.12.26-08.44.47:736][982]LogEditorViewport: Clicking on Actor (LMB): Landscape (Landscape4)
[2015.12.26-08.44.50:307][233]LogEditorViewport: Clicking on Actor (LMB): Landscape (Landscape15)
[2015.12.26-08.44.56:658][828]LogEditorViewport: Clicking on Actor (LMB): StaticMeshActor (FINALbrokenbridge2)
[2015.12.26-08.45.31:572][351]LogD3D11RHI: InitD3DDevice
[2015.12.26-08.45.35:564][765]LogD3D11RHI: InitD3DDevice
[2015.12.26-08.45.37:120][923]LogD3D11RHI: InitD3DDevice
[2015.12.26-08.45.45:716][815]Cmd: TRANSACTION UNDO
[2015.12.26-08.45.45:716][815]LogEditorTransaction: Undo Landscape Editing: Flatten
[2015.12.26-08.45.45:718][815]LogTexture:Display: Building textures: Texture2D_25 (BGRA8)
[2015.12.26-08.45.45:718][815]LogTexture:Display: Building textures: Texture2D_26 (BGRA8)
[2015.12.26-08.45.45:722][815]LogD3D11RHI: InitD3DDevice
[2015.12.26-08.45.46:467][876]Cmd: TRANSACTION UNDO
[2015.12.26-08.45.46:467][876]LogEditorTransaction: Undo Landscape Editing: Flatten
[2015.12.26-08.46.43:204][762]LogEditorViewport: Clicking on Actor (LMB): StaticMeshActor (FINALbrokenbridge1)
[2015.12.26-08.46.52:316][669]LogEditorViewport: Clicking on Actor (LMB): StaticMeshActor (FINALbrokenbridge2)
[2015.12.26-08.47.11:653][593]LogD3D11RHI: InitD3DDevice
[2015.12.26-08.47.27:086][141]LogEditorViewport: Clicking on Actor (LMB): Landscape (Landscape15)
[2015.12.26-08.47.45:238][921]LogEditorViewport: Clicking on Actor (LMB): Landscape (Landscape4)
[2015.12.26-08.48.09:478][307]LogEditorViewport: Clicking on Actor (LMB): Landscape (Landscape15)
[2015.12.26-08.51.57:209][494]LogD3D11RHI: InitD3DDevice
[2015.12.26-08.52.06:207][521]LogD3D11RHI: InitD3DDevice
[2015.12.26-08.52.06:406][521]LogTexture:Display: Building textures: Texture2D_29 (BGRA8)
[2015.12.26-08.52.06:406][521]LogTexture:Display: Building textures: Texture2D_30 (BGRA8)
[2015.12.26-08.52.06:407][521]LogTexture:Display: Building textures: Texture2D_25 (BGRA8)
[2015.12.26-08.52.06:408][521]LogTexture:Display: Building textures: Texture2D_26 (BGRA8)
[2015.12.26-08.52.06:444][521]LogSavePackage: Save=39.493340ms
[2015.12.26-08.52.06:444][521]LogSavePackage: Moving 'C:/Users/John/Documents/GitHub/spiritrunner/SpiritRunner/Saved/Platforms_Auto90851D2A5415B7A6052D5EB8FD046F3C3.tmp' to 'C:/Users/John/Documents/GitHub/spiritrunner/SpiritRunner/Saved/Autosaves/Game/SpiritRunner/Maps/Platforms_Auto9.umap'
[2015.12.26-08.52.06:446][521]LogFileHelpers: Editor autosave (incl. sublevels) for '/Game/SpiritRunner/Maps/Platforms' took 0.114
[2015.12.26-08.52.06:446][521]LogFileHelpers: Editor autosave (incl. sublevels) for all levels took 0.114
[2015.12.26-08.54.30:456][768]LogEditorViewport: Clicking on Actor (LMB): Landscape (Landscape4)
[2015.12.26-08.59.29:438][  8]LogD3D11RHI: InitD3DDevice
[2015.12.26-08.59.32:333][330]LogD3D11RHI: InitD3DDevice
[2015.12.26-08.59.35:606][696]LogD3D11RHI: InitD3DDevice
[2015.12.26-08.59.40:702][245]LogEditorViewport: Clicking on Actor (LMB): Landscape (Landscape15)
[2015.12.26-08.59.49:754][199]Cmd: TRANSACTION UNDO
[2015.12.26-08.59.49:754][199]LogEditorTransaction: Undo Landscape Editing: Flatten
[2015.12.26-08.59.49:756][199]LogTexture:Display: Building textures: Texture2D_30 (BGRA8)
[2015.12.26-08.59.49:756][199]LogTexture:Display: Building textures: Texture2D_29 (BGRA8)
[2015.12.26-08.59.49:760][199]PIE:Warning: Warning AttachTo: '/Game/SpiritRunner/Maps/Platforms.Platforms:PersistentLevel.LandscapeGizmoActiveActor_3.GizmoRendererComponent0' is not static , cannot attach '/Game/SpiritRunner/Maps/Platforms.Platforms:PersistentLevel.LandscapeGizmoActiveActor_3.RootComponent0' which is static to it. Aborting.
[2015.12.26-08.59.49:762][199]LogD3D11RHI: InitD3DDevice
[2015.12.26-09.01.57:897][559]LogD3D11RHI: InitD3DDevice
[2015.12.26-09.02.06:896][586]LogD3D11RHI: InitD3DDevice
[2015.12.26-09.02.07:243][586]LogSavePackage: Save=39.027164ms
[2015.12.26-09.02.07:243][586]LogSavePackage: Moving 'C:/Users/John/Documents/GitHub/spiritrunner/SpiritRunner/Saved/Platforms_Auto0346229D04DC3F91541EE13B4E4699D05.tmp' to 'C:/Users/John/Documents/GitHub/spiritrunner/SpiritRunner/Saved/Autosaves/Game/SpiritRunner/Maps/Platforms_Auto0.umap'
[2015.12.26-09.02.07:245][586]LogFileHelpers: Editor autosave (incl. sublevels) for '/Game/SpiritRunner/Maps/Platforms' took 0.116
[2015.12.26-09.02.07:245][586]LogFileHelpers: Editor autosave (incl. sublevels) for all levels took 0.116
[2015.12.26-09.03.03:944][429]Cmd: TRANSACTION UNDO
[2015.12.26-09.03.03:944][429]LogEditorTransaction: Undo Landscape Editing: Flatten
[2015.12.26-09.03.03:947][429]LogTexture:Display: Building textures: Texture2D_30 (BGRA8)
[2015.12.26-09.03.03:948][429]LogTexture:Display: Building textures: Texture2D_29 (BGRA8)
[2015.12.26-09.03.03:954][429]PIE:Warning: Warning AttachTo: '/Game/SpiritRunner/Maps/Platforms.Platforms:PersistentLevel.LandscapeGizmoActiveActor_3.GizmoRendererComponent0' is not static , cannot attach '/Game/SpiritRunner/Maps/Platforms.Platforms:PersistentLevel.LandscapeGizmoActiveActor_3.RootComponent0' which is static to it. Aborting.
[2015.12.26-09.03.03:957][429]LogD3D11RHI: InitD3DDevice
[2015.12.26-09.03.19:256][ 85]Cmd: TRANSACTION UNDO
[2015.12.26-09.03.19:256][ 85]LogEditorTransaction: Undo Landscape Editing: Flatten
[2015.12.26-09.03.19:265][ 85]LogTexture:Display: Building textures: Texture2D_29 (BGRA8)
[2015.12.26-09.03.19:268][ 85]LogTexture:Display: Building textures: Texture2D_30 (BGRA8)
[2015.12.26-09.03.19:284][ 85]PIE:Warning: Warning AttachTo: '/Game/SpiritRunner/Maps/Platforms.Platforms:PersistentLevel.LandscapeGizmoActiveActor_3.GizmoRendererComponent0' is not static , cannot attach '/Game/SpiritRunner/Maps/Platforms.Platforms:PersistentLevel.LandscapeGizmoActiveActor_3.RootComponent0' which is static to it. Aborting.
[2015.12.26-09.03.19:291][ 85]LogD3D11RHI: InitD3DDevice
[2015.12.26-09.03.29:482][164]Cmd: TRANSACTION UNDO
[2015.12.26-09.03.29:482][164]LogEditorTransaction: Undo Landscape Editing: Flatten
[2015.12.26-09.03.29:488][164]PIE:Warning: Warning AttachTo: '/Game/SpiritRunner/Maps/Platforms.Platforms:PersistentLevel.LandscapeGizmoActiveActor_3.GizmoRendererComponent0' is not static , cannot attach '/Game/SpiritRunner/Maps/Platforms.Platforms:PersistentLevel.LandscapeGizmoActiveActor_3.RootComponent0' which is static to it. Aborting.
[2015.12.26-09.03.29:490][164]LogD3D11RHI: InitD3DDevice
[2015.12.26-09.03.32:698][490]Cmd: TRANSACTION UNDO
[2015.12.26-09.03.32:698][490]LogEditorTransaction: Undo Landscape Editing: Flatten
[2015.12.26-09.03.32:710][490]PIE:Warning: Warning AttachTo: '/Game/SpiritRunner/Maps/Platforms.Platforms:PersistentLevel.LandscapeGizmoActiveActor_3.GizmoRendererComponent0' is not static , cannot attach '/Game/SpiritRunner/Maps/Platforms.Platforms:PersistentLevel.LandscapeGizmoActiveActor_3.RootComponent0' which is static to it. Aborting.
[2015.12.26-09.03.32:715][490]LogD3D11RHI: InitD3DDevice
[2015.12.26-09.03.51:686][513]Cmd: TRANSACTION UNDO
[2015.12.26-09.03.51:686][513]LogEditorTransaction: Undo Landscape Editing: Flatten
[2015.12.26-09.03.51:688][513]LogTexture:Display: Building textures: Texture2D_29 (BGRA8)
[2015.12.26-09.03.51:689][513]LogTexture:Display: Building textures: Texture2D_30 (BGRA8)
[2015.12.26-09.03.51:692][513]PIE:Warning: Warning AttachTo: '/Game/SpiritRunner/Maps/Platforms.Platforms:PersistentLevel.LandscapeGizmoActiveActor_3.GizmoRendererComponent0' is not static , cannot attach '/Game/SpiritRunner/Maps/Platforms.Platforms:PersistentLevel.LandscapeGizmoActiveActor_3.RootComponent0' which is static to it. Aborting.
[2015.12.26-09.03.51:694][513]LogD3D11RHI: InitD3DDevice
[2015.12.26-09.04.34:317][ 32]LogEditorViewport: Clicking on Actor (LMB): StaticMeshActor (FINALbrokenbridge1)
[2015.12.26-09.04.34:892][ 86]LogEditorViewport: Clicking on Actor (CTRL LMB): Landscape (Landscape13)
[2015.12.26-09.04.45:166][159]LogEditorViewport: Clicking on Actor (context menu): StaticMeshActor (FINALbrokenbridge1)
[2015.12.26-09.04.45:248][159]LogD3D11RHI: InitD3DDevice
[2015.12.26-09.04.47:592][412]LogD3D11RHI: InitD3DDevice
[2015.12.26-09.04.51:783][847]LogEditorViewport: Clicking on Actor (LMB): Landscape (Landscape15)
[2015.12.26-09.04.52:649][910]LogEditorViewport: Clicking on Actor (CTRL LMB): StaticMeshActor (FINALbrokenbridge2)
[2015.12.26-09.04.53:039][945]LogEditorViewport: Clicking on Actor (context menu): StaticMeshActor (FINALbrokenbridge2)
[2015.12.26-09.04.53:048][945]LogD3D11RHI: InitD3DDevice
[2015.12.26-09.04.53:692][  8]LogD3D11RHI: InitD3DDevice
[2015.12.26-09.04.56:451][311]LogEditorViewport: Clicking on Actor (LMB): BP_Sky_Sphere_C (Sky Sphere)
[2015.12.26-09.04.56:899][351]LogEditorViewport: Clicking on Actor (LMB): Landscape (Landscape15)
[2015.12.26-09.05.08:603][550]Cmd: TRANSACTION UNDO
[2015.12.26-09.05.08:604][550]LogEditorTransaction: Undo Clicking on Actors
[2015.12.26-09.05.08:624][550]LogD3D11RHI: InitD3DDevice
[2015.12.26-09.05.09:619][627]Cmd: TRANSACTION UNDO
[2015.12.26-09.05.09:619][627]LogEditorTransaction: Undo Clicking on Actors
[2015.12.26-09.05.10:593][730]Cmd: TRANSACTION UNDO
[2015.12.26-09.05.10:594][730]LogEditorTransaction: Undo Regroup Ctrl+G
[2015.12.26-09.05.10:625][731]Cmd: UpdateLandscapeEditorData
[2015.12.26-09.05.11:213][789]Cmd: TRANSACTION UNDO
[2015.12.26-09.05.11:213][789]LogEditorTransaction: Undo Clicking on Actors (context menu)
[2015.12.26-09.05.11:735][840]Cmd: TRANSACTION UNDO
[2015.12.26-09.05.11:735][840]LogEditorTransaction: Undo Clicking on Actors
[2015.12.26-09.05.12:894][958]Cmd: TRANSACTION UNDO
[2015.12.26-09.05.12:894][958]LogEditorTransaction: Undo Clicking on Actors
[2015.12.26-09.05.13:638][ 34]Cmd: TRANSACTION UNDO
[2015.12.26-09.05.13:638][ 34]LogEditorTransaction: Undo Regroup Ctrl+G
[2015.12.26-09.05.13:652][ 35]Cmd: UpdateLandscapeEditorData
[2015.12.26-09.05.14:330][108]Cmd: TRANSACTION UNDO
[2015.12.26-09.05.14:330][108]LogEditorTransaction: Undo Clicking on Actors (context menu)
[2015.12.26-09.05.20:626][754]LogD3D11RHI: InitD3DDevice
[2015.12.26-09.05.20:892][754]LogTexture:Display: Building textures: Texture2D_29 (BGRA8)
[2015.12.26-09.05.20:892][754]LogTexture:Display: Building textures: Texture2D_30 (BGRA8)
[2015.12.26-09.05.20:928][754]LogSavePackage: Save=41.414349ms
[2015.12.26-09.05.20:928][754]LogSavePackage: Moving 'C:/Users/John/Documents/GitHub/spiritrunner/SpiritRunner/Saved/PlatformsC369727E45E3DDF05F2EBBB2876A68FF.tmp' to 'C:/Users/John/Documents/GitHub/spiritrunner/SpiritRunner/Content/SpiritRunner/Maps/Platforms.umap'
[2015.12.26-09.05.20:949][754]LogFileHelpers: Saving map 'Platforms' took 0.304
[2015.12.26-09.06.28:317][553]LogD3D11RHI: InitD3DDevice
[2015.12.26-09.06.34:885][281]LogEditorViewport: Clicking on Actor (LMB): Landscape (Landscape15)
[2015.12.26-09.06.51:798][ 54]Cmd: TRANSACTION UNDO
[2015.12.26-09.06.51:798][ 54]LogEditorTransaction: Undo Landscape Editing: Flatten
[2015.12.26-09.06.51:803][ 54]PIE:Warning: Warning AttachTo: '/Game/SpiritRunner/Maps/Platforms.Platforms:PersistentLevel.LandscapeGizmoActiveActor_3.GizmoRendererComponent0' is not static , cannot attach '/Game/SpiritRunner/Maps/Platforms.Platforms:Pers