[2016.01.02-07.46.50:222][  0]Log file open, 01/01/16 23:46:50
[2016.01.02-07.46.50:222][  0]LogInit:Display: Running engine for game: SpiritRunner
[2016.01.02-07.46.50:222][  0]LogInit:Display: RandInit(804390793) SRandInit(804390794).
[2016.01.02-07.46.50:222][  0]LogTaskGraph: Started task graph with 4 named threads and 7 total threads.
[2016.01.02-07.46.50:222][  0]LogStats: Stats thread started
[2016.01.02-07.46.50:222][  0]LogInit: Version: 4.8.3-2634408+++depot+UE4-Releases+4.8
[2016.01.02-07.46.50:222][  0]LogInit: API Version: 2579680
[2016.01.02-07.46.50:222][  0]LogInit: Compiled (64-bit): Jul 27 2015 16:24:33
[2016.01.02-07.46.50:222][  0]LogInit: Compiled with Visual C++: 18.00.21005.01
[2016.01.02-07.46.50:222][  0]LogInit: Build Configuration: Development
[2016.01.02-07.46.50:222][  0]LogInit: Branch Name: ++depot+UE4-Releases+4.8
[2016.01.02-07.46.50:222][  0]LogInit: Command line: 
[2016.01.02-07.46.50:222][  0]LogInit: Base directory: G:/Programs/Epic Games/4.8/Engine/Binaries/Win64/
[2016.01.02-07.46.50:222][  0]LogInit: Rocket: 1
[2016.01.02-07.46.50:237][  0]LogInit: Using libcurl 7.41.0
[2016.01.02-07.46.50:237][  0]LogInit:  - built for x86_64-pc-win32
[2016.01.02-07.46.50:237][  0]LogInit:  - supports SSL with WinSSL
[2016.01.02-07.46.50:237][  0]LogInit:  - other features:
[2016.01.02-07.46.50:237][  0]LogInit:      CURL_VERSION_SSL
[2016.01.02-07.46.50:237][  0]LogInit:      CURL_VERSION_IPV6
[2016.01.02-07.46.50:237][  0]LogInit:      CURL_VERSION_ASYNCHDNS
[2016.01.02-07.46.50:237][  0]LogInit:      CURL_VERSION_LARGEFILE
[2016.01.02-07.46.50:237][  0]LogInit:      CURL_VERSION_IDN
[2016.01.02-07.46.50:237][  0]LogInit:  CurlRequestOptions (configurable via config and command line):
[2016.01.02-07.46.50:237][  0]LogInit:  - bVerifyPeer = true  - Libcurl will verify peer certificate
[2016.01.02-07.46.50:237][  0]LogInit:  - bUseHttpProxy = false  - Libcurl will NOT use HTTP proxy
[2016.01.02-07.46.50:237][  0]LogInit:  - bDontReuseConnections = false  - Libcurl will reuse connections
[2016.01.02-07.46.50:237][  0]LogInit:  - CertBundlePath = nullptr  - Libcurl will use whatever was configured at build time.
[2016.01.02-07.46.50:294][  0]LogOnline:Warning: No default platform service specified for OnlineSubsystem
[2016.01.02-07.46.50:348][  0]LogInit: Presizing for 0 objects not considered by GC, pre-allocating 0 bytes.
[2016.01.02-07.46.50:362][  0]LogInit: Object subsystem initialized
[2016.01.02-07.46.50:363][  0]LogConsoleResponse:Warning: Skipping Unknown console variable: 'TranslucentSortAxis = (X=0.000000,Y=-1.000000,Z=0.000000)'
[2016.01.02-07.46.50:363][  0]LogConsoleResponse:Warning:   Found in ini file 'C:/Users/John/Documents/GitHub/spiritrunner/SpiritRunner/Saved/Config/Windows/Engine.ini', in section '[/Script/Engine.RendererSettings]'
[2016.01.02-07.46.50:364][  0]LogConsoleResponse:Warning: Skipping Unknown console variable: 'UIScaleRule = ShortestSide'
[2016.01.02-07.46.50:364][  0]LogConsoleResponse:Warning:   Found in ini file 'C:/Users/John/Documents/GitHub/spiritrunner/SpiritRunner/Saved/Config/Windows/Engine.ini', in section '[/Script/Engine.RendererSettings]'
[2016.01.02-07.46.50:364][  0]LogConsoleResponse:Warning: Skipping Unknown console variable: 'UIScaleCurve = (EditorCurveData=(Keys=),ExternalCurve=None)'
[2016.01.02-07.46.50:364][  0]LogConsoleResponse:Warning:   Found in ini file 'C:/Users/John/Documents/GitHub/spiritrunner/SpiritRunner/Saved/Config/Windows/Engine.ini', in section '[/Script/Engine.RendererSettings]'
[2016.01.02-07.46.50:364][  0]LogInit: Selected Device Profile: [Windows]
[2016.01.02-07.46.50:364][  0]LogInit: Applying CVar settings loaded from the selected device profile: [Windows]
[2016.01.02-07.46.50:375][  0]LogInit: Computer: JOHN-PC
[2016.01.02-07.46.50:375][  0]LogInit: User: John
[2016.01.02-07.46.50:375][  0]LogInit: CPU Page size=4096, Cores=4
[2016.01.02-07.46.50:375][  0]LogInit: High frequency timer resolution =3.906269 MHz
[2016.01.02-07.46.50:375][  0]LogMemory: Memory total: Physical=7.9GB (8GB approx)
[2016.01.02-07.46.50:375][  0]LogMemory: Platform Memory Stats for Windows
[2016.01.02-07.46.50:375][  0]LogMemory: Process Physical Memory: 50.62 MB used, 50.62 MB peak
[2016.01.02-07.46.50:375][  0]LogMemory: Process Virtual Memory: 24.42 MB used, 24.42 MB peak
[2016.01.02-07.46.50:375][  0]LogMemory: Physical Memory: 2957.89 MB used, 8108.02 MB total
[2016.01.02-07.46.50:375][  0]LogMemory: Virtual Memory: 283.25 MB used, 8388608.00 MB total
[2016.01.02-07.46.50:424][  0]LogTextLocalizationManager: The requested culture ('en_US') has no localization data; parent culture's ('en') localization data will be used.
[2016.01.02-07.46.50:670][  0]LogTextLocalizationManager:Warning: Loaded localization resources contain conflicting entries for (Namespace:ContentBrowser, Key:ImportAssetToolTip):
Localization Resource: (G:/Programs/Epic Games/4.8/Engine/Content/Localization/Editor/en/Editor.locres) Source String Hash: (-630476809) Localized String: (Import to {0}...)
Localization Resource: (G:/Programs/Epic Games/4.8/Engine/Content/Localization/Editor/en/Editor.locres) Source String Hash: (1271782899) Localized String: (Imports an asset from file to this folder.)
[2016.01.02-07.46.51:142][  0]LogD3D11RHI: Found D3D11 adapter 0: NVIDIA GeForce GTX 970 (Feature Level 11_0)
[2016.01.02-07.46.51:142][  0]LogD3D11RHI: Adapter has 4008MB of dedicated video memory, 0MB of dedicated system memory, and 3798MB of shared system memory, 1 output[s]
[2016.01.02-07.46.51:149][  0]LogD3D11RHI: Found D3D11 adapter 1: Intel(R) HD Graphics 4600 (Feature Level 11_0)
[2016.01.02-07.46.51:149][  0]LogD3D11RHI: Adapter has 64MB of dedicated video memory, 0MB of dedicated system memory, and 1632MB of shared system memory, 0 output[s]
[2016.01.02-07.46.51:149][  0]LogD3D11RHI: Chosen D3D11 Adapter Id = 0
[2016.01.02-07.46.51:158][  0]LogD3D11RHI: InitD3DDevice
[2016.01.02-07.46.51:158][  0]LogD3D11RHI: !Direct3DDevice
[2016.01.02-07.46.51:158][  0]LogRHI: Texture pool is 1361 MB (70% of 1945 MB)
[2016.01.02-07.46.51:168][  0]LogD3D11RHI: Async texture creation enabled
[2016.01.02-07.46.51:182][  0]LogShaderCompilers:Display: Using Local Shader Compiler.
[2016.01.02-07.46.52:236][  0]LogTemp:Display: Loaded TP DesktopTargetPlatform
[2016.01.02-07.46.52:250][  0]LogTemp:Display: Loaded TP WindowsClientTargetPlatform
[2016.01.02-07.46.52:263][  0]LogTemp:Display: Loaded TP WindowsNoEditorTargetPlatform
[2016.01.02-07.46.52:276][  0]LogTemp:Display: Loaded TP WindowsServerTargetPlatform
[2016.01.02-07.46.52:291][  0]LogTemp:Display: Loaded TP WindowsTargetPlatform
[2016.01.02-07.46.52:302][  0]LogTemp:Display: Loaded TP AndroidTargetPlatform
[2016.01.02-07.46.52:313][  0]LogTemp:Display: Loaded TP Android_ASTCTargetPlatform
[2016.01.02-07.46.52:324][  0]LogTemp:Display: Loaded TP Android_ATCTargetPlatform
[2016.01.02-07.46.52:335][  0]LogTemp:Display: Loaded TP Android_DXTTargetPlatform
[2016.01.02-07.46.52:347][  0]LogTemp:Display: Loaded TP Android_ETC1TargetPlatform
[2016.01.02-07.46.52:357][  0]LogTemp:Display: Loaded TP Android_ETC2TargetPlatform
[2016.01.02-07.46.52:369][  0]LogTemp:Display: Loaded TP Android_PVRTCTargetPlatform
[2016.01.02-07.46.52:414][  0]LogTemp:Display: Loaded TP IOSTargetPlatform
[2016.01.02-07.46.52:424][  0]LogTemp:Display: Loaded TP LinuxNoEditorTargetPlatform
[2016.01.02-07.46.52:435][  0]LogTemp:Display: Loaded TP LinuxServerTargetPlatform
[2016.01.02-07.46.52:447][  0]LogTemp:Display: Loaded TP LinuxTargetPlatform
[2016.01.02-07.46.52:447][  0]LogTargetPlatformManager:Display: Building Assets For Windows
[2016.01.02-07.46.52:783][  0]LogDerivedDataCache:Display: Max Cache Size: 512 MB
[2016.01.02-07.46.52:836][  0]LogDerivedDataCache: Loaded boot cache 0.05s 53MB C:/Users/John/AppData/Local/UnrealEngine/4.8/DerivedDataCache/Boot.ddc.
[2016.01.02-07.46.52:836][  0]LogDerivedDataCache:Display: Loaded Boot cache: C:/Users/John/AppData/Local/UnrealEngine/4.8/DerivedDataCache/Boot.ddc
[2016.01.02-07.46.52:837][  0]LogDerivedDataCache: FDerivedDataBackendGraph:  Pak pak cache file C:/Users/John/Documents/GitHub/spiritrunner/SpiritRunner/DerivedDataCache/DDC.ddp not found, will not use a pak cache.
[2016.01.02-07.46.52:837][  0]LogDerivedDataCache: Unable to find inner node Pak for hierarchical cache Hierarchy.
[2016.01.02-07.46.52:837][  0]LogDerivedDataCache: FDerivedDataBackendGraph:  CompressedPak pak cache file C:/Users/John/Documents/GitHub/spiritrunner/SpiritRunner/DerivedDataCache/Compressed.ddp not found, will not use a pak cache.
[2016.01.02-07.46.52:837][  0]LogDerivedDataCache: Unable to find inner node CompressedPak for hierarchical cache Hierarchy.
[2016.01.02-07.46.52:957][  0]LogDerivedDataCache:Display: Pak cache opened for reading ../../../Engine/DerivedDataCache/Compressed.ddp.
[2016.01.02-07.46.52:968][  0]LogDerivedDataCache: Using Local data cache path C:/Users/John/AppData/Local/UnrealEngine/Common/DerivedDataCache: Writable
[2016.01.02-07.46.53:113][  0]LogInit: Selected Device Profile: [Windows]
[2016.01.02-07.46.53:118][  0]ImportText (ComponentSweepMultiTests): Missing closing parenthesis: (RootShapeAsset="/Engine/BasicShapes/Cube.Cube",ShapeType="TriggerCapsule",HitResult=(Time=0.50,Location=(X=-100.000015,Y=0.0,Z=100.000015),ImpactPoint=(X=-50.0,Y=0.0,Z=50.0),Normal=(X=-1.0,Y=-0.0,Z=0.0),ImpactNormal=(X=0.0,Y=0.0,Z=1.0),TraceStart=(X=-200.0,Y=0.0,Z=200.0),TraceEnd=(X=0.0,Y=0.0,Z=0.0))
[2016.01.02-07.46.53:119][  0]ImportText (LineTraceSingleByChannelTests): Missing closing parenthesis: (RootShapeAsset="/Engine/BasicShapes/Cube.Cube",HitResult=(Time=0.50,Location=(X=-100.000015,Y=0.0,Z=100.000015),ImpactPoint=(X=-50.0,Y=0.0,Z=50.0),Normal=(X=-1.0,Y=-0.0,Z=0.0),ImpactNormal=(X=0.0,Y=0.0,Z=1.0),TraceStart=(X=-200.0,Y=0.0,Z=200.0),TraceEnd=(X=0.0,Y=0.0,Z=0.0))
[2016.01.02-07.46.53:143][  0]LogMeshUtilities: No automatic mesh reduction module available
[2016.01.02-07.46.53:143][  0]LogMeshUtilities: No automatic mesh merging module available
[2016.01.02-07.46.53:639][  0]LogInit: WinSock: version 1.1 (2.2), MaxSocks=32767, MaxUdp=65467
[2016.01.02-07.46.54:835][  0]UdpMessaging: Initializing bridge on interface 0.0.0.0:0 to multicast group 230.0.0.1:6666.
[2016.01.02-07.46.55:118][  0]SourceControl: Info Source control is disabled
[2016.01.02-07.46.55:119][  0]SourceControl: Info Source control is disabled
[2016.01.02-07.46.55:128][  0]SourceControl: Info Source control is disabled
[2016.01.02-07.46.55:136][  0]SourceControl: Info Source control is disabled
[2016.01.02-07.46.55:473][  0]LogObj: 26273 objects as part of root set at end of initial load.
[2016.01.02-07.46.55:473][  0]LogUObjectAllocator: 5409248 out of 0 bytes used by permanent object pool.
[2016.01.02-07.46.55:538][  0]LogEngine: Initializing Engine...
[2016.01.02-07.46.55:539][  0]LogHMD: Can't find Oculus library dev build: is proper Runtime installed? Version: 0.6.0.0
[2016.01.02-07.46.55:540][  0]LogHMD:Warning: SteamVR failed to initialize.  Error: 110
[2016.01.02-07.46.55:677][  0]LogAIModule: Creating AISystem for world NewWorld
[2016.01.02-07.46.55:719][  0]LogInit: XAudio2 using 'Speakers (Turtle Beach P11 Headset)' : 2 channels at 48 kHz using 16 bits per sample (channel mask 0x3)
[2016.01.02-07.46.55:736][  0]LogInit: FAudioDevice initialized.
[2016.01.02-07.46.55:782][  0]LogDerivedDataCache: Saved boot cache 0.05s 53MB C:/Users/John/AppData/Local/UnrealEngine/4.8/DerivedDataCache/Boot.ddc.
[2016.01.02-07.46.55:788][  0]LogInit: Texture streaming: Disabled
[2016.01.02-07.46.55:829][  0]LogAnalytics: Creating configured Analytics provider AnalyticsET
[2016.01.02-07.46.55:829][  0]LogAnalytics: [UEEditor.Rocket.Release] APIServer = http://et2.epicgames.com/ET2/. AppVersion = 4.8.3-2634408+++depot+UE4-Releases+4.8
[2016.01.02-07.46.55:830][  0]LogAnalytics: [UEEditor.Rocket.Release] SetUserId 795ce0b24c6318a5324eaf839592b765|e87b0c418b154305b06c892317f44a4d|3e9e43dd-6daf-4b71-9a80-f4287aceb186
[2016.01.02-07.46.55:830][  0]LogAnalytics: [UEEditor.Rocket.Release] AnalyticsET::StartSession
[2016.01.02-07.46.55:900][  0]LogInit: Transaction tracking system initialized
[2016.01.02-07.46.56:029][  0]BlueprintLog: New page: Editor Load
[2016.01.02-07.46.56:060][  0]LogAssetRegistry: FAssetRegistry took 0.0096 seconds to start up
[2016.01.02-07.46.56:060][  0]LogDirectoryWatcher:Warning: Failed to begin reading directory changes for ../../../Engine/Plugins/Experimental/CharacterAI/Content/. Error: 0
[2016.01.02-07.46.56:983][  0]LogConsoleManager:Warning: Console variable 'r.VSync' wasn't set ('GameSetting' has a lower priority than 'SystemSettingsIni')
[2016.01.02-07.46.56:984][  0]LogConsoleResponse:Display: 
[2016.01.02-07.46.57:076][  0]LogCook:Display: Done creating registry. It took  0.00s.
[2016.01.02-07.46.57:287][  0]SourceControl: Info Source control is disabled
[2016.01.02-07.46.57:287][  0]Cmd: MAP LOAD FILE="C:/Users/John/Documents/GitHub/spiritrunner/SpiritRunner/Content/SpiritRunner/Maps/RunnerMapTest.umap" TEMPLATE=0 SHOWPROGRESS=1 FEATURELEVEL=3
[2016.01.02-07.46.57:289][  0]LightingResults: New page: Lighting Build
[2016.01.02-07.46.57:302][  0]MapCheck: New page: Map Check
[2016.01.02-07.46.57:302][  0]LightingResults: New page: Lighting Build
[2016.01.02-07.46.57:311][  0]LogParticles: Destroying 0 GPU particle simulations for FXSystem 0x000000001E816F20
[2016.01.02-07.47.01:766][  0]LogAIModule: Creating AISystem for world RunnerMapTest
[2016.01.02-07.47.01:770][  0]LogEditorServer: Finished looking for orphan Actors (0.000 secs)
[2016.01.02-07.47.01:772][  0]Cmd: MAP CHECKDEP NOCLEARLOG
[2016.01.02-07.47.01:830][  0]MapCheck: Info Map check complete: 0 Error(s), 0 Warning(s), took 58.516ms to complete.
[2016.01.02-07.47.01:830][  0]LogFileHelpers: Loading map 'RunnerMapTest' took 4.543
[2016.01.02-07.47.02:109][  0]LogCollectionManager: Loaded 0 collections in 0.002438 seconds
[2016.01.02-07.47.02:115][  0]LogContentBrowser: Native class hierarchy populated in 0.0062 seconds. Added 1792 classes and 301 folders.
[2016.01.02-07.47.02:199][  0]LogContentBrowser: Native class hierarchy updated for 'WidgetCarousel' in 0.0003 seconds. Added 0 classes and 0 folders.
[2016.01.02-07.47.02:396][  0]LogContentBrowser: Native class hierarchy updated for 'AddContentDialog' in 0.0003 seconds. Added 0 classes and 0 folders.
[2016.01.02-07.47.02:420][  0]LogContentBrowser: Native class hierarchy updated for 'SceneOutliner' in 0.0003 seconds. Added 1 classes and 2 folders.
[2016.01.02-07.47.02:583][  0]LogCrashTracker: Crashtracker disabled due to settings.
[2016.01.02-07.47.02:584][  0]LogD3D11RHI: InitD3DDevice
[2016.01.02-07.47.02:592][  0]LogUObjectGlobals:Warning: Failed to find object 'Class None.'
[2016.01.02-07.47.02:623][  0]LogLoad: Full Startup: 13.71 seconds (BP compile: 1.48 seconds)
[2016.01.02-07.47.03:106][  0]LogContentStreaming: Texture pool size is 0.000000MB
[2016.01.02-07.47.03:339][  0]LogContentStreaming: Texture pool size now 1000 MB
[2016.01.02-07.47.03:708][  0]LogRenderer: Reallocating scene render targets to support 1208x576 (Frame:2).
[2016.01.02-07.47.06:464][  9]LogAssetRegistry: Asset discovery search completed in 10.4144 seconds
[2016.01.02-07.47.42:419][116]LogD3D11RHI: InitD3DDevice
[2016.01.02-07.47.54:545][122]LogD3D11RHI: InitD3DDevice
[2016.01.02-07.47.56:189][275]LogD3D11RHI: InitD3DDevice
[2016.01.02-07.47.56:653][321]LogD3D11RHI: InitD3DDevice
[2016.01.02-07.47.57:085][363]LogD3D11RHI: InitD3DDevice
[2016.01.02-07.47.58:044][457]LogD3D11RHI: InitD3DDevice
[2016.01.02-07.48.04:900][136]LogD3D11RHI: InitD3DDevice
[2016.01.02-07.48.25:438][815]LogLinker:Warning: Can't find file '/Game/UE4_Mannequin/Mesh/UE4_Mannequin'
[2016.01.02-07.48.25:438][815]LogLinker:Warning: Can't find file '/Game/UE4_Mannequin/Mesh/UE4_Mannequin'
[2016.01.02-07.48.25:438][815]LogLinker:Warning: Can't find file '/Game/UE4_Mannequin/Mesh/UE4_Mannequin'
[2016.01.02-07.48.25:438][815]LogUObjectGlobals:Warning: Failed to find object 'SkeletalMesh /Game/UE4_Mannequin/Mesh/UE4_Mannequin.UE4_Mannequin'
[2016.01.02-07.48.25:444][816]LogLinker:Warning: Can't find file '/Game/UE4_Mannequin/Mesh/UE4_Mannequin'
[2016.01.02-07.48.25:445][816]LogLinker:Warning: Can't find file '/Game/UE4_Mannequin/Mesh/UE4_Mannequin'
[2016.01.02-07.48.25:445][816]LogLinker:Warning: Can't find file '/Game/UE4_Mannequin/Mesh/UE4_Mannequin'
[2016.01.02-07.48.25:445][816]LogUObjectGlobals:Warning: Failed to find object 'SkeletalMesh /Game/UE4_Mannequin/Mesh/UE4_Mannequin.UE4_Mannequin'
[2016.01.02-07.48.25:445][816]LogLinker:Warning: Can't find file '/Game/UE4_Mannequin/Mesh/UE4_Mannequin'
[2016.01.02-07.48.25:446][816]LogLinker:Warning: Can't find file '/Game/UE4_Mannequin/Mesh/UE4_Mannequin'
[2016.01.02-07.48.25:446][816]LogLinker:Warning: Can't find file '/Game/UE4_Mannequin/Mesh/UE4_Mannequin'
[2016.01.02-07.48.25:446][816]LogUObjectGlobals:Warning: Failed to find object 'SkeletalMesh /Game/UE4_Mannequin/Mesh/UE4_Mannequin.UE4_Mannequin'
[2016.01.02-07.48.25:446][816]LogLinker:Warning: Can't find file '/Game/UE4_Mannequin/Mesh/UE4_Mannequin'
[2016.01.02-07.48.25:446][816]LogLinker:Warning: Can't find file '/Game/UE4_Mannequin/Mesh/UE4_Mannequin'
[2016.01.02-07.48.25:446][816]LogLinker:Warning: Can't find file '/Game/UE4_Mannequin/Mesh/UE4_Mannequin'
[2016.01.02-07.48.25:446][816]LogUObjectGlobals:Warning: Failed to find object 'SkeletalMesh /Game/UE4_Mannequin/Mesh/UE4_Mannequin.UE4_Mannequin'
[2016.01.02-07.48.25:447][816]LogLinker:Warning: Can't find file '/Game/UE4_Mannequin/Mesh/UE4_Mannequin'
[2016.01.02-07.48.25:447][816]LogLinker:Warning: Can't find file '/Game/UE4_Mannequin/Mesh/UE4_Mannequin'
[2016.01.02-07.48.25:447][816]LogLinker:Warning: Can't find file '/Game/UE4_Mannequin/Mesh/UE4_Mannequin'
[2016.01.02-07.48.25:447][816]LogUObjectGlobals:Warning: Failed to find object 'SkeletalMesh /Game/UE4_Mannequin/Mesh/UE4_Mannequin.UE4_Mannequin'
[2016.01.02-07.48.25:448][816]LogLinker:Warning: Can't find file '/Game/UE4_Mannequin/Mesh/UE4_Mannequin'
[2016.01.02-07.48.25:449][816]LogLinker:Warning: Can't find file '/Game/UE4_Mannequin/Mesh/UE4_Mannequin'
[2016.01.02-07.48.25:449][816]LogLinker:Warning: Can't find file '/Game/UE4_Mannequin/Mesh/UE4_Mannequin'
[2016.01.02-07.48.25:449][816]LogUObjectGlobals:Warning: Failed to find object 'SkeletalMesh /Game/UE4_Mannequin/Mesh/UE4_Mannequin.UE4_Mannequin'
[2016.01.02-07.48.25:455][817]LogLinker:Warning: Can't find file '/Game/UE4_Mannequin/Mesh/UE4_Mannequin'
[2016.01.02-07.48.25:455][817]LogLinker:Warning: Can't find file '/Game/UE4_Mannequin/Mesh/UE4_Mannequin'
[2016.01.02-07.48.25:455][817]LogLinker:Warning: Can't find file '/Game/UE4_Mannequin/Mesh/UE4_Mannequin'
[2016.01.02-07.48.25:455][817]LogUObjectGlobals:Warning: Failed to find object 'SkeletalMesh /Game/UE4_Mannequin/Mesh/UE4_Mannequin.UE4_Mannequin'
[2016.01.02-07.48.25:457][817]LogLinker:Warning: Can't find file '/Game/UE4_Mannequin/Mesh/UE4_Mannequin'
[2016.01.02-07.48.25:458][817]LogLinker:Warning: Can't find file '/Game/UE4_Mannequin/Mesh/UE4_Mannequin'
[2016.01.02-07.48.25:458][817]LogLinker:Warning: Can't find file '/Game/UE4_Mannequin/Mesh/UE4_Mannequin'
[2016.01.02-07.48.25:458][817]LogUObjectGlobals:Warning: Failed to find object 'SkeletalMesh /Game/UE4_Mannequin/Mesh/UE4_Mannequin.UE4_Mannequin'
[2016.01.02-07.49.01:289][889]LogD3D11RHI: InitD3DDevice
[2016.01.02-07.49.01:537][889]LogUObjectGlobals:Warning: Guid is in use by ArrowComponent /Game/SpiritRunner/Maps/RunnerMapTest.RunnerMapTest:PersistentLevel.LightSource.ArrowComponent0 and ArrowComponent /Game/SpiritRunner/Maps/Platforms.Platforms:PersistentLevel.LightSource.ArrowComponent0, which should never happen in the editor but could happen at runtime with duplicate level loading or PIE
[2016.01.02-07.49.01:537][889]LogUObjectGlobals:Warning: Guid is in use by ArrowComponent /Game/SpiritRunner/Maps/RunnerMapTest.RunnerMapTest:PersistentLevel.PlayerStart.Arrow and ArrowComponent /Game/SpiritRunner/Maps/Platforms.Platforms:PersistentLevel.PlayerStart.Arrow, which should never happen in the editor but could happen at runtime with duplicate level loading or PIE
[2016.01.02-07.49.01:537][889]LogUObjectGlobals:Warning: Guid is in use by BillboardComponent /Game/SpiritRunner/Maps/RunnerMapTest.RunnerMapTest:PersistentLevel.PlayerStart.Sprite and BillboardComponent /Game/SpiritRunner/Maps/Platforms.Platforms:PersistentLevel.PlayerStart.Sprite, which should never happen in the editor but could happen at runtime with duplicate level loading or PIE
[2016.01.02-07.49.01:537][889]LogUObjectGlobals:Warning: Guid is in use by BillboardComponent /Game/SpiritRunner/Maps/RunnerMapTest.RunnerMapTest:PersistentLevel.PlayerStart.Sprite2 and BillboardComponent /Game/SpiritRunner/Maps/Platforms.Platforms:PersistentLevel.PlayerStart.Sprite2, which should never happen in the editor but could happen at runtime with duplicate level loading or PIE
[2016.01.02-07.49.01:537][889]LogUObjectGlobals:Warning: Guid is in use by BillboardComponent /Game/SpiritRunner/Maps/RunnerMapTest.RunnerMapTest:PersistentLevel.SkyLight_1.Sprite and BillboardComponent /Game/SpiritRunner/Maps/Platforms.Platforms:PersistentLevel.SkyLight_1.Sprite, which should never happen in the editor but could happen at runtime with duplicate level loading or PIE
[2016.01.02-07.49.01:537][889]LogUObjectGlobals:Warning: Guid is in use by CapsuleComponent /Game/SpiritRunner/Maps/RunnerMapTest.RunnerMapTest:PersistentLevel.PlayerStart.CollisionCapsule and CapsuleComponent /Game/SpiritRunner/Maps/Platforms.Platforms:PersistentLevel.PlayerStart.CollisionCapsule, which should never happen in the editor but could happen at runtime with duplicate level loading or PIE
[2016.01.02-07.49.01:537][889]LogUObjectGlobals:Warning: Guid is in use by DirectionalLightComponent /Game/SpiritRunner/Maps/RunnerMapTest.RunnerMapTest:PersistentLevel.LightSource.LightComponent0 and DirectionalLightComponent /Game/SpiritRunner/Maps/Platforms.Platforms:PersistentLevel.LightSource.LightComponent0, which should never happen in the editor but could happen at runtime with duplicate level loading or PIE
[2016.01.02-07.49.01:578][889]LogUObjectGlobals:Warning: Guid is in use by SkyLightComponent /Game/SpiritRunner/Maps/RunnerMapTest.RunnerMapTest:PersistentLevel.SkyLight_1.SkyLightComponent0 and SkyLightComponent /Game/SpiritRunner/Maps/Platforms.Platforms:PersistentLevel.SkyLight_1.SkyLightComponent0, which should never happen in the editor but could happen at runtime with duplicate level loading or PIE
[2016.01.02-07.49.02:981][889]LogAIModule: Creating AISystem for world Platforms
[2016.01.02-07.49.03:101][889]LogActorComponent: UnregisterComponent: (/Engine/Transient.CharMoveComp) Not registered. Aborting.
[2016.01.02-07.49.03:102][889]LogActorComponent: UnregisterComponent: (/Engine/Transient.RotatingMovement0C812BA34D0DD21FB12D1D9A948423D7) Not registered. Aborting.
[2016.01.02-07.49.03:102][889]LogActorComponent: UnregisterComponent: (/Engine/Transient.RotatingMovementComponent_0) Not registered. Aborting.
[2016.01.02-07.49.03:362][889]Cmd: MAP LOAD FILE="C:/Users/John/Documents/GitHub/spiritrunner/SpiritRunner/Content/SpiritRunner/Maps/Platforms.umap" TEMPLATE=0 SHOWPROGRESS=1 FEATURELEVEL=3
[2016.01.02-07.49.03:363][889]LightingResults: New page: Lighting Build
[2016.01.02-07.49.03:376][889]LoadErrors: New page: Loading map: Platforms.umap
[2016.01.02-07.49.03:376][889]MapCheck: New page: Map Check
[2016.01.02-07.49.03:376][889]LightingResults: New page: Lighting Build
[2016.01.02-07.49.03:386][889]LogParticles: Destroying 0 GPU particle simulations for FXSystem 0x000000002D357880
[2016.01.02-07.49.03:836][889]LogAIModule: Creating AISystem for world Platforms
[2016.01.02-07.49.04:781][889]LogEditorServer: Finished looking for orphan Actors (0.000 secs)
[2016.01.02-07.49.04:854][889]Cmd: MAP CHECKDEP NOCLEARLOG
[2016.01.02-07.49.04:905][889]MapCheck: Info Map check complete: 0 Error(s), 0 Warning(s), took 51.695ms to complete.
[2016.01.02-07.49.04:906][889]LogFileHelpers: Loading map 'Platforms' took 1.555
[2016.01.02-07.49.05:023][890]Cmd: UpdateLandscapeEditorData -warnings
[2016.01.02-07.49.05:125][890]Cmd: UpdateLandscapeEditorData
[2016.01.02-07.51.05:082][849]LogD3D11RHI: InitD3DDevice
[2016.01.02-07.51.05:333][849]LogRenderer: Reallocating scene render targets to support 1432x928 (Frame:22101).
[2016.01.02-07.51.19:606][322]LogD3D11RHI: InitD3DDevice
[2016.01.02-07.51.20:428][402]LogD3D11RHI: InitD3DDevice
[2016.01.02-07.51.32:165][642]Cmd: MAP LOAD FILE="C:/Users/John/Documents/GitHub/spiritrunner/SpiritRunner/Content/SpiritRunner/Maps/RunnerMapTest.umap" TEMPLATE=0 SHOWPROGRESS=1 FEATURELEVEL=3
[2016.01.02-07.51.32:168][642]LogD3D11RHI: InitD3DDevice
[2016.01.02-07.51.32:188][642]LightingResults: New page: Lighting Build
[2016.01.02-07.51.32:208][642]LoadErrors: New page: Loading map: RunnerMapTest.umap
[2016.01.02-07.51.32:211][642]MapCheck: New page: Map Check
[2016.01.02-07.51.32:211][642]LightingResults: New page: Lighting Build
[2016.01.02-07.51.32:227][642]LogParticles: Destroying 0 GPU particle simulations for FXSystem 0x0000000033A011C0
[2016.01.02-07.51.32:261][642]LogAIModule: Creating AISystem for world RunnerMapTest
[2016.01.02-07.51.32:274][642]LogEditorServer: Finished looking for orphan Actors (0.000 secs)
[2016.01.02-07.51.32:302][642]Cmd: MAP CHECKDEP NOCLEARLOG
[2016.01.02-07.51.32:360][642]MapCheck: Info Map check complete: 0 Error(s), 0 Warning(s), took 58.826ms to complete.
[2016.01.02-07.51.32:361][642]LogFileHelpers: Loading map 'RunnerMapTest' took 0.197
[2016.01.02-07.51.32:396][643]Cmd: UpdateLandscapeEditorData
[2016.01.02-07.53.43:450][172]LogD3D11RHI: InitD3DDevice
[2016.01.02-07.53.48:653][714]LogD3D11RHI: InitD3DDevice
[2016.01.02-07.53.49:172][763]LogD3D11RHI: InitD3DDevice
[2016.01.02-07.53.54:884][334]LogD3D11RHI: InitD3DDevice
[2016.01.02-07.53.59:457][763]LogD3D11RHI: InitD3DDevice
[2016.01.02-07.53.59:490][763]LogD3D11RHI: InitD3DDevice
[2016.01.02-07.53.59:695][763]LogLinker:Warning: Asset '../../../Engine/Content/ArtTools/RenderToTexture/Macros/RenderToTextureMacros.uasset' has been saved with empty engine version. The asset will be loaded but may be incompatible.
[2016.01.02-07.53.59:784][763]LogLinker:Warning: Asset '../../../Engine/Content/ArtTools/RenderToTexture/Enums/RenderToTexture_Enum.uasset' has been saved with empty engine version. The asset will be loaded but may be incompatible.
[2016.01.02-07.54.03:255][873]LogD3D11RHI: InitD3DDevice
[2016.01.02-07.54.13:777][868]LogD3D11RHI: InitD3DDevice
[2016.01.02-07.54.20:106][461]LogActorComponent: UnregisterComponent: (/Engine/Transient.CharMoveComp) Not registered. Aborting.
[2016.01.02-07.54.20:106][461]LogActorComponent: UnregisterComponent: (/Engine/Transient.RotatingMovement0C812BA34D0DD21FB12D1D9A948423D7) Not registered. Aborting.
[2016.01.02-07.54.20:106][461]LogActorComponent: UnregisterComponent: (/Engine/Transient.RotatingMovementComponent_1) Not registered. Aborting.
[2016.01.02-07.54.51:026][531]LogD3D11RHI: InitD3DDevice
[2016.01.02-07.58.59:654][416]LogD3D11RHI: InitD3DDevice
[2016.01.02-07.59.00:605][515]LogD3D11RHI: InitD3DDevice
[2016.01.02-07.59.33:800][329]LogActorComponent: UnregisterComponent: (/Engine/Transient.CharacterMovementComponent_0) Not registered. Aborting.
[2016.01.02-07.59.33:801][329]LogActorComponent: UnregisterComponent: (/Engine/Transient.RotatingMovementComponent_2) Not registered. Aborting.
[2016.01.02-07.59.33:801][329]LogActorComponent: UnregisterComponent: (/Engine/Transient.RotatingMovementComponent_3) Not registered. Aborting.
[2016.01.02-07.59.36:629][599]LogD3D11RHI: InitD3DDevice
[2016.01.02-07.59.40:802][  7]LogStaticMesh: Building static mesh FINALplant...
[2016.01.02-07.59.40:804][  7]LogD3D11RHI: InitD3DDevice
[2016.01.02-07.59.40:816][  7]LogStaticMesh: Built static mesh [0.014209.2s] /Game/SpiritRunner/Models/FINALplant.FINALplant
[2016.01.02-08.00.02:757][946]LogEditorTransaction: Undo Modify Component(s)
[2016.01.02-08.00.02:828][946]LogD3D11RHI: InitD3DDevice
[2016.01.02-08.00.16:945][201]LogD3D11RHI: InitD3DDevice
[2016.01.02-08.00.29:669][360]LogTexture:Display: Building textures: uvPLANTpainted1 (AutoDXT)
[2016.01.02-08.00.46:129][360]LogMaterial: Missing cached shader map for material Mat_Plant, compiling. 
[2016.01.02-08.01.47:719][696]LogD3D11RHI: InitD3DDevice
[2016.01.02-08.02.06:718][753]LogD3D11RHI: InitD3DDevice
[2016.01.02-08.02.07:058][753]LogFileHelpers: Editor autosave (incl. sublevels) for '/Game/SpiritRunner/Maps/RunnerMapTest' took 0.249
[2016.01.02-08.02.07:066][753]OBJ SavePackage: Generating thumbnails for [1] asset(s) in package [/Game/SpiritRunner/Blueprints/FlatFloor1a5a] ([1] browsable assets)...
[2016.01.02-08.02.07:112][753]OBJ SavePackage:     Rendered thumbnail for [Blueprint /Game/SpiritRunner/Blueprints/FlatFloor1a5a.FlatFloor1a5a]
[2016.01.02-08.02.07:112][753]OBJ SavePackage: Finished generating thumbnails for package [/Game/SpiritRunner/Blueprints/FlatFloor1a5a]
[2016.01.02-08.02.07:294][753]LogSavePackage: Save=180.160660ms
[2016.01.02-08.02.07:294][753]LogSavePackage: Moving 'C:/Users/John/Documents/GitHub/spiritrunner/SpiritRunner/Saved/FlatFloor1a5a_Auto1D87FB5A04AB19562F1F7B5949282EDA7.tmp' to 'C:/Users/John/Documents/GitHub/spiritrunner/SpiritRunner/Saved/Autosaves/Game/SpiritRunner/Blueprints/FlatFloor1a5a_Auto1.uasset'
[2016.01.02-08.02.07:294][753]LogFileHelpers: Auto-saving content packages took 0.235
[2016.01.02-08.04.21:771][969]LogScript:Warning: Accessed None 'TreeSpawn2'
	FlatFloor1a5a_C /Engine/Transient.World_8:PersistentLevel.FlatFloor1a5a_C_0
	Function /Game/SpiritRunner/Blueprints/FlatFloor1a5a.FlatFloor1a5a_C:SpawnTrees:01C4
[2016.01.02-08.04.21:771][969]LogScript:Warning: Accessed None 'TreeSpawn2'
	FlatFloor1a5a_C /Engine/Transient.World_8:PersistentLevel.FlatFloor1a5a_C_0
	Function /Game/SpiritRunner/Blueprints/FlatFloor1a5a.FlatFloor1a5a_C:SpawnTrees:01E4
[2016.01.02-08.04.21:772][969]LogScript:Warning: Accessed None 'TreeSpawn2'
	FlatFloor1a5a_C /Engine/Transient.World_8:PersistentLevel.FlatFloor1a5a_C_0
	Function /Game/SpiritRunner/Blueprints/FlatFloor1a5a.FlatFloor1a5a_C:SpawnTrees:01C4
[2016.01.02-08.04.21:772][969]LogScript:Warning: Accessed None 'TreeSpawn2'
	FlatFloor1a5a_C /Engine/Transient.World_8:PersistentLevel.FlatFloor1a5a_C_0
	Function /Game/SpiritRunner/Blueprints/FlatFloor1a5a.FlatFloor1a5a_C:SpawnTrees:01E4
[2016.01.02-08.04.21:772][969]LogScript:Warning: Accessed None 'TreeSpawn2'
	FlatFloor1a5a_C /Engine/Transient.World_8:PersistentLevel.FlatFloor1a5a_C_0
	Function /Game/SpiritRunner/Blueprints/FlatFloor1a5a.FlatFloor1a5a_C:SpawnTrees:01C4
[2016.01.02-08.04.21:772][969]LogScript:Warning: Accessed None 'TreeSpawn2'
	FlatFloor1a5a_C /Engine/Transient.World_8:PersistentLevel.FlatFloor1a5a_C_0
	Function /Game/SpiritRunner/Blueprints/FlatFloor1a5a.FlatFloor1a5a_C:SpawnTrees:01E4
[2016.01.02-08.04.21:773][969]LogScript:Warning: Accessed None 'TreeSpawn2'
	FlatFloor1a5a_C /Engine/Transient.World_8:PersistentLevel.FlatFloor1a5a_C_0
	Function /Game/SpiritRunner/Blueprints/FlatFloor1a5a.FlatFloor1a5a_C:SpawnTrees:01C4
[2016.01.02-08.04.21:773][969]LogScript:Warning: Accessed None 'TreeSpawn2'
	FlatFloor1a5a_C /Engine/Transient.World_8:PersistentLevel.FlatFloor1a5a_C_0
	Function /Game/SpiritRunner/Blueprints/FlatFloor1a5a.FlatFloor1a5a_C:SpawnTrees:01E4
[2016.01.02-08.04.21:774][969]LogScript:Warning: Accessed None 'TreeSpawn2'
	FlatFloor1a5a_C /Engine/Transient.World_8:PersistentLevel.FlatFloor1a5a_C_0
	Function /Game/SpiritRunner/Blueprints/FlatFloor1a5a.FlatFloor1a5a_C:SpawnTrees:01C4
[2016.01.02-08.04.21:774][969]LogScript:Warning: Accessed None 'TreeSpawn2'
	FlatFloor1a5a_C /Engine/Transient.World_8:PersistentLevel.FlatFloor1a5a_C_0
	Function /Game/SpiritRunner/Blueprints/FlatFloor1a5a.FlatFloor1a5a_C:SpawnTrees:01E4
[2016.01.02-08.04.21:775][969]LogScript:Warning: Accessed None 'TreeSpawn2'
	FlatFloor1a5a_C /Engine/Transient.World_8:PersistentLevel.FlatFloor1a5a_C_0
	Function /Game/SpiritRunner/Blueprints/FlatFloor1a5a.FlatFloor1a5a_C:SpawnTrees:01C4
[2016.01.02-08.04.21:775][969]LogScript:Warning: Accessed None 'TreeSpawn2'
	FlatFloor1a5a_C /Engine/Transient.World_8:PersistentLevel.FlatFloor1a5a_C_0
	Function /Game/SpiritRunner/Blueprints/FlatFloor1a5a.FlatFloor1a5a_C:SpawnTrees:01E4
[2016.01.02-08.04.21:798][969]LogScript:Warning: Accessed None 'TreeSpawn2'
	FlatFloor1a5a_C /Engine/Transient.World_8:PersistentLevel.FlatFloor1a5a_C_0
	Function /Game/SpiritRunner/Blueprints/FlatFloor1a5a.FlatFloor1a5a_C:SpawnTrees:01C4
[2016.01.02-08.04.21:798][969]LogScript:Warning: Accessed None 'TreeSpawn2'
	FlatFloor1a5a_C /Engine/Transient.World_8:PersistentLevel.FlatFloor1a5a_C_0
	Function /Game/SpiritRunner/Blueprints/FlatFloor1a5a.FlatFloor1a5a_C:SpawnTrees:01E4
[2016.01.02-08.04.21:799][969]LogScript:Warning: Accessed None 'TreeSpawn2'
	FlatFloor1a5a_C /Engine/Transient.World_8:PersistentLevel.FlatFloor1a5a_C_0
	Function /Game/SpiritRunner/Blueprints/FlatFloor1a5a.FlatFloor1a5a_C:SpawnTrees:01C4
[2016.01.02-08.04.21:799][969]LogScript:Warning: Accessed None 'TreeSpawn2'
	FlatFloor1a5a_C /Engine/Transient.World_8:PersistentLevel.FlatFloor1a5a_C_0
	Function /Game/SpiritRunner/Blueprints/FlatFloor1a5a.FlatFloor1a5a_C:SpawnTrees:01E4
[2016.01.02-08.04.21:800][969]LogScript:Warning: Accessed None 'TreeSpawn2'
	FlatFloor1a5a_C /Engine/Transient.World_8:PersistentLevel.FlatFloor1a5a_C_0
	Function /Game/SpiritRunner/Blueprints/FlatFloor1a5a.FlatFloor1a5a_C:SpawnTrees:01C4
[2016.01.02-08.04.36:050][482]BlueprintLog: New page: Compile FlatFloor1a5a
[2016.01.02-08.04.36:078][482]LogBlueprint:Error: [compiler FlatFloor1a5a] Error Could not find a function named "AddFloorTile" in 'FlatFloor1a5a_C'.
Make sure 'FlatFloor1a5a_C' has been compiled for  Add Floor Tile 
[2016.01.02-08.04.36:090][482]LogBlueprint:Error: [compiler FlatFloor1a5a] Error This blueprint (self) is not a SceneComponent, therefore ' Target ' must have a connection.
[2016.01.02-08.04.36:090][482]LogBlueprint:Error: [compiler FlatFloor1a5a] Error This blueprint (self) is not a BoxComponent, therefore ' Target ' must have a connection.
[2016.01.02-08.04.36:090][482]LogBlueprint:Error: [compiler FlatFloor1a5a] Error This blueprint (self) is not a SceneComponent, therefore ' Target ' must have a connection.
[2016.01.02-08.04.36:090][482]LogBlueprint:Error: [compiler FlatFloor1a5a] Error This blueprint (self) is not a BoxComponent, therefore ' Target ' must have a connection.
[2016.01.02-08.04.36:090][482]LogBlueprint:Error: [compiler FlatFloor1a5a] Error Variable node  Get BoxExtent  uses an invalid target.  It may depend on a node that is not connected to the execution chain, and got purged.
[2016.01.02-08.04.36:091][482]LogBlueprint:Error: [compiler FlatFloor1a5a] Error Variable node  Get RelativeLocation  uses an invalid target.  It may depend on a node that is not connected to the execution chain, and got purged.
[2016.01.02-08.04.36:091][482]LogBlueprint:Error: [compiler FlatFloor1a5a] Error Variable node  Get BoxExtent  uses an invalid target.  It may depend on a node that is not connected to the execution chain, and got purged.
[2016.01.02-08.04.36:091][482]LogBlueprint:Error: [compiler FlatFloor1a5a] Error Variable node  Get RelativeLocation  uses an invalid target.  It may depend on a node that is not connected to the execution chain, and got purged.
[2016.01.02-08.04.36:391][482]LogBlueprint:Warning: [compiler FlatFloor1a5a] Warning [1067.47] Compile of FlatFloor1a5a failed. 9 Fatal Issue(s) 0 Warning(s) [in 340 ms]
[2016.01.02-08.04.36:391][482]BlueprintEditorCompileResults:Error: Error Could not find a function named "AddFloorTile" in 'FlatFloor1a5a_C'.
Make sure 'FlatFloor1a5a_C' has been compiled for  Add Floor Tile 
[2016.01.02-08.04.36:391][482]BlueprintEditorCompileResults:Error: Error This blueprint (self) is not a SceneComponent, therefore ' Target ' must have a connection.
[2016.01.02-08.04.36:391][482]BlueprintEditorCompileResults:Error: Error This blueprint (self) is not a BoxComponent, therefore ' Target ' must have a connection.
[2016.01.02-08.04.36:391][482]BlueprintEditorCompileResults:Error: Error This blueprint (self) is not a SceneComponent, therefore ' Target ' must have a connection.
[2016.01.02-08.04.36:391][482]BlueprintEditorCompileResults:Error: Error This blueprint (self) is not a BoxComponent, therefore ' Target ' must have a connection.
[2016.01.02-08.04.36:391][482]BlueprintEditorCompileResults:Error: Error Variable node  Get BoxExtent  uses an invalid target.  It may depend on a node that is not connected to the execution chain, and got purged.
[2016.01.02-08.04.36:391][482]BlueprintEditorCompileResults:Error: Error Variable node  Get RelativeLocation  uses an invalid target.  It may depend on a node that is not connected to the execution chain, and got purged.
[2016.01.02-08.04.36:391][482]BlueprintEditorCompileResults:Error: Error Variable node  Get BoxExtent  uses an invalid target.  It may depend on a node that is not connected to the execution chain, and got purged.
[2016.01.02-08.04.36:391][482]BlueprintEditorCompileResults:Error: Error Variable node  Get RelativeLocation  uses an invalid target.  It may depend on a node that is not connected to the execution chain, and got purged.
[2016.01.02-08.04.36:391][482]BlueprintEditorCompileResults:Warning: Warning [1067.47] Compile of FlatFloor1a5a failed. 9 Fatal Issue(s) 0 Warning(s) [in 340 ms]
[2016.01.02-08.04.42:307][126]BlueprintLog: New page: Compile FlatFloor1a5a
[2016.01.02-08.04.42:391][126]LogBlueprint:Error: [compiler FlatFloor1a5a] Error Could not find a function named "AddFloorTile" in 'FlatFloor1a5a_C'.
Make sure 'FlatFloor1a5a_C' has been compiled for  Add Floor Tile 
[2016.01.02-08.04.42:416][126]LogBlueprint:Error: [compiler FlatFloor1a5a] Error This blueprint (self) is not a SceneComponent, therefore ' Target ' must have a connection.
[2016.01.02-08.04.42:416][126]LogBlueprint:Error: [compiler FlatFloor1a5a] Error This blueprint (self) is not a BoxComponent, therefore ' Target ' must have a connection.
[2016.01.02-08.04.42:416][126]LogBlueprint:Error: [compiler FlatFloor1a5a] Error This blueprint (self) is not a SceneComponent, therefore ' Target ' must have a connection.
[2016.01.02-08.04.42:416][126]LogBlueprint:Error: [compiler FlatFloor1a5a] Error This blueprint (self) is not a BoxComponent, therefore ' Target ' must have a connection.
[2016.01.02-08.04.42:416][126]LogBlueprint:Error: [compiler FlatFloor1a5a] Error Variable node  Get BoxExtent  uses an invalid target.  It may depend on a node that is not connected to the execution chain, and got purged.
[2016.01.02-08.04.42:416][126]LogBlueprint:Error: [compiler FlatFloor1a5a] Error Variable node  Get RelativeLocation  uses an invalid target.  It may depend on a node that is not connected to the execution chain, and got purged.
[2016.01.02-08.04.42:417][126]LogBlueprint:Error: [compiler FlatFloor1a5a] Error Variable node  Get BoxExtent  uses an invalid target.  It may depend on a node that is not connected to the execution chain, and got purged.
[2016.01.02-08.04.42:417][126]LogBlueprint:Error: [compiler FlatFloor1a5a] Error Variable node  Get RelativeLocation  uses an invalid target.  It may depend on a node that is not connected to the execution chain, and got purged.
[2016.01.02-08.04.42:565][126]LogBlueprint:Warning: [compiler FlatFloor1a5a] Warning [1073.64] Compile of FlatFloor1a5a failed. 9 Fatal Issue(s) 0 Warning(s) [in 257 ms]
[2016.01.02-08.04.42:565][126]BlueprintEditorCompileResults:Error: Error Could not find a function named "AddFloorTile" in 'FlatFloor1a5a_C'.
Make sure 'FlatFloor1a5a_C' has been compiled for  Add Floor Tile 
[2016.01.02-08.04.42:565][126]BlueprintEditorCompileResults:Error: Error This blueprint (self) is not a SceneComponent, therefore ' Target ' must have a connection.
[2016.01.02-08.04.42:565][126]BlueprintEditorCompileResults:Error: Error This blueprint (self) is not a BoxComponent, therefore ' Target ' must have a connection.
[2016.01.02-08.04.42:565][126]BlueprintEditorCompileResults:Error: Error This blueprint (self) is not a SceneComponent, therefore ' Target ' must have a connection.
[2016.01.02-08.04.42:565][126]BlueprintEditorCompileResults:Error: Error This blueprint (self) is not a BoxComponent, therefore ' Target ' must have a connection.
[2016.01.02-08.04.42:565][126]BlueprintEditorCompileResults:Error: Error Variable node  Get BoxExtent  uses an invalid target.  It may depend on a node that is not connected to the execution chain, and got purged.
[2016.01.02-08.04.42:565][126]BlueprintEditorCompileResults:Error: Error Variable node  Get RelativeLocation  uses an invalid target.  It may depend on a node that is not connected to the execution chain, and got purged.
[2016.01.02-08.04.42:565][126]BlueprintEditorCompileResults:Error: Error Variable node  Get BoxExtent  uses an invalid target.  It may depend on a node that is not connected to the execution chain, and got purged.
[2016.01.02-08.04.42:565][126]BlueprintEditorCompileResults:Error: Error Variable node  Get RelativeLocation  uses an invalid target.  It may depend on a node that is not connected to the execution chain, and got purged.
[2016.01.02-08.04.42:565][126]BlueprintEditorCompileResults:Warning: Warning [1073.64] Compile of FlatFloor1a5a failed. 9 Fatal Issue(s) 0 Warning(s) [in 257 ms]
[2016.01.02-08.04.44:997][376]LogD3D11RHI: InitD3DDevice
[2016.01.02-08.04.45:034][376]Cmd: OBJ SAVEPACKAGE PACKAGE="/Game/SpiritRunner/Blueprints/FlatFloor1a5a" FILE="C:/Users/John/Documents/GitHub/spiritrunner/SpiritRunner/Content/SpiritRunner/Blueprints/FlatFloor1a5a.uasset" SILENT=true
[2016.01.02-08.04.45:153][376]LogSavePackage: Save=118.350273ms
[2016.01.02-08.04.45:153][376]LogSavePackage: Moving 'C:/Users/John/Documents/GitHub/spiritrunner/SpiritRunner/Saved/FlatFloor1a5aEE51DA8E448AB72B6A9D7D95C7A9720F.tmp' to 'C:/Users/John/Documents/GitHub/spiritrunner/SpiritRunner/Content/SpiritRunner/Blueprints/FlatFloor1a5a.uasset'
[2016.01.02-08.04.52:310][ 94]LogD3D11RHI: InitD3DDevice
[2016.01.02-08.04.54:680][305]LogD3D11RHI: InitD3DDevice
[2016.01.02-08.04.55:186][353]Cmd: TRANSACTION UNDO
[2016.01.02-08.04.55:186][353]LogEditorTransaction: Undo Delete current selection
[2016.01.02-08.04.55:212][353]LogD3D11RHI: InitD3DDevice
[2016.01.02-08.05.02:899][ 90]LogD3D11RHI: InitD3DDevice
[2016.01.02-08.05.05:426][331]LogD3D11RHI: InitD3DDevice
[2016.01.02-08.05.05:463][331]Cmd: OBJ SAVEPACKAGE PACKAGE="/Game/SpiritRunner/Blueprints/FlatFloor1a5a" FILE="C:/Users/John/Documents/GitHub/spiritrunner/SpiritRunner/Content/SpiritRunner/Blueprints/FlatFloor1a5a.uasset" SILENT=true
[2016.01.02-08.05.05:638][331]LogSavePackage: Save=123.090599ms
[2016.01.02-08.05.05:638][331]LogSavePackage: Moving 'C:/Users/John/Documents/GitHub/spiritrunner/SpiritRunner/Saved/FlatFloor1a5a14DF5E314214C24B496BFD9C4C55AA66.tmp' to 'C:/Users/John/Documents/GitHub/spiritrunner/SpiritRunner/Content/SpiritRunner/Blueprints/FlatFloor1a5a.uasset'
[2016.01.02-08.05.06:003][366]BlueprintLog: New page: Compile FlatFloor1a5a
[2016.01.02-08.05.06:028][366]LogBlueprint:Error: [compiler FlatFloor1a5a] Error Could not find a function named "AddFloorTile" in 'FlatFloor1a5a_C'.
Make sure 'FlatFloor1a5a_C' has been compiled for  Add Floor Tile 
[2016.01.02-08.05.06:035][366]LogBlueprint:Error: [compiler FlatFloor1a5a] Error This blueprint (self) is not a SceneComponent, therefore ' Target ' must have a connection.
[2016.01.02-08.05.06:035][366]LogBlueprint:Error: [compiler FlatFloor1a5a] Error This blueprint (self) is not a BoxComponent, therefore ' Target ' must have a connection.
[2016.01.02-08.05.06:035][366]LogBlueprint:Error: [compiler FlatFloor1a5a] Error This blueprint (self) is not a SceneComponent, therefore ' Target ' must have a connection.
[2016.01.02-08.05.06:035][366]LogBlueprint:Error: [compiler FlatFloor1a5a] Error This blueprint (self) is not a BoxComponent, therefore ' Target ' must have a connection.
[2016.01.02-08.05.06:035][366]LogBlueprint:Error: [compiler FlatFloor1a5a] Error Variable node  Get BoxExtent  uses an invalid target.  It may depend on a node that is not connected to the execution chain, and got purged.
[2016.01.02-08.05.06:035][366]LogBlueprint:Error: [compiler FlatFloor1a5a] Error Variable node  Get RelativeLocation  uses an invalid target.  It may depend on a node that is not connected to the execution chain, and got purged.
[2016.01.02-08.05.06:035][366]LogBlueprint:Error: [compiler FlatFloor1a5a] Error Variable node  Get BoxExtent  uses an invalid target.  It may depend on a node that is not connected to the execution chain, and got purged.
[2016.01.02-08.05.06:036][366]LogBlueprint:Error: [compiler FlatFloor1a5a] Error Variable node  Get RelativeLocation  uses an invalid target.  It may depend on a node that is not connected to the execution chain, and got purged.
[2016.01.02-08.05.06:235][366]LogBlueprint:Warning: [compiler FlatFloor1a5a] Warning [1097.31] Compile of FlatFloor1a5a failed. 9 Fatal Issue(s) 0 Warning(s) [in 231 ms]
[2016.01.02-08.05.06:235][366]BlueprintEditorCompileResults:Error: Error Could not find a function named "AddFloorTile" in 'FlatFloor1a5a_C'.
Make sure 'FlatFloor1a5a_C' has been compiled for  Add Floor Tile 
[2016.01.02-08.05.06:235][366]BlueprintEditorCompileResults:Error: Error This blueprint (self) is not a SceneComponent, therefore ' Target ' must have a connection.
[2016.01.02-08.05.06:235][366]BlueprintEditorCompileResults:Error: Error This blueprint (self) is not a BoxComponent, therefore ' Target ' must have a connection.
[2016.01.02-08.05.06:235][366]BlueprintEditorCompileResults:Error: Error This blueprint (self) is not a SceneComponent, therefore ' Target ' must have a connection.
[2016.01.02-08.05.06:235][366]BlueprintEditorCompileResults:Error: Error This blueprint (self) is not a BoxComponent, therefore ' Target ' must have a connection.
[2016.01.02-08.05.06:235][366]BlueprintEditorCompileResults:Error: Error Variable node  Get BoxExtent  uses an invalid target.  It may depend on a node that is not connected to the execution chain, and got purged.
[2016.01.02-08.05.06:235][366]BlueprintEditorCompileResults:Error: Error Variable node  Get RelativeLocation  uses an invalid target.  It may depend on a node that is not connected to the execution chain, and got purged.
[2016.01.02-08.05.06:235][366]BlueprintEditorCompileResults:Error: Error Variable node  Get BoxExtent  uses an invalid target.  It may depend on a node that is not connected to the execution chain, and got purged.
[2016.01.02-08.05.06:235][366]BlueprintEditorCompileResults:Error: Error Variable node  Get RelativeLocation  uses an invalid target.  It may depend on a node that is not connected to the execution chain, and got purged.
[2016.01.02-08.05.06:235][366]BlueprintEditorCompileResults:Warning: Warning [1097.31] Compile of FlatFloor1a5a failed. 9 Fatal Issue(s) 0 Warning(s) [in 231 ms]
[2016.01.02-08.05.13:902][138]LogEditorTransaction: Undo Create Pin Link
[2016.01.02-08.05.13:980][138]LogD3D11RHI: InitD3DDevice
[2016.01.02-08.05.14:898][210]LogEditorTransaction: Undo Delete current selection
[2016.01.02-08.05.15:227][233]LogEditorTransaction: Undo Move Node
[2016.01.02-08.05.15:732][271]LogEditorTransaction: Undo Move Node
[2016.01.02-08.05.16:656][362]Cmd: TRANSACTION UNDO
[2016.01.02-08.05.16:656][362]LogEditorTransaction: Undo Remove Components
[2016.01.02-08.05.16:675][362]LogBlueprint:Warning: Loaded invalid component bound event in node /Engine/Transient.EdGraph_563:K2Node_ComponentBoundEvent_486.
[2016.01.02-08.05.16:675][362]LogBlueprint:Warning: Loaded invalid component bound event in node /Engine/Transient.EdGraph_563:K2Node_ComponentBoundEvent_271.
[2016.01.02-08.05.18:727][568]LogEditorTransaction: Undo Remove Components
[2016.01.02-08.05.18:736][568]LogBlueprint:Warning: Loaded invalid component bound event in node /Engine/Transient.EdGraph_552:K2Node_ComponentBoundEvent_486.
[2016.01.02-08.05.18:736][568]LogBlueprint:Warning: Loaded invalid component bound event in node /Engine/Transient.EdGraph_552:K2Node_ComponentBoundEvent_271.
[2016.01.02-08.05.19:116][604]LogEditorTransaction: Undo Modify Component(s)
[2016.01.02-08.05.22:808][998]LogEditorTransaction: Redo Modify Component(s)
[2016.01.02-08.05.22:836][998]LogD3D11RHI: InitD3DDevice
[2016.01.02-08.05.42:713][914]LogD3D11RHI: InitD3DDevice
[2016.01.02-08.05.43:355][976]LogD3D11RHI: InitD3DDevice
[2016.01.02-08.06.58:586][415]LogEditorTransaction: Undo Modify Component(s)
[2016.01.02-08.06.58:611][415]LogD3D11RHI: InitD3DDevice
[2016.01.02-08.07.00:923][642]LogEditorTransaction: Undo Modify Component(s)
[2016.01.02-08.07.08:467][383]LogD3D11RHI: InitD3DDevice
[2016.01.02-08.07.09:010][434]LogD3D11RHI: InitD3DDevice
[2016.01.02-08.07.20:118][479]LogD3D11RHI: InitD3DDevice
[2016.01.02-08.07.21:188][586]LogD3D11RHI: InitD3DDevice
[2016.01.02-08.07.28:366][288]LogD3D11RHI: InitD3DDevice
[2016.01.02-08.07.28:790][330]LogD3D11RHI: InitD3DDevice
[2016.01.02-08.07.34:742][864]LogEditorTransaction: Undo Modify Component(s)
[2016.01.02-08.07.34:783][864]LogD3D11RHI: InitD3DDevice
[2016.01.02-08.07.39:354][309]LogEditorTransaction: Undo Modify Component(s)
[2016.01.02-08.07.39:382][309]LogD3D11RHI: InitD3DDevice
[2016.01.02-08.07.43:002][643]LogD3D11RHI: InitD3DDevice
[2016.01.02-08.07.43:372][678]LogD3D11RHI: InitD3DDevice
[2016.01.02-08.07.45:260][864]LogD3D11RHI: InitD3DDevice
[2016.01.02-08.07.45:671][902]LogD3D11RHI: InitD3DDevice
[2016.01.02-08.07.47:534][ 71]LogEditorTransaction: Undo Duplicate Component
[2016.01.02-08.07.47:546][ 71]LogBlueprint:Warning: Loaded invalid component bound event in node /Engine/Transient.EdGraph_899:K2Node_ComponentBoundEvent_486.
[2016.01.02-08.07.47:546][ 71]LogBlueprint:Warning: Loaded invalid component bound event in node /Engine/Transient.EdGraph_899:K2Node_ComponentBoundEvent_271.
[2016.01.02-08.07.47:594][ 71]LogD3D11RHI: InitD3DDevice
[2016.01.02-08.07.49:966][289]LogD3D11RHI: InitD3DDevice
[2016.01.02-08.07.50:369][327]LogD3D11RHI: InitD3DDevice
[2016.01.02-08.08.02:840][485]LogD3D11RHI: InitD3DDevice
[2016.01.02-08.08.03:223][522]LogD3D11RHI: InitD3DDevice
[2016.01.02-08.08.05:601][745]LogD3D11RHI: InitD3DDevice
[2016.01.02-08.08.08:938][ 78]LogD3D11RHI: InitD3DDevice
[2016.01.02-08.09.01:399][421]LogD3D11RHI: InitD3DDevice
[2016.01.02-08.09.01:720][451]LogD3D11RHI: InitD3DDevice
[2016.01.02-08.09.09:195][147]LogD3D11RHI: InitD3DDevice
[2016.01.02-08.09.09:495][180]LogD3D11RHI: InitD3DDevice
[2016.01.02-08.09.13:994][562]LogD3D11RHI: InitD3DDevice
[2016.01.02-08.09.14:028][562]Cmd: OBJ SAVEPACKAGE PACKAGE="/Game/SpiritRunner/Blueprints/FlatFloor1a5a" FILE="C:/Users/John/Documents/GitHub/spiritrunner/SpiritRunner/Content/SpiritRunner/Blueprints/FlatFloor1a5a.uasset" SILENT=true
[2016.01.02-08.09.22:866][562]LogOutputDevice: === Handled error: ===

Ensure condition failed: nullptr != CDO [File:D:\BuildFarm\buildmachine_++depot+UE4-Releases+4.8\Engine\Source\Runtime\CoreUObject\Private\UObject\SavePackage.cpp] [Line: 1887]
Error: Invalid CDO in class /Engine/Transient.TRASHCLASS_FlatFloor1a5a_225
Stack: 
UE4Editor-Core.dll!FWindowsPlatformStackWalk::StackWalkAndDump() {0x000007fee134ac36} + 0 bytes [d:\buildfarm\buildmachine_++depot+ue4-releases+4.8\engine\sou
UE4Editor-Core.dll!FDebug::EnsureFailed() {0x000007fee11e4411} + 0 bytes [d:\buildfarm\buildmachine_++depot+ue4-releases+4.8\engine\sou
UE4Editor-Core.dll!FDebug::EnsureNotFalse_OptionallyLogFormattedEnsureMessageReturningFalse() {0x000007fee11e46c3} + 0 bytes [d:\buildfarm\buildmachine_++depot+ue4-releases+4.8\engine\sou
UE4Editor-CoreUObject.dll!FExportReferenceSorter::ProcessStruct() {0x000007fee1b8177a} + 91 bytes [d:\buildfarm\buildmachine_++depot+ue4-releases+4.8\engine\sou
UE4Editor-CoreUObject.dll!FExportReferenceSorter::HandleDependency() {0x000007fee1b6de32} + 0 bytes [d:\buildfarm\buildmachine_++depot+ue4-releases+4.8\engine\sou
UE4Editor-CoreUObject.dll!FExportReferenceSorter::HandleDependency() {0x000007fee1b6dde7} + 0 bytes [d:\buildfarm\buildmachine_++depot+ue4-releases+4.8\engine\sou
UE4Editor-CoreUObject.dll!FExportReferenceSorter::operator<<() {0x000007fee1b49c79} + 8 bytes [d:\buildfarm\buildmachine_++depot+ue4-releases+4.8\engine\sou
UE4Editor-CoreUObject.dll!UObjectProperty::SerializeItem() {0x000007fee1b98c47} + 0 bytes [d:\buildfarm\buildmachine_++depot+ue4-releases+4.8\engine\sou
UE4Editor-CoreUObject.dll!FPropertyTag::SerializeTaggedProperty() {0x000007fee1a82ea2} + 0 bytes [d:\buildfarm\buildmachine_++depot+ue4-releases+4.8\engine\sou
UE4Editor-CoreUObject.dll!UStruct::SerializeTaggedProperties() {0x000007fee1a82ca0} + 0 bytes [d:\buildfarm\buildmachine_++depot+ue4-releases+4.8\engine\sou
UE4Editor-CoreUObject.dll!UObject::SerializeScriptProperties() {0x000007fee1b1c164} + 0 bytes [d:\buildfarm\buildmachine_++depot+ue4-releases+4.8\engine\sou
UE4Editor-CoreUObject.dll!UObject::Serialize() {0x000007fee1b198bf} + 0 bytes [d:\buildfarm\buildmachine_++depot+ue4-releases+4.8\engine\sou
UE4Editor-CoreUObject.dll!FExportReferenceSorter::ProcessObject() {0x000007fee1b7fd38} + 0 bytes [d:\buildfarm\buildmachine_++depot+ue4-releases+4.8\engine\sou
UE4Editor-CoreUObject.dll!FObjectExportSeekFreeSorter::SortExports() {0x000007fee1b99c9c} + 0 bytes [d:\buildfarm\buildmachine_++depot+ue4-releases+4.8\engine\sou
UE4Editor-CoreUObject.dll!UPackage::SavePackage() {0x000007fee1b8e6fa} + 0 bytes [d:\buildfarm\buildmachine_++depot+ue4-releases+4.8\engine\sou
UE4Editor-UnrealEd.dll!UEditorEngine::SavePackage() {0x000007fedb7108b2} + 115 bytes [d:\buildfarm\buildmachine_++depot+ue4-releases+4.8\engine\sou
UE4Editor-UnrealEd.dll!UEditorEngine::Exec_Obj() {0x000007fedb7636ce} + 72 bytes [d:\buildfarm\buildmachine_++depot+ue4-releases+4.8\engine\sou
UE4Editor-UnrealEd.dll!UEditorEngine::Exec() {0x000007fedb76013b} + 18 bytes [d:\buildfarm\buildmachine_++depot+ue4-releases+4.8\engine\sou
UE4Editor-UnrealEd.dll!UUnrealEdEngine::Exec() {0x000007fedbb75aa1} + 17 bytes [d:\buildfarm\buildmachine_++depot+ue4-releases+4.8\engine\sou
UE4Editor-UnrealEd.dll!InternalSavePackage() {0x000007fedb802934} + 94 bytes [d:\buildfarm\buildmachine_++depot+ue4-releases+4.8\engine\sou
UE4Editor-UnrealEd.dll!FEditorFileUtils::PromptForCheckoutAndSave() {0x000007fedb812b5b} + 18 bytes [d:\buildfarm\buildmachine_++depot+ue4-releases+4.8\engine\sou
UE4Editor-UnrealEd.dll!InternalSavePackages() {0x000007fedb80301d} + 0 bytes [d:\buildfarm\buildmachine_++depot+ue4-releases+4.8\engine\sou
UE4Editor-UnrealEd.dll!FEditorFileUtils::SaveDirtyPackages() {0x000007fedb81dc1d} + 49 bytes [d:\buildfarm\buildmachine_++depot+ue4-releases+4.8\engine\sou
UE4Editor-MainFrame.dll!FMainFrameActionCallbacks::SaveAll() {0x000007fed1f3c929} + 0 bytes [d:\buildfarm\buildmachine_++depot+ue4-releases+4.8\engine\sou
UE4Editor-MainFrame.dll!TBaseStaticDelegateInstance<void __cdecl(void)>::ExecuteIfSafe() {0x000007fed1f210f7} + 0 bytes [d:\buildfarm\buildmachine_++depot+ue4-releases+4.8\engine\sou
UE4Editor-Slate.dll!FUICommandList::ConditionalProcessCommandBindings() {0x000007fedd982539} + 8 bytes [d:\buildfarm\buildmachine_++depot+ue4-releases+4.8\engine\sou
UE4Editor-Slate.dll!FUICommandList::ProcessCommandBindings() {0x000007fedd9d659c} + 0 bytes [d:\buildfarm\buildmachine_++depot+ue4-releases+4.8\engine\sou
UE4Editor-MainFrame.dll!FMainFrameActionCallbacks::OnUnhandledKeyDownEvent() {0x000007fed1f3483e} + 0 bytes [d:\buildfarm\buildmachine_++depot+ue4-releases+4.8\engine\sou
UE4Editor-MainFrame.dll!TTupleImpl<TIntegerSequence<> >::ApplyAfter_ExplicitReturnType<FReply,FReply (__cdecl*const & __ptr64)(FKeyEvent const & __ptr64),FKeyEvent const & __ptr64>() {0x000007fed1ef79af} + 11 bytes [d:\buildfarm\buildmachine_++depot+ue4-releases+4.8\engine\sou
UE4Editor-MainFrame.dll!TBaseStaticDelegateInstance<FReply __cdecl(FKeyEvent const & __ptr64)>::Execute() {0x000007fed1f20bc1} + 24 bytes [d:\buildfarm\buildmachine_++depot+ue4-releases+4.8\engine\sou
UE4Editor-Slate.dll!TBaseDelegate<FReply,FKeyEvent const & __ptr64>::Execute() {0x000007fedd9929ba} + 6 bytes [d:\buildfarm\buildmachine_++depot+ue4-releases+4.8\engine\sou
UE4Editor-Slate.dll!FSlateApplication::ProcessKeyDownEvent() {0x000007fedd9d7468} + 22 bytes [d:\buildfarm\buildmachine_++depot+ue4-releases+4.8\engine\sou
UE4Editor-Slate.dll!FSlateApplication::OnKeyDown() {0x000007fedd9c48e6} + 14 bytes [d:\buildfarm\buildmachine_++depot+ue4-releases+4.8\engine\sou
UE4Editor-Core.dll!FWindowsApplication::ProcessDeferredMessage() {0x000007fee133d483} + 0 bytes [d:\buildfarm\buildmachine_++depot+ue4-releases+4.8\engine\sou
UE4Editor-Core.dll!FWindowsApplication::DeferMessage() {0x000007fee13249d1} + 74 bytes [d:\buildfarm\buildmachine_++depot+ue4-releases+4.8\engine\sou
UE4Editor-Core.dll!FWindowsApplication::ProcessMessage() {0x000007fee133edc3} + 44 bytes [d:\buildfarm\buildmachine_++depot+ue4-releases+4.8\engine\sou
UE4Editor-Core.dll!FWindowsApplication::AppWndProc() {0x000007fee131e5ba} + 0 bytes [d:\buildfarm\buildmachine_++depot+ue4-releases+4.8\engine\sou
USER32.dll {0x0000000077839bd1} + 0 bytes
USER32.dll {0x00000000778398da} + 0 bytes
UE4Editor-Core.dll!FWindowsPlatformMisc::PumpMessages() {0x000007fee1340186} + 48 bytes [d:\buildfarm\buildmachine_++depot+ue4-releases+4.8\engine\sou
UE4Editor.exe!FEngineLoop::Tick() {0x000000013f633c7a} + 8 bytes [d:\buildfarm\buildmachine_++depot+ue4-releases+4.8\engine\sou
UE4Editor.exe!GuardedMain() {0x000000013f6249cc} + 0 bytes [d:\buildfarm\buildmachine_++depot+ue4-releases+4.8\engine\sou
UE4Editor.exe!GuardedMainWrapper() {0x000000013f624a4a} + 5 bytes [d:\buildfarm\buildmachine_++depot+ue4-releases+4.8\engine\sou
UE4Editor.exe!WinMain() {0x000000013f6365c9} + 17 bytes [d:\buildfarm\buildmachine_++depot+ue4-releases+4.8\engine\sou
UE4Editor.exe!__tmainCRTStartup() {0x000000013f6375d9} + 21 bytes [f:\dd\vctools\crt\crtw32\dllstuff\crtexe.c:618]
kernel32.dll {0x000000007793652d} + 0 bytes
ntdll.dll {0x0000000077a6c541} + 0 bytes
ntdll.dll {0x0000000077a6c541} + 0 bytes

[2016.01.02-08.09.25:669][562]LogSavePackage: Save=11601.539063ms
[2016.01.02-08.09.25:670][562]LogSavePackage: Moving 'C:/Users/John/Documents/GitHub/spiritrunner/SpiritRunner/Saved/FlatFloor1a5a5FF9078D47466F9D8071328E3AB3A964.tmp' to 'C:/Users/John/Documents/GitHub/spiritrunner/SpiritRunner/Content/SpiritRunner/Blueprints/FlatFloor1a5a.uasset'
[2016.01.02-08.12.06:954][735]LogD3D11RHI: InitD3DDevice
[2016.01.02-08.12.07:224][759]LogD3D11RHI: InitD3DDevice
[2016.01.02-08.14.04:329][354]LogD3D11RHI: InitD3DDevice
[2016.01.02-08.14.04:451][361]LogActorFactory: Actor Factory created FlatFloor2
[2016.01.02-08.14.05:288][444]LogActorFactory: Actor Factory created FlatFloor2
[2016.01.02-08.14.32:445][831]LogD3D11RHI: InitD3DDevice
[2016.01.02-08.14.32:511][838]LogActorFactory: Actor Factory created FlatFloor2
[2016.01.02-08.14.33:271][902]LogActorFactory: Actor Factory created FlatFloor2
[2016.01.02-08.15.00:773][333]LogD3D11RHI: InitD3DDevice
[2016.01.02-08.15.31:243][ 57]LogD3D11RHI: InitD3DDevice
[2016.01.02-08.16.04:788][ 84]LogD3D11RHI: InitD3DDevice
[2016.01.02-08.16.04:877][ 93]LogActorFactory: Actor Factory created FINALplant
[2016.01.02-08.16.07:880][355]LogActorFactory: Actor Factory created FINALplant
[2016.01.02-08.16.28:798][164]Cmd: EDIT COPY
[2016.01.02-08.16.29:183][194]Cmd: EDIT PASTE
[2016.01.02-08.16.36:277][790]Cmd: EDIT COPY
[2016.01.02-08.16.36:564][814]Cmd: EDIT PASTE
[2016.01.02-08.16.42:767][314]Cmd: EDIT PASTE
[2016.01.02-08.16.55:564][449]LogD3D11RHI: InitD3DDevice
[2016.01.02-08.17.03:579][135]LogEditorViewport: Clicking on Actor (LMB): StaticMeshActor (FINALplant6)
[2016.01.02-08.17.05:964][336]LogD3D11RHI: InitD3DDevice
[2016.01.02-08.17.09:882][655]LogD3D11RHI: InitD3DDevice
[2016.01.02-08.17.14:007][  6]LogEditorViewport: Clicking on Actor (LMB): StaticMeshActor (FINALplant3)
[2016.01.02-08.17.14:891][ 75]LogD3D11RHI: InitD3DDevice
[2016.01.02-08.17.20:122][535]LogEditorViewport: Clicking on Actor (LMB): StaticMeshActor (FINALplant2)
[2016.01.02-08.17.21:476][648]LogD3D11RHI: InitD3DDevice
[2016.01.02-08.17.26:263][ 63]LogD3D11RHI: InitD3DDevice
[2016.01.02-08.17.33:830][689]LogEditorViewport: Clicking on Actor (LMB): StaticMeshActor (FINALplant4)
[2016.01.02-08.17.36:308][883]LogD3D11RHI: InitD3DDevice
[2016.01.02-08.17.41:575][326]LogEditorViewport: Clicking on Actor (LMB): StaticMeshActor (FINALplant5)
[2016.01.02-08.17.43:697][500]LogD3D11RHI: InitD3DDevice
[2016.01.02-08.17.46:787][761]LogD3D11RHI: InitD3DDevice
[2016.01.02-08.17.50:804][ 98]LogEditorViewport: Clicking on Actor (LMB): StaticMeshActor (FINALplant)
[2016.01.02-08.17.52:578][238]LogD3D11RHI: InitD3DDevice
[2016.01.02-08.18.05:569][357]Cmd: EDIT COPY
[2016.01.02-08.18.05:945][386]Cmd: EDIT PASTE
[2016.01.02-08.18.14:364][ 77]LogEditorViewport: Clicking on Actor (LMB): StaticMeshActor (FINALplant3)
[2016.01.02-08.18.15:622][185]Cmd: EDIT COPY
[2016.01.02-08.18.16:007][217]Cmd: EDIT PASTE
[2016.01.02-08.18.22:643][813]LogActorComponent: UnregisterComponent: (/Engine/Transient.CharMoveComp) Not registered. Aborting.
[2016.01.02-08.18.22:644][813]LogActorComponent: UnregisterComponent: (/Engine/Transient.RotatingMovement0C812BA34D0DD21FB12D1D9A948423D7) Not registered. Aborting.
[2016.01.02-08.18.22:644][813]LogActorComponent: UnregisterComponent: (/Engine/Transient.RotatingMovementComponent_4) Not registered. Aborting.
[2016.01.02-08.18.22:719][813]LogD3D11RHI: InitD3DDevice
[2016.01.02-08.18.23:080][813]LogSavePackage: Save=122.932648ms
[2016.01.02-08.18.23:080][813]LogSavePackage: Moving 'C:/Users/John/Documents/GitHub/spiritrunner/SpiritRunner/Saved/RunnerMapTestB82FA2B741F8746EBCA5A9B8EFB127BC.tmp' to 'C:/Users/John/Documents/GitHub/spiritrunner/SpiritRunner/Content/SpiritRunner/Maps/RunnerMapTest.umap'
[2016.01.02-08.18.23:118][813]LogFileHelpers: Saving map 'RunnerMapTest' took 0.385
[2016.01.02-08.18.23:138][813]Cmd: OBJ SAVEPACKAGE PACKAGE="/Game/SpiritRunner/Blueprints/FlatFloor1a5a" FILE="C:/Users/John/Documents/GitHub/spiritrunner/SpiritRunner/Content/SpiritRunner/Blueprints/FlatFloor1a5a.uasset" SILENT=true
[2016.01.02-08.18.23:327][813]LogOutputDevice: === Handled error: ===

Ensure condition failed: nullptr != CDO [File:D:\BuildFarm\buildmachine_++depot+UE4-Releases+4.8\Engine\Source\Runtime\CoreUObject\Private\UObject\SavePackage.cpp] [Line: 1887]
Error: Invalid CDO in class /Engine/Transient.TRASHCLASS_FlatFloor1a5a_225
Stack: 
UE4Editor-Core.dll!FWindowsPlatformStackWalk::StackWalkAndDump() {0x000007fee134ac36} + 0 bytes [d:\buildfarm\buildmachine_++depot+ue4-releases+4.8\engine\sou
UE4Editor-Core.dll!FDebug::EnsureFailed() {0x000007fee11e4411} + 0 bytes [d:\buildfarm\buildmachine_++depot+ue4-releases+4.8\engine\sou
UE4Editor-Core.dll!FDebug::EnsureNotFalse_OptionallyLogFormattedEnsureMessageReturningFalse() {0x000007fee11e46c3} + 0 bytes [d:\buildfarm\buildmachine_++depot+ue4-releases+4.8\engine\sou
UE4Editor-CoreUObject.dll!FExportReferenceSorter::ProcessStruct() {0x000007fee1b8177a} + 91 bytes [d:\buildfarm\buildmachine_++depot+ue4-releases+4.8\engine\sou
UE4Editor-CoreUObject.dll!FExportReferenceSorter::HandleDependency() {0x000007fee1b6de32} + 0 bytes [d:\buildfarm\buildmachine_++depot+ue4-releases+4.8\engine\sou
UE4Editor-CoreUObject.dll!FExportReferenceSorter::HandleDependency() {0x000007fee1b6dde7} + 0 bytes [d:\buildfarm\buildmachine_++depot+ue4-releases+4.8\engine\sou
UE4Editor-CoreUObject.dll!FExportReferenceSorter::operator<<() {0x000007fee1b49c79} + 8 bytes [d:\buildfarm\buildmachine_++depot+ue4-releases+4.8\engine\sou
UE4Editor-CoreUObject.dll!UObjectProperty::SerializeItem() {0x000007fee1b98c47} + 0 bytes [d:\buildfarm\buildmachine_++depot+ue4-releases+4.8\engine\sou
UE4Editor-CoreUObject.dll!FPropertyTag::SerializeTaggedProperty() {0x000007fee1a82ea2} + 0 bytes [d:\buildfarm\buildmachine_++depot+ue4-releases+4.8\engine\sou
UE4Editor-CoreUObject.dll!UStruct::SerializeTaggedProperties() {0x000007fee1a82ca0} + 0 bytes [d:\buildfarm\buildmachine_++depot+ue4-releases+4.8\engine\sou
UE4Editor-CoreUObject.dll!UObject::SerializeScriptProperties() {0x000007fee1b1c164} + 0 bytes [d:\buildfarm\buildmachine_++depot+ue4-releases+4.8\engine\sou
UE4Editor-CoreUObject.dll!UObject::Serialize() {0x000007fee1b198bf} + 0 bytes [d:\buildfarm\buildmachine_++depot+ue4-releases+4.8\engine\sou
UE4Editor-CoreUObject.dll!FExportReferenceSorter::ProcessObject() {0x000007fee1b7fd38} + 0 bytes [d:\buildfarm\buildmachine_++depot+ue4-releases+4.8\engine\sou
UE4Editor-CoreUObject.dll!FObjectExportSeekFreeSorter::SortExports() {0x000007fee1b99c9c} + 0 bytes [d:\buildfarm\buildmachine_++depot+ue4-releases+4.8\engine\sou
UE4Editor-CoreUObject.dll!UPackage::SavePackage() {0x000007fee1b8e6fa} + 0 bytes [d:\buildfarm\buildmachine_++depot+ue4-releases+4.8\engine\sou
UE4Editor-UnrealEd.dll!UEditorEngine::SavePackage() {0x000007fedb7108b2} + 115 bytes [d:\buildfarm\buildmachine_++depot+ue4-releases+4.8\engine\sou
UE4Editor-UnrealEd.dll!UEditorEngine::Exec_Obj() {0x000007fedb7636ce} + 72 bytes [d:\buildfarm\buildmachine_++depot+ue4-releases+4.8\engine\sou
UE4Editor-UnrealEd.dll!UEditorEngine::Exec() {0x000007fedb76013b} + 18 bytes [d:\buildfarm\buildmachine_++depot+ue4-releases+4.8\engine\sou
UE4Editor-UnrealEd.dll!UUnrealEdEngine::Exec() {0x000007fedbb75aa1} + 17 bytes [d:\buildfarm\buildmachine_++depot+ue4-releases+4.8\engine\sou
UE4Editor-UnrealEd.dll!InternalSavePackage() {0x000007fedb802934} + 94 bytes [d:\buildfarm\buildmachine_++depot+ue4-releases+4.8\engine\sou
UE4Editor-UnrealEd.dll!FEditorFileUtils::PromptForCheckoutAndSave() {0x000007fedb812b5b} + 18 bytes [d:\buildfarm\buildmachine_++depot+ue4-releases+4.8\engine\sou
UE4Editor-UnrealEd.dll!InternalSavePackages() {0x000007fedb80301d} + 0 bytes [d:\buildfarm\buildmachine_++depot+ue4-releases+4.8\engine\sou
UE4Editor-UnrealEd.dll!FEditorFileUtils::SaveDirtyPackages() {0x000007fedb81dc1d} + 49 bytes [d:\buildfarm\buildmachine_++depot+ue4-releases+4.8\engine\sou
UE4Editor-MainFrame.dll!FMainFrameActionCallbacks::SaveAll() {0x000007fed1f3c929} + 0 bytes [d:\buildfarm\buildmachine_++depot+ue4-releases+4.8\engine\sou
UE4Editor-MainFrame.dll!TBaseStaticDelegateInstance<void __cdecl(void)>::ExecuteIfSafe() {0x000007fed1f210f7} + 0 bytes [d:\buildfarm\buildmachine_++depot+ue4-releases+4.8\engine\sou
UE4Editor-Slate.dll!FUICommandList::ConditionalProcessCommandBindings() {0x000007fedd982539} + 8 bytes [d:\buildfarm\buildmachine_++depot+ue4-releases+4.8\engine\sou
UE4Editor-Slate.dll!FUICommandList::ProcessCommandBindings() {0x000007fedd9d659c} + 0 bytes [d:\buildfarm\buildmachine_++depot+ue4-releases+4.8\engine\sou
UE4Editor-MainFrame.dll!FMainFrameActionCallbacks::OnUnhandledKeyDownEvent() {0x000007fed1f3483e} + 0 bytes [d:\buildfarm\buildmachine_++depot+ue4-releases+4.8\engine\sou
UE4Editor-MainFrame.dll!TTupleImpl<TIntegerSequence<> >::ApplyAfter_ExplicitReturnType<FReply,FReply (__cdecl*const & __ptr64)(FKeyEvent const & __ptr64),FKeyEvent const & __ptr64>() {0x000007fed1ef79af} + 11 bytes [d:\buildfarm\buildmachine_++depot+ue4-releases+4.8\engine\sou
UE4Editor-MainFrame.dll!TBaseStaticDelegateInstance<FReply __cdecl(FKeyEvent const & __ptr64)>::Execute() {0x000007fed1f20bc1} + 24 bytes [d:\buildfarm\buildmachine_++depot+ue4-releases+4.8\engine\sou
UE4Editor-Slate.dll!TBaseDelegate<FReply,FKeyEvent const & __ptr64>::Execute() {0x000007fedd9929ba} + 6 bytes [d:\buildfarm\buildmachine_++depot+ue4-releases+4.8\engine\sou
UE4Editor-Slate.dll!FSlateApplication::ProcessKeyDownEvent() {0x000007fedd9d7468} + 22 bytes [d:\buildfarm\buildmachine_++depot+ue4-releases+4.8\engine\sou
UE4Editor-Slate.dll!FSlateApplication::OnKeyDown() {0x000007fedd9c48e6} + 14 bytes [d:\buildfarm\buildmachine_++depot+ue4-releases+4.8\engine\sou
UE4Editor-Core.dll!FWindowsApplication::ProcessDeferredMessage() {0x000007fee133d483} + 0 bytes [d:\buildfarm\buildmachine_++depot+ue4-releases+4.8\engine\sou
UE4Editor-Core.dll!FWindowsApplication::DeferMessage() {0x000007fee13249d1} + 74 bytes [d:\buildfarm\buildmachine_++depot+ue4-releases+4.8\engine\sou
UE4Editor-Core.dll!FWindowsApplication::ProcessMessage() {0x000007fee133edc3} + 44 bytes [d:\buildfarm\buildmachine_++depot+ue4-releases+4.8\engine\sou
UE4Editor-Core.dll!FWindowsApplication::AppWndProc() {0x000007fee131e5ba} + 0 bytes [d:\buildfarm\buildmachine_++depot+ue4-releases+4.8\engine\sou
USER32.dll {0x0000000077839bd1} + 0 bytes
USER32.dll {0x00000000778398da} + 0 bytes
UE4Editor-Core.dll!FWindowsPlatformMisc::PumpMessages() {0x000007fee1340186} + 48 bytes [d:\buildfarm\buildmachine_++depot+ue4-releases+4.8\engine\sou
UE4Editor.exe!FEngineLoop::Tick() {0x000000013f633c7a} + 8 bytes [d:\buildfarm\buildmachine_++depot+ue4-releases+4.8\engine\sou
UE4Editor.exe!GuardedMain() {0x000000013f6249cc} + 0 bytes [d:\buildfarm\buildmachine_++depot+ue4-releases+4.8\engine\sou
UE4Editor.exe!GuardedMainWrapper() {0x000000013f624a4a} + 5 bytes [d:\buildfarm\buildmachine_++depot+ue4-releases+4.8\engine\sou
UE4Editor.exe!WinMain() {0x000000013f6365c9} + 17 bytes [d:\buildfarm\buildmachine_++depot+ue4-releases+4.8\engine\sou
UE4Editor.exe!__tmainCRTStartup() {0x000000013f6375d9} + 21 bytes [f:\dd\vctools\crt\crtw32\dllstuff\crtexe.c:618]
kernel32.dll {0x000000007793652d} + 0 bytes
ntdll.dll {0x0000000077a6c541} + 0 bytes
ntdll.dll {0x0000000077a6c541} + 0 bytes

[2016.01.02-08.18.23:399][813]LogSavePackage: Save=227.422119ms
[2016.01.02-08.18.23:399][813]LogSavePackage: Moving 'C:/Users/John/Documents/GitHub/spiritrunner/SpiritRunner/Saved/FlatFloor1a5a45D065CE48CC40E5A61568B69A62CAA1.tmp' to 'C:/Users/John/Documents/GitHub/spiritrunner/SpiritRunner/Content/SpiritRunner/Blueprints/FlatFloor1a5a.uasset'
[2016.01.02-08.18.40:911][206]Cmd: EDIT COPY
[2016.01.02-08.18.41:838][286]Cmd: EDIT PASTE
[2016.01.02-08.18.44:823][535]Cmd: EDIT COPY
[2016.01.02-08.18.46:486][663]Cmd: EDIT PASTE
[2016.01.02-08.19.00:480][835]LogEditorViewport: Clicking on Actor (LMB): StaticMeshActor (FlatFloor2)
[2016.01.02-08.19.01:059][881]LogEditorViewport: Clicking on Actor (LMB): StaticMeshActor (FlatFloor2)
[2016.01.02-08.19.02:099][977]LogEditorViewport: Clicking on Actor (LMB): StaticMeshActor (FINALplant)
[2016.01.02-08.19.08:067][478]LogD3D11RHI: InitD3DDevice
[2016.01.02-08.19.08:390][478]LogSavePackage: Save=80.405884ms
[2016.01.02-08.19.08:390][478]LogSavePackage: Moving 'C:/Users/John/Documents/GitHub/spiritrunner/SpiritRunner/Saved/RunnerMapTestDC33CA2A4173DB15E7DB38A5FBE244C4.tmp' to 'C:/Users/John/Documents/GitHub/spiritrunner/SpiritRunner/Content/SpiritRunner/Maps/RunnerMapTest.umap'
[2016.01.02-08.19.08:414][478]LogFileHelpers: Saving map 'RunnerMapTest' took 0.332
[2016.01.02-08.19.27:437][552]LogD3D11RHI: Timed out while waiting for GPU to catch up. (500 ms)
[2016.01.02-08.19.28:145][553]LogD3D11RHI: Timed out while waiting for GPU to catch up. (500 ms)
[2016.01.02-08.39.06:952][181]LogActorComponent: UnregisterComponent: (/Engine/Transient.EditorFloorComp) Not registered. Aborting.
[2016.01.02-08.39.07:257][182]Cmd: QUIT_EDITOR
[2016.01.02-08.39.07:722][182]LogExit: Preparing to exit.
[2016.01.02-08.39.08:833][182]LogExit: Editor shut down
[2016.01.02-08.39.08:834][182]LogExit: Transaction tracking system shut down
[2016.01.02-08.39.08:843][182]LogParticles: Destroying 0 GPU particle simulations for FXSystem 0x000000007A5A5DA0
[2016.01.02-08.39.08:860][182]LogParticles: Destroying 0 GPU particle simulations for FXSystem 0x00000000125E2CA0
[2016.01.02-08.39.08:867][182]LogParticles: Destroying 0 GPU particle simulations for FXSystem 0x000000001D558860
[2016.01.02-08.39.08:867][182]LogParticles: Destroying 0 GPU particle simulations for FXSystem 0x000000003AFAB9C0
[2016.01.02-08.39.08:868][182]LogParticles: Destroying 0 GPU particle simulations for FXSystem 0x000000003AFF8180
[2016.01.02-08.39.08:868][182]LogParticles: Destroying 0 GPU particle simulations for FXSystem 0x000000003685A0C0
[2016.01.02-08.39.08:869][182]LogParticles: Destroying 0 GPU particle simulations for FXSystem 0x0000000033885D00
[2016.01.02-08.39.08:869][182]LogParticles: Destroying 0 GPU particle simulations for FXSystem 0x000000003AB83060
[2016.01.02-08.39.08:869][182]LogParticles: Destroying 0 GPU particle simulations for FXSystem 0x000000003AB80EA0
[2016.01.02-08.39.08:869][182]LogParticles: Destroying 0 GPU particle simulations for FXSystem 0x000000003AB82160
[2016.01.02-08.39.08:909][182]LogParticles: Destroying 0 GPU particle simulations for FXSystem 0x000000003F793240
[2016.01.02-08.39.09:862][182]LogExit: Object subsystem successfully closed.
[2016.01.02-08.39.10:241][182]LogD3D11RHI: Shutdown
[2016.01.02-08.39.10:241][182]LogD3D11RHI: CleanupD3DDevice
[2016.01.02-08.39.10:439][182]LogD3D11RHI: ~FD3D11DynamicRHI
[2016.01.02-08.39.10:555][182]LogModuleManager: Shutting down and abandoning module StaticMeshEditor (189)
[2016.01.02-08.39.10:555][182]LogModuleManager: Shutting down and abandoning module CrashTracker (188)
[2016.01.02-08.39.10:555][182]LogModuleManager: Shutting down and abandoning module SceneOutliner (187)
[2016.01.02-08.39.10:555][182]LogModuleManager: Shutting down and abandoning module SuperSearch (186)
[2016.01.02-08.39.10:555][182]LogModuleManager: Shutting down and abandoning module WidgetCarousel (185)
[2016.01.02-08.39.10:579][182]LogModuleManager: Shutting down and abandoning module AddContentDialog (184)
[2016.01.02-08.39.10:580][182]LogModuleManager: Shutting down and abandoning module EditorWidgets (183)
[2016.01.02-08.39.10:580][182]LogModuleManager: Shutting down and abandoning module CollectionManager (182)
[2016.01.02-08.39.10:597][182]LogModuleManager: Shutting down and abandoning module StatsViewer (181)
[2016.01.02-08.39.10:607][182]LogModuleManager: Shutting down and abandoning module FoliageEdit (180)
[2016.01.02-08.39.10:611][182]LogModuleManager: Shutting down and abandoning module LandscapeEditor (179)
[2016.01.02-08.39.10:632][182]LogModuleManager: Shutting down and abandoning module ActorPickerMode (178)
[2016.01.02-08.39.10:632][182]LogModuleManager: Shutting down and abandoning module GeometryMode (177)
[2016.01.02-08.39.10:632][182]LogModuleManager: Shutting down and abandoning module TextureAlignMode (176)
[2016.01.02-08.39.10:632][182]LogModuleManager: Shutting down and abandoning module BspMode (175)
[2016.01.02-08.39.10:632][182]LogModuleManager: Shutting down and abandoning module PlacementMode (174)
[2016.01.02-08.39.10:641][182]LogModuleManager: Shutting down and abandoning module AutomationWorker (173)
[2016.01.02-08.39.10:641][182]LogModuleManager: Shutting down and abandoning module CharacterAI (172)
[2016.01.02-08.39.10:641][182]LogModuleManager: Shutting down and abandoning module SmartSnapping (171)
[2016.01.02-08.39.10:641][182]LogModuleManager: Shutting down and abandoning module ViewportSnapping (170)
[2016.01.02-08.39.10:641][182]LogModuleManager: Shutting down and abandoning module LogVisualizer (169)
[2016.01.02-08.39.10:664][182]LogModuleManager: Shutting down and abandoning module GameProjectGeneration (168)
[2016.01.02-08.39.10:680][182]LogModuleManager: Shutting down and abandoning module IntroTutorials (167)
[2016.01.02-08.39.10:702][182]LogModuleManager: Shutting down and abandoning module EditorLiveStreaming (166)
[2016.01.02-08.39.10:702][182]LogModuleManager: Shutting down and abandoning module IOSPlatformEditor (165)
[2016.01.02-08.39.10:713][182]LogModuleManager: Shutting down and abandoning module HTML5PlatformEditor (164)
[2016.01.02-08.39.10:713][182]LogModuleManager: Shutting down and abandoning module AndroidDeviceDetection (163)
[2016.01.02-08.39.11:519][182]LogModuleManager: Shutting down and abandoning module AndroidPlatformEditor (162)
[2016.01.02-08.39.11:519][182]LogModuleManager: Shutting down and abandoning module IOSRuntimeSettings (161)
[2016.01.02-08.39.11:519][182]LogModuleManager: Shutting down and abandoning module AndroidRuntimeSettings (160)
[2016.01.02-08.39.11:519][182]LogModuleManager: Shutting down and abandoning module MergeActors (159)
[2016.01.02-08.39.11:544][182]LogModuleManager: Shutting down and abandoning module SizeMap (158)
[2016.01.02-08.39.11:544][182]LogModuleManager: Shutting down and abandoning module TreeMap (157)
[2016.01.02-08.39.11:604][182]LogModuleManager: Shutting down and abandoning module ReferenceViewer (156)
[2016.01.02-08.39.11:604][182]LogModuleManager: Shutting down and abandoning module LocalizationDashboard (155)
[2016.01.02-08.39.11:608][182]LogModuleManager: Shutting down and abandoning module HardwareTargeting (154)
[2016.01.02-08.39.11:608][182]LogModuleManager: Shutting down and abandoning module DeviceProfileEditor (153)
[2016.01.02-08.39.11:623][182]LogModuleManager: Shutting down and abandoning module UndoHistory (152)
[2016.01.02-08.39.11:627][182]LogModuleManager: Shutting down and abandoning module GameplayTagsEditor (151)
[2016.01.02-08.39.11:631][182]LogModuleManager: Shutting down and abandoning module UserFeedback (150)
[2016.01.02-08.39.11:631][182]LogModuleManager: Shutting down and abandoning module XmlParser (149)
[2016.01.02-08.39.11:641][182]LogModuleManager: Shutting down and abandoning module Blutility (148)
[2016.01.02-08.39.11:641][182]LogModuleManager: Shutting down and abandoning module ProjectTargetPlatformEditor (147)
[2016.01.02-08.39.11:641][182]LogModuleManager: Shutting down and abandoning module ProjectSettingsViewer (146)
[2016.01.02-08.39.11:641][182]LogModuleManager: Shutting down and abandoning module InputBindingEditor (145)
[2016.01.02-08.39.11:667][182]LogModuleManager: Shutting down and abandoning module EditorSettingsViewer (144)
[2016.01.02-08.39.11:668][182]LogModuleManager: Shutting down and abandoning module SettingsEditor (143)
[2016.01.02-08.39.11:704][182]LogModuleManager: Shutting down and abandoning module ProjectLauncher (142)
[2016.01.02-08.39.11:714][182]LogModuleManager: Shutting down and abandoning module SessionFrontend (141)
[2016.01.02-08.39.11:781][182]LogModuleManager: Shutting down and abandoning module ProfilerClient (140)
[2016.01.02-08.39.11:806][182]LogModuleManager: Shutting down and abandoning module TargetDeviceServices (139)
[2016.01.02-08.39.11:806][182]LogModuleManager: Shutting down and abandoning module DeviceManager (138)
[2016.01.02-08.39.11:812][182]LogModuleManager: Shutting down and abandoning module AutomationController (137)
[2016.01.02-08.39.11:816][182]LogModuleManager: Shutting down and abandoning module AutomationWindow (136)
[2016.01.02-08.39.11:819][182]LogModuleManager: Shutting down and abandoning module Layers (135)
[2016.01.02-08.39.11:868][182]LogModuleManager: Shutting down and abandoning module ComponentVisualizers (134)
[2016.01.02-08.39.11:868][182]LogModuleManager: Shutting down and abandoning module DetailCustomizations (133)
[2016.01.02-08.39.11:868][182]LogModuleManager: Shutting down and abandoning module PackagesDialog (132)
[2016.01.02-08.39.11:868][182]LogModuleManager: Shutting down and abandoning module AssetRegistry (131)
[2016.01.02-08.39.12:016][182]LogModuleManager: Shutting down and abandoning module Persona (130)
[2016.01.02-08.39.12:028][182]LogModuleManager: Shutting down and abandoning module Kismet (129)
[2016.01.02-08.39.12:029][182]LogModuleManager: Shutting down and abandoning module GraphEditor (128)
[2016.01.02-08.39.12:029][182]LogModuleManager: Shutting down and abandoning module ClassViewer (127)
[2016.01.02-08.39.12:040][182]LogModuleManager: Shutting down and abandoning module Toolbox (126)
[2016.01.02-08.39.12:040][182]LogModuleManager: Shutting down and abandoning module ModuleUI (125)
[2016.01.02-08.39.12:045][182]LogModuleManager: Shutting down and abandoning module MovieSceneTools (124)
[2016.01.02-08.39.12:055][182]LogModuleManager: Shutting down and abandoning module OutputLog (123)
[2016.01.02-08.39.12:055][182]LogModuleManager: Shutting down and abandoning module GammaUI (122)
[2016.01.02-08.39.12:061][182]LogModuleManager: Shutting down and abandoning module Documentation (121)
[2016.01.02-08.39.12:061][182]LogModuleManager: Shutting down and abandoning module GameLiveStreaming (120)
[2016.01.02-08.39.12:095][182]LogModuleManager: Shutting down and abandoning module StreamingPauseRendering (119)
[2016.01.02-08.39.12:095][182]LogModuleManager: Shutting down and abandoning module AnalyticsET (118)
[2016.01.02-08.39.12:095][182]LogModuleManager: Shutting down and abandoning module Analytics (117)
[2016.01.02-08.39.12:095][182]LogModuleManager: Shutting down and abandoning module AITestSuite (116)
[2016.01.02-08.39.12:104][182]LogModuleManager: Shutting down and abandoning module GameplayDebugger (115)
[2016.01.02-08.39.12:114][182]LogModuleManager: Shutting down and abandoning module AIModule (114)
[2016.01.02-08.39.12:138][182]LogModuleManager: Shutting down and abandoning module ProfilerService (113)
[2016.01.02-08.39.12:330][182]LogModuleManager: Shutting down and abandoning module TaskGraph (112)
[2016.01.02-08.39.12:345][182]LogModuleManager: Shutting down and abandoning module SlateRemote (111)
[2016.01.02-08.39.12:345][182]LogModuleManager: Shutting down and abandoning module SteamVRController (110)
[2016.01.02-08.39.12:345][182]LogModuleManager: Shutting down and abandoning module SteamVR (109)
[2016.01.02-08.39.12:345][182]LogModuleManager: Shutting down and abandoning module ProceduralMeshComponent (108)
[2016.01.02-08.39.12:345][182]LogModuleManager: Shutting down and abandoning module OculusRift (107)
[2016.01.02-08.39.12:345][182]LogModuleManager: Shutting down and abandoning module LeapMotionController (106)
[2016.01.02-08.39.12:420][182]LogModuleManager: Shutting down and abandoning module CustomMeshComponent (105)
[2016.01.02-08.39.12:420][182]LogModuleManager: Shutting down and abandoning module CableComponent (104)
[2016.01.02-08.39.12:425][182]LogModuleManager: Shutting down and abandoning module MessagingDebugger (103)
[2016.01.02-08.39.12:469][182]LogModuleManager: Shutting down and abandoning module MediaPlayerEditor (102)
[2016.01.02-08.39.12:491][182]LogModuleManager: Shutting down and abandoning module SpeedTreeImporter (101)
[2016.01.02-08.39.12:491][182]LogModuleManager: Shutting down and abandoning module PluginBrowser (100)
[2016.01.02-08.39.12:494][182]LogModuleManager: Shutting down and abandoning module EpicSurvey (99)
[2016.01.02-08.39.12:502][182]LogModuleManager: Shutting down and abandoning module DesktopPlatform (98)
[2016.01.02-08.39.12:565][182]LogModuleManager: Shutting down and abandoning module VisualStudioSourceCodeAccess (97)
[2016.01.02-08.39.12:571][182]LogModuleManager: Shutting down and abandoning module UObjectPlugin (96)
[2016.01.02-08.39.12:571][182]LogModuleManager: Shutting down and abandoning module SubversionSourceControl (95)
[2016.01.02-08.39.12:588][182]LogModuleManager: Shutting down and abandoning module PerforceSourceControl (94)
[2016.01.02-08.39.12:663][182]LogModuleManager: Shutting down and abandoning module SourceControl (93)
[2016.01.02-08.39.12:674][182]LogModuleManager: Shutting down and abandoning module GitSourceControl (92)
[2016.01.02-08.39.12:685][182]LogModuleManager: Shutting down and abandoning module BlankPlugin (91)
[2016.01.02-08.39.12:685][182]LogModuleManager: Shutting down and abandoning module PaperTiledImporter (90)
[2016.01.02-08.39.12:685][182]LogModuleManager: Shutting down and abandoning module PaperSpriteSheetImporter (89)
[2016.01.02-08.39.12:687][182]LogModuleManager: Shutting down and abandoning module MeshPaint (88)
[2016.01.02-08.39.12:699][182]LogModuleManager: Shutting down and abandoning module SlateReflector (87)
[2016.01.02-08.39.12:711][182]LogModuleManager: Shutting down and abandoning module DirectoryWatcher (86)
[2016.01.02-08.39.12:713][182]LogModuleManager: Shutting down and abandoning module HotReload (85)
[2016.01.02-08.39.12:713][182]LogModuleManager: Shutting down and abandoning module MainFrame (84)
[2016.01.02-08.39.12:713][182]LogModuleManager: Shutting down and abandoning module LevelEditor (83)
[2016.01.02-08.39.12:738][182]LogModuleManager: Shutting down and abandoning module ContentBrowser (82)
[2016.01.02-08.39.12:739][182]LogModuleManager: Shutting down and abandoning module Paper2DEditor (81)
[2016.01.02-08.39.12:829][182]LogModuleManager: Shutting down and abandoning module UdpMessaging (80)
[2016.01.02-08.39.12:929][182]LogModuleManager: Shutting down and abandoning module Paper2D (79)
[2016.01.02-08.39.12:954][182]LogModuleManager: Shutting down and abandoning module WindowsMoviePlayer (78)
[2016.01.02-08.39.12:962][182]LogModuleManager: Shutting down and abandoning module Media (77)
[2016.01.02-08.39.12:963][182]LogModuleManager: Shutting down and abandoning module WmfMedia (76)
[2016.01.02-08.39.12:977][182]LogModuleManager: Shutting down and abandoning module OnlineBlueprintSupport (75)
[2016.01.02-08.39.12:977][182]LogModuleManager: Shutting down and abandoning module PropertyEditor (74)
[2016.01.02-08.39.12:977][182]LogModuleManager: Shutting down and abandoning module BehaviorTreeEditor (73)
[2016.01.02-08.39.12:986][182]LogModuleManager: Shutting down and abandoning module FunctionalTesting (72)
[2016.01.02-08.39.12:993][182]LogModuleManager: Shutting down and abandoning module CollisionAnalyzer (71)
[2016.01.02-08.39.13:026][182]LogModuleManager: Shutting down and abandoning module WorkspaceMenuStructure (70)
[2016.01.02-08.39.13:026][182]LogModuleManager: Shutting down and abandoning module MessageLog (69)
[2016.01.02-08.39.13:026][182]LogModuleManager: Shutting down and abandoning module Sequencer (68)
[2016.01.02-08.39.13:040][182]LogModuleManager: Shutting down and abandoning module AssetTools (67)
[2016.01.02-08.39.13:052][182]LogModuleManager: Shutting down and abandoning module UMGEditor (66)
[2016.01.02-08.39.13:069][182]LogModuleManager: Shutting down and abandoning module UMG (65)
[2016.01.02-08.39.13:081][182]LogModuleManager: Shutting down and abandoning module Slate (64)
[2016.01.02-08.39.13:081][182]LogModuleManager: Shutting down and abandoning module EditorStyle (63)
[2016.01.02-08.39.13:113][182]LogModuleManager: Shutting down and abandoning module SessionServices (62)
[2016.01.02-08.39.13:113][182]LogModuleManager: Shutting down and abandoning module SourceCodeAccess (61)
[2016.01.02-08.39.13:113][182]LogModuleManager: Shutting down and abandoning module HeadMountedDisplay (60)
[2016.01.02-08.39.13:113][182]LogModuleManager: Shutting down and abandoning module XAudio2 (59)
[2016.01.02-08.39.13:113][182]LogModuleManager: Shutting down and abandoning module Networking (57)
[2016.01.02-08.39.13:113][182]LogModuleManager: Shutting down and abandoning module Core (56)
[2016.01.02-08.39.13:113][182]LogModuleManager: Shutting down and abandoning module KismetCompiler (55)
[2016.01.02-08.39.13:113][182]LogModuleManager: Shutting down and abandoning module PhysXFormats (54)
[2016.01.02-08.39.13:113][182]LogModuleManager: Shutting down and abandoning module MeshUtilities (53)
[2016.01.02-08.39.13:124][182]LogModuleManager: Shutting down and abandoning module DerivedDataCache (52)
[2016.01.02-08.39.13:224][182]LogDerivedDataCache: Shutdown
[2016.01.02-08.39.13:224][182]LogModuleManager: Shutting down and abandoning module ShaderFormatOpenGL (51)
[2016.01.02-08.39.13:236][182]LogModuleManager: Shutting down and abandoning module ShaderFormatD3D (50)
[2016.01.02-08.39.13:242][182]LogModuleManager: Shutting down and abandoning module MetalShaderFormat (49)
[2016.01.02-08.39.13:261][182]LogModuleManager: Shutting down and abandoning module TextureFormatUncompressed (48)
[2016.01.02-08.39.13:261][182]LogModuleManager: Shutting down and abandoning module TextureFormatPVR (47)
[2016.01.02-08.39.13:268][182]LogModuleManager: Shutting down and abandoning module TextureFormatIntelISPCTexComp (46)
[2016.01.02-08.39.13:275][182]LogModuleManager: Shutting down and abandoning module TextureFormatDXT (45)
[2016.01.02-08.39.13:281][182]LogModuleManager: Shutting down and abandoning module ImageWrapper (44)
[2016.01.02-08.39.13:281][182]LogModuleManager: Shutting down and abandoning module TextureFormatASTC (43)
[2016.01.02-08.39.13:281][182]LogModuleManager: Shutting down and abandoning module TextureFormatAndroid (42)
[2016.01.02-08.39.13:281][182]LogModuleManager: Shutting down and abandoning module AudioFormatOpus (41)
[2016.01.02-08.39.13:286][182]LogModuleManager: Shutting down and abandoning module AudioFormatOgg (40)
[2016.01.02-08.39.13:293][182]LogModuleManager: Shutting down and abandoning module AudioFormatADPCM (39)
[2016.01.02-08.39.13:293][182]LogModuleManager: Shutting down and abandoning module LinuxTargetPlatform (38)
[2016.01.02-08.39.13:293][182]LogModuleManager: Shutting down and abandoning module LinuxServerTargetPlatform (37)
[2016.01.02-08.39.13:299][182]LogModuleManager: Shutting down and abandoning module LinuxNoEditorTargetPlatform (36)
[2016.01.02-08.39.13:308][182]LogModuleManager: Shutting down and abandoning module Messaging (35)
[2016.01.02-08.39.13:308][182]LogModuleManager: Shutting down and abandoning module IOSTargetPlatform (34)
[2016.01.02-08.39.13:308][182]LogModuleManager: Shutting down and abandoning module HTML5TargetPlatform (33)
[2016.01.02-08.39.13:308][182]LogModuleManager: Shutting down and abandoning module Android_PVRTCTargetPlatform (32)
[2016.01.02-08.39.13:308][182]LogModuleManager: Shutting down and abandoning module Android_ETC2TargetPlatform (31)
[2016.01.02-08.39.13:308][182]LogModuleManager: Shutting down and abandoning module Android_ETC1TargetPlatform (30)
[2016.01.02-08.39.13:308][182]LogModuleManager: Shutting down and abandoning module Android_DXTTargetPlatform (29)
[2016.01.02-08.39.13:308][182]LogModuleManager: Shutting down and abandoning module Android_ATCTargetPlatform (28)
[2016.01.02-08.39.13:308][182]LogModuleManager: Shutting down and abandoning module Android_ASTCTargetPlatform (27)
[2016.01.02-08.39.13:308][182]LogModuleManager: Shutting down and abandoning module AndroidTargetPlatform (26)
[2016.01.02-08.39.13:308][182]LogModuleManager: Shutting down and abandoning module WindowsTargetPlatform (25)
[2016.01.02-08.39.13:308][182]LogModuleManager: Shutting down and abandoning module WindowsServerTargetPlatform (24)
[2016.01.02-08.39.13:308][182]LogModuleManager: Shutting down and abandoning module WindowsNoEditorTargetPlatform (23)
[2016.01.02-08.39.13:308][182]LogModuleManager: Shutting down and abandoning module WindowsClientTargetPlatform (22)
[2016.01.02-08.39.13:308][182]LogModuleManager: Shutting down and abandoning module DesktopTargetPlatform (21)
[2016.01.02-08.39.13:308][182]LogModuleManager: Shutting down and abandoning module TargetPlatform (20)
[2016.01.02-08.39.13:308][182]LogModuleManager: Shutting down and abandoning module InputCore (19)
[2016.01.02-08.39.13:308][182]LogModuleManager: Shutting down and abandoning module Settings (18)
[2016.01.02-08.39.13:308][182]LogModuleManager: Shutting down and abandoning module OnlineSubsystem (16)
[2016.01.02-08.39.13:308][182]LogModuleManager: Shutting down and abandoning module HTTP (15)
[2016.01.02-08.39.13:308][182]LogModuleManager: Shutting down and abandoning module ExampleDeviceProfileSelector (14)
[2016.01.02-08.39.13:308][182]LogModuleManager: Shutting down and abandoning module TextureCompressor (13)
[2016.01.02-08.39.13:308][182]LogModuleManager: Shutting down and abandoning module ShaderCore (12)
[2016.01.02-08.39.13:308][182]LogModuleManager: Shutting down and abandoning module Landscape (11)
[2016.01.02-08.39.13:308][182]LogModuleManager: Shutting down and abandoning module SlateRHIRenderer (10)
[2016.01.02-08.39.13:319][182]LogModuleManager: Shutting down and abandoning module OpenGLDrv (9)
[2016.01.02-08.39.13:328][182]LogModuleManager: Shutting down and abandoning module D3D11RHI (8)
[2016.01.02-08.39.13:328][182]LogModuleManager: Shutting down and abandoning module Renderer (7)
[2016.01.02-08.39.13:328][182]LogModuleManager: Shutting down and abandoning module Engine (6)
[2016.01.02-08.39.13:328][182]LogModuleManager: Shutting down and abandoning module CoreUObject (5)
[2016.01.02-08.39.13:328][182]LogModuleManager: Shutting down and abandoning module NetworkFile (4)
[2016.01.02-08.39.13:339][182]LogModuleManager: Shutting down and abandoning module StreamingFile (3)
[2016.01.02-08.39.13:352][182]LogModuleManager: Shutting down and abandoning module SandboxFile (2)
[2016.01.02-08.39.13:361][182]LogModuleManager: Shutting down and abandoning module PakFile (1)
[2016.01.02-08.39.13:374][182]LogExit: Exiting.
[2016.01.02-08.39.13:386][182]Log file closed, 01/02/16 00:39:13
