[2015.12.26-05.19.02:063][  0]Log file open, 12/25/15 21:19:02
[2015.12.26-05.19.02:063][  0]LogInit:Display: Running engine for game: SpiritRunner
[2015.12.26-05.19.02:063][  0]LogInit:Display: RandInit(593913746) SRandInit(593913746).
[2015.12.26-05.19.02:063][  0]LogTaskGraph: Started task graph with 4 named threads and 7 total threads.
[2015.12.26-05.19.02:063][  0]LogStats: Stats thread started
[2015.12.26-05.19.02:063][  0]LogInit: Version: 4.8.3-2634408+++depot+UE4-Releases+4.8
[2015.12.26-05.19.02:063][  0]LogInit: API Version: 2579680
[2015.12.26-05.19.02:063][  0]LogInit: Compiled (64-bit): Jul 27 2015 16:24:33
[2015.12.26-05.19.02:063][  0]LogInit: Compiled with Visual C++: 18.00.21005.01
[2015.12.26-05.19.02:063][  0]LogInit: Build Configuration: Development
[2015.12.26-05.19.02:063][  0]LogInit: Branch Name: ++depot+UE4-Releases+4.8
[2015.12.26-05.19.02:063][  0]LogInit: Command line: 
[2015.12.26-05.19.02:063][  0]LogInit: Base directory: G:/Programs/Epic Games/4.8/Engine/Binaries/Win64/
[2015.12.26-05.19.02:063][  0]LogInit: Rocket: 1
[2015.12.26-05.19.02:147][  0]LogInit: Using libcurl 7.41.0
[2015.12.26-05.19.02:147][  0]LogInit:  - built for x86_64-pc-win32
[2015.12.26-05.19.02:147][  0]LogInit:  - supports SSL with WinSSL
[2015.12.26-05.19.02:147][  0]LogInit:  - other features:
[2015.12.26-05.19.02:147][  0]LogInit:      CURL_VERSION_SSL
[2015.12.26-05.19.02:147][  0]LogInit:      CURL_VERSION_IPV6
[2015.12.26-05.19.02:147][  0]LogInit:      CURL_VERSION_ASYNCHDNS
[2015.12.26-05.19.02:147][  0]LogInit:      CURL_VERSION_LARGEFILE
[2015.12.26-05.19.02:147][  0]LogInit:      CURL_VERSION_IDN
[2015.12.26-05.19.02:147][  0]LogInit:  CurlRequestOptions (configurable via config and command line):
[2015.12.26-05.19.02:147][  0]LogInit:  - bVerifyPeer = true  - Libcurl will verify peer certificate
[2015.12.26-05.19.02:147][  0]LogInit:  - bUseHttpProxy = false  - Libcurl will NOT use HTTP proxy
[2015.12.26-05.19.02:147][  0]LogInit:  - bDontReuseConnections = false  - Libcurl will reuse connections
[2015.12.26-05.19.02:147][  0]LogInit:  - CertBundlePath = nullptr  - Libcurl will use whatever was configured at build time.
[2015.12.26-05.19.02:180][  0]LogOnline:Warning: No default platform service specified for OnlineSubsystem
[2015.12.26-05.19.02:265][  0]LogInit: Presizing for 0 objects not considered by GC, pre-allocating 0 bytes.
[2015.12.26-05.19.02:274][  0]LogInit: Object subsystem initialized
[2015.12.26-05.19.02:275][  0]LogConsoleResponse:Warning: Skipping Unknown console variable: 'TranslucentSortAxis = (X=0.000000,Y=-1.000000,Z=0.000000)'
[2015.12.26-05.19.02:275][  0]LogConsoleResponse:Warning:   Found in ini file 'C:/Users/John/Documents/GitHub/spiritrunner/SpiritRunner/Saved/Config/Windows/Engine.ini', in section '[/Script/Engine.RendererSettings]'
[2015.12.26-05.19.02:275][  0]LogConsoleResponse:Warning: Skipping Unknown console variable: 'UIScaleRule = ShortestSide'
[2015.12.26-05.19.02:275][  0]LogConsoleResponse:Warning:   Found in ini file 'C:/Users/John/Documents/GitHub/spiritrunner/SpiritRunner/Saved/Config/Windows/Engine.ini', in section '[/Script/Engine.RendererSettings]'
[2015.12.26-05.19.02:275][  0]LogConsoleResponse:Warning: Skipping Unknown console variable: 'UIScaleCurve = (EditorCurveData=(Keys=),ExternalCurve=None)'
[2015.12.26-05.19.02:275][  0]LogConsoleResponse:Warning:   Found in ini file 'C:/Users/John/Documents/GitHub/spiritrunner/SpiritRunner/Saved/Config/Windows/Engine.ini', in section '[/Script/Engine.RendererSettings]'
[2015.12.26-05.19.02:275][  0]LogInit: Selected Device Profile: [Windows]
[2015.12.26-05.19.02:275][  0]LogInit: Applying CVar settings loaded from the selected device profile: [Windows]
[2015.12.26-05.19.02:304][  0]LogInit: Computer: JOHN-PC
[2015.12.26-05.19.02:304][  0]LogInit: User: John
[2015.12.26-05.19.02:304][  0]LogInit: CPU Page size=4096, Cores=4
[2015.12.26-05.19.02:304][  0]LogInit: High frequency timer resolution =3.906259 MHz
[2015.12.26-05.19.02:304][  0]LogMemory: Memory total: Physical=7.9GB (8GB approx)
[2015.12.26-05.19.02:305][  0]LogMemory: Platform Memory Stats for Windows
[2015.12.26-05.19.02:305][  0]LogMemory: Process Physical Memory: 50.42 MB used, 50.42 MB peak
[2015.12.26-05.19.02:305][  0]LogMemory: Process Virtual Memory: 24.38 MB used, 24.38 MB peak
[2015.12.26-05.19.02:305][  0]LogMemory: Physical Memory: 7722.32 MB used, 8108.02 MB total
[2015.12.26-05.19.02:305][  0]LogMemory: Virtual Memory: 283.25 MB used, 8388608.00 MB total
[2015.12.26-05.19.02:721][  0]LogTextLocalizationManager: The requested culture ('en_US') has no localization data; parent culture's ('en') localization data will be used.
[2015.12.26-05.19.03:257][  0]LogTextLocalizationManager:Warning: Loaded localization resources contain conflicting entries for (Namespace:ContentBrowser, Key:ImportAssetToolTip):
Localization Resource: (G:/Programs/Epic Games/4.8/Engine/Content/Localization/Editor/en/Editor.locres) Source String Hash: (-630476809) Localized String: (Import to {0}...)
Localization Resource: (G:/Programs/Epic Games/4.8/Engine/Content/Localization/Editor/en/Editor.locres) Source String Hash: (1271782899) Localized String: (Imports an asset from file to this folder.)
[2015.12.26-05.19.04:096][  0]LogD3D11RHI: Found D3D11 adapter 0: NVIDIA GeForce GTX 970 (Feature Level 11_0)
[2015.12.26-05.19.04:096][  0]LogD3D11RHI: Adapter has 4008MB of dedicated video memory, 0MB of dedicated system memory, and 3798MB of shared system memory, 1 output[s]
[2015.12.26-05.19.04:153][  0]LogD3D11RHI: Found D3D11 adapter 1: Intel(R) HD Graphics 4600 (Feature Level 11_0)
[2015.12.26-05.19.04:153][  0]LogD3D11RHI: Adapter has 64MB of dedicated video memory, 0MB of dedicated system memory, and 1632MB of shared system memory, 0 output[s]
[2015.12.26-05.19.04:153][  0]LogD3D11RHI: Chosen D3D11 Adapter Id = 0
[2015.12.26-05.19.04:182][  0]LogD3D11RHI: InitD3DDevice
[2015.12.26-05.19.04:182][  0]LogD3D11RHI: !Direct3DDevice
[2015.12.26-05.19.04:182][  0]LogRHI: Texture pool is 1361 MB (70% of 1945 MB)
[2015.12.26-05.19.04:197][  0]LogD3D11RHI: Async texture creation enabled
[2015.12.26-05.19.04:215][  0]LogShaderCompilers:Display: Using Local Shader Compiler.
[2015.12.26-05.19.06:481][  0]LogTemp:Display: Loaded TP DesktopTargetPlatform
[2015.12.26-05.19.06:501][  0]LogTemp:Display: Loaded TP WindowsClientTargetPlatform
[2015.12.26-05.19.06:519][  0]LogTemp:Display: Loaded TP WindowsNoEditorTargetPlatform
[2015.12.26-05.19.06:546][  0]LogTemp:Display: Loaded TP WindowsServerTargetPlatform
[2015.12.26-05.19.06:572][  0]LogTemp:Display: Loaded TP WindowsTargetPlatform
[2015.12.26-05.19.06:589][  0]LogTemp:Display: Loaded TP AndroidTargetPlatform
[2015.12.26-05.19.06:603][  0]LogTemp:Display: Loaded TP Android_ASTCTargetPlatform
[2015.12.26-05.19.06:617][  0]LogTemp:Display: Loaded TP Android_ATCTargetPlatform
[2015.12.26-05.19.06:638][  0]LogTemp:Display: Loaded TP Android_DXTTargetPlatform
[2015.12.26-05.19.06:676][  0]LogTemp:Display: Loaded TP Android_ETC1TargetPlatform
[2015.12.26-05.19.06:690][  0]LogTemp:Display: Loaded TP Android_ETC2TargetPlatform
[2015.12.26-05.19.06:709][  0]LogTemp:Display: Loaded TP Android_PVRTCTargetPlatform
[2015.12.26-05.19.06:798][  0]LogTemp:Display: Loaded TP IOSTargetPlatform
[2015.12.26-05.19.06:820][  0]LogTemp:Display: Loaded TP LinuxNoEditorTargetPlatform
[2015.12.26-05.19.06:850][  0]LogTemp:Display: Loaded TP LinuxServerTargetPlatform
[2015.12.26-05.19.06:873][  0]LogTemp:Display: Loaded TP LinuxTargetPlatform
[2015.12.26-05.19.06:873][  0]LogTargetPlatformManager:Display: Building Assets For Windows
[2015.12.26-05.19.07:424][  0]LogDerivedDataCache:Display: Max Cache Size: 512 MB
[2015.12.26-05.19.07:717][  0]LogDerivedDataCache: Loaded boot cache 0.29s 53MB C:/Users/John/AppData/Local/UnrealEngine/4.8/DerivedDataCache/Boot.ddc.
[2015.12.26-05.19.07:717][  0]LogDerivedDataCache:Display: Loaded Boot cache: C:/Users/John/AppData/Local/UnrealEngine/4.8/DerivedDataCache/Boot.ddc
[2015.12.26-05.19.07:717][  0]LogDerivedDataCache: FDerivedDataBackendGraph:  Pak pak cache file C:/Users/John/Documents/GitHub/spiritrunner/SpiritRunner/DerivedDataCache/DDC.ddp not found, will not use a pak cache.
[2015.12.26-05.19.07:717][  0]LogDerivedDataCache: Unable to find inner node Pak for hierarchical cache Hierarchy.
[2015.12.26-05.19.07:717][  0]LogDerivedDataCache: FDerivedDataBackendGraph:  CompressedPak pak cache file C:/Users/John/Documents/GitHub/spiritrunner/SpiritRunner/DerivedDataCache/Compressed.ddp not found, will not use a pak cache.
[2015.12.26-05.19.07:717][  0]LogDerivedDataCache: Unable to find inner node CompressedPak for hierarchical cache Hierarchy.
[2015.12.26-05.19.07:910][  0]LogDerivedDataCache:Display: Pak cache opened for reading ../../../Engine/DerivedDataCache/Compressed.ddp.
[2015.12.26-05.19.07:922][  0]LogDerivedDataCache: Using Local data cache path C:/Users/John/AppData/Local/UnrealEngine/Common/DerivedDataCache: Writable
[2015.12.26-05.19.10:516][  0]LogInit: Selected Device Profile: [Windows]
[2015.12.26-05.19.10:557][  0]ImportText (ComponentSweepMultiTests): Missing closing parenthesis: (RootShapeAsset="/Engine/BasicShapes/Cube.Cube",ShapeType="TriggerCapsule",HitResult=(Time=0.50,Location=(X=-100.000015,Y=0.0,Z=100.000015),ImpactPoint=(X=-50.0,Y=0.0,Z=50.0),Normal=(X=-1.0,Y=-0.0,Z=0.0),ImpactNormal=(X=0.0,Y=0.0,Z=1.0),TraceStart=(X=-200.0,Y=0.0,Z=200.0),TraceEnd=(X=0.0,Y=0.0,Z=0.0))
[2015.12.26-05.19.10:557][  0]ImportText (LineTraceSingleByChannelTests): Missing closing parenthesis: (RootShapeAsset="/Engine/BasicShapes/Cube.Cube",HitResult=(Time=0.50,Location=(X=-100.000015,Y=0.0,Z=100.000015),ImpactPoint=(X=-50.0,Y=0.0,Z=50.0),Normal=(X=-1.0,Y=-0.0,Z=0.0),ImpactNormal=(X=0.0,Y=0.0,Z=1.0),TraceStart=(X=-200.0,Y=0.0,Z=200.0),TraceEnd=(X=0.0,Y=0.0,Z=0.0))
[2015.12.26-05.19.10:625][  0]LogMeshUtilities: No automatic mesh reduction module available
[2015.12.26-05.19.10:626][  0]LogMeshUtilities: No automatic mesh merging module available
[2015.12.26-05.19.11:634][  0]LogInit: WinSock: version 1.1 (2.2), MaxSocks=32767, MaxUdp=65467
[2015.12.26-05.19.18:129][  0]UdpMessaging: Initializing bridge on interface 0.0.0.0:0 to multicast group 230.0.0.1:6666.
[2015.12.26-05.19.18:870][  0]SourceControl: Info Source control is disabled
[2015.12.26-05.19.18:870][  0]SourceControl: Info Source control is disabled
[2015.12.26-05.19.18:901][  0]SourceControl: Info Source control is disabled
[2015.12.26-05.19.18:945][  0]SourceControl: Info Source control is disabled
[2015.12.26-05.19.19:564][  0]LogObj: 26273 objects as part of root set at end of initial load.
[2015.12.26-05.19.19:564][  0]LogUObjectAllocator: 5409248 out of 0 bytes used by permanent object pool.
[2015.12.26-05.19.19:721][  0]LogEngine: Initializing Engine...
[2015.12.26-05.19.19:723][  0]LogHMD: Can't find Oculus library dev build: is proper Runtime installed? Version: 0.6.0.0
[2015.12.26-05.19.19:740][  0]LogHMD:Warning: SteamVR failed to initialize.  Error: 110
[2015.12.26-05.19.19:953][  0]LogAIModule: Creating AISystem for world NewWorld
[2015.12.26-05.19.19:964][  0]LogInit: XAudio2 using 'Speakers (Turtle Beach P11 Headset)' : 2 channels at 48 kHz using 16 bits per sample (channel mask 0x3)
[2015.12.26-05.19.19:971][  0]LogInit: FAudioDevice initialized.
[2015.12.26-05.19.20:018][  0]LogDerivedDataCache: Saved boot cache 0.05s 53MB C:/Users/John/AppData/Local/UnrealEngine/4.8/DerivedDataCache/Boot.ddc.
[2015.12.26-05.19.20:032][  0]LogInit: Texture streaming: Disabled
[2015.12.26-05.19.20:080][  0]LogAnalytics: Creating configured Analytics provider AnalyticsET
[2015.12.26-05.19.20:080][  0]LogAnalytics: [UEEditor.Rocket.Release] APIServer = http://et2.epicgames.com/ET2/. AppVersion = 4.8.3-2634408+++depot+UE4-Releases+4.8
[2015.12.26-05.19.20:080][  0]LogAnalytics: [UEEditor.Rocket.Release] SetUserId 795ce0b24c6318a5324eaf839592b765|e87b0c418b154305b06c892317f44a4d|3e9e43dd-6daf-4b71-9a80-f4287aceb186
[2015.12.26-05.19.20:080][  0]LogAnalytics: [UEEditor.Rocket.Release] AnalyticsET::StartSession
[2015.12.26-05.19.20:311][  0]LogInit: Transaction tracking system initialized
[2015.12.26-05.19.20:800][  0]BlueprintLog: New page: Editor Load
[2015.12.26-05.19.20:888][  0]LogAssetRegistry: FAssetRegistry took 0.0107 seconds to start up
[2015.12.26-05.19.20:889][  0]LogDirectoryWatcher:Warning: Failed to begin reading directory changes for ../../../Engine/Plugins/Experimental/CharacterAI/Content/. Error: 0
[2015.12.26-05.19.23:256][  0]LogConsoleManager:Warning: Console variable 'r.VSync' wasn't set ('GameSetting' has a lower priority than 'SystemSettingsIni')
[2015.12.26-05.19.23:256][  0]LogConsoleResponse:Display: 
[2015.12.26-05.19.23:954][  0]LogCook:Display: Done creating registry. It took  0.00s.
[2015.12.26-05.19.26:679][  0]SourceControl: Info Source control is disabled
[2015.12.26-05.19.27:069][  0]Cmd: MAP LOAD FILE="C:/Users/John/Documents/GitHub/spiritrunner/SpiritRunner/Content/SpiritRunner/Maps/RunnerMapTest.umap" TEMPLATE=0 SHOWPROGRESS=1 FEATURELEVEL=3
[2015.12.26-05.19.29:647][  0]LightingResults: New page: Lighting Build
[2015.12.26-05.19.29:874][  0]MapCheck: New page: Map Check
[2015.12.26-05.19.29:874][  0]LightingResults: New page: Lighting Build
[2015.12.26-05.19.30:157][  0]LogParticles: Destroying 0 GPU particle simulations for FXSystem 0x000000001E99AF20
[2015.12.26-05.19.37:206][  0]LogAIModule: Creating AISystem for world RunnerMapTest
[2015.12.26-05.19.37:746][  0]LogEditorServer: Finished looking for orphan Actors (0.000 secs)
[2015.12.26-05.19.37:846][  0]Cmd: MAP CHECKDEP NOCLEARLOG
[2015.12.26-05.19.38:060][  0]MapCheck: Info Map check complete: 0 Error(s), 0 Warning(s), took 204.026ms to complete.
[2015.12.26-05.19.38:072][  0]LogFileHelpers: Loading map 'RunnerMapTest' took 11.198
[2015.12.26-05.19.39:975][  0]LogCollectionManager: Loaded 0 collections in 0.001970 seconds
[2015.12.26-05.19.39:982][  0]LogContentBrowser: Native class hierarchy populated in 0.0060 seconds. Added 1792 classes and 301 folders.
[2015.12.26-05.19.40:377][  0]LogContentBrowser: Native class hierarchy updated for 'WidgetCarousel' in 0.0003 seconds. Added 0 classes and 0 folders.
[2015.12.26-05.19.40:733][  0]LogContentBrowser: Native class hierarchy updated for 'AddContentDialog' in 0.0003 seconds. Added 0 classes and 0 folders.
[2015.12.26-05.19.40:836][  0]LogContentBrowser: Native class hierarchy updated for 'SceneOutliner' in 0.0003 seconds. Added 1 classes and 2 folders.
[2015.12.26-05.19.41:219][  0]LogCrashTracker: Crashtracker disabled due to settings.
[2015.12.26-05.19.41:278][  0]LogD3D11RHI: InitD3DDevice
[2015.12.26-05.19.41:379][  0]LogUObjectGlobals:Warning: Failed to find object 'Class None.'
[2015.12.26-05.19.41:438][  0]LogLoad: Full Startup: 42.66 seconds (BP compile: 2.32 seconds)
[2015.12.26-05.19.42:452][  0]LogContentStreaming: Texture pool size is 0.000000MB
[2015.12.26-05.19.42:693][  0]LogContentStreaming: Texture pool size now 1000 MB
[2015.12.26-05.19.43:533][  0]LogRenderer: Reallocating scene render targets to support 1208x576 (Frame:2).
[2015.12.26-05.19.47:165][ 11]LogAssetRegistry: Asset discovery search completed in 26.2871 seconds
[2015.12.26-05.21.14:903][274]LogD3D11RHI: InitD3DDevice
[2015.12.26-05.21.19:540][725]LogD3D11RHI: InitD3DDevice
[2015.12.26-05.33.31:837][687]LogActor:Warning: Natively added component (LandscapeGizmoActiveActor_0.GizmoRendererComponent0) was left unattached from the actor's root.
[2015.12.26-05.33.31:853][687]PIE:Warning: Warning AttachTo: '/Game/SpiritRunner/Maps/RunnerMapTest.RunnerMapTest:PersistentLevel.LandscapeGizmoActiveActor_0.GizmoRendererComponent0' is not static , cannot attach '/Game/SpiritRunner/Maps/RunnerMapTest.RunnerMapTest:PersistentLevel.LandscapeGizmoActiveActor_0.RootComponent0' which is static to it. Aborting.
[2015.12.26-05.33.31:908][687]LogTexture:Display: Building textures: Texture2D_2 (G8)
[2015.12.26-05.34.11:331][360]LogActor:Warning: Natively added component (LandscapeGizmoActiveActor_1.GizmoRendererComponent0) was left unattached from the actor's root.
[2015.12.26-05.34.11:331][360]PIE:Warning: Warning AttachTo: '/Game/SpiritRunner/Maps/RunnerMapTest.RunnerMapTest:PersistentLevel.LandscapeGizmoActiveActor_1.GizmoRendererComponent0' is not static , cannot attach '/Game/SpiritRunner/Maps/RunnerMapTest.RunnerMapTest:PersistentLevel.LandscapeGizmoActiveActor_1.RootComponent0' which is static to it. Aborting.
[2015.12.26-05.34.11:332][360]LogTexture:Display: Building textures: Texture2D_3 (G8)
[2015.12.26-05.34.44:113][713]LogD3D11RHI: InitD3DDevice
[2015.12.26-05.34.45:816][867]LogD3D11RHI: InitD3DDevice
[2015.12.26-05.34.49:375][198]LogActorComponent: UnregisterComponent: (/Engine/Transient.CharMoveComp) Not registered. Aborting.
[2015.12.26-05.34.49:397][198]LogActorComponent: UnregisterComponent: (/Engine/Transient.RotatingMovement0C812BA34D0DD21FB12D1D9A948423D7) Not registered. Aborting.
[2015.12.26-05.34.49:397][198]LogActorComponent: UnregisterComponent: (/Engine/Transient.RotatingMovementComponent_0) Not registered. Aborting.
[2015.12.26-05.34.49:953][198]LogD3D11RHI: InitD3DDevice
[2015.12.26-05.34.59:393][198]Cmd: MAP LOAD FILE="C:/Users/John/Documents/GitHub/spiritrunner/SpiritRunner/Content/SpiritRunner/Maps/Platforms.umap" TEMPLATE=0 SHOWPROGRESS=1 FEATURELEVEL=3
[2015.12.26-05.34.59:412][198]LogD3D11RHI: InitD3DDevice
[2015.12.26-05.34.59:442][198]LightingResults: New page: Lighting Build
[2015.12.26-05.34.59:552][198]LoadErrors: New page: Loading map: Platforms.umap
[2015.12.26-05.34.59:606][198]MapCheck: New page: Map Check
[2015.12.26-05.34.59:606][198]LightingResults: New page: Lighting Build
[2015.12.26-05.34.59:690][198]LogParticles: Destroying 0 GPU particle simulations for FXSystem 0x000000002DDDA480
[2015.12.26-05.34.59:799][198]LogAIModule: Creating AISystem for world Platforms
[2015.12.26-05.34.59:936][198]LogEditorServer: Finished looking for orphan Actors (0.000 secs)
[2015.12.26-05.35.00:095][198]Cmd: MAP CHECKDEP NOCLEARLOG
[2015.12.26-05.35.00:187][198]MapCheck: Info Map check complete: 0 Error(s), 0 Warning(s), took 91.873ms to complete.
[2015.12.26-05.35.00:187][198]LogFileHelpers: Loading map 'Platforms' took 0.799
[2015.12.26-05.35.00:382][199]Cmd: UpdateLandscapeEditorData -warnings
[2015.12.26-05.35.00:521][199]Cmd: UpdateLandscapeEditorData
[2015.12.26-05.35.57:315][613]LogTexture:Display: Building textures: Texture2D_4 (G8)
[2015.12.26-05.36.00:727][946]LogD3D11RHI: InitD3DDevice
[2015.12.26-05.36.06:163][507]LogEditorViewport: Clicking on Actor (LMB): Landscape (Landscape4)
[2015.12.26-05.36.35:689][439]LogEditorViewport: Clicking on Actor (LMB): Landscape (Landscape4)
[2015.12.26-05.36.50:281][862]LogD3D11RHI: InitD3DDevice
[2015.12.26-05.36.50:314][862]LogTexture:Display: Building textures: Texture2D_12 (BGRA8)
[2015.12.26-05.36.50:350][863]Cmd: UpdateLandscapeEditorData
[2015.12.26-05.37.39:793][849]LogD3D11RHI: InitD3DDevice
[2015.12.26-05.40.27:063][511]LogD3D11RHI: InitD3DDevice
[2015.12.26-05.42.17:207][220]Cmd: TRANSACTION UNDO
[2015.12.26-05.42.17:207][220]LogEditorTransaction: Undo Landscape Editing: Sculpt
[2015.12.26-05.42.17:270][220]LogD3D11RHI: InitD3DDevice
[2015.12.26-05.42.30:154][406]LogEditorViewport: Clicking on Actor (LMB): Landscape (Landscape)
[2015.12.26-05.42.33:886][737]LogEditorViewport: Clicking on Actor (LMB): Landscape (Landscape5)
[2015.12.26-05.42.35:275][864]LogEditorViewport: Clicking on Actor (LMB): Landscape (Landscape)
[2015.12.26-05.42.36:225][964]LogEditorViewport: Clicking on Actor (LMB): Landscape (Landscape5)
[2015.12.26-05.42.38:927][193]LogEditorViewport: Clicking on Actor (LMB): Landscape (Landscape)
[2015.12.26-05.42.41:147][403]Cmd: UpdateLandscapeEditorData
[2015.12.26-05.42.55:468][755]LogEditorViewport: Clicking on Actor (LMB): Landscape (Landscape5)
[2015.12.26-05.42.57:974][990]LogEditorViewport: Clicking on Actor (LMB): Landscape (Landscape)
[2015.12.26-05.42.58:661][ 58]LogEditorViewport: Clicking on Actor (LMB): Landscape (Landscape5)
[2015.12.26-05.42.59:488][143]LogEditorViewport: Clicking on Actor (LMB): Landscape (Landscape)
[2015.12.26-05.43.00:274][203]LogEditorViewport: Clicking on Actor (LMB): Landscape (Landscape5)
[2015.12.26-05.43.00:991][268]LogEditorViewport: Clicking on Actor (LMB): Landscape (Landscape)
[2015.12.26-05.43.08:592][983]LogD3D11RHI: InitD3DDevice
[2015.12.26-05.43.17:873][883]LogEditorViewport: Clicking on Actor (LMB): Landscape (Landscape)
[2015.12.26-05.43.24:548][497]LogD3D11RHI: InitD3DDevice
[2015.12.26-05.44.43:561][765]LogD3D11RHI: InitD3DDevice
[2015.12.26-05.44.52:233][791]LogD3D11RHI: InitD3DDevice
[2015.12.26-05.44.52:343][791]LogActorComponent: UnregisterComponent: (/Engine/Transient.CharMoveComp) Not registered. Aborting.
[2015.12.26-05.44.52:343][791]LogActorComponent: UnregisterComponent: (/Engine/Transient.RotatingMovement0C812BA34D0DD21FB12D1D9A948423D7) Not registered. Aborting.
[2015.12.26-05.44.52:343][791]LogActorComponent: UnregisterComponent: (/Engine/Transient.RotatingMovementComponent_1) Not registered. Aborting.
[2015.12.26-05.44.52:658][791]LogSavePackage: Save=81.736259ms
[2015.12.26-05.44.52:658][791]LogSavePackage: Moving 'C:/Users/John/Documents/GitHub/spiritrunner/SpiritRunner/Saved/Platforms_Auto1912191894CE02FE5932100907DC77AB3.tmp' to 'C:/Users/John/Documents/GitHub/spiritrunner/SpiritRunner/Saved/Autosaves/Game/SpiritRunner/Maps/Platforms_Auto1.umap'
[2015.12.26-05.44.52:673][791]LogFileHelpers: Editor autosave (incl. sublevels) for '/Game/SpiritRunner/Maps/Platforms' took 0.330
[2015.12.26-05.44.52:673][791]LogFileHelpers: Editor autosave (incl. sublevels) for all levels took 0.330
[2015.12.26-05.53.35:994][902]LogD3D11RHI: InitD3DDevice
[2015.12.26-05.55.23:908][177]Cmd: TRANSACTION UNDO
[2015.12.26-05.55.23:908][177]LogEditorTransaction: Undo Move Actors
[2015.12.26-05.55.23:927][177]LogD3D11RHI: InitD3DDevice
[2015.12.26-05.55.24:523][218]Cmd: TRANSACTION UNDO
[2015.12.26-05.55.24:523][218]LogEditorTransaction: Undo Move Actors
[2015.12.26-05.55.24:925][257]Cmd: TRANSACTION UNDO
[2015.12.26-05.55.24:925][257]LogEditorTransaction: Undo Move Actors
[2015.12.26-05.55.25:854][358]Cmd: TRANSACTION UNDO
[2015.12.26-05.55.25:854][358]LogEditorTransaction: Undo Move Actors
[2015.12.26-05.55.26:063][382]Cmd: TRANSACTION UNDO
[2015.12.26-05.55.26:063][382]LogEditorTransaction: Undo Move Actors
[2015.12.26-05.55.26:269][398]Cmd: TRANSACTION UNDO
[2015.12.26-05.55.26:269][398]LogEditorTransaction: Undo Move Actors
[2015.12.26-05.55.26:473][422]Cmd: TRANSACTION UNDO
[2015.12.26-05.55.26:473][422]LogEditorTransaction: Undo Move Actors
[2015.12.26-05.55.26:691][448]Cmd: TRANSACTION UNDO
[2015.12.26-05.55.26:691][448]LogEditorTransaction: Undo Move Actors
[2015.12.26-05.55.29:361][713]LogEditorViewport: Clicking on Actor (LMB): Landscape (Landscape)
[2015.12.26-05.55.31:042][865]LogEditorViewport: Clicking on Actor (LMB): Landscape (Landscape5)
[2015.12.26-05.55.33:681][100]LogEditorViewport: Clicking on Actor (LMB): Landscape (Landscape4)
[2015.12.26-05.55.36:797][376]LogEditorViewport: Clicking on Actor (LMB): Landscape (Landscape5)
[2015.12.26-05.55.39:395][622]LogEditorViewport: Clicking on Actor (LMB): Landscape (Landscape)
[2015.12.26-05.55.41:381][819]Cmd: UpdateLandscapeEditorData
[2015.12.26-05.55.49:888][622]Cmd: TRANSACTION UNDO
[2015.12.26-05.55.49:888][622]LogEditorTransaction: Undo Set actor location
[2015.12.26-05.55.49:925][622]LogD3D11RHI: InitD3DDevice
[2015.12.26-05.55.49:939][623]Cmd: UpdateLandscapeEditorData
[2015.12.26-05.55.50:995][705]Cmd: TRANSACTION REDO
[2015.12.26-05.55.50:995][705]LogEditorTransaction: Redo Set actor location
[2015.12.26-05.55.51:017][706]Cmd: UpdateLandscapeEditorData
[2015.12.26-05.56.07:856][124]LogD3D11RHI: InitD3DDevice
[2015.12.26-05.58.23:370][624]LogD3D11RHI: InitD3DDevice
[2015.12.26-05.58.32:372][651]LogD3D11RHI: InitD3DDevice
[2015.12.26-05.58.32:520][651]LogActorComponent: UnregisterComponent: (/Engine/Transient.CharMoveComp) Not registered. Aborting.
[2015.12.26-05.58.32:520][651]LogActorComponent: UnregisterComponent: (/Engine/Transient.RotatingMovement0C812BA34D0DD21FB12D1D9A948423D7) Not registered. Aborting.
[2015.12.26-05.58.32:520][651]LogActorComponent: UnregisterComponent: (/Engine/Transient.RotatingMovementComponent_2) Not registered. Aborting.
[2015.12.26-05.58.32:612][651]LogSavePackage: Save=22.225357ms
[2015.12.26-05.58.32:612][651]LogSavePackage: Moving 'C:/Users/John/Documents/GitHub/spiritrunner/SpiritRunner/Saved/Platforms_Auto2AE79698B47C46D01372E079F33EA5D8C.tmp' to 'C:/Users/John/Documents/GitHub/spiritrunner/SpiritRunner/Saved/Autosaves/Game/SpiritRunner/Maps/Platforms_Auto2.umap'
[2015.12.26-05.58.32:614][651]LogFileHelpers: Editor autosave (incl. sublevels) for '/Game/SpiritRunner/Maps/Platforms' took 0.094
[2015.12.26-05.58.32:614][651]LogFileHelpers: Editor autosave (incl. sublevels) for all levels took 0.094
[2015.12.26-06.02.17:227][685]LogD3D11RHI: InitD3DDevice
[2015.12.26-06.02.39:755][125]Cmd: TRANSACTION UNDO
[2015.12.26-06.02.39:755][125]LogEditorTransaction: Undo Landscape Editing: Add ramp
[2015.12.26-06.02.39:760][125]LogD3D11RHI: InitD3DDevice
[2015.12.26-06.05.18:985][  3]LogEditorViewport: Clicking on Actor (LMB): Landscape (Landscape)
[2015.12.26-06.05.23:105][409]LogEditorViewport: Clicking on Actor (LMB): Landscape (Landscape)
[2015.12.26-06.05.23:467][442]Cmd: EDIT COPY
[2015.12.26-06.05.23:711][455]Cmd: EDIT PASTE
[2015.12.26-06.05.23:772][455]LogTexture:Display: Building textures: Texture2D_13 (BGRA8)
[2015.12.26-06.05.23:775][455]LogTexture:Display: Building textures: Texture2D_14 (BGRA8)
[2015.12.26-06.05.23:809][456]Cmd: UpdateLandscapeEditorData
[2015.12.26-06.05.28:818][990]LogEditorViewport: Clicking on Actor (LMB): Landscape (Landscape)
[2015.12.26-06.05.43:819][503]LogEditorViewport: Clicking on Actor (LMB): Landscape (Landscape8)
[2015.12.26-06.09.11:456][339]Cmd: TRANSACTION UNDO
[2015.12.26-06.09.11:456][339]LogEditorTransaction: Undo Move Actors
[2015.12.26-06.09.11:460][339]LogD3D11RHI: InitD3DDevice
[2015.12.26-06.09.59:168][356]Cmd: TRANSACTION UNDO
[2015.12.26-06.09.59:168][356]LogEditorTransaction: Undo Landscape Editing: Add ramp
[2015.12.26-06.09.59:175][356]LogD3D11RHI: InitD3DDevice
[2015.12.26-06.11.54:691][735]Cmd: TRANSACTION UNDO
[2015.12.26-06.11.54:691][735]LogEditorTransaction: Undo Landscape Editing: Add ramp
[2015.12.26-06.11.54:702][735]LogD3D11RHI: InitD3DDevice
[2015.12.26-06.11.56:111][875]Cmd: TRANSACTION REDO
[2015.12.26-06.11.56:111][875]LogEditorTransaction: Redo Landscape Editing: Add ramp
[2015.12.26-06.11.56:112][875]LogTexture:Display: Building textures: Texture2D_14 (BGRA8)
[2015.12.26-06.11.56:112][875]LogTexture:Display: Building textures: Texture2D_13 (BGRA8)
[2015.12.26-06.11.58:724][145]LogD3D11RHI: InitD3DDevice
[2015.12.26-06.12.15:785][946]LogEditorViewport: Clicking on Actor (double click): Landscape (Landscape8)
[2015.12.26-06.12.16:157][989]LogEditorViewport: Clicking on Actor (double click): Landscape (Landscape8)
[2015.12.26-06.12.20:578][448]LogD3D11RHI: InitD3DDevice
[2015.12.26-06.12.20:959][479]LogEditorViewport: Clicking on Actor (context menu): Landscape (Landscape8)
[2015.12.26-06.12.21:095][479]LogD3D11RHI: InitD3DDevice
[2015.12.26-06.12.23:488][716]Cmd: TRANSACTION UNDO
[2015.12.26-06.12.23:488][716]LogEditorTransaction: Undo Clicking on Actors (context menu)
[2015.12.26-06.12.23:491][716]LogD3D11RHI: InitD3DDevice
[2015.12.26-06.12.23:898][745]Cmd: TRANSACTION UNDO
[2015.12.26-06.12.23:898][745]LogEditorTransaction: Undo Landscape Editing: Smooth
[2015.12.26-06.12.23:914][745]LogTexture:Display: Building textures: Texture2D_13 (BGRA8)
[2015.12.26-06.12.27:711][132]Cmd: TRANSACTION UNDO
[2015.12.26-06.12.27:711][132]LogEditorTransaction: Undo Landscape Editing: Smooth
[2015.12.26-06.12.27:722][132]LogD3D11RHI: InitD3DDevice
[2015.12.26-06.12.30:020][362]LogD3D11RHI: InitD3DDevice
[2015.12.26-06.12.31:851][548]LogD3D11RHI: InitD3DDevice
[2015.12.26-06.12.33:112][687]LogD3D11RHI: InitD3DDevice
[2015.12.26-06.12.37:239][141]Cmd: TRANSACTION UNDO
[2015.12.26-06.12.37:239][141]LogEditorTransaction: Undo Landscape Editing: Sculpt
[2015.12.26-06.12.37:247][141]LogD3D11RHI: InitD3DDevice
[2015.12.26-06.12.49:885][486]Cmd: TRANSACTION UNDO
[2015.12.26-06.12.49:885][486]LogEditorTransaction: Undo Landscape Editing: Sculpt
[2015.12.26-06.12.49:893][486]LogD3D11RHI: InitD3DDevice
[2015.12.26-06.13.02:537][809]Cmd: TRANSACTION UNDO
[2015.12.26-06.13.02:537][809]LogEditorTransaction: Undo Landscape Editing: Sculpt
[2015.12.26-06.13.02:539][809]LogTexture:Display: Building textures: Texture2D_14 (BGRA8)
[2015.12.26-06.13.02:546][809]LogD3D11RHI: InitD3DDevice
[2015.12.26-06.13.03:722][906]Cmd: TRANSACTION UNDO
[2015.12.26-06.13.03:722][906]LogEditorTransaction: Undo Landscape Editing: Sculpt
[2015.12.26-06.13.05:874][125]LogD3D11RHI: InitD3DDevice
[2015.12.26-06.13.18:448][445]LogEditorViewport: Clicking on Actor (context menu): Landscape (Landscape8)
[2015.12.26-06.13.18:486][445]LogD3D11RHI: InitD3DDevice
[2015.12.26-06.13.23:413][952]Cmd: TRANSACTION UNDO
[2015.12.26-06.13.23:413][952]LogEditorTransaction: Undo Clicking on Actors (context menu)
[2015.12.26-06.13.23:416][952]LogD3D11RHI: InitD3DDevice
[2015.12.26-06.13.23:818][979]Cmd: TRANSACTION UNDO
[2015.12.26-06.13.23:818][979]LogEditorTransaction: Undo Landscape Editing: Sculpt
[2015.12.26-06.13.23:819][979]LogTexture:Display: Building textures: Texture2D_14 (BGRA8)
[2015.12.26-06.13.24:425][ 33]Cmd: TRANSACTION UNDO
[2015.12.26-06.13.24:425][ 33]LogEditorTransaction: Undo Landscape Editing: Sculpt
[2015.12.26-06.13.34:962][150]LogD3D11RHI: InitD3DDevice
[2015.12.26-06.13.43:884][108]Cmd: TRANSACTION UNDO
[2015.12.26-06.13.43:884][108]LogEditorTransaction: Undo Landscape Editing: Sculpt
[2015.12.26-06.13.43:892][108]LogD3D11RHI: InitD3DDevice
[2015.12.26-06.13.44:979][185]LogD3D11RHI: InitD3DDevice
[2015.12.26-06.13.46:360][339]LogD3D11RHI: InitD3DDevice
[2015.12.26-06.13.48:383][568]LogD3D11RHI: InitD3DDevice
[2015.12.26-06.13.57:042][461]LogD3D11RHI: InitD3DDevice
[2015.12.26-06.14.00:403][815]LogD3D11RHI: InitD3DDevice
[2015.12.26-06.14.02:192][992]LogD3D11RHI: InitD3DDevice
[2015.12.26-06.14.07:766][597]LogD3D11RHI: InitD3DDevice
[2015.12.26-06.14.22:115][ 92]Cmd: TRANSACTION UNDO
[2015.12.26-06.14.22:115][ 92]LogEditorTransaction: Undo Landscape Editing: Sculpt
[2015.12.26-06.14.22:116][ 92]LogTexture:Display: Building textures: Texture2D_14 (BGRA8)
[2015.12.26-06.14.22:124][ 92]LogD3D11RHI: InitD3DDevice
[2015.12.26-06.14.22:898][146]Cmd: TRANSACTION UNDO
[2015.12.26-06.14.22:898][146]LogEditorTransaction: Undo Landscape Editing: Sculpt
[2015.12.26-06.14.22:902][146]LogTexture:Display: Building textures: Texture2D_13 (BGRA8)
[2015.12.26-06.14.22:903][146]LogTexture:Display: Building textures: Texture2D_14 (BGRA8)
[2015.12.26-06.14.34:938][408]Cmd: TRANSACTION UNDO
[2015.12.26-06.14.34:938][408]LogEditorTransaction: Undo Landscape Editing: Sculpt
[2015.12.26-06.14.34:946][408]LogD3D11RHI: InitD3DDevice
[2015.12.26-06.14.44:610][437]Cmd: TRANSACTION UNDO
[2015.12.26-06.14.44:610][437]LogEditorTransaction: Undo Landscape Editing: Sculpt
[2015.12.26-06.14.44:619][437]LogD3D11RHI: InitD3DDevice
[2015.12.26-06.14.49:138][884]LogD3D11RHI: InitD3DDevice
[2015.12.26-06.14.53:945][402]LogEditorViewport: Clicking on Actor (context menu): Landscape (Landscape8)
[2015.12.26-06.14.53:954][402]LogD3D11RHI: InitD3DDevice
[2015.12.26-06.15.17:263][349]LogD3D11RHI: InitD3DDevice
[2015.12.26-06.15.26:263][376]LogD3D11RHI: InitD3DDevice
[2015.12.26-06.15.26:355][376]LogActorComponent: UnregisterComponent: (/Engine/Transient.CharMoveComp) Not registered. Aborting.
[2015.12.26-06.15.26:356][376]LogActorComponent: UnregisterComponent: (/Engine/Transient.RotatingMovement0C812BA34D0DD21FB12D1D9A948423D7) Not registered. Aborting.
[2015.12.26-06.15.26:356][376]LogActorComponent: UnregisterComponent: (/Engine/Transient.RotatingMovementComponent_3) Not registered. Aborting.
[2015.12.26-06.15.26:434][376]LogTexture:Display: Building textures: Texture2D_13 (BGRA8)
[2015.12.26-06.15.26:434][376]LogTexture:Display: Building textures: Texture2D_14 (BGRA8)
[2015.12.26-06.15.26:460][376]LogSavePackage: Save=28.093376ms
[2015.12.26-06.15.26:460][376]LogSavePackage: Moving 'C:/Users/John/Documents/GitHub/spiritrunner/SpiritRunner/Saved/Platforms_Auto31ECEAFEC4ADF5A6E7E5297941F2DB546.tmp' to 'C:/Users/John/Documents/GitHub/spiritrunner/SpiritRunner/Saved/Autosaves/Game/SpiritRunner/Maps/Platforms_Auto3.umap'
[2015.12.26-06.15.26:463][376]LogFileHelpers: Editor autosave (incl. sublevels) for '/Game/SpiritRunner/Maps/Platforms' took 0.108
[2015.12.26-06.15.26:463][376]LogFileHelpers: Editor autosave (incl. sublevels) for all levels took 0.108
[2015.12.26-06.16.49:758][203]Cmd: TRANSACTION UNDO
[2015.12.26-06.16.49:758][203]LogEditorTransaction: Undo Landscape Editing: Flatten
[2015.12.26-06.16.49:764][203]LogD3D11RHI: InitD3DDevice
[2015.12.26-06.16.55:676][799]Cmd: TRANSACTION UNDO
[2015.12.26-06.16.55:676][799]LogEditorTransaction: Undo Landscape Editing: Flatten
[2015.12.26-06.16.55:685][799]LogD3D11RHI: InitD3DDevice
[2015.12.26-06.17.06:401][901]Cmd: TRANSACTION UNDO
[2015.12.26-06.17.06:401][901]LogEditorTransaction: Undo Landscape Editing: Flatten
[2015.12.26-06.17.06:410][901]LogD3D11RHI: InitD3DDevice
[2015.12.26-06.17.13:634][652]LogD3D11RHI: InitD3DDevice
[2015.12.26-06.17.16:024][914]LogD3D11RHI: InitD3DDevice
[2015.12.26-06.17.40:070][481]LogD3D11RHI: InitD3DDevice
[2015.12.26-06.17.42:681][777]Cmd: TRANSACTION UNDO
[2015.12.26-06.17.42:681][777]LogEditorTransaction: Undo Landscape Editing: Smooth
[2015.12.26-06.17.42:692][777]LogD3D11RHI: InitD3DDevice
[2015.12.26-06.18.15:027][118]LogD3D11RHI: InitD3DDevice
[2015.12.26-06.18.16:303][263]LogD3D11RHI: InitD3DDevice
[2015.12.26-06.18.27:604][435]Cmd: TRANSACTION UNDO
[2015.12.26-06.18.27:604][435]LogEditorTransaction: Undo Landscape Editing: Flatten
[2015.12.26-06.18.27:606][435]LogTexture:Display: Building textures: Texture2D_14 (BGRA8)
[2015.12.26-06.18.27:607][435]LogTexture:Display: Building textures: Texture2D_13 (BGRA8)
[2015.12.26-06.18.27:618][435]LogD3D11RHI: InitD3DDevice
[2015.12.26-06.18.28:086][466]Cmd: TRANSACTION UNDO
[2015.12.26-06.18.28:086][466]LogEditorTransaction: Undo Landscape Editing: Sculpt
[2015.12.26-06.18.28:095][466]LogTexture:Display: Building textures: Texture2D_14 (BGRA8)
[2015.12.26-06.18.28:096][466]LogTexture:Display: Building textures: Texture2D_13 (BGRA8)
[2015.12.26-06.18.28:530][508]Cmd: TRANSACTION UNDO
[2015.12.26-06.18.28:530][508]LogEditorTransaction: Undo Landscape Editing: Sculpt
[2015.12.26-06.18.28:532][508]LogTexture:Display: Building textures: Texture2D_14 (BGRA8)
[2015.12.26-06.18.28:533][508]LogTexture:Display: Building textures: Texture2D_13 (BGRA8)
[2015.12.26-06.18.28:979][553]Cmd: TRANSACTION UNDO
[2015.12.26-06.18.28:979][553]LogEditorTransaction: Undo Landscape Editing: Sculpt
[2015.12.26-06.19.23:593][339]Cmd: TRANSACTION UNDO
[2015.12.26-06.19.23:593][339]LogEditorTransaction: Undo Landscape Editing: Flatten
[2015.12.26-06.19.23:602][339]LogD3D11RHI: InitD3DDevice
[2015.12.26-06.19.27:087][685]Cmd: TRANSACTION UNDO
[2015.12.26-06.19.27:087][685]LogEditorTransaction: Undo Landscape Editing: Flatten
[2015.12.26-06.19.27:095][685]LogD3D11RHI: InitD3DDevice
[2015.12.26-06.20.03:894][122]LogD3D11RHI: InitD3DDevice
[2015.12.26-06.20.17:736][140]Cmd: TRANSACTION UNDO
[2015.12.26-06.20.17:736][140]LogEditorTransaction: Undo Landscape Editing: Sculpt
[2015.12.26-06.20.17:737][140]LogTexture:Display: Building textures: Texture2D_14 (BGRA8)
[2015.12.26-06.20.17:745][140]LogD3D11RHI: InitD3DDevice
[2015.12.26-06.20.18:814][209]Cmd: TRANSACTION UNDO
[2015.12.26-06.20.18:814][209]LogEditorTransaction: Undo Landscape Editing: Sculpt
[2015.12.26-06.20.29:034][915]Cmd: TRANSACTION UNDO
[2015.12.26-06.20.29:034][915]LogEditorTransaction: Undo Landscape Editing: Sculpt
[2015.12.26-06.20.29:036][915]LogTexture:Display: Building textures: Texture2D_14 (BGRA8)
[2015.12.26-06.20.29:044][915]LogD3D11RHI: InitD3DDevice
[2015.12.26-06.20.29:889][953]Cmd: TRANSACTION UNDO
[2015.12.26-06.20.29:889][953]LogEditorTransaction: Undo Landscape Editing: Sculpt
[2015.12.26-06.20.39:297][663]LogD3D11RHI: InitD3DDevice
[2015.12.26-06.20.40:122][733]LogD3D11RHI: InitD3DDevice
[2015.12.26-06.20.40:739][783]LogD3D11RHI: InitD3DDevice
[2015.12.26-06.20.54:062][777]Cmd: TRANSACTION UNDO
[2015.12.26-06.20.54:062][777]LogEditorTransaction: Undo Landscape Editing: Flatten
[2015.12.26-06.20.54:091][777]LogTexture:Display: Building textures: Texture2D_14 (BGRA8)
[2015.12.26-06.20.54:106][777]LogD3D11RHI: InitD3DDevice
[2015.12.26-06.20.55:041][825]Cmd: TRANSACTION UNDO
[2015.12.26-06.20.55:041][825]LogEditorTransaction: Undo Landscape Editing: Sculpt
[2015.12.26-06.20.55:043][825]LogTexture:Display: Building textures: Texture2D_14 (BGRA8)
[2015.12.26-06.21.06:816][659]Cmd: TRANSACTION UNDO
[2015.12.26-06.21.06:816][659]LogEditorTransaction: Undo Landscape Editing: Flatten
[2015.12.26-06.21.06:842][659]LogD3D11RHI: InitD3DDevice
[2015.12.26-06.21.46:104][458]Cmd: TRANSACTION UNDO
[2015.12.26-06.21.46:104][458]LogEditorTransaction: Undo Landscape Editing: Flatten
[2015.12.26-06.21.46:118][458]LogD3D11RHI: InitD3DDevice
[2015.12.26-06.22.31:990][884]Cmd: TRANSACTION UNDO
[2015.12.26-06.22.31:990][884]LogEditorTransaction: Undo Landscape Editing: Flatten
[2015.12.26-06.22.31:998][884]LogTexture:Display: Building textures: Texture2D_13 (BGRA8)
[2015.12.26-06.22.32:016][884]LogTexture:Display: Building textures: Texture2D_14 (BGRA8)
[2015.12.26-06.22.32:059][884]LogD3D11RHI: InitD3DDevice
[2015.12.26-06.22.33:377][968]Cmd: TRANSACTION UNDO
[2015.12.26-06.22.33:378][968]LogEditorTransaction: Undo Landscape Editing: Flatten
[2015.12.26-06.22.33:384][968]LogTexture:Display: Building textures: Texture2D_13 (BGRA8)
[2015.12.26-06.22.33:807][999]Cmd: TRANSACTION UNDO
[2015.12.26-06.22.33:807][999]LogEditorTransaction: Undo Landscape Editing: Flatten
[2015.12.26-06.22.33:812][999]LogTexture:Display: Building textures: Texture2D_13 (BGRA8)
[2015.12.26-06.22.34:209][ 25]Cmd: TRANSACTION UNDO
[2015.12.26-06.22.34:209][ 25]LogEditorTransaction: Undo Landscape Editing: Flatten
[2015.12.26-06.22.34:655][ 69]Cmd: TRANSACTION UNDO
[2015.12.26-06.22.34:655][ 69]LogEditorTransaction: Undo Landscape Editing: Sculpt
[2015.12.26-06.22.35:308][109]Cmd: TRANSACTION UNDO
[2015.12.26-06.22.35:308][109]LogEditorTransaction: Undo Landscape Editing: Flatten
[2015.12.26-06.22.39:219][405]Cmd: TRANSACTION UNDO
[2015.12.26-06.22.39:219][405]LogEditorTransaction: Undo Landscape Editing: Flatten
[2015.12.26-06.22.39:222][405]LogTexture:Display: Building textures: Texture2D_14 (BGRA8)
[2015.12.26-06.22.39:230][405]LogD3D11RHI: InitD3DDevice
[2015.12.26-06.22.39:794][427]Cmd: TRANSACTION UNDO
[2015.12.26-06.22.39:794][427]LogEditorTransaction: Undo Landscape Editing: Flatten
[2015.12.26-06.22.39:800][427]LogTexture:Display: Building textures: Texture2D_14 (BGRA8)
[2015.12.26-06.24.00:927][247]LogEditorViewport: Clicking on Actor (LMB): Landscape (Landscape)
[2015.12.26-06.24.19:230][ 99]LogEditorViewport: Clicking on Actor (LMB): BP_Sky_Sphere_C (Sky Sphere)
[2015.12.26-06.24.19:592][100]LogEditorViewport: Clicking on Component (LMB): StaticMeshComponent (Sky Sphere mesh)
[2015.12.26-06.24.20:433][174]LogEditorViewport: Clicking on Actor (LMB): Landscape (Landscape)
[2015.12.26-06.24.53:718][612]LogD3D11RHI: InitD3DDevice
[2015.12.26-06.26.10:765][588]LogD3D11RHI: InitD3DDevice
[2015.12.26-06.26.19:711][485]LogD3D11RHI: InitD3DDevice
[2015.12.26-06.26.19:944][485]LogActorComponent: UnregisterComponent: (/Engine/Transient.CharMoveComp) Not registered. Aborting.
[2015.12.26-06.26.19:944][485]LogActorComponent: UnregisterComponent: (/Engine/Transient.RotatingMovement0C812BA34D0DD21FB12D1D9A948423D7) Not registered. Aborting.
[2015.12.26-06.26.19:944][485]LogActorComponent: UnregisterComponent: (/Engine/Transient.RotatingMovementComponent_4) Not registered. Aborting.
[2015.12.26-06.26.20:047][485]LogSavePackage: Save=26.726595ms
[2015.12.26-06.26.20:047][485]LogSavePackage: Moving 'C:/Users/John/Documents/GitHub/spiritrunner/SpiritRunner/Saved/Platforms_Auto46EAD7DB04294D0F44CE19396CABF14CD.tmp' to 'C:/Users/John/Documents/GitHub/spiritrunner/SpiritRunner/Saved/Autosaves/Game/SpiritRunner/Maps/Plat