[2015.12.27-08.13.55:488][  0]Log file open, 12/27/15 00:13:55
[2015.12.27-08.13.55:488][  0]LogInit:Display: Running engine for game: SpiritRunner
[2015.12.27-08.13.55:488][  0]LogInit:Display: RandInit(-707508837) SRandInit(-707508837).
[2015.12.27-08.13.55:488][  0]LogTaskGraph: Started task graph with 4 named threads and 7 total threads.
[2015.12.27-08.13.55:488][  0]LogStats: Stats thread started
[2015.12.27-08.13.55:488][  0]LogInit: Version: 4.8.3-2634408+++depot+UE4-Releases+4.8
[2015.12.27-08.13.55:488][  0]LogInit: API Version: 2579680
[2015.12.27-08.13.55:488][  0]LogInit: Compiled (64-bit): Jul 27 2015 16:24:33
[2015.12.27-08.13.55:488][  0]LogInit: Compiled with Visual C++: 18.00.21005.01
[2015.12.27-08.13.55:488][  0]LogInit: Build Configuration: Development
[2015.12.27-08.13.55:488][  0]LogInit: Branch Name: ++depot+UE4-Releases+4.8
[2015.12.27-08.13.55:488][  0]LogInit: Command line: 
[2015.12.27-08.13.55:488][  0]LogInit: Base directory: G:/Programs/Epic Games/4.8/Engine/Binaries/Win64/
[2015.12.27-08.13.55:488][  0]LogInit: Rocket: 1
[2015.12.27-08.13.55:501][  0]LogInit: Using libcurl 7.41.0
[2015.12.27-08.13.55:501][  0]LogInit:  - built for x86_64-pc-win32
[2015.12.27-08.13.55:501][  0]LogInit:  - supports SSL with WinSSL
[2015.12.27-08.13.55:501][  0]LogInit:  - other features:
[2015.12.27-08.13.55:501][  0]LogInit:      CURL_VERSION_SSL
[2015.12.27-08.13.55:501][  0]LogInit:      CURL_VERSION_IPV6
[2015.12.27-08.13.55:501][  0]LogInit:      CURL_VERSION_ASYNCHDNS
[2015.12.27-08.13.55:501][  0]LogInit:      CURL_VERSION_LARGEFILE
[2015.12.27-08.13.55:501][  0]LogInit:      CURL_VERSION_IDN
[2015.12.27-08.13.55:501][  0]LogInit:  CurlRequestOptions (configurable via config and command line):
[2015.12.27-08.13.55:501][  0]LogInit:  - bVerifyPeer = true  - Libcurl will verify peer certificate
[2015.12.27-08.13.55:501][  0]LogInit:  - bUseHttpProxy = false  - Libcurl will NOT use HTTP proxy
[2015.12.27-08.13.55:501][  0]LogInit:  - bDontReuseConnections = false  - Libcurl will reuse connections
[2015.12.27-08.13.55:501][  0]LogInit:  - CertBundlePath = nullptr  - Libcurl will use whatever was configured at build time.
[2015.12.27-08.13.55:512][  0]LogOnline:Warning: No default platform service specified for OnlineSubsystem
[2015.12.27-08.13.55:523][  0]LogInit: Presizing for 0 objects not considered by GC, pre-allocating 0 bytes.
[2015.12.27-08.13.55:528][  0]LogInit: Object subsystem initialized
[2015.12.27-08.13.55:529][  0]LogConsoleResponse:Warning: Skipping Unknown console variable: 'TranslucentSortAxis = (X=0.000000,Y=-1.000000,Z=0.000000)'
[2015.12.27-08.13.55:529][  0]LogConsoleResponse:Warning:   Found in ini file 'C:/Users/John/Documents/GitHub/spiritrunner/SpiritRunner/Saved/Config/Windows/Engine.ini', in section '[/Script/Engine.RendererSettings]'
[2015.12.27-08.13.55:529][  0]LogConsoleResponse:Warning: Skipping Unknown console variable: 'UIScaleRule = ShortestSide'
[2015.12.27-08.13.55:529][  0]LogConsoleResponse:Warning:   Found in ini file 'C:/Users/John/Documents/GitHub/spiritrunner/SpiritRunner/Saved/Config/Windows/Engine.ini', in section '[/Script/Engine.RendererSettings]'
[2015.12.27-08.13.55:529][  0]LogConsoleResponse:Warning: Skipping Unknown console variable: 'UIScaleCurve = (EditorCurveData=(Keys=),ExternalCurve=None)'
[2015.12.27-08.13.55:529][  0]LogConsoleResponse:Warning:   Found in ini file 'C:/Users/John/Documents/GitHub/spiritrunner/SpiritRunner/Saved/Config/Windows/Engine.ini', in section '[/Script/Engine.RendererSettings]'
[2015.12.27-08.13.55:529][  0]LogInit: Selected Device Profile: [Windows]
[2015.12.27-08.13.55:529][  0]LogInit: Applying CVar settings loaded from the selected device profile: [Windows]
[2015.12.27-08.13.55:534][  0]LogInit: Computer: JOHN-PC
[2015.12.27-08.13.55:534][  0]LogInit: User: John
[2015.12.27-08.13.55:534][  0]LogInit: CPU Page size=4096, Cores=4
[2015.12.27-08.13.55:534][  0]LogInit: High frequency timer resolution =3.906289 MHz
[2015.12.27-08.13.55:534][  0]LogMemory: Memory total: Physical=7.9GB (8GB approx)
[2015.12.27-08.13.55:534][  0]LogMemory: Platform Memory Stats for Windows
[2015.12.27-08.13.55:534][  0]LogMemory: Process Physical Memory: 50.30 MB used, 50.30 MB peak
[2015.12.27-08.13.55:534][  0]LogMemory: Process Virtual Memory: 24.28 MB used, 24.28 MB peak
[2015.12.27-08.13.55:534][  0]LogMemory: Physical Memory: 7238.10 MB used, 8108.02 MB total
[2015.12.27-08.13.55:534][  0]LogMemory: Virtual Memory: 283.25 MB used, 8388608.00 MB total
[2015.12.27-08.13.55:565][  0]LogTextLocalizationManager: The requested culture ('en_US') has no localization data; parent culture's ('en') localization data will be used.
[2015.12.27-08.13.55:715][  0]LogTextLocalizationManager:Warning: Loaded localization resources contain conflicting entries for (Namespace:ContentBrowser, Key:ImportAssetToolTip):
Localization Resource: (G:/Programs/Epic Games/4.8/Engine/Content/Localization/Editor/en/Editor.locres) Source String Hash: (-630476809) Localized String: (Import to {0}...)
Localization Resource: (G:/Programs/Epic Games/4.8/Engine/Content/Localization/Editor/en/Editor.locres) Source String Hash: (1271782899) Localized String: (Imports an asset from file to this folder.)
[2015.12.27-08.13.56:059][  0]LogD3D11RHI: Found D3D11 adapter 0: NVIDIA GeForce GTX 970 (Feature Level 11_0)
[2015.12.27-08.13.56:059][  0]LogD3D11RHI: Adapter has 4008MB of dedicated video memory, 0MB of dedicated system memory, and 3798MB of shared system memory, 1 output[s]
[2015.12.27-08.13.56:066][  0]LogD3D11RHI: Found D3D11 adapter 1: Intel(R) HD Graphics 4600 (Feature Level 11_0)
[2015.12.27-08.13.56:066][  0]LogD3D11RHI: Adapter has 64MB of dedicated video memory, 0MB of dedicated system memory, and 1632MB of shared system memory, 0 output[s]
[2015.12.27-08.13.56:066][  0]LogD3D11RHI: Chosen D3D11 Adapter Id = 0
[2015.12.27-08.13.56:076][  0]LogD3D11RHI: InitD3DDevice
[2015.12.27-08.13.56:076][  0]LogD3D11RHI: !Direct3DDevice
[2015.12.27-08.13.56:076][  0]LogRHI: Texture pool is 1361 MB (70% of 1945 MB)
[2015.12.27-08.13.56:083][  0]LogD3D11RHI: Async texture creation enabled
[2015.12.27-08.13.56:095][  0]LogShaderCompilers:Display: Using Local Shader Compiler.
[2015.12.27-08.13.56:784][  0]LogTemp:Display: Loaded TP DesktopTargetPlatform
[2015.12.27-08.13.56:797][  0]LogTemp:Display: Loaded TP WindowsClientTargetPlatform
[2015.12.27-08.13.56:810][  0]LogTemp:Display: Loaded TP WindowsNoEditorTargetPlatform
[2015.12.27-08.13.56:823][  0]LogTemp:Display: Loaded TP WindowsServerTargetPlatform
[2015.12.27-08.13.56:838][  0]LogTemp:Display: Loaded TP WindowsTargetPlatform
[2015.12.27-08.13.56:849][  0]LogTemp:Display: Loaded TP AndroidTargetPlatform
[2015.12.27-08.13.56:860][  0]LogTemp:Display: Loaded TP Android_ASTCTargetPlatform
[2015.12.27-08.13.56:871][  0]LogTemp:Display: Loaded TP Android_ATCTargetPlatform
[2015.12.27-08.13.56:882][  0]LogTemp:Display: Loaded TP Android_DXTTargetPlatform
[2015.12.27-08.13.56:892][  0]LogTemp:Display: Loaded TP Android_ETC1TargetPlatform
[2015.12.27-08.13.56:903][  0]LogTemp:Display: Loaded TP Android_ETC2TargetPlatform
[2015.12.27-08.13.56:913][  0]LogTemp:Display: Loaded TP Android_PVRTCTargetPlatform
[2015.12.27-08.13.56:955][  0]LogTemp:Display: Loaded TP IOSTargetPlatform
[2015.12.27-08.13.56:965][  0]LogTemp:Display: Loaded TP LinuxNoEditorTargetPlatform
[2015.12.27-08.13.56:976][  0]LogTemp:Display: Loaded TP LinuxServerTargetPlatform
[2015.12.27-08.13.56:987][  0]LogTemp:Display: Loaded TP LinuxTargetPlatform
[2015.12.27-08.13.56:987][  0]LogTargetPlatformManager:Display: Building Assets For Windows
[2015.12.27-08.13.57:163][  0]LogDerivedDataCache:Display: Max Cache Size: 512 MB
[2015.12.27-08.13.57:209][  0]LogDerivedDataCache: Loaded boot cache 0.05s 53MB C:/Users/John/AppData/Local/UnrealEngine/4.8/DerivedDataCache/Boot.ddc.
[2015.12.27-08.13.57:209][  0]LogDerivedDataCache:Display: Loaded Boot cache: C:/Users/John/AppData/Local/UnrealEngine/4.8/DerivedDataCache/Boot.ddc
[2015.12.27-08.13.57:209][  0]LogDerivedDataCache: FDerivedDataBackendGraph:  Pak pak cache file C:/Users/John/Documents/GitHub/spiritrunner/SpiritRunner/DerivedDataCache/DDC.ddp not found, will not use a pak cache.
[2015.12.27-08.13.57:209][  0]LogDerivedDataCache: Unable to find inner node Pak for hierarchical cache Hierarchy.
[2015.12.27-08.13.57:209][  0]LogDerivedDataCache: FDerivedDataBackendGraph:  CompressedPak pak cache file C:/Users/John/Documents/GitHub/spiritrunner/SpiritRunner/DerivedDataCache/Compressed.ddp not found, will not use a pak cache.
[2015.12.27-08.13.57:209][  0]LogDerivedDataCache: Unable to find inner node CompressedPak for hierarchical cache Hierarchy.
[2015.12.27-08.13.57:325][  0]LogDerivedDataCache:Display: Pak cache opened for reading ../../../Engine/DerivedDataCache/Compressed.ddp.
[2015.12.27-08.13.57:336][  0]LogDerivedDataCache: Using Local data cache path C:/Users/John/AppData/Local/UnrealEngine/Common/DerivedDataCache: Writable
[2015.12.27-08.13.57:489][  0]LogInit: Selected Device Profile: [Windows]
[2015.12.27-08.13.57:494][  0]ImportText (ComponentSweepMultiTests): Missing closing parenthesis: (RootShapeAsset="/Engine/BasicShapes/Cube.Cube",ShapeType="TriggerCapsule",HitResult=(Time=0.50,Location=(X=-100.000015,Y=0.0,Z=100.000015),ImpactPoint=(X=-50.0,Y=0.0,Z=50.0),Normal=(X=-1.0,Y=-0.0,Z=0.0),ImpactNormal=(X=0.0,Y=0.0,Z=1.0),TraceStart=(X=-200.0,Y=0.0,Z=200.0),TraceEnd=(X=0.0,Y=0.0,Z=0.0))
[2015.12.27-08.13.57:495][  0]ImportText (LineTraceSingleByChannelTests): Missing closing parenthesis: (RootShapeAsset="/Engine/BasicShapes/Cube.Cube",HitResult=(Time=0.50,Location=(X=-100.000015,Y=0.0,Z=100.000015),ImpactPoint=(X=-50.0,Y=0.0,Z=50.0),Normal=(X=-1.0,Y=-0.0,Z=0.0),ImpactNormal=(X=0.0,Y=0.0,Z=1.0),TraceStart=(X=-200.0,Y=0.0,Z=200.0),TraceEnd=(X=0.0,Y=0.0,Z=0.0))
[2015.12.27-08.13.57:519][  0]LogMeshUtilities: No automatic mesh reduction module available
[2015.12.27-08.13.57:519][  0]LogMeshUtilities: No automatic mesh merging module available
[2015.12.27-08.13.57:829][  0]LogInit: WinSock: version 1.1 (2.2), MaxSocks=32767, MaxUdp=65467
[2015.12.27-08.13.58:730][  0]UdpMessaging: Initializing bridge on interface 0.0.0.0:0 to multicast group 230.0.0.1:6666.
[2015.12.27-08.13.59:067][  0]SourceControl: Info Source control is disabled
[2015.12.27-08.13.59:067][  0]SourceControl: Info Source control is disabled
[2015.12.27-08.13.59:076][  0]SourceControl: Info Source control is disabled
[2015.12.27-08.13.59:084][  0]SourceControl: Info Source control is disabled
[2015.12.27-08.13.59:272][  0]LogObj: 26273 objects as part of root set at end of initial load.
[2015.12.27-08.13.59:272][  0]LogUObjectAllocator: 5409248 out of 0 bytes used by permanent object pool.
[2015.12.27-08.13.59:329][  0]LogEngine: Initializing Engine...
[2015.12.27-08.13.59:331][  0]LogHMD: Can't find Oculus library dev build: is proper Runtime installed? Version: 0.6.0.0
[2015.12.27-08.13.59:332][  0]LogHMD:Warning: SteamVR failed to initialize.  Error: 110
[2015.12.27-08.13.59:441][  0]LogAIModule: Creating AISystem for world NewWorld
[2015.12.27-08.13.59:447][  0]LogInit: XAudio2 using 'Speakers (Turtle Beach P11 Headset)' : 2 channels at 48 kHz using 16 bits per sample (channel mask 0x3)
[2015.12.27-08.13.59:452][  0]LogInit: FAudioDevice initialized.
[2015.12.27-08.13.59:480][  0]LogDerivedDataCache: Saved boot cache 0.03s 53MB C:/Users/John/AppData/Local/UnrealEngine/4.8/DerivedDataCache/Boot.ddc.
[2015.12.27-08.13.59:485][  0]LogInit: Texture streaming: Disabled
[2015.12.27-08.13.59:506][  0]LogAnalytics: Creating configured Analytics provider AnalyticsET
[2015.12.27-08.13.59:506][  0]LogAnalytics: [UEEditor.Rocket.Release] APIServer = http://et2.epicgames.com/ET2/. AppVersion = 4.8.3-2634408+++depot+UE4-Releases+4.8
[2015.12.27-08.13.59:506][  0]LogAnalytics: [UEEditor.Rocket.Release] SetUserId 795ce0b24c6318a5324eaf839592b765|e87b0c418b154305b06c892317f44a4d|3e9e43dd-6daf-4b71-9a80-f4287aceb186
[2015.12.27-08.13.59:507][  0]LogAnalytics: [UEEditor.Rocket.Release] AnalyticsET::StartSession
[2015.12.27-08.13.59:546][  0]LogInit: Transaction tracking system initialized
[2015.12.27-08.13.59:656][  0]BlueprintLog: New page: Editor Load
[2015.12.27-08.13.59:686][  0]LogAssetRegistry: FAssetRegistry took 0.0094 seconds to start up
[2015.12.27-08.13.59:686][  0]LogDirectoryWatcher:Warning: Failed to begin reading directory changes for ../../../Engine/Plugins/Experimental/CharacterAI/Content/. Error: 0
[2015.12.27-08.14.00:348][  0]LogConsoleManager:Warning: Console variable 'r.VSync' wasn't set ('GameSetting' has a lower priority than 'SystemSettingsIni')
[2015.12.27-08.14.00:349][  0]LogConsoleResponse:Display: 
[2015.12.27-08.14.00:488][  0]LogCook:Display: Done creating registry. It took  0.00s.
[2015.12.27-08.14.00:654][  0]SourceControl: Info Source control is disabled
[2015.12.27-08.14.00:654][  0]Cmd: MAP LOAD FILE="C:/Users/John/Documents/GitHub/spiritrunner/SpiritRunner/Content/SpiritRunner/Maps/RunnerMapTest.umap" TEMPLATE=0 SHOWPROGRESS=1 FEATURELEVEL=3
[2015.12.27-08.14.00:655][  0]LightingResults: New page: Lighting Build
[2015.12.27-08.14.00:669][  0]MapCheck: New page: Map Check
[2015.12.27-08.14.00:669][  0]LightingResults: New page: Lighting Build
[2015.12.27-08.14.00:676][  0]LogParticles: Destroying 0 GPU particle simulations for FXSystem 0x0000000018EC2F20
[2015.12.27-08.14.04:881][  0]LogAIModule: Creating AISystem for world RunnerMapTest
[2015.12.27-08.14.04:885][  0]LogEditorServer: Finished looking for orphan Actors (0.000 secs)
[2015.12.27-08.14.04:910][  0]Cmd: MAP CHECKDEP NOCLEARLOG
[2015.12.27-08.14.04:987][  0]MapCheck: Info Map check complete: 0 Error(s), 0 Warning(s), took 76.989ms to complete.
[2015.12.27-08.14.04:987][  0]LogFileHelpers: Loading map 'RunnerMapTest' took 4.334
[2015.12.27-08.14.05:584][  0]LogCollectionManager: Loaded 0 collections in 0.002655 seconds
[2015.12.27-08.14.05:594][  0]LogContentBrowser: Native class hierarchy populated in 0.0092 seconds. Added 1792 classes and 301 folders.
[2015.12.27-08.14.05:818][  0]LogContentBrowser: Native class hierarchy updated for 'WidgetCarousel' in 0.0005 seconds. Added 0 classes and 0 folders.
[2015.12.27-08.14.06:078][  0]LogContentBrowser: Native class hierarchy updated for 'AddContentDialog' in 0.0007 seconds. Added 0 classes and 0 folders.
[2015.12.27-08.14.06:173][  0]LogContentBrowser: Native class hierarchy updated for 'SceneOutliner' in 0.0005 seconds. Added 1 classes and 2 folders.
[2015.12.27-08.14.06:674][  0]LogCrashTracker: Crashtracker disabled due to settings.
[2015.12.27-08.14.06:682][  0]LogD3D11RHI: InitD3DDevice
[2015.12.27-08.14.06:743][  0]LogUObjectGlobals:Warning: Failed to find object 'Class None.'
[2015.12.27-08.14.06:777][  0]LogLoad: Full Startup: 12.28 seconds (BP compile: 1.39 seconds)
[2015.12.27-08.14.07:491][  0]LogContentStreaming: Texture pool size is 0.000000MB
[2015.12.27-08.14.07:638][  0]LogContentStreaming: Texture pool size now 1000 MB
[2015.12.27-08.14.08:387][  0]LogRenderer: Reallocating scene render targets to support 1208x576 (Frame:2).
[2015.12.27-08.14.14:374][ 17]LogAssetRegistry: Asset discovery search completed in 14.6974 seconds
[2015.12.27-08.15.40:869][355]LogD3D11RHI: InitD3DDevice
[2015.12.27-08.15.42:152][498]LogD3D11RHI: InitD3DDevice
[2015.12.27-08.15.42:733][564]LogD3D11RHI: InitD3DDevice
[2015.12.27-08.15.53:436][816]LogD3D11RHI: InitD3DDevice
[2015.12.27-08.15.54:913][986]LogD3D11RHI: InitD3DDevice
[2015.12.27-08.16.18:970][653]LogD3D11RHI: InitD3DDevice
[2015.12.27-08.16.19:207][653]LogLinker:Warning: Asset '../../../Engine/Content/ArtTools/RenderToTexture/Macros/RenderToTextureMacros.uasset' has been saved with empty engine version. The asset will be loaded but may be incompatible.
[2015.12.27-08.16.19:280][653]LogLinker:Warning: Asset '../../../Engine/Content/ArtTools/RenderToTexture/Enums/RenderToTexture_Enum.uasset' has been saved with empty engine version. The asset will be loaded but may be incompatible.
[2015.12.27-08.16.32:684][634]LogPlayLevel: PIE:  No blueprints needed recompiling
[2015.12.27-08.16.32:852][634]PIE: New page: PIE session: RunnerMapTest (Dec 26, 2015, 4:16:32 PM)
[2015.12.27-08.16.32:853][634]LogPlayLevel: Creating play world package: /Game/SpiritRunner/Maps/UEDPIE_0_RunnerMapTest
[2015.12.27-08.16.32:893][634]LogPlayLevel: PIE: StaticDuplicateObject took: (0.040603s)
[2015.12.27-08.16.32:894][634]LogAIModule: Creating AISystem for world RunnerMapTest
[2015.12.27-08.16.32:895][634]LogPlayLevel: PIE: World Init took: (0.001941s)
[2015.12.27-08.16.32:908][634]LogPlayLevel: PIE: Created PIE world by copying editor world from /Game/SpiritRunner/Maps/RunnerMapTest.RunnerMapTest to /Game/SpiritRunner/Maps/UEDPIE_0_RunnerMapTest.RunnerMapTest (0.055321s)
[2015.12.27-08.16.32:909][634]LogActorComponent: UnregisterComponent: (/Engine/Transient.CharMoveComp) Not registered. Aborting.
[2015.12.27-08.16.32:910][634]LogActorComponent: UnregisterComponent: (/Engine/Transient.RotatingMovement0C812BA34D0DD21FB12D1D9A948423D7) Not registered. Aborting.
[2015.12.27-08.16.32:910][634]LogActorComponent: UnregisterComponent: (/Engine/Transient.RotatingMovementComponent_0) Not registered. Aborting.
[2015.12.27-08.16.33:178][634]LogInit: XAudio2 using 'Speakers (Turtle Beach P11 Headset)' : 2 channels at 48 kHz using 16 bits per sample (channel mask 0x3)
[2015.12.27-08.16.33:182][634]LogInit: FAudioDevice initialized.
[2015.12.27-08.16.33:191][634]LogD3D11RHI: InitD3DDevice
[2015.12.27-08.16.33:283][634]LogWorld: Game class is 'RunGameMode_C'
[2015.12.27-08.16.33:423][634]LogWorld: Bringing World /Game/SpiritRunner/Maps/UEDPIE_0_RunnerMapTest.RunnerMapTest up for play (max tick rate 0) at 2015.12.27-00.16.33
[2015.12.27-08.16.33:423][634]LogActor:Warning: GameSession /Game/SpiritRunner/Maps/UEDPIE_0_RunnerMapTest.RunnerMapTest:PersistentLevel.GameSession_0 has natively added scene component(s), but none of them were set as the actor's RootComponent - picking one arbitrarily
[2015.12.27-08.16.33:435][634]LogActor:Warning: GameNetworkManager /Game/SpiritRunner/Maps/UEDPIE_0_RunnerMapTest.RunnerMapTest:PersistentLevel.GameNetworkManager_0 has natively added scene component(s), but none of them were set as the actor's RootComponent - picking one arbitrarily
[2015.12.27-08.16.33:445][634]LogWorld: Bringing up level for play took: 0.024325
[2015.12.27-08.16.33:924][634]PIE: Info Play in editor start time for /Game/SpiritRunner/Maps/UEDPIE_0_RunnerMapTest 1.783
[2015.12.27-08.16.33:958][634]LogScript:Warning: Divide by zero: Divide_FloatFloat
[2015.12.27-08.16.33:958][634]LogScript:Warning: Divide by zero: Divide_FloatFloat
[2015.12.27-08.16.34:122][634]LogRenderer: Reallocating scene render targets to support 1296x760 (Frame:4625).
[2015.12.27-08.16.34:183][635]LogScript:Warning: Divide by zero: Divide_FloatFloat
[2015.12.27-08.16.34:183][635]LogScript:Warning: Divide by zero: Divide_FloatFloat
[2015.12.27-08.16.34:226][636]LogScript:Warning: Divide by zero: Divide_FloatFloat
[2015.12.27-08.16.34:226][636]LogScript:Warning: Divide by zero: Divide_FloatFloat
[2015.12.27-08.16.34:244][637]LogScript:Warning: Divide by zero: Divide_FloatFloat
[2015.12.27-08.16.34:244][637]LogScript:Warning: Divide by zero: Divide_FloatFloat
[2015.12.27-08.16.34:261][638]LogScript:Warning: Divide by zero: Divide_FloatFloat
[2015.12.27-08.16.34:261][638]LogScript:Warning: Divide by zero: Divide_FloatFloat
[2015.12.27-08.16.34:279][639]LogScript:Warning: Divide by zero: Divide_FloatFloat
[2015.12.27-08.16.34:279][639]LogScript:Warning: Divide by zero: Divide_FloatFloat
[2015.12.27-08.16.34:296][640]LogScript:Warning: Divide by zero: Divide_FloatFloat
[2015.12.27-08.16.34:296][640]LogScript:Warning: Divide by zero: Divide_FloatFloat
[2015.12.27-08.16.34:312][641]LogScript:Warning: Divide by zero: Divide_FloatFloat
[2015.12.27-08.16.34:312][641]LogScript:Warning: Divide by zero: Divide_FloatFloat
[2015.12.27-08.16.34:328][642]LogScript:Warning: Divide by zero: Divide_FloatFloat
[2015.12.27-08.16.34:328][642]LogScript:Warning: Divide by zero: Divide_FloatFloat
[2015.12.27-08.16.34:345][643]LogScript:Warning: Divide by zero: Divide_FloatFloat
[2015.12.27-08.16.34:345][643]LogScript:Warning: Divide by zero: Divide_FloatFloat
[2015.12.27-08.16.34:361][644]LogScript:Warning: Divide by zero: Divide_FloatFloat
[2015.12.27-08.16.34:361][644]LogScript:Warning: Divide by zero: Divide_FloatFloat
[2015.12.27-08.16.34:376][645]LogScript:Warning: Divide by zero: Divide_FloatFloat
[2015.12.27-08.16.34:376][645]LogScript:Warning: Divide by zero: Divide_FloatFloat
[2015.12.27-08.16.34:392][646]LogScript:Warning: Divide by zero: Divide_FloatFloat
[2015.12.27-08.16.34:392][646]LogScript:Warning: Divide by zero: Divide_FloatFloat
[2015.12.27-08.16.34:408][647]LogScript:Warning: Divide by zero: Divide_FloatFloat
[2015.12.27-08.16.34:408][647]LogScript:Warning: Divide by zero: Divide_FloatFloat
[2015.12.27-08.16.34:424][648]LogScript:Warning: Divide by zero: Divide_FloatFloat
[2015.12.27-08.16.34:424][648]LogScript:Warning: Divide by zero: Divide_FloatFloat
[2015.12.27-08.16.34:441][649]LogScript:Warning: Divide by zero: Divide_FloatFloat
[2015.12.27-08.16.34:441][649]LogScript:Warning: Divide by zero: Divide_FloatFloat
[2015.12.27-08.16.34:457][650]LogScript:Warning: Divide by zero: Divide_FloatFloat
[2015.12.27-08.16.34:457][650]LogScript:Warning: Divide by zero: Divide_FloatFloat
[2015.12.27-08.16.34:473][651]LogScript:Warning: Divide by zero: Divide_FloatFloat
[2015.12.27-08.16.34:473][651]LogScript:Warning: Divide by zero: Divide_FloatFloat
[2015.12.27-08.16.34:489][652]LogScript:Warning: Divide by zero: Divide_FloatFloat
[2015.12.27-08.16.34:489][652]LogScript:Warning: Divide by zero: Divide_FloatFloat
[2015.12.27-08.16.34:505][653]LogScript:Warning: Divide by zero: Divide_FloatFloat
[2015.12.27-08.16.34:505][653]LogScript:Warning: Divide by zero: Divide_FloatFloat
[2015.12.27-08.16.34:520][654]LogScript:Warning: Divide by zero: Divide_FloatFloat
[2015.12.27-08.16.34:520][654]LogScript:Warning: Divide by zero: Divide_FloatFloat
[2015.12.27-08.16.34:536][655]LogScript:Warning: Divide by zero: Divide_FloatFloat
[2015.12.27-08.16.34:536][655]LogScript:Warning: Divide by zero: Divide_FloatFloat
[2015.12.27-08.16.34:552][656]LogScript:Warning: Divide by zero: Divide_FloatFloat
[2015.12.27-08.16.34:552][656]LogScript:Warning: Divide by zero: Divide_FloatFloat
[2015.12.27-08.16.34:567][657]LogScript:Warning: Divide by zero: Divide_FloatFloat
[2015.12.27-08.16.34:567][657]LogScript:Warning: Divide by zero: Divide_FloatFloat
[2015.12.27-08.16.34:583][658]LogScript:Warning: Divide by zero: Divide_FloatFloat
[2015.12.27-08.16.34:583][658]LogScript:Warning: Divide by zero: Divide_FloatFloat
[2015.12.27-08.16.34:599][659]LogScript:Warning: Divide by zero: Divide_FloatFloat
[2015.12.27-08.16.34:599][659]LogScript:Warning: Divide by zero: Divide_FloatFloat
[2015.12.27-08.16.34:614][660]LogScript:Warning: Divide by zero: Divide_FloatFloat
[2015.12.27-08.16.34:614][660]LogScript:Warning: Divide by zero: Divide_FloatFloat
[2015.12.27-08.16.34:630][661]LogScript:Warning: Divide by zero: Divide_FloatFloat
[2015.12.27-08.16.34:630][661]LogScript:Warning: Divide by zero: Divide_FloatFloat
[2015.12.27-08.16.34:646][662]LogScript:Warning: Divide by zero: Divide_FloatFloat
[2015.12.27-08.16.34:646][662]LogScript:Warning: Divide by zero: Divide_FloatFloat
[2015.12.27-08.16.34:661][663]LogScript:Warning: Divide by zero: Divide_FloatFloat
[2015.12.27-08.16.34:661][663]LogScript:Warning: Divide by zero: Divide_FloatFloat
[2015.12.27-08.16.34:678][664]LogScript:Warning: Divide by zero: Divide_FloatFloat
[2015.12.27-08.16.34:678][664]LogScript:Warning: Divide by zero: Divide_FloatFloat
[2015.12.27-08.16.34:694][665]LogScript:Warning: Divide by zero: Divide_FloatFloat
[2015.12.27-08.16.34:694][665]LogScript:Warning: Divide by zero: Divide_FloatFloat
[2015.12.27-08.16.34:714][666]LogScript:Warning: Divide by zero: Divide_FloatFloat
[2015.12.27-08.16.34:714][666]LogScript:Warning: Divide by zero: Divide_FloatFloat
[2015.12.27-08.16.34:731][667]LogScript:Warning: Divide by zero: Divide_FloatFloat
[2015.12.27-08.16.34:731][667]LogScript:Warning: Divide by zero: Divide_FloatFloat
[2015.12.27-08.16.34:747][668]LogScript:Warning: Divide by zero: Divide_FloatFloat
[2015.12.27-08.16.34:747][668]LogScript:Warning: Divide by zero: Divide_FloatFloat
[2015.12.27-08.16.34:762][669]LogScript:Warning: Divide by zero: Divide_FloatFloat
[2015.12.27-08.16.34:762][669]LogScript:Warning: Divide by zero: Divide_FloatFloat
[2015.12.27-08.16.34:778][670]LogScript:Warning: Divide by zero: Divide_FloatFloat
[2015.12.27-08.16.34:778][670]LogScript:Warning: Divide by zero: Divide_FloatFloat
[2015.12.27-08.16.34:794][671]LogScript:Warning: Divide by zero: Divide_FloatFloat
[2015.12.27-08.16.34:794][671]LogScript:Warning: Divide by zero: Divide_FloatFloat
[2015.12.27-08.16.34:809][672]LogScript:Warning: Divide by zero: Divide_FloatFloat
[2015.12.27-08.16.34:809][672]LogScript:Warning: Divide by zero: Divide_FloatFloat
[2015.12.27-08.16.34:825][673]LogScript:Warning: Divide by zero: Divide_FloatFloat
[2015.12.27-08.16.34:825][673]LogScript:Warning: Divide by zero: Divide_FloatFloat
[2015.12.27-08.16.34:840][674]LogScript:Warning: Divide by zero: Divide_FloatFloat
[2015.12.27-08.16.34:840][674]LogScript:Warning: Divide by zero: Divide_FloatFloat
[2015.12.27-08.16.34:856][675]LogScript:Warning: Divide by zero: Divide_FloatFloat
[2015.12.27-08.16.34:856][675]LogScript:Warning: Divide by zero: Divide_FloatFloat
[2015.12.27-08.16.34:872][676]LogScript:Warning: Divide by zero: Divide_FloatFloat
[2015.12.27-08.16.34:872][676]LogScript:Warning: Divide by zero: Divide_FloatFloat
[2015.12.27-08.16.34:887][677]LogScript:Warning: Divide by zero: Divide_FloatFloat
[2015.12.27-08.16.34:887][677]LogScript:Warning: Divide by zero: Divide_FloatFloat
[2015.12.27-08.16.34:903][678]LogScript:Warning: Divide by zero: Divide_FloatFloat
[2015.12.27-08.16.34:903][678]LogScript:Warning: Divide by zero: Divide_FloatFloat
[2015.12.27-08.16.34:918][679]LogScript:Warning: Divide by zero: Divide_FloatFloat
[2015.12.27-08.16.34:918][679]LogScript:Warning: Divide by zero: Divide_FloatFloat
[2015.12.27-08.16.34:934][680]LogScript:Warning: Divide by zero: Divide_FloatFloat
[2015.12.27-08.16.34:934][680]LogScript:Warning: Divide by zero: Divide_FloatFloat
[2015.12.27-08.16.34:950][681]LogScript:Warning: Divide by zero: Divide_FloatFloat
[2015.12.27-08.16.34:950][681]LogScript:Warning: Divide by zero: Divide_FloatFloat
[2015.12.27-08.16.34:966][682]LogScript:Warning: Divide by zero: Divide_FloatFloat
[2015.12.27-08.16.34:966][682]LogScript:Warning: Divide by zero: Divide_FloatFloat
[2015.12.27-08.16.34:982][683]LogScript:Warning: Divide by zero: Divide_FloatFloat
[2015.12.27-08.16.34:982][683]LogScript:Warning: Divide by zero: Divide_FloatFloat
[2015.12.27-08.16.34:998][684]LogScript:Warning: Divide by zero: Divide_FloatFloat
[2015.12.27-08.16.34:998][684]LogScript:Warning: Divide by zero: Divide_FloatFloat
[2015.12.27-08.16.35:019][685]LogScript:Warning: Divide by zero: Divide_FloatFloat
[2015.12.27-08.16.35:019][685]LogScript:Warning: Divide by zero: Divide_FloatFloat
[2015.12.27-08.16.35:034][686]LogScript:Warning: Divide by zero: Divide_FloatFloat
[2015.12.27-08.16.35:034][686]LogScript:Warning: Divide by zero: Divide_FloatFloat
[2015.12.27-08.16.35:050][687]LogScript:Warning: Divide by zero: Divide_FloatFloat
[2015.12.27-08.16.35:050][687]LogScript:Warning: Divide by zero: Divide_FloatFloat
[2015.12.27-08.16.35:065][688]LogScript:Warning: Divide by zero: Divide_FloatFloat
[2015.12.27-08.16.35:065][688]LogScript:Warning: Divide by zero: Divide_FloatFloat
[2015.12.27-08.16.35:082][689]LogScript:Warning: Divide by zero: Divide_FloatFloat
[2015.12.27-08.16.35:082][689]LogScript:Warning: Divide by zero: Divide_FloatFloat
[2015.12.27-08.16.35:098][690]LogScript:Warning: Divide by zero: Divide_FloatFloat
[2015.12.27-08.16.35:098][690]LogScript:Warning: Divide by zero: Divide_FloatFloat
[2015.12.27-08.16.35:114][691]LogScript:Warning: Divide by zero: Divide_FloatFloat
[2015.12.27-08.16.35:114][691]LogScript:Warning: Divide by zero: Divide_FloatFloat
[2015.12.27-08.16.35:129][692]LogScript:Warning: Divide by zero: Divide_FloatFloat
[2015.12.27-08.16.35:129][692]LogScript:Warning: Divide by zero: Divide_FloatFloat
[2015.12.27-08.16.35:146][693]LogScript:Warning: Divide by zero: Divide_FloatFloat
[2015.12.27-08.16.35:146][693]LogScript:Warning: Divide by zero: Divide_FloatFloat
[2015.12.27-08.16.35:162][694]LogScript:Warning: Divide by zero: Divide_FloatFloat
[2015.12.27-08.16.35:162][694]LogScript:Warning: Divide by zero: Divide_FloatFloat
[2015.12.27-08.16.35:177][695]LogScript:Warning: Divide by zero: Divide_FloatFloat
[2015.12.27-08.16.35:178][695]LogScript:Warning: Divide by zero: Divide_FloatFloat
[2015.12.27-08.16.35:194][696]LogScript:Warning: Divide by zero: Divide_FloatFloat
[2015.12.27-08.16.35:194][696]LogScript:Warning: Divide by zero: Divide_FloatFloat
[2015.12.27-08.16.35:209][697]LogScript:Warning: Divide by zero: Divide_FloatFloat
[2015.12.27-08.16.35:209][697]LogScript:Warning: Divide by zero: Divide_FloatFloat
[2015.12.27-08.16.35:225][698]LogScript:Warning: Divide by zero: Divide_FloatFloat
[2015.12.27-08.16.35:225][698]LogScript:Warning: Divide by zero: Divide_FloatFloat
[2015.12.27-08.16.35:247][699]LogScript:Warning: Divide by zero: Divide_FloatFloat
[2015.12.27-08.16.35:247][699]LogScript:Warning: Divide by zero: Divide_FloatFloat
[2015.12.27-08.16.35:266][700]LogScript:Warning: Divide by zero: Divide_FloatFloat
[2015.12.27-08.16.35:266][700]LogScript:Warning: Divide by zero: Divide_FloatFloat
[2015.12.27-08.16.35:283][701]LogScript:Warning: Divide by zero: Divide_FloatFloat
[2015.12.27-08.16.35:283][701]LogScript:Warning: Divide by zero: Divide_FloatFloat
[2015.12.27-08.16.35:298][702]LogScript:Warning: Divide by zero: Divide_FloatFloat
[2015.12.27-08.16.35:298][702]LogScript:Warning: Divide by zero: Divide_FloatFloat
[2015.12.27-08.16.35:314][703]LogScript:Warning: Divide by zero: Divide_FloatFloat
[2015.12.27-08.16.35:314][703]LogScript:Warning: Divide by zero: Divide_FloatFloat
[2015.12.27-08.16.35:330][704]LogScript:Warning: Divide by zero: Divide_FloatFloat
[2015.12.27-08.16.35:330][704]LogScript:Warning: Divide by zero: Divide_FloatFloat
[2015.12.27-08.16.35:345][705]LogScript:Warning: Divide by zero: Divide_FloatFloat
[2015.12.27-08.16.35:345][705]LogScript:Warning: Divide by zero: Divide_FloatFloat
[2015.12.27-08.16.35:361][706]LogScript:Warning: Divide by zero: Divide_FloatFloat
[2015.12.27-08.16.35:361][706]LogScript:Warning: Divide by zero: Divide_FloatFloat
[2015.12.27-08.16.35:377][707]LogScript:Warning: Divide by zero: Divide_FloatFloat
[2015.12.27-08.16.35:377][707]LogScript:Warning: Divide by zero: Divide_FloatFloat
[2015.12.27-08.16.35:393][708]LogScript:Warning: Divide by zero: Divide_FloatFloat
[2015.12.27-08.16.35:393][708]LogScript:Warning: Divide by zero: Divide_FloatFloat
[2015.12.27-08.16.35:408][709]LogScript:Warning: Divide by zero: Divide_FloatFloat
[2015.12.27-08.16.35:408][709]LogScript:Warning: Divide by zero: Divide_FloatFloat
[2015.12.27-08.16.35:424][710]LogScript:Warning: Divide by zero: Divide_FloatFloat
[2015.12.27-08.16.35:424][710]LogScript:Warning: Divide by zero: Divide_FloatFloat
[2015.12.27-08.16.35:440][711]LogScript:Warning: Divide by zero: Divide_FloatFloat
[2015.12.27-08.16.35:440][711]LogScript:Warning: Divide by zero: Divide_FloatFloat
[2015.12.27-08.16.35:455][712]LogScript:Warning: Divide by zero: Divide_FloatFloat
[2015.12.27-08.16.35:455][712]LogScript:Warning: Divide by zero: Divide_FloatFloat
[2015.12.27-08.16.35:471][713]LogScript:Warning: Divide by zero: Divide_FloatFloat
[2015.12.27-08.16.35:471][713]LogScript:Warning: Divide by zero: Divide_FloatFloat
[2015.12.27-08.16.35:487][714]LogScript:Warning: Divide by zero: Divide_FloatFloat
[2015.12.27-08.16.35:487][714]LogScript:Warning: Divide by zero: Divide_FloatFloat
[2015.12.27-08.16.35:503][715]LogScript:Warning: Divide by zero: Divide_FloatFloat
[2015.12.27-08.16.35:503][715]LogScript:Warning: Divide by zero: Divide_FloatFloat
[2015.12.27-08.16.35:519][716]LogScript:Warning: Divide by zero: Divide_FloatFloat
[2015.12.27-08.16.35:519][716]LogScript:Warning: Divide by zero: Divide_FloatFloat
[2015.12.27-08.16.35:534][717]LogScript:Warning: Divide by zero: Divide_FloatFloat
[2015.12.27-08.16.35:534][717]LogScript:Warning: Divide by zero: Divide_FloatFloat
[2015.12.27-08.16.35:550][718]LogScript:Warning: Divide by zero: Divide_FloatFloat
[2015.12.27-08.16.35:550][718]LogScript:Warning: Divide by zero: Divide_FloatFloat
[2015.12.27-08.16.35:566][719]LogScript:Warning: Divide by zero: Divide_FloatFloat
[2015.12.27-08.16.35:567][719]LogScript:Warning: Divide by zero: Divide_FloatFloat
[2015.12.27-08.16.35:582][720]LogScript:Warning: Divide by zero: Divide_FloatFloat
[2015.12.27-08.16.35:582][720]LogScript:Warning: Divide by zero: Divide_FloatFloat
[2015.12.27-08.16.35:597][721]LogScript:Warning: Divide by zero: Divide_FloatFloat
[2015.12.27-08.16.35:597][721]LogScript:Warning: Divide by zero: Divide_FloatFloat
[2015.12.27-08.16.35:613][722]LogScript:Warning: Divide by zero: Divide_FloatFloat
[2015.12.27-08.16.35:613][722]LogScript:Warning: Divide by zero: Divide_FloatFloat
[2015.12.27-08.16.35:629][723]LogScript:Warning: Divide by zero: Divide_FloatFloat
[2015.12.27-08.16.35:629][723]LogScript:Warning: Divide by zero: Divide_FloatFloat
[2015.12.27-08.16.35:645][724]LogScript:Warning: Divide by zero: Divide_FloatFloat
[2015.12.27-08.16.35:645][724]LogScript:Warning: Divide by zero: Divide_FloatFloat
[2015.12.27-08.16.35:662][725]LogScript:Warning: Divide by zero: Divide_FloatFloat
[2015.12.27-08.16.35:662][725]LogScript:Warning: Divide by zero: Divide_FloatFloat
[2015.12.27-08.16.35:677][726]LogScript:Warning: Divide by zero: Divide_FloatFloat
[2015.12.27-08.16.35:677][726]LogScript:Warning: Divide by zero: Divide_FloatFloat
[2015.12.27-08.16.35:693][727]LogScript:Warning: Divide by zero: Divide_FloatFloat
[2015.12.27-08.16.35:693][727]LogScript:Warning: Divide by zero: Divide_FloatFloat
[2015.12.27-08.16.35:708][728]LogScript:Warning: Divide by zero: Divide_FloatFloat
[2015.12.27-08.16.35:708][728]LogScript:Warning: Divide by zero: Divide_FloatFloat
[2015.12.27-08.16.35:725][729]LogScript:Warning: Divide by zero: Divide_FloatFloat
[2015.12.27-08.16.35:725][729]LogScript:Warning: Divide by zero: Divide_FloatFloat
[2015.12.27-08.16.35:741][730]LogScript:Warning: Divide by zero: Divide_FloatFloat
[2015.12.27-08.16.35:741][730]LogScript:Warning: Divide by zero: Divide_FloatFloat
[2015.12.27-08.16.35:757][731]LogScript:Warning: Divide by zero: Divide_FloatFloat
[2015.12.27-08.16.35:757][731]LogScript:Warning: Divide by zero: Divide_FloatFloat
[2015.12.27-08.16.35:773][732]LogScript:Warning: Divide by zero: Divide_FloatFloat
[2015.12.27-08.16.35:773][732]LogScript:Warning: Divide by zero: Divide_FloatFloat
[2015.12.27-08.16.35:788][733]LogScript:Warning: Divide by zero: Divide_FloatFloat
[2015.12.27-08.16.35:788][733]LogScript:Warning: Divide by zero: Divide_FloatFloat
[2015.12.27-08.16.35:804][734]LogScript:Warning: Divide by zero: Divide_FloatFloat
[2015.12.27-08.16.35:804][734]LogScript:Warning: Divide by zero: Divide_FloatFloat
[2015.12.27-08.16.35:820][735]LogScript:Warning: Divide by zero: Divide_FloatFloat
[2015.12.27-08.16.35:820][735]LogScript:Warning: Divide by zero: Divide_FloatFloat
[2015.12.27-08.16.35:837][736]LogScript:Warning: Divide by zero: Divide_FloatFloat
[2015.12.27-08.16.35:837][736]LogScript:Warning: Divide by zero: Divide_FloatFloat
[2015.12.27-08.16.35:853][737]LogScript:Warning: Divide by zero: Divide_FloatFloat
[2015.12.27-08.16.35:853][737]LogScript:Warning: Divide by zero: Divide_FloatFloat
[2015.12.27-08.16.35:869][738]LogScript:Warning: Divide by zero: Divide_FloatFloat
[2015.12.27-08.16.35:869][738]LogScript:Warning: Divide by zero: Divide_FloatFloat
[2015.12.27-08.16.35:885][739]LogScript:Warning: Divide by zero: Divide_FloatFloat
[2015.12.27-08.16.35:885][739]LogScript:Warning: Divide by zero: Divide_FloatFloat
[2015.12.27-08.16.35:902][740]LogScript:Warning: Divide by zero: Divide_FloatFloat
[2015.12.27-08.16.35:902][740]LogScript:Warning: Divide by zero: Divide_FloatFloat
[2015.12.27-08.16.35:917][741]LogScript:Warning: Divide by zero: Divide_FloatFloat
[2015.12.27-08.16.35:917][741]LogScript:Warning: Divide by zero: Divide_FloatFloat
[2015.12.27-08.16.35:933][742]LogScript:Warning: Divide by zero: Divide_FloatFloat
[2015.12.27-08.16.35:933][742]LogScript:Warning: Divide by zero: Divide_FloatFloat
[2015.12.27-08.16.35:950][743]LogScript:Warning: Divide by zero: Divide_FloatFloat
[2015.12.27-08.16.35:950][743]LogScript:Warning: Divide by zero: Divide_FloatFloat
[2015.12.27-08.16.35:966][744]LogScript:Warning: Divide by zero: Divide_FloatFloat
[2015.12.27-08.16.35:966][744]LogScript:Warning: Divide by zero: Divide_FloatFloat
[2015.12.27-08.16.35:982][745]LogScript:Warning: Divide by zero: Divide_FloatFloat
[2015.12.27-08.16.35:983][745]LogScript:Warning: Divide by zero: Divide_FloatFloat
[2015.12.27-08.16.35:998][746]LogScript:Warning: Divide by zero: Divide_FloatFloat
[2015.12.27-08.16.35:998][746]LogScript:Warning: Divide by zero: Divide_FloatFloat
[2015.12.27-08.16.36:014][747]LogScript:Warning: Divide by zero: Divide_FloatFloat
[2015.12.27-08.16.36:014][747]LogScript:Warning: Divide by zero: Divide_FloatFloat
[2015.12.27-08.16.36:030][748]LogScript:Warning: Divide by zero: Divide_FloatFloat
[2015.12.27-08.16.36:030][748]LogScript:Warning: Divide by zero: Divide_FloatFloat
[2015.12.27-08.16.36:046][749]LogScript:Warning: Divide by zero: Divide_FloatFloat
[2015.12.27-08.16.36:046][749]LogScript:Warning: Divide by zero: Divide_FloatFloat
[2015.12.27-08.16.36:062][750]LogScript:Warning: Divide by zero: Divide_FloatFloat
[2015.12.27-08.16.36:062][750]LogScript:Warning: Divide by zero: Divide_FloatFloat
[2015.12.27-08.16.36:077][751]LogScript:Warning: Divide by zero: Divide_FloatFloat
[2015.12.27-08.16.36:077][751]LogScript:Warning: Divide by zero: Divide_FloatFloat
[2015.12.27-08.16.36:093][752]LogScript:Warning: Divide by zero: Divide_FloatFloat
[2015.12.27-08.16.36:093][752]LogScript:Warning: Divide by zero: Divide_FloatFloat
[2015.12.27-08.16.36:109][753]LogScript:Warning: Divide by zero: Divide_FloatFloat
[2015.12.27-08.16.36:109][753]LogScript:Warning: Divide by zero: Divide_FloatFloat
[2015.12.27-08.16.36:125][754]LogScript:Warning: Divide by zero: Divide_FloatFloat
[2015.12.27-08.16.36:125][754]LogScript:Warning: Divide by zero: Divide_FloatFloat
[2015.12.27-08.16.36:140][755]LogScript:Warning: Divide by zero: Divide_FloatFloat
[2015.12.27-08.16.36:140][755]LogScript:Warning: Divide by zero: Divide_FloatFloat
[2015.12.27-08.16.36:157][756]LogScript:Warning: Divide by zero: Divide_FloatFloat
[2015.12.27-08.16.36:157][756]LogScript:Warning: Divide by zero: Divide_FloatFloat
[2015.12.27-08.16.36:224][757]LogScript:Warning: Divide by zero: Divide_FloatFloat
[2015.12.27-08.16.36:224][757]LogScript:Warning: Divide by zero: Divide_FloatFloat
[2015.12.27-08.16.36:263][758]LogScript:Warning: Divide by zero: Divide_FloatFloat
[2015.12.27-08.16.36:263][758]LogScript:Warning: Divide by zero: Divide_FloatFloat
[2015.12.27-08.16.36:293][759]LogScript:Warning: Divide by zero: Divide_FloatFloat
[2015.12.27-08.16.36:293][759]LogScript:Warning: Divide by zero: Divide_FloatFloat
[2015.12.27-08.16.36:319][760]LogScript:Warning: Divide by zero: Divide_FloatFloat
[2015.12.27-08.16.36:319][760]LogScript:Warning: Divide by zero: Divide_FloatFloat
[2015.12.27-08.16.36:342][761]LogScript:Warning: Divide by zero: Divide_FloatFloat
[2015.12.27-08.16.36:342][761]LogScript:Warning: Divide by zero: Divide_FloatFloat
[2015.12.27-08.16.36:363][762]LogScript:Warning: Divide by zero: Divide_FloatFloat
[2015.12.27-08.16.36:363][762]LogScript:Warning: Divide by zero: Divide_FloatFloat
[2015.12.27-08.16.36:383][763]LogScript:Warning: Divide by zero: Divide_FloatFloat
[2015.12.27-08.16.36:383][763]LogScript:Warning: Divide by zero: Divide_FloatFloat
[2015.12.27-08.16.36:402][764]LogScript:Warning: Divide by zero: Divide_FloatFloat
[2015.12.27-08.16.36:402][764]LogScript:Warning: Divide by zero: Divide_FloatFloat
[2015.12.27-08.16.36:419][765]LogScript:Warning: Divide by zero: Divide_FloatFloat
[2015.12.27-08.16.36:419][765]LogScript:Warning: Divide by zero: Divide_FloatFloat
[2015.12.27-08.16.36:437][766]LogScript:Warning: Divide by zero: Divide_FloatFloat
[2015.12.27-08.16.36:437][766]LogScript:Warning: Divide by zero: Divide_FloatFloat
[2015.12.27-08.16.36:455][767]LogScript:Warning: Divide by zero: Divide_FloatFloat
[2015.12.27-08.16.36:455][767]LogScript:Warning: Divide by zero: Divide_FloatFloat
[2015.12.27-08.16.36:473][768]LogScript:Warning: Divide by zero: Divide_FloatFloat
[2015.12.27-08.16.36:473][768]LogScript:Warning: Divide by zero: Divide_FloatFloat
[2015.12.27-08.16.36:489][769]LogScript:Warning: Divide by zero: Divide_FloatFloat
[2015.12.27-08.16.36:489][769]LogScript:Warning: Divide by zero: Divide_FloatFloat
[2015.12.27-08.16.36:505][770]LogScript:Warning: Divide by zero: Divide_FloatFloat
[2015.12.27-08.16.36:505][770]LogScript:Warning: Divide by zero: Divide_FloatFloat
[2015.12.27-08.16.36:524][771]LogScript:Warning: Divide by zero: Divide_FloatFloat
[2015.12.27-08.16.36:524][771]LogScript:Warning: Divide by zero: Divide_FloatFloat
[2015.12.27-08.16.36:559][772]LogScript:Warning: Divide by zero: Divide_FloatFloat
[2015.12.27-08.16.36:559][772]LogScript:Warning: Divide by zero: Divide_FloatFloat
[2015.12.27-08.16.36:582][773]LogScript:Warning: Divide by zero: Divide_FloatFloat
[2015.12.27-08.16.36:582][773]LogScript:Warning: Divide by zero: Divide_FloatFloat
[2015.12.27-08.16.36:598][774]LogScript:Warning: Divide by zero: Divide_FloatFloat
[2015.12.27-08.16.36:598][774]LogScript:Warning: Divide by zero: Divide_FloatFloat
[2015.12.27-08.16.36:614][775]LogScript:Warning: Divide by zero: Divide_FloatFloat
[2015.12.27-08.16.36:614][775]LogScript:Warning: Divide by zero: Divide_FloatFloat
[2015.12.27-08.16.36:630][776]LogScript:Warning: Divide by zero: Divide_FloatFloat
[2015.12.27-08.16.36:630][776]LogScript:Warning: Divide by zero: Divide_FloatFloat
[2015.12.27-08.16.36:645][777]LogScript:Warning: Divide by zero: Divide_FloatFloat
[2015.12.27-08.16.36:645][777]LogScript:Warning: Divide by zero: Divide_FloatFloat
[2015.12.27-08.16.36:661][778]LogScript:Warning: Divide by zero: Divide_FloatFloat
[2015.12.27-08.16.36:661][778]LogScript:Warning: Divide by zero: Divide_FloatFloat
[2015.12.27-08.16.36:676][779]LogScript:Warning: Divide by zero: Divide_FloatFloat
[2015.12.27-08.16.36:676][779]LogScript:Warning: Divide by zero: Divide_FloatFloat
[2015.12.27-08.16.36:692][780]LogScript:Warning: Divide by zero: Divide_FloatFloat
[2015.12.27-08.16.36:692][780]LogScript:Warning: Divide by zero: Divide_FloatFloat
[2015.12.27-08.16.36:708][781]LogScript:Warning: Divide by zero: Divide_FloatFloat
[2015.12.27-08.16.36:708][781]LogScript:Warning: Divide by zero: Divide_FloatFloat
[2015.12.27-08.16.36:724][782]LogScript:Warning: Divide by zero: Divide_FloatFloat
[2015.12.27-08.16.36:724][782]LogScript:Warning: Divide by zero: Divide_FloatFloat
[2015.12.27-08.16.36:740][783]LogScript:Warning: Divide by zero: Divide_FloatFloat
[2015.12.27-08.16.36:740][783]LogScript:Warning: Divide by zero: Divide_FloatFloat
[2015.12.27-08.16.36:756][784]LogScript:Warning: Divide by zero: Divide_FloatFloat
[2015.12.27-08.16.36:756][784]LogScript:Warning: Divide by zero: Divide_FloatFloat
[2015.12.27-08.16.36:773][785]LogScript:Warning: Divide by zero: Divide_FloatFloat
[2015.12.27-08.16.36:773][785]LogScript:Warning: Divide by zero: Divide_FloatFloat
[2015.12.27-08.16.36:789][786]LogScript:Warning: Divide by zero: Divide_FloatFloat
[2015.12.27-08.16.36:789][786]LogScript:Warning: Divide by zero: Divide_FloatFloat
[2015.12.27-08.16.36:805][787]LogScript:Warning: Divide by zero: Divide_FloatFloat
[2015.12.27-08.16.36:805][787]LogScript:Warning: Divide by zero: Divide_FloatFloat
[2015.12.27-08.16.36:822][788]LogScript:Warning: Divide by zero: Divide_FloatFloat
[2015.12.27-08.16.36:822][788]LogScript:Warning: Divide by zero: Divide_FloatFloat
[2015.12.27-08.16.36:838][789]LogScript:Warning: Divide by zero: Divide_FloatFloat
[2015.12.27-08.16.36:838][789]LogScript:Warning: Divide by zero: Divide_FloatFloat
[2015.12.27-08.16.36:855][790]LogScript:Warning: Divide by zero: Divide_FloatFloat
[2015.12.27-08.16.36:855][790]LogScript:Warning: Divide by zero: Divide_FloatFloat
[2015.12.27-08.16.36:871][791]LogScript:Warning: Divide by zero: Divide_FloatFloat
[2015.12.27-08.16.36:871][791]LogScript:Warning: Divide by zero: Divide_FloatFloat
[2015.12.27-08.16.36:887][792]LogScript:Warning: Divide by zero: Divide_FloatFloat
[2015.12.27-08.16.36:887][792]LogScript:Warning: Divide by zero: Divide_FloatFloat
[2015.12.27-08.16.36:903][793]LogScript:Warning: Divide by zero: Divide_FloatFloat
[2015.12.27-08.16.36:903][793]LogScript:Warning: Divide by zero: Divide_FloatFloat
[2015.12.27-08.16.36:920][794]LogScript:Warning: Divide by zero: Divide_FloatFloat
[2015.12.27-08.16.36:920][794]LogScript:Warning: Divide by zero: Divide_FloatFloat
[2015.12.27-08.16.36:937][795]LogScript:Warning: Divide by zero: Divide_FloatFloat
[2015.12.27-08.16.36:937][795]LogScript:Warning: Divide by zero: Divide_FloatFloat
[2015.12.27-08.16.36:954][796]LogScript:Warning: Divide by zero: Divide_FloatFloat
[2015.12.27-08.16.36:954][796]LogScript:Warning: Divide by zero: Divide_FloatFloat
[2015.12.27-08.16.36:970][797]LogScript:Warning: Divide by zero: Divide_FloatFloat
[2015.12.27-08.16.36:970][797]LogScript:Warning: Divide by zero: Divide_FloatFloat
[2015.12.27-08.16.36:987][798]LogScript:Warning: Divide by zero: Divide_FloatFloat
[2015.12.27-08.16.36:987][798]LogScript:Warning: Divide by zero: Divide_FloatFloat
[2015.12.27-08.16.37:003][799]LogScript:Warning: Divide by zero: Divide_FloatFloat
[2015.12.27-08.16.37:003][799]LogScript:Warning: Divide by zero: Divide_FloatFloat
[2015.12.27-08.16.37:020][800]LogScript:Warning: Divide by zero: Divide_FloatFloat
[2015.12.27-08.16.37:020][800]LogScript:Warning: Divide by zero: Divide_FloatFloat
[2015.12.27-08.16.37:037][801]LogScript:Warning: Divide by zero: Divide_FloatFloat
[2015.12.27-08.16.37:037][801]LogScript:Warning: Divide by zero: Divide_FloatFloat
[2015.12.27-08.16.37:054][802]LogScript:Warning: Divide by zero: Divide_FloatFloat
[2015.12.27-08.16.37:054][802]LogScript:Warning: Divide by zero: Divide_FloatFloat
[2015.12.27-08.16.37:069][803]LogScript:Warning: Divide by zero: Divide_FloatFloat
[2015.12.27-08.16.37:069][803]LogScript:Warning: Divide by zero: Divide_FloatFloat
[2015.12.27-08.16.37:086][804]LogScript:Warning: Divide by zero: Divide_FloatFloat
[2015.12.27-08.16.37:086][804]LogScript:Warning: Divide by zero: Divide_FloatFloat
[2015.12.27-08.16.37:103][805]LogScript:Warning: Divide by zero: Divide_FloatFloat
[2015.12.27-08.16.37:103][805]LogScript:Warning: Divide by zero: Divide_FloatFloat
[2015.12.27-08.16.37:119][806]LogScript:Warning: Divide by zero: Divide_FloatFloat
[2015.12.27-08.16.37:119][806]LogScript:Warning: Divide by zero: Divide_FloatFloat
[2015.12.27-08.16.37:136][807]LogScript:Warning: Divide by zero: Divide_FloatFloat
[2015.12.27-08.16.37:136][807]LogScript:Warning: Divide by zero: Divide_FloatFloat
[2015.12.27-08.16.37:154][808]LogScript:Warning: Divide by zero: Divide_FloatFloat
[2015.12.27-08.16.37:154][808]LogScript:Warning: Divide by zero: Divide_FloatFloat
[2015.12.27-08.16.37:170][809]LogScript:Warning: Divide by zero: Divide_FloatFloat
[2015.12.27-08.16.37:170][809]LogScript:Warning: Divide by zero: Divide_FloatFloat
[2015.12.27-08.16.37:187][810]LogScript:Warning: Divide by zero: Divide_FloatFloat
[2015.12.27-08.16.37:187][810]LogScript:Warning: Divide by zero: Divide_FloatFloat
[2015.12.27-08.16.37:203][811]LogScript:Warning: Divide by zero: Divide_FloatFloat
[2015.12.27-08.16.37:203][811]LogScript:Warning: Divide by zero: Divide_FloatFloat
[2015.12.27-08.16.37:219][812]LogScript:Warning: Divide by zero: Divide_FloatFloat
[2015.12.27-08.16.37:219][812]LogScript:Warning: Divide by zero: Divide_FloatFloat
[2015.12.27-08.16.37:234][813]LogScript:Warning: Divide by zero: Divide_FloatFloat
[2015.12.27-08.16.37:234][813]LogScript:Warning: Divide by zero: Divide_FloatFloat
[2015.12.27-08.16.37:250][814]LogScript:Warning: Divide by zero: Divide_FloatFloat
[2015.12.27-08.16.37:250][814]LogScript:Warning: Divide by zero: Divide_FloatFloat
[2015.12.27-08.16.37:267][815]LogScript:Warning: Divide by zero: Divide_FloatFloat
[2015.12.27-08.16.37:267][815]LogScript:Warning: Divide by zero: Divide_FloatFloat
[2015.12.27-08.16.37:283][816]LogScript:Warning: Divide by zero: Divide_FloatFloat
[2015.12.27-08.16.37:283][816]LogScript:Warning: Divide by zero: Divide_FloatFloat
[2015.12.27-08.16.37:300][817]LogScript:Warning: Divide by zero: Divide_FloatFloat
[2015.12.27-08.16.37:300][817]LogScript:Warning: Divide by zero: Divide_FloatFloat
[2015.12.27-08.16.37:316][818]LogScript:Warning: Divide by zero: Divide_FloatFloat
[2015.12.27-08.16.37:316][818]LogScript:Warning: Divide by zero: Divide_FloatFloat
[2015.12.27-08.16.37:332][819]LogScript:Warning: Divide by zero: Divide_FloatFloat
[2015.12.27-08.16.37:332][819]LogScript:Warning: Divide by zero: Divide_FloatFloat
[2015.12.27-08.16.37:349][820]LogScript:Warning: Divide by zero: Divide_FloatFloat
[2015.12.27-08.16.37:349][820]LogScript:Warning: Divide by zero: Divide_FloatFloat
[2015.12.27-08.16.37:364][821]LogScript:Warning: Divide by zero: Divide_FloatFloat
[2015.12.27-08.16.37:364][821]LogScript:Warning: Divide by zero: Divide_FloatFloat
[2015.12.27-08.16.37:379][822]LogScript:Warning: Divide by zero: Divide_FloatFloat
[2015.12.27-08.16.37:380][822]LogScript:Warning: Divide by zero: Divide_FloatFloat
[2015.12.27-08.16.37:396][823]LogScript:Warning: Divide by zero: Divide_FloatFloat
[2015.12.27-08.16.37:396][823]LogScript:Warning: Divide by zero: Divide_FloatFloat
[2015.12.27-08.16.37:412][824]LogScript:Warning: Divide by zero: Divide_FloatFloat
[2015.12.27-08.16.37:412][824]LogScript:Warning: Divide by zero: Divide_FloatFloat
[2015.12.27-08.16.37:430][825]LogScript:Warning: Divide by zero: Divide_FloatFloat
[2015.12.27-08.16.37:430][825]LogScript:Warning: Divide by zero: Divide_FloatFloat
[2015.12.27-08.16.37:447][826]LogScript:Warning: Divide by zero: Divide_FloatFloat
[2015.12.27-08.16.37:447][826]LogScript:Warning: Divide by zero: Divide_FloatFloat
[2015.12.27-08.16.37:463][827]LogScript:Warning: Divide by zero: Divide_FloatFloat
[2015.12.27-08.16.37:463][827]LogScript:Warning: Divide by zero: Divide_FloatFloat
[2015.12.27-08.16.37:479][828]LogScript:Warning: Divide by zero: Divide_FloatFloat
[2015.12.27-08.16.37:479][828]LogScript:Warning: Divide by zero: Divide_FloatFloat
[2015.12.27-08.16.37:494][829]LogScript:Warning: Divide by zero: Divide_FloatFloat
[2015.12.27-08.16.37:494][829]LogScript:Warning: Divide by zero: Divide_FloatFloat
[2015.12.27-08.16.37:510][830]LogScript:Warning: Divide by zero: Divide_FloatFloat
[2015.12.27-08.16.37:510][830]LogScript:Warning: Divide by zero: Divide_FloatFloat
[2015.12.27-08.16.37:526][831]LogScript:Warning: Divide by zero: Divide_FloatFloat
[2015.12.27-08.16.37:526][831]LogScript:Warning: Divide by zero: Divide_FloatFloat
[2015.12.27-08.16.37:542][832]LogScript:Warning: Divide by zero: Divide_FloatFloat
[2015.12.27-08.16.37:542][832]LogScript:Warning: Divide by zero: Divide_FloatFloat
[2015.12.27-08.16.37:557][833]LogScript:Warning: Divide by zero: Divide_FloatFloat
[2015.12.27-08.16.37:558][833]LogScript:Warning: Divide by zero: Divide_FloatFloat
[2015.12.27-08.16.37:573][834]LogScript:Warning: Divide by zero: Divide_FloatFloat
[2015.12.27-08.16.37:573][834]LogScript:Warning: Divide by zero: Divide_FloatFloat
[2015.12.27-08.16.37:590][835]LogScript:Warning: Divide by zero: Divide_FloatFloat
[2015.12.27-08.16.37:590][835]LogScript:Warning: Divide by zero: Divide_FloatFloat
[2015.12.27-08.16.37:607][836]LogScript:Warning: Divide by zero: Divide_FloatFloat
[2015.12.27-08.16.37:607][836]LogScript:Warning: Divide by zero: Divide_FloatFloat
[2015.12.27-08.16.37:623][837]LogScript:Warning: Divide by zero: Divide_FloatFloat
[2015.12.27-08.16.37:623][837]LogScript:Warning: Divide by zero: Divide_FloatFloat
[2015.12.27-08.16.37:638][838]LogScript:Warning: Divide by zero: Divide_FloatFloat
[2015.12.27-08.16.37:638][838]LogScript:Warning: Divide by zero: Divide_FloatFloat
[2015.12.27-08.16.37:654][839]LogScript:Warning: Divide by zero: Divide_FloatFloat
[2015.12.27-08.16.37:654][839]LogScript:Warning: Divide by zero: Divide_FloatFloat
[2015.12.27-08.16.37:670][840]LogScript:Warning: Divide by zero: Divide_FloatFloat
[2015.12.27-08.16.37:670][840]LogScript:Warning: Divide by zero: Divide_FloatFloat
[2015.12.27-08.16.37:685][841]LogScript:Warning: Divide by zero: Divide_FloatFloat
[2015.12.27-08.16.37:685][841]LogScript:Warning: Divide by zero: Divide_FloatFloat
[2015.12.27-08.16.37:702][842]LogScript:Warning: Divide by zero: Divide_FloatFloat
[2015.12.27-08.16.37:702][842]LogScript:Warning: Divide by zero: Divide_FloatFloat
[2015.12.27-08.16.37:717][843]LogScript:Warning: Divide by zero: Divide_FloatFloat
[2015.12.27-08.16.37:717][843]LogScript:Warning: Divide by zero: Divide_FloatFloat
[2015.12.27-08.16.37:734][844]LogScript:Warning: Divide by zero: Divide_FloatFloat
[2015.12.27-08.16.37:734][844]LogScript:Warning: Divide by zero: Divide_FloatFloat
[2015.12.27-08.16.37:749][845]LogScript:Warning: Divide by zero: Divide_FloatFloat
[2015.12.27-08.16.37:749][845]LogScript:Warning: Divide by zero: Divide_FloatFloat
[2015.12.27-08.16.37:765][846]LogScript:Warning: Divide by zero: Divide_FloatFloat
[2015.12.27-08.16.37:765][846]LogScript:Warning: Divide by zero: Divide_FloatFloat
[2015.12.27-08.16.37:781][847]LogScript:Warning: Divide by zero: Divide_FloatFloat
[2015.12.27-08.16.37:781][847]LogScript:Warning: Divide by zero: Divide_FloatFloat
[2015.12.27-08.16.37:797][848]LogScript:Warning: Divide by zero: Divide_FloatFloat
[2015.12.27-08.16.37:797][848]LogScript:Warning: Divide by zero: Divide_FloatFloat
[2015.12.27-08.16.37:814][849]LogScript:Warning: Divide by zero: Divide_FloatFloat
[2015.12.27-08.16.37:814][849]LogScript:Warning: Divide by zero: Divide_FloatFloat
[2015.12.27-08.16.37:833][850]LogScript:Warning: Divide by zero: Divide_FloatFloat
[2015.12.27-08.16.37:833][850]LogScript:Warning: Divide by zero: Divide_FloatFloat
[2015.12.27-08.16.37:852][851]LogScript:Warning: Divide by zero: Divide_FloatFloat
[2015.12.27-08.16.37:852][851]LogScript:Warning: Divide by zero: Divide_FloatFloat
[2015.12.27-08.16.37:871][852]LogScript:Warning: Divide by zero: Divide_FloatFloat
[2015.12.27-08.16.37:871][852]LogScript:Warning: Divide by zero: Divide_FloatFloat
[2015.12.27-08.16.37:887][853]LogScript:Warning: Divide by zero: Divide_FloatFloat
[2015.12.27-08.16.37:887][853]LogScript:Warning: Divide by zero: Divide_FloatFloat
[2015.12.27-08.16.37:903][854]LogScript:Warning: Divide by zero: Divide_FloatFloat
[2015.12.27-08.16.37:903][854]LogScript:Warning: Divide by zero: Divide_FloatFloat
[2015.12.27-08.16.37:918][855]LogScript:Warning: Divide by zero: Divide_FloatFloat
[2015.12.27-08.16.37:918][855]LogScript:Warning: Divide by zero: Divide_FloatFloat
[2015.12.27-08.16.37:982][856]LogScript:Warning: Divide by zero: Divide_FloatFloat
[2015.12.27-08.16.37:982][856]LogScript:Warning: Divide by zero: Divide_FloatFloat
[2015.12.27-08.16.38:022][857]LogScript:Warning: Divide by zero: Divide_FloatFloat
[2015.12.27-08.16.38:022][857]LogScript:Warning: Divide by zero: Divide_FloatFloat
[2015.12.27-08.16.38:052][858]LogScript:Warning: Divide by zero: Divide_FloatFloat
[2015.12.27-08.16.38:052][858]LogScript:Warning: Divide by zero: Divide_FloatFloat
[2015.12.27-08.16.38:080][859]LogScript:Warning: Divide by zero: Divide_FloatFloat
[2015.12.27-08.16.38:080][859]LogScript:Warning: Divide by zero: Divide_FloatFloat
[2015.12.27-08.16.38:103][860]LogScript:Warning: Divide by zero: Divide_FloatFloat
[2015.12.27-08.16.38:103][860]LogScript:Warning: Divide by zero: Divide_FloatFloat
[2015.12.27-08.16.38:124][861]LogScript:Warning: Divide by zero: Divide_FloatFloat
[2015.12.27-08.16.38:125][861]LogScript:Warning: Divide by zero: Divide_FloatFloat
[2015.12.27-08.16.38:145][862]LogScript:Warning: Divide by zero: Divide_FloatFloat
[2015.12.27-08.16.38:145][862]LogScript:Warning: Divide by zero: Divide_FloatFloat
[2015.12.27-08.16.38:165][863]LogScript:Warning: Divide by zero: Divide_FloatFloat
[2015.12.27-08.16.38:165][863]LogScript:Warning: Divide by zero: Divide_FloatFloat
[2015.12.27-08.16.38:183][864]LogScript:Warning: Divide by zero: Divide_FloatFloat
[2015.12.27-08.16.38:183][864]LogScript:Warning: Divide by zero: Divide_FloatFloat
[2015.12.27-08.16.38:202][865]LogScript:Warning: Divide by zero: Divide_FloatFloat
[2015.12.27-08.16.38:202][865]LogScript:Warning: Divide by zero: Divide_FloatFloat
[2015.12.27-08.16.38:219][866]LogScript:Warning: Divide by zero: Divide_FloatFloat
[2015.12.27-08.16.38:219][866]LogScript:Warning: Divide by zero: Divide_FloatFloat
[2015.12.27-08.16.38:236][867]LogScript:Warning: Divide by zero: Divide_FloatFloat
[2015.12.27-08.16.38:236][867]LogScript:Warning: Divide by zero: Divide_FloatFloat
[2015.12.27-08.17.01:663][182]LogParticles: Destroying 0 GPU particle simulations for FXSystem 0x0000000065F284A0
[2015.12.27-08.30.11:582][ 11]LogActorComponent: UnregisterComponent: (/Engine/Transient.CharMoveComp) Not registered. Aborting.
[2015.12.27-08.30.11:582][ 11]LogActorComponent: UnregisterComponent: (/Engine/Transient.RotatingMovement0C812BA34D0DD21FB12D1D9A948423D7) Not registered. Aborting.
[2015.12.27-08.30.11:582][ 11]LogActorComponent: UnregisterComponent: (/Engine/Transient.RotatingMovementComponent_1) Not registered. Aborting.
[2015.12.27-08.30.12:514][ 12]Cmd: QUIT_EDITOR
[2015.12.27-08.30.12:831][ 12]LogExit: Preparing to exit.
[2015.12.27-08.30.14:109][ 12]LogExit: Editor shut down
[2015.12.27-08.30.14:109][ 12]LogExit: Transaction tracking system shut down
[2015.12.27-08.30.14:130][ 12]LogParticles: Destroying 0 GPU particle simulations for FXSystem 0x000000002635ADE0
[2015.12.27-08.30.14:131][ 12]LogParticles: Destroying 0 GPU particle simulations for FXSystem 0x000000003DD4C360
[2015.12.27-08.30.14:131][ 12]LogParticles: Destroying 0 GPU particle simulations for FXSystem 0x000000004BEEFD80
[2015.12.27-08.30.14:131][ 12]LogParticles: Destroying 0 GPU particle simulations for FXSystem 0x000000004BEEFBA0
[2015.12.27-08.30.14:131][ 12]LogParticles: Destroying 0 GPU particle simulations for FXSystem 0x000000002C733D80
[2015.12.27-08.30.14:131][ 12]LogParticles: Destroying 0 GPU particle simulations for FXSystem 0x000000003D805F80
[2015.12.27-08.30.15:052][ 12]LogExit: Object subsystem successfully closed.
[2015.12.27-08.30.15:282][ 12]LogD3D11RHI: Shutdown
[2015.12.27-08.30.15:282][ 12]LogD3D11RHI: CleanupD3DDevice
[2015.12.27-08.30.15:621][ 12]LogD3D11RHI: ~FD3D11DynamicRHI
[2015.12.27-08.30.15:720][ 12]LogModuleManager: Shutting down and abandoning module CrashTracker (188)
[2015.12.27-08.30.15:720][ 12]LogModuleManager: Shutting down and abandoning module SceneOutliner (187)
[2015.12.27-08.30.15:720][ 12]LogModuleManager: Shutting down and abandoning module SuperSearch (186)
[2015.12.27-08.30.15:720][ 12]LogModuleManager: Shutting down and abandoning module WidgetCarousel (185)
[2015.12.27-08.30.15:744][ 12]LogModuleManager: Shutting down and abandoning module AddContentDialog (184)
[2015.12.27-08.30.15:746][ 12]LogModuleManager: Shutting down and abandoning module EditorWidgets (183)
[2015.12.27-08.30.15:746][ 12]LogModuleManager: Shutting down and abandoning module CollectionManager (182)
[2015.12.27-08.30.15:762][ 12]LogModuleManager: Shutting down and abandoning module StatsViewer (181)
[2015.12.27-08.30.15:773][ 12]LogModuleManager: Shutting down and abandoning module FoliageEdit (180)
[2015.12.27-08.30.15:776][ 12]LogModuleManager: Shutting down and abandoning module LandscapeEditor (179)
[2015.12.27-08.30.15:798][ 12]LogModuleManager: Shutting down and abandoning module ActorPickerMode (178)
[2015.12.27-08.30.15:798][ 12]LogModuleManager: Shutting down and abandoning module GeometryMode (177)
[2015.12.27-08.30.15:798][ 12]LogModuleManager: Shutting down and abandoning module TextureAlignMode (176)
[2015.12.27-08.30.15:798][ 12]LogModuleManager: Shutting down and abandoning module BspMode (175)
[2015.12.27-08.30.15:798][ 12]LogModuleManager: Shutting down and abandoning module PlacementMode (174)
[2015.12.27-08.30.15:807][ 12]LogModuleManager: Shutting down and abandoning module AutomationWorker (173)
[2015.12.27-08.30.15:807][ 12]LogModuleManager: Shutting down and abandoning module CharacterAI (172)
[2015.12.27-08.30.15:807][ 12]LogModuleManager: Shutting down and abandoning module SmartSnapping (171)
[2015.12.27-08.30.15:807][ 12]LogModuleManager: Shutting down and abandoning module ViewportSnapping (170)
[2015.12.27-08.30.15:807][ 12]LogModuleManager: Shutting down and abandoning module LogVisualizer (169)
[2015.12.27-08.30.15:813][ 12]LogModuleManager: Shutting down and abandoning module GameProjectGeneration (168)
[2015.12.27-08.30.15:829][ 12]LogModuleManager: Shutting down and abandoning module IntroTutorials (167)
[2015.12.27-08.30.15:851][ 12]LogModuleManager: Shutting down and abandoning module EditorLiveStreaming (166)
[2015.12.27-08.30.15:851][ 12]LogModuleManager: Shutting down and abandoning module IOSPlatformEditor (165)
[2015.12.27-08.30.15:861][ 12]LogModuleManager: Shutting down and abandoning module HTML5PlatformEditor (164)
[2015.12.27-08.30.15:862][ 12]LogModuleManager: Shutting down and abandoning module AndroidDeviceDetection (163)
[2015.12.27-08.30.16:210][ 12]LogModuleManager: Shutting down and abandoning module AndroidPlatformEditor (162)
[2015.12.27-08.30.16:210][ 12]LogModuleManager: Shutting down and abandoning module IOSRuntimeSettings (161)
[2015.12.27-08.30.16:210][ 12]LogModuleManager: Shutting down and abandoning module AndroidRuntimeSettings (160)
[2015.12.27-08.30.16:210][ 12]LogModuleManager: Shutting down and abandoning module MergeActors (159)
[2015.12.27-08.30.16:218][ 12]LogModuleManager: Shutting down and abandoning module SizeMap (158)
[2015.12.27-08.30.16:219][ 12]LogModuleManager: Shutting down and abandoning module TreeMap (157)
[2015.12.27-08.30.16:229][ 12]LogModuleManager: Shutting down and abandoning module ReferenceViewer (156)
[2015.12.27-08.30.16:229][ 12]LogModuleManager: Shutting down and abandoning module LocalizationDashboard (155)
[2015.12.27-08.30.16:232][ 12]LogModuleManager: Shutting down and abandoning module HardwareTargeting (154)
[2015.12.27-08.30.16:232][ 12]LogModuleManager: Shutting down and abandoning module DeviceProfileEditor (153)
[2015.12.27-08.30.16:247][ 12]LogModuleManager: Shutting down and abandoning module UndoHistory (152)
[2015.12.27-08.30.16:251][ 12]LogModuleManager: Shutting down and abandoning module GameplayTagsEditor (151)
[2015.12.27-08.30.16:251][ 12]LogModuleManager: Shutting down and abandoning module UserFeedback (150)
[2015.12.27-08.30.16:251][ 12]LogModuleManager: Shutting down and abandoning module XmlParser (149)
[2015.12.27-08.30.16:257][ 12]LogModuleManager: Shutting down and abandoning module Blutility (148)
[2015.12.27-08.30.16:257][ 12]LogModuleManager: Shutting down and abandoning module ProjectTargetPlatformEditor (147)
[2015.12.27-08.30.16:257][ 12]LogModuleManager: Shutting down and abandoning module ProjectSettingsViewer (146)
[2015.12.27-08.30.16:257][ 12]LogModuleManager: Shutting down and abandoning module InputBindingEditor (145)
[2015.12.27-08.30.16:267][ 12]LogModuleManager: Shutting down and abandoning module EditorSettingsViewer (144)
[2015.12.27-08.30.16:267][ 12]LogModuleManager: Shutting down and abandoning module SettingsEditor (143)
[2015.12.27-08.30.16:295][ 12]LogModuleManager: Shutting down and abandoning module ProjectLauncher (142)
[2015.12.27-08.30.16:304][ 12]LogModuleManager: Shutting down and abandoning module SessionFrontend (141)
[2015.12.27-08.30.16:313][ 12]LogModuleManager: Shutting down and abandoning module ProfilerClient (140)
[2015.12.27-08.30.16:321][ 12]LogModuleManager: Shutting down and abandoning module TargetDeviceServices (139)
[2015.12.27-08.30.16:336][ 12]LogModuleManager: Shutting down and abandoning module DeviceManager (138)
[2015.12.27-08.30.16:352][ 12]LogModuleManager: Shutting down and abandoning module AutomationController (137)
[2015.12.27-08.30.16:356][ 12]LogModuleManager: Shutting down and abandoning module AutomationWindow (136)
[2015.12.27-08.30.16:359][ 12]LogModuleManager: Shutting down and abandoning module Layers (135)
[2015.12.27-08.30.16:392][ 12]LogModuleManager: Shutting down and abandoning module ComponentVisualizers (134)
[2015.12.27-08.30.16:392][ 12]LogModuleManager: Shutting down and abandoning module DetailCustomizations (133)
[2015.12.27-08.30.16:407][ 12]LogModuleManager: Shutting down and abandoning module PackagesDialog (132)
[2015.12.27-08.30.16:407][ 12]LogModuleManager: Shutting down and abandoning module AssetRegistry (131)
[2015.12.27-08.30.16:503][ 12]LogModuleManager: Shutting down and abandoning module Persona (130)
[2015.12.27-08.30.16:519][ 12]LogModuleManager: Shutting down and abandoning module Kismet (129)
[2015.12.27-08.30.16:519][ 12]LogModuleManager: Shutting down and abandoning module GraphEditor (128)
[2015.12.27-08.30.16:519][ 12]LogModuleManager: Shutting down and abandoning module ClassViewer (127)
[2015.12.27-08.30.16:531][ 12]LogModuleManager: Shutting down and abandoning module Toolbox (126)
[2015.12.27-08.30.16:531][ 12]LogModuleManager: Shutting down and abandoning module ModuleUI (125)
[2015.12.27-08.30.16:536][ 12]LogModuleManager: Shutting down and abandoning module MovieSceneTools (124)
[2015.12.27-08.30.16:559][ 12]LogModuleManager: Shutting down and abandoning module OutputLog (123)
[2015.12.27-08.30.16:559][ 12]LogModuleManager: Shutting down and abandoning module GammaUI (122)
[2015.12.27-08.30.16:577][ 12]LogModuleManager: Shutting down and abandoning module Documentation (121)
[2015.12.27-08.30.16:577][ 12]LogModuleManager: Shutting down and abandoning module GameLiveStreaming (120)
[2015.12.27-08.30.16:586][ 12]LogModuleManager: Shutting down and abandoning module StreamingPauseRendering (119)
[2015.12.27-08.30.16:586][ 12]LogModuleManager: Shutting down and abandoning module AnalyticsET (118)
[2015.12.27-08.30.16:586][ 12]LogModuleManager: Shutting down and abandoning module Analytics (117)
[2015.12.27-08.30.16:586][ 12]LogModuleManager: Shutting down and abandoning module AITestSuite (116)
[2015.12.27-08.30.16:594][ 12]LogModuleManager: Shutting down and abandoning module GameplayDebugger (115)
[2015.12.27-08.30.16:594][ 12]LogModuleManager: Shutting down and abandoning module AIModule (114)
[2015.12.27-08.30.16:594][ 12]LogModuleManager: Shutting down and abandoning module ProfilerService (113)
[2015.12.27-08.30.16:709][ 12]LogModuleManager: Shutting down and abandoning module TaskGraph (112)
[2015.12.27-08.30.16:719][ 12]LogModuleManager: Shutting down and abandoning module SlateRemote (111)
[2015.12.27-08.30.16:719][ 12]LogModuleManager: Shutting down and abandoning module SteamVRController (110)
[2015.12.27-08.30.16:719][ 12]LogModuleManager: Shutting down and abandoning module SteamVR (109)
[2015.12.27-08.30.16:719][ 12]LogModuleManager: Shutting down and abandoning module ProceduralMeshComponent (108)
[2015.12.27-08.30.16:719][ 12]LogModuleManager: Shutting down and abandoning module OculusRift (107)
[2015.12.27-08.30.16:719][ 12]LogModuleManager: Shutting down and abandoning module LeapMotionController (106)
[2015.12.27-08.30.16:770][ 12]LogModuleManager: Shutting down and abandoning module CustomMeshComponent (105)
[2015.12.27-08.30.16:770][ 12]LogModuleManager: Shutting down and abandoning module CableComponent (104)
[2015.12.27-08.30.16:774][ 12]LogModuleManager: Shutting down and abandoning module MessagingDebugger (103)
[2015.12.27-08.30.16:786][ 12]LogModuleManager: Shutting down and abandoning module MediaPlayerEditor (102)
[2015.12.27-08.30.16:807][ 12]LogModuleManager: Shutting down and abandoning module SpeedTreeImporter (101)
[2015.12.27-08.30.16:807][ 12]LogModuleManager: Shutting down and abandoning module PluginBrowser (100)
[2015.12.27-08.30.16:809][ 12]LogModuleManager: Shutting down and abandoning module EpicSurvey (99)
[2015.12.27-08.30.16:818][ 12]LogModuleManager: Shutting down and abandoning module DesktopPlatform (98)
[2015.12.27-08.30.16:839][ 12]LogModuleManager: Shutting down and abandoning module VisualStudioSourceCodeAccess (97)
[2015.12.27-08.30.16:845][ 12]LogModuleManager: Shutting down and abandoning module UObjectPlugin (96)
[2015.12.27-08.30.16:845][ 12]LogModuleManager: Shutting down and abandoning module SubversionSourceControl (95)
[2015.12.27-08.30.16:862][ 12]LogModuleManager: Shutting down and abandoning module PerforceSourceControl (94)
[2015.12.27-08.30.16:872][ 12]LogModuleManager: Shutting down and abandoning module SourceControl (93)
[2015.12.27-08.30.16:881][ 12]LogModuleManager: Shutting down and abandoning module GitSourceControl (92)
[2015.12.27-08.30.16:892][ 12]LogModuleManager: Shutting down and abandoning module BlankPlugin (91)
[2015.12.27-08.30.16:892][ 12]LogModuleManager: Shutting down and abandoning module PaperTiledImporter (90)
[2015.12.27-08.30.16:892][ 12]LogModuleManager: Shutting down and abandoning module PaperSpriteSheetImporter (89)
[2015.12.27-08.30.16:892][ 12]LogModuleManager: Shutting down and abandoning module MeshPaint (88)
[2015.12.27-08.30.16:898][ 12]LogModuleManager: Shutting down and abandoning module SlateReflector (87)
[2015.12.27-08.30.16:910][ 12]LogModuleManager: Shutting down and abandoning module DirectoryWatcher (86)
[2015.12.27-08.30.16:910][ 12]LogModuleManager: Shutting down and abandoning module HotReload (85)
[2015.12.27-08.30.16:910][ 12]LogModuleManager: Shutting down and abandoning module MainFrame (84)
[2015.12.27-08.30.16:910][ 12]LogModuleManager: Shutting down and abandoning module LevelEditor (83)
[2015.12.27-08.30.16:936][ 12]LogModuleManager: Shutting down and abandoning module ContentBrowser (82)
[2015.12.27-08.30.16:938][ 12]LogModuleManager: Shutting down and abandoning module Paper2DEditor (81)
[2015.12.27-08.30.16:962][ 12]LogModuleManager: Shutting down and abandoning module UdpMessaging (80)
[2015.12.27-08.30.17:062][ 12]LogModuleManager: Shutting down and abandoning module Paper2D (79)
[2015.12.27-08.30.17:071][ 12]LogModuleManager: Shutting down and abandoning module WindowsMoviePlayer (78)
[2015.12.27-08.30.17:082][ 12]LogModuleManager: Shutting down and abandoning module Media (77)
[2015.12.27-08.30.17:082][ 12]LogModuleManager: Shutting down and abandoning module WmfMedia (76)
[2015.12.27-08.30.17:101][ 12]LogModuleManager: Shutting down and abandoning module OnlineBlueprintSupport (75)
[2015.12.27-08.30.17:101][ 12]LogModuleManager: Shutting down and abandoning module PropertyEditor (74)
[2015.12.27-08.30.17:101][ 12]LogModuleManager: Shutting down and abandoning module BehaviorTreeEditor (73)
[2015.12.27-08.30.17:110][ 12]LogModuleManager: Shutting down and abandoning module FunctionalTesting (72)
[2015.12.27-08.30.17:117][ 12]LogModuleManager: Shutting down and abandoning module CollisionAnalyzer (71)
[2015.12.27-08.30.17:126][ 12]LogModuleManager: Shutting down and abandoning module WorkspaceMenuStructure (70)
[2015.12.27-08.30.17:126][ 12]LogModuleManager: Shutting down and abandoning module MessageLog (69)
[2015.12.27-08.30.17:126][ 12]LogModuleManager: Shutting down and abandoning module Sequencer (68)
[2015.12.27-08.30.17:128][ 12]LogModuleManager: Shutting down and abandoning module AssetTools (67)
[2015.12.27-08.30.17:145][ 12]LogModuleManager: Shutting down and abandoning module UMGEditor (66)
[2015.12.27-08.30.17:159][ 12]LogModuleManager: Shutting down and abandoning module UMG (65)
[2015.12.27-08.30.17:159][ 12]LogModuleManager: Shutting down and abandoning module Slate (64)
[2015.12.27-08.30.17:159][ 12]LogModuleManager: Shutting down and abandoning module EditorStyle (63)
[2015.12.27-08.30.17:179][ 12]LogModuleManager: Shutting down and abandoning module SessionServices (62)
[2015.12.27-08.30.17:179][ 12]LogModuleManager: Shutting down and abandoning module SourceCodeAccess (61)
[2015.12.27-08.30.17:179][ 12]LogModuleManager: Shutting down and abandoning module HeadMountedDisplay (60)
[2015.12.27-08.30.17:179][ 12]LogModuleManager: Shutting down and abandoning module XAudio2 (59)
[2015.12.27-08.30.17:179][ 12]LogModuleManager: Shutting down and abandoning module Networking (57)
[2015.12.27-08.30.17:179][ 12]LogModuleManager: Shutting down and abandoning module Core (56)
[2015.12.27-08.30.17:179][ 12]LogModuleManager: Shutting down and abandoning module KismetCompiler (55)
[2015.12.27-08.30.17:179][ 12]LogModuleManager: Shutting down and abandoning module PhysXFormats (54)
[2015.12.27-08.30.17:189][ 12]LogModuleManager: Shutting down and abandoning module MeshUtilities (53)
[2015.12.27-08.30.17:207][ 12]LogModuleManager: Shutting down and abandoning module DerivedDataCache (52)
[2015.12.27-08.30.17:257][ 12]LogDerivedDataCache: Shutdown
[2015.12.27-08.30.17:257][ 12]LogModuleManager: Shutting down and abandoning module ShaderFormatOpenGL (51)
[2015.12.27-08.30.17:268][ 12]LogModuleManager: Shutting down and abandoning module ShaderFormatD3D (50)
[2015.12.27-08.30.17:283][ 12]LogModuleManager: Shutting down and abandoning module MetalShaderFormat (49)
[2015.12.27-08.30.17:302][ 12]LogModuleManager: Shutting down and abandoning module TextureFormatUncompressed (48)
[2015.12.27-08.30.17:302][ 12]LogModuleManager: Shutting down and abandoning module TextureFormatPVR (47)
[2015.12.27-08.30.17:309][ 12]LogModuleManager: Shutting down and abandoning module TextureFormatIntelISPCTexComp (46)
[2015.12.27-08.30.17:315][ 12]LogModuleManager: Shutting down and abandoning module TextureFormatDXT (45)
[2015.12.27-08.30.17:322][ 12]LogModuleManager: Shutting down and abandoning module ImageWrapper (44)
[2015.12.27-08.30.17:322][ 12]LogModuleManager: Shutting down and abandoning module TextureFormatASTC (43)
[2015.12.27-08.30.17:322][ 12]LogModuleManager: Shutting down and abandoning module TextureFormatAndroid (42)
[2015.12.27-08.30.17:322][ 12]LogModuleManager: Shutting down and abandoning module AudioFormatOpus (41)
[2015.12.27-08.30.17:335][ 12]LogModuleManager: Shutting down and abandoning module AudioFormatOgg (40)
[2015.12.27-08.30.17:342][ 12]LogModuleManager: Shutting down and abandoning module AudioFormatADPCM (39)
[2015.12.27-08.30.17:342][ 12]LogModuleManager: Shutting down and abandoning module LinuxTargetPlatform (38)
[2015.12.27-08.30.17:342][ 12]LogModuleManager: Shutting down and abandoning module LinuxServerTargetPlatform (37)
[2015.12.27-08.30.17:357][ 12]LogModuleManager: Shutting down and abandoning module LinuxNoEditorTargetPlatform (36)
[2015.12.27-08.30.17:365][ 12]LogModuleManager: Shutting down and abandoning module Messaging (35)
[2015.12.27-08.30.17:365][ 12]LogModuleManager: Shutting down and abandoning module IOSTargetPlatform (34)
[2015.12.27-08.30.17:365][ 12]LogModuleManager: Shutting down and abandoning module HTML5TargetPlatform (33)
[2015.12.27-08.30.17:365][ 12]LogModuleManager: Shutting down and abandoning module Android_PVRTCTargetPlatform (32)
[2015.12.27-08.30.17:365][ 12]LogModuleManager: Shutting down and abandoning module Android_ETC2TargetPlatform (31)
[2015.12.27-08.30.17:365][ 12]LogModuleManager: Shutting down and abandoning module Android_ETC1TargetPlatform (30)
[2015.12.27-08.30.17:365][ 12]LogModuleManager: Shutting down and abandoning module Android_DXTTargetPlatform (29)
[2015.12.27-08.30.17:365][ 12]LogModuleManager: Shutting down and abandoning module Android_ATCTargetPlatform (28)
[2015.12.27-08.30.17:366][ 12]LogModuleManager: Shutting down and abandoning module Android_ASTCTargetPlatform (27)
[2015.12.27-08.30.17:366][ 12]LogModuleManager: Shutting down and abandoning module AndroidTargetPlatform (26)
[2015.12.27-08.30.17:366][ 12]LogModuleManager: Shutting down and abandoning module WindowsTargetPlatform (25)
[2015.12.27-08.30.17:366][ 12]LogModuleManager: Shutting down and abandoning module WindowsServerTargetPlatform (24)
[2015.12.27-08.30.17:366][ 12]LogModuleManager: Shutting down and abandoning module WindowsNoEditorTargetPlatform (23)
[2015.12.27-08.30.17:366][ 12]LogModuleManager: Shutting down and abandoning module WindowsClientTargetPlatform (22)
[2015.12.27-08.30.17:366][ 12]LogModuleManager: Shutting down and abandoning module DesktopTargetPlatform (21)
[2015.12.27-08.30.17:366][ 12]LogModuleManager: Shutting down and abandoning module TargetPlatform (20)
[2015.12.27-08.30.17:366][ 12]LogModuleManager: Shutting down and abandoning module InputCore (19)
[2015.12.27-08.30.17:366][ 12]LogModuleManager: Shutting down and abandoning module Settings (18)
[2015.12.27-08.30.17:366][ 12]LogModuleManager: Shutting down and abandoning module OnlineSubsystem (16)
[2015.12.27-08.30.17:366][ 12]LogModuleManager: Shutting down and abandoning module HTTP (15)
[2015.12.27-08.30.17:367][ 12]LogModuleManager: Shutting down and abandoning module ExampleDeviceProfileSelector (14)
[2015.12.27-08.30.17:367][ 12]LogModuleManager: Shutting down and abandoning module TextureCompressor (13)
[2015.12.27-08.30.17:385][ 12]LogModuleManager: Shutting down and abandoning module ShaderCore (12)
[2015.12.27-08.30.17:385][ 12]LogModuleManager: Shutting down and abandoning module Landscape (11)
[2015.12.27-08.30.17:385][ 12]LogModuleManager: Shutting down and abandoning module SlateRHIRenderer (10)
[2015.12.27-08.30.17:403][ 12]LogModuleManager: Shutting down and abandoning module OpenGLDrv (9)
[2015.12.27-08.30.17:410][ 12]LogModuleManager: Shutting down and abandoning module D3D11RHI (8)
[2015.12.27-08.30.17:410][ 12]LogModuleManager: Shutting down and abandoning module Renderer (7)
[2015.12.27-08.30.17:410][ 12]LogModuleManager: Shutting down and abandoning module Engine (6)
[2015.12.27-08.30.17:411][ 12]LogModuleManager: Shutting down and abandoning module CoreUObject (5)
[2015.12.27-08.30.17:411][ 12]LogModuleManager: Shutting down and abandoning module NetworkFile (4)
[2015.12.27-08.30.17:411][ 12]LogModuleManager: Shutting down and abandoning module StreamingFile (3)
[2015.12.27-08.30.17:417][ 12]LogModuleManager: Shutting down and abandoning module SandboxFile (2)
[2015.12.27-08.30.17:427][ 12]LogModuleManager: Shutting down and abandoning module PakFile (1)
[2015.12.27-08.30.17:440][ 12]LogExit: Exiting.
[2015.12.27-08.30.17:451][ 12]Log file closed, 12/27/15 00:30:17
