[2016.03.22-08.55.04:899][  0]Log file open, 03/22/16 01:55:04
[2016.03.22-08.55.04:899][  0]LogInit:Display: Running engine for game: SpiritRunner
[2016.03.22-08.55.04:899][  0]LogInit:Display: RandInit(37831574) SRandInit(37831574).
[2016.03.22-08.55.04:899][  0]LogTaskGraph: Started task graph with 4 named threads and 7 total threads.
[2016.03.22-08.55.04:899][  0]LogStats: Stats thread started
[2016.03.22-08.55.04:899][  0]LogInit: Version: 4.8.3-2634408+++depot+UE4-Releases+4.8
[2016.03.22-08.55.04:899][  0]LogInit: API Version: 2579680
[2016.03.22-08.55.04:899][  0]LogInit: Compiled (64-bit): Jul 27 2015 16:24:33
[2016.03.22-08.55.04:899][  0]LogInit: Compiled with Visual C++: 18.00.21005.01
[2016.03.22-08.55.04:899][  0]LogInit: Build Configuration: Development
[2016.03.22-08.55.04:899][  0]LogInit: Branch Name: ++depot+UE4-Releases+4.8
[2016.03.22-08.55.04:899][  0]LogInit: Command line: -EpicPortal 
[2016.03.22-08.55.04:899][  0]LogInit: Base directory: G:/Programs/Epic Games/4.8/Engine/Binaries/Win64/
[2016.03.22-08.55.04:899][  0]LogInit: Rocket: 1
[2016.03.22-08.55.04:911][  0]LogInit: Using libcurl 7.41.0
[2016.03.22-08.55.04:911][  0]LogInit:  - built for x86_64-pc-win32
[2016.03.22-08.55.04:911][  0]LogInit:  - supports SSL with WinSSL
[2016.03.22-08.55.04:911][  0]LogInit:  - other features:
[2016.03.22-08.55.04:911][  0]LogInit:      CURL_VERSION_SSL
[2016.03.22-08.55.04:911][  0]LogInit:      CURL_VERSION_IPV6
[2016.03.22-08.55.04:911][  0]LogInit:      CURL_VERSION_ASYNCHDNS
[2016.03.22-08.55.04:911][  0]LogInit:      CURL_VERSION_LARGEFILE
[2016.03.22-08.55.04:911][  0]LogInit:      CURL_VERSION_IDN
[2016.03.22-08.55.04:911][  0]LogInit:  CurlRequestOptions (configurable via config and command line):
[2016.03.22-08.55.04:911][  0]LogInit:  - bVerifyPeer = true  - Libcurl will verify peer certificate
[2016.03.22-08.55.04:911][  0]LogInit:  - bUseHttpProxy = false  - Libcurl will NOT use HTTP proxy
[2016.03.22-08.55.04:911][  0]LogInit:  - bDontReuseConnections = false  - Libcurl will reuse connections
[2016.03.22-08.55.04:911][  0]LogInit:  - CertBundlePath = nullptr  - Libcurl will use whatever was configured at build time.
[2016.03.22-08.55.04:923][  0]LogOnline:Warning: No default platform service specified for OnlineSubsystem
[2016.03.22-08.55.04:936][  0]LogInit: Presizing for 0 objects not considered by GC, pre-allocating 0 bytes.
[2016.03.22-08.55.04:941][  0]LogInit: Object subsystem initialized
[2016.03.22-08.55.04:942][  0]LogConsoleResponse:Warning: Skipping Unknown console variable: 'TranslucentSortAxis = (X=0.000000,Y=-1.000000,Z=0.000000)'
[2016.03.22-08.55.04:942][  0]LogConsoleResponse:Warning:   Found in ini file 'G:/Github stuff/spiritrunner/SpiritRunner/Saved/Config/Windows/Engine.ini', in section '[/Script/Engine.RendererSettings]'
[2016.03.22-08.55.04:942][  0]LogConsoleResponse:Warning: Skipping Unknown console variable: 'UIScaleRule = ShortestSide'
[2016.03.22-08.55.04:942][  0]LogConsoleResponse:Warning:   Found in ini file 'G:/Github stuff/spiritrunner/SpiritRunner/Saved/Config/Windows/Engine.ini', in section '[/Script/Engine.RendererSettings]'
[2016.03.22-08.55.04:942][  0]LogConsoleResponse:Warning: Skipping Unknown console variable: 'UIScaleCurve = (EditorCurveData=(Keys=),ExternalCurve=None)'
[2016.03.22-08.55.04:942][  0]LogConsoleResponse:Warning:   Found in ini file 'G:/Github stuff/spiritrunner/SpiritRunner/Saved/Config/Windows/Engine.ini', in section '[/Script/Engine.RendererSettings]'
[2016.03.22-08.55.04:942][  0]LogInit: Selected Device Profile: [Windows]
[2016.03.22-08.55.04:942][  0]LogInit: Applying CVar settings loaded from the selected device profile: [Windows]
[2016.03.22-08.55.04:963][  0]LogInit: Computer: JOHN-PC
[2016.03.22-08.55.04:964][  0]LogInit: User: John
[2016.03.22-08.55.04:964][  0]LogInit: CPU Page size=4096, Cores=4
[2016.03.22-08.55.04:964][  0]LogInit: High frequency timer resolution =3.906279 MHz
[2016.03.22-08.55.04:964][  0]LogMemory: Memory total: Physical=7.9GB (8GB approx)
[2016.03.22-08.55.04:964][  0]LogMemory: Platform Memory Stats for Windows
[2016.03.22-08.55.04:964][  0]LogMemory: Process Physical Memory: 50.62 MB used, 50.62 MB peak
[2016.03.22-08.55.04:964][  0]LogMemory: Process Virtual Memory: 24.54 MB used, 24.54 MB peak
[2016.03.22-08.55.04:964][  0]LogMemory: Physical Memory: 6951.82 MB used, 8108.02 MB total
[2016.03.22-08.55.04:964][  0]LogMemory: Virtual Memory: 283.33 MB used, 8388608.00 MB total
[2016.03.22-08.55.04:995][  0]LogTextLocalizationManager: The requested culture ('en_US') has no localization data; parent culture's ('en') localization data will be used.
[2016.03.22-08.55.05:141][  0]LogTextLocalizationManager:Warning: Loaded localization resources contain conflicting entries for (Namespace:ContentBrowser, Key:ImportAssetToolTip):
Localization Resource: (G:/Programs/Epic Games/4.8/Engine/Content/Localization/Editor/en/Editor.locres) Source String Hash: (-630476809) Localized String: (Import to {0}...)
Localization Resource: (G:/Programs/Epic Games/4.8/Engine/Content/Localization/Editor/en/Editor.locres) Source String Hash: (1271782899) Localized String: (Imports an asset from file to this folder.)
[2016.03.22-08.55.05:476][  0]LogD3D11RHI: Found D3D11 adapter 0: NVIDIA GeForce GTX 970 (Feature Level 11_0)
[2016.03.22-08.55.05:476][  0]LogD3D11RHI: Adapter has 4007MB of dedicated video memory, 0MB of dedicated system memory, and 3798MB of shared system memory, 1 output[s]
[2016.03.22-08.55.05:483][  0]LogD3D11RHI: Found D3D11 adapter 1: Intel(R) HD Graphics 4600 (Feature Level 11_0)
[2016.03.22-08.55.05:483][  0]LogD3D11RHI: Adapter has 64MB of dedicated video memory, 0MB of dedicated system memory, and 1632MB of shared system memory, 0 output[s]
[2016.03.22-08.55.05:483][  0]LogD3D11RHI: Chosen D3D11 Adapter Id = 0
[2016.03.22-08.55.05:491][  0]LogD3D11RHI: InitD3DDevice
[2016.03.22-08.55.05:491][  0]LogD3D11RHI: !Direct3DDevice
[2016.03.22-08.55.05:491][  0]LogRHI: Texture pool is 1361 MB (70% of 1945 MB)
[2016.03.22-08.55.05:498][  0]LogD3D11RHI: Async texture creation enabled
[2016.03.22-08.55.05:510][  0]LogShaderCompilers:Display: Using Local Shader Compiler.
[2016.03.22-08.55.06:201][  0]LogTemp:Display: Loaded TP DesktopTargetPlatform
[2016.03.22-08.55.06:214][  0]LogTemp:Display: Loaded TP WindowsClientTargetPlatform
[2016.03.22-08.55.06:227][  0]LogTemp:Display: Loaded TP WindowsNoEditorTargetPlatform
[2016.03.22-08.55.06:240][  0]LogTemp:Display: Loaded TP WindowsServerTargetPlatform
[2016.03.22-08.55.06:253][  0]LogTemp:Display: Loaded TP WindowsTargetPlatform
[2016.03.22-08.55.06:265][  0]LogTemp:Display: Loaded TP AndroidTargetPlatform
[2016.03.22-08.55.06:276][  0]LogTemp:Display: Loaded TP Android_ASTCTargetPlatform
[2016.03.22-08.55.06:286][  0]LogTemp:Display: Loaded TP Android_ATCTargetPlatform
[2016.03.22-08.55.06:297][  0]LogTemp:Display: Loaded TP Android_DXTTargetPlatform
[2016.03.22-08.55.06:308][  0]LogTemp:Display: Loaded TP Android_ETC1TargetPlatform
[2016.03.22-08.55.06:319][  0]LogTemp:Display: Loaded TP Android_ETC2TargetPlatform
[2016.03.22-08.55.06:330][  0]LogTemp:Display: Loaded TP Android_PVRTCTargetPlatform
[2016.03.22-08.55.06:372][  0]LogTemp:Display: Loaded TP IOSTargetPlatform
[2016.03.22-08.55.06:382][  0]LogTemp:Display: Loaded TP LinuxNoEditorTargetPlatform
[2016.03.22-08.55.06:393][  0]LogTemp:Display: Loaded TP LinuxServerTargetPlatform
[2016.03.22-08.55.06:405][  0]LogTemp:Display: Loaded TP LinuxTargetPlatform
[2016.03.22-08.55.06:405][  0]LogTargetPlatformManager:Display: Building Assets For Windows
[2016.03.22-08.55.06:587][  0]LogDerivedDataCache:Display: Max Cache Size: 512 MB
[2016.03.22-08.55.06:631][  0]LogDerivedDataCache: Loaded boot cache 0.04s 53MB C:/Users/John/AppData/Local/UnrealEngine/4.8/DerivedDataCache/Boot.ddc.
[2016.03.22-08.55.06:631][  0]LogDerivedDataCache:Display: Loaded Boot cache: C:/Users/John/AppData/Local/UnrealEngine/4.8/DerivedDataCache/Boot.ddc
[2016.03.22-08.55.06:631][  0]LogDerivedDataCache: FDerivedDataBackendGraph:  Pak pak cache file ../../../../../../Github stuff/spiritrunner/SpiritRunner/DerivedDataCache/DDC.ddp not found, will not use a pak cache.
[2016.03.22-08.55.06:631][  0]LogDerivedDataCache: Unable to find inner node Pak for hierarchical cache Hierarchy.
[2016.03.22-08.55.06:631][  0]LogDerivedDataCache: FDerivedDataBackendGraph:  CompressedPak pak cache file ../../../../../../Github stuff/spiritrunner/SpiritRunner/DerivedDataCache/Compressed.ddp not found, will not use a pak cache.
[2016.03.22-08.55.06:631][  0]LogDerivedDataCache: Unable to find inner node CompressedPak for hierarchical cache Hierarchy.
[2016.03.22-08.55.06:744][  0]LogDerivedDataCache:Display: Pak cache opened for reading ../../../Engine/DerivedDataCache/Compressed.ddp.
[2016.03.22-08.55.06:755][  0]LogDerivedDataCache: Using Local data cache path C:/Users/John/AppData/Local/UnrealEngine/Common/DerivedDataCache: Writable
[2016.03.22-08.55.06:899][  0]LogInit: Selected Device Profile: [Windows]
[2016.03.22-08.55.06:904][  0]ImportText (ComponentSweepMultiTests): Missing closing parenthesis: (RootShapeAsset="/Engine/BasicShapes/Cube.Cube",ShapeType="TriggerCapsule",HitResult=(Time=0.50,Location=(X=-100.000015,Y=0.0,Z=100.000015),ImpactPoint=(X=-50.0,Y=0.0,Z=50.0),Normal=(X=-1.0,Y=-0.0,Z=0.0),ImpactNormal=(X=0.0,Y=0.0,Z=1.0),TraceStart=(X=-200.0,Y=0.0,Z=200.0),TraceEnd=(X=0.0,Y=0.0,Z=0.0))
[2016.03.22-08.55.06:904][  0]ImportText (LineTraceSingleByChannelTests): Missing closing parenthesis: (RootShapeAsset="/Engine/BasicShapes/Cube.Cube",HitResult=(Time=0.50,Location=(X=-100.000015,Y=0.0,Z=100.000015),ImpactPoint=(X=-50.0,Y=0.0,Z=50.0),Normal=(X=-1.0,Y=-0.0,Z=0.0),ImpactNormal=(X=0.0,Y=0.0,Z=1.0),TraceStart=(X=-200.0,Y=0.0,Z=200.0),TraceEnd=(X=0.0,Y=0.0,Z=0.0))
[2016.03.22-08.55.06:928][  0]LogMeshUtilities: No automatic mesh reduction module available
[2016.03.22-08.55.06:928][  0]LogMeshUtilities: No automatic mesh merging module available
[2016.03.22-08.55.07:256][  0]LogInit: WinSock: version 1.1 (2.2), MaxSocks=32767, MaxUdp=65467
[2016.03.22-08.55.08:202][  0]UdpMessaging: Initializing bridge on interface 0.0.0.0:0 to multicast group 230.0.0.1:6666.
[2016.03.22-08.55.08:495][  0]SourceControl: Info Source control is disabled
[2016.03.22-08.55.08:495][  0]SourceControl: Info Source control is disabled
[2016.03.22-08.55.08:504][  0]SourceControl: Info Source control is disabled
[2016.03.22-08.55.08:512][  0]SourceControl: Info Source control is disabled
[2016.03.22-08.55.08:697][  0]LogObj: 26273 objects as part of root set at end of initial load.
[2016.03.22-08.55.08:698][  0]LogUObjectAllocator: 5409248 out of 0 bytes used by permanent object pool.
[2016.03.22-08.55.08:755][  0]LogEngine: Initializing Engine...
[2016.03.22-08.55.08:756][  0]LogHMD: Can't find Oculus library dev build: is proper Runtime installed? Version: 0.6.0.0
[2016.03.22-08.55.08:757][  0]LogHMD:Warning: SteamVR failed to initialize.  Error: 110
[2016.03.22-08.55.08:870][  0]LogAIModule: Creating AISystem for world NewWorld
[2016.03.22-08.55.08:878][  0]LogInit: XAudio2 using 'Speakers (Turtle Beach P11 Headset)' : 2 channels at 48 kHz using 16 bits per sample (channel mask 0x3)
[2016.03.22-08.55.08:883][  0]LogInit: FAudioDevice initialized.
[2016.03.22-08.55.08:913][  0]LogDerivedDataCache: Saved boot cache 0.03s 53MB C:/Users/John/AppData/Local/UnrealEngine/4.8/DerivedDataCache/Boot.ddc.
[2016.03.22-08.55.08:918][  0]LogInit: Texture streaming: Disabled
[2016.03.22-08.55.08:939][  0]LogAnalytics: Creating configured Analytics provider AnalyticsET
[2016.03.22-08.55.08:939][  0]LogAnalytics: [UEEditor.Rocket.Release] APIServer = http://et2.epicgames.com/ET2/. AppVersion = 4.8.3-2634408+++depot+UE4-Releases+4.8
[2016.03.22-08.55.08:939][  0]LogAnalytics: [UEEditor.Rocket.Release] SetUserId 795ce0b24c6318a5324eaf839592b765|e87b0c418b154305b06c892317f44a4d|3e9e43dd-6daf-4b71-9a80-f4287aceb186
[2016.03.22-08.55.08:939][  0]LogAnalytics: [UEEditor.Rocket.Release] AnalyticsET::StartSession
[2016.03.22-08.55.09:004][  0]LogInit: Transaction tracking system initialized
[2016.03.22-08.55.09:126][  0]BlueprintLog: New page: Editor Load
[2016.03.22-08.55.09:159][  0]LogAssetRegistry: FAssetRegistry took 0.0097 seconds to start up
[2016.03.22-08.55.09:159][  0]LogDirectoryWatcher:Warning: Failed to begin reading directory changes for ../../../Engine/Plugins/Experimental/CharacterAI/Content/. Error: 0
[2016.03.22-08.55.09:715][  0]LogConsoleManager:Warning: Console variable 'r.VSync' wasn't set ('GameSetting' has a lower priority than 'SystemSettingsIni')
[2016.03.22-08.55.09:715][  0]LogConsoleResponse:Display: 
[2016.03.22-08.55.09:828][  0]LogCook:Display: Done creating registry. It took  0.00s.
[2016.03.22-08.55.10:155][  0]SourceControl: Info Source control is disabled
[2016.03.22-08.55.10:155][  0]Cmd: MAP LOAD FILE="../../../../../../Github stuff/spiritrunner/SpiritRunner/Content/SpiritRunner/Maps/RunnerMapTest.umap" TEMPLATE=0 SHOWPROGRESS=1 FEATURELEVEL=3
[2016.03.22-08.55.10:156][  0]LightingResults: New page: Lighting Build
[2016.03.22-08.55.10:171][  0]MapCheck: New page: Map Check
[2016.03.22-08.55.10:171][  0]LightingResults: New page: Lighting Build
[2016.03.22-08.55.10:179][  0]LogParticles: Destroying 0 GPU particle simulations for FXSystem 0x0000000016609300
[2016.03.22-08.55.13:756][  0]LogBlueprint:Warning: USimpleConstructionScript::FixupRootNodeParentReferences() - Couldn't find inherited parent component 'Scene' for 'StaticMesh' in BlueprintGeneratedClass 'REINST_Flat_Floor_Tori_C_64' (it may have been removed)
[2016.03.22-08.55.13:756][  0]LogBlueprint:Warning: USimpleConstructionScript::FixupRootNodeParentReferences() - Couldn't find inherited parent component 'Scene' for 'StaticMesh1' in BlueprintGeneratedClass 'REINST_Flat_Floor_Tori_C_64' (it may have been removed)
[2016.03.22-08.55.13:756][  0]LogBlueprint:Warning: USimpleConstructionScript::FixupRootNodeParentReferences() - Couldn't find inherited parent component 'Scene' for 'StaticMesh2' in BlueprintGeneratedClass 'REINST_Flat_Floor_Tori_C_64' (it may have been removed)
[2016.03.22-08.55.13:756][  0]LogBlueprint:Warning: USimpleConstructionScript::FixupRootNodeParentReferences() - Couldn't find inherited parent component 'Scene' for 'StaticMesh3' in BlueprintGeneratedClass 'REINST_Flat_Floor_Tori_C_64' (it may have been removed)
[2016.03.22-08.55.13:756][  0]LogBlueprint:Warning: USimpleConstructionScript::FixupRootNodeParentReferences() - Couldn't find inherited parent component 'Scene' for 'StaticMesh4' in BlueprintGeneratedClass 'REINST_Flat_Floor_Tori_C_64' (it may have been removed)
[2016.03.22-08.55.13:756][  0]LogBlueprint:Warning: USimpleConstructionScript::FixupRootNodeParentReferences() - Couldn't find inherited parent component 'Scene' for 'StaticMesh5' in BlueprintGeneratedClass 'REINST_Flat_Floor_Tori_C_64' (it may have been removed)
[2016.03.22-08.55.13:757][  0]LogBlueprint:Warning: USimpleConstructionScript::FixupRootNodeParentReferences() - Couldn't find inherited parent component 'Scene' for 'StaticMesh6' in BlueprintGeneratedClass 'REINST_Flat_Floor_Tori_C_64' (it may have been removed)
[2016.03.22-08.55.13:757][  0]LogBlueprint:Warning: USimpleConstructionScript::FixupRootNodeParentReferences() - Couldn't find inherited parent component 'Scene' for 'StaticMesh7' in BlueprintGeneratedClass 'REINST_Flat_Floor_Tori_C_64' (it may have been removed)
[2016.03.22-08.55.13:757][  0]LogBlueprint:Warning: USimpleConstructionScript::FixupRootNodeParentReferences() - Couldn't find inherited parent component 'Scene' for 'StaticMesh8' in BlueprintGeneratedClass 'REINST_Flat_Floor_Tori_C_64' (it may have been removed)
[2016.03.22-08.55.13:757][  0]LogBlueprint:Warning: USimpleConstructionScript::FixupRootNodeParentReferences() - Couldn't find inherited parent component 'Scene' for 'StaticMesh9' in BlueprintGeneratedClass 'REINST_Flat_Floor_Tori_C_64' (it may have been removed)
[2016.03.22-08.55.13:757][  0]LogBlueprint:Warning: USimpleConstructionScript::FixupRootNodeParentReferences() - Couldn't find inherited parent component 'Scene' for 'StaticMesh10' in BlueprintGeneratedClass 'REINST_Flat_Floor_Tori_C_64' (it may have been removed)
[2016.03.22-08.55.13:757][  0]LogBlueprint:Warning: USimpleConstructionScript::FixupRootNodeParentReferences() - Couldn't find inherited parent component 'Scene' for 'StaticMesh11' in BlueprintGeneratedClass 'REINST_Flat_Floor_Tori_C_64' (it may have been removed)
[2016.03.22-08.55.13:757][  0]LogBlueprint:Warning: USimpleConstructionScript::FixupRootNodeParentReferences() - Couldn't find inherited parent component 'Scene' for 'StaticMesh12' in BlueprintGeneratedClass 'REINST_Flat_Floor_Tori_C_64' (it may have been removed)
[2016.03.22-08.55.13:757][  0]LogBlueprint:Warning: USimpleConstructionScript::FixupRootNodeParentReferences() - Couldn't find inherited parent component 'Scene' for 'StaticMesh13' in BlueprintGeneratedClass 'REINST_Flat_Floor_Tori_C_64' (it may have been removed)
[2016.03.22-08.55.13:757][  0]LogBlueprint:Warning: USimpleConstructionScript::FixupRootNodeParentReferences() - Couldn't find inherited parent component 'Scene' for 'StaticMesh14' in BlueprintGeneratedClass 'REINST_Flat_Floor_Tori_C_64' (it may have been removed)
[2016.03.22-08.55.13:757][  0]LogBlueprint:Warning: USimpleConstructionScript::FixupRootNodeParentReferences() - Couldn't find inherited parent component 'Scene' for 'StaticMesh15' in BlueprintGeneratedClass 'REINST_Flat_Floor_Tori_C_64' (it may have been removed)
[2016.03.22-08.55.13:757][  0]LogBlueprint:Warning: USimpleConstructionScript::FixupRootNodeParentReferences() - Couldn't find inherited parent component 'Scene' for 'StaticMesh16' in BlueprintGeneratedClass 'REINST_Flat_Floor_Tori_C_64' (it may have been removed)
[2016.03.22-08.55.13:757][  0]LogBlueprint:Warning: USimpleConstructionScript::FixupRootNodeParentReferences() - Couldn't find inherited parent component 'Scene' for 'StaticMesh17' in BlueprintGeneratedClass 'REINST_Flat_Floor_Tori_C_64' (it may have been removed)
[2016.03.22-08.55.13:757][  0]LogBlueprint:Warning: USimpleConstructionScript::FixupRootNodeParentReferences() - Couldn't find inherited parent component 'Scene' for 'StaticMesh18' in BlueprintGeneratedClass 'REINST_Flat_Floor_Tori_C_64' (it may have been removed)
[2016.03.22-08.55.13:757][  0]LogBlueprint:Warning: USimpleConstructionScript::FixupRootNodeParentReferences() - Couldn't find inherited parent component 'Scene' for 'StaticMesh19' in BlueprintGeneratedClass 'REINST_Flat_Floor_Tori_C_64' (it may have been removed)
[2016.03.22-08.55.13:757][  0]LogBlueprint:Warning: USimpleConstructionScript::FixupRootNodeParentReferences() - Couldn't find inherited parent component 'Scene' for 'StaticMesh20' in BlueprintGeneratedClass 'REINST_Flat_Floor_Tori_C_64' (it may have been removed)
[2016.03.22-08.55.13:757][  0]LogBlueprint:Warning: USimpleConstructionScript::FixupRootNodeParentReferences() - Couldn't find inherited parent component 'Scene' for 'StaticMesh21' in BlueprintGeneratedClass 'REINST_Flat_Floor_Tori_C_64' (it may have been removed)
[2016.03.22-08.55.13:757][  0]LogBlueprint:Warning: USimpleConstructionScript::FixupRootNodeParentReferences() - Couldn't find inherited parent component 'Scene' for 'StaticMesh22' in BlueprintGeneratedClass 'REINST_Flat_Floor_Tori_C_64' (it may have been removed)
[2016.03.22-08.55.13:757][  0]LogBlueprint:Warning: USimpleConstructionScript::FixupRootNodeParentReferences() - Couldn't find inherited parent component 'Scene' for 'StaticMesh23' in BlueprintGeneratedClass 'REINST_Flat_Floor_Tori_C_64' (it may have been removed)
[2016.03.22-08.55.13:757][  0]LogBlueprint:Warning: USimpleConstructionScript::FixupRootNodeParentReferences() - Couldn't find inherited parent component 'Scene' for 'StaticMesh24' in BlueprintGeneratedClass 'REINST_Flat_Floor_Tori_C_64' (it may have been removed)
[2016.03.22-08.55.13:757][  0]LogBlueprint:Warning: USimpleConstructionScript::FixupRootNodeParentReferences() - Couldn't find inherited parent component 'Scene' for 'StaticMesh25' in BlueprintGeneratedClass 'REINST_Flat_Floor_Tori_C_64' (it may have been removed)
[2016.03.22-08.55.13:757][  0]LogBlueprint:Warning: USimpleConstructionScript::FixupRootNodeParentReferences() - Couldn't find inherited parent component 'Scene' for 'StaticMesh26' in BlueprintGeneratedClass 'REINST_Flat_Floor_Tori_C_64' (it may have been removed)
[2016.03.22-08.55.13:757][  0]LogBlueprint:Warning: USimpleConstructionScript::FixupRootNodeParentReferences() - Couldn't find inherited parent component 'Scene' for 'StaticMesh27' in BlueprintGeneratedClass 'REINST_Flat_Floor_Tori_C_64' (it may have been removed)
[2016.03.22-08.55.13:757][  0]LogBlueprint:Warning: USimpleConstructionScript::FixupRootNodeParentReferences() - Couldn't find inherited parent component 'Scene' for 'StaticMesh28' in BlueprintGeneratedClass 'REINST_Flat_Floor_Tori_C_64' (it may have been removed)
[2016.03.22-08.55.13:757][  0]LogBlueprint:Warning: USimpleConstructionScript::FixupRootNodeParentReferences() - Couldn't find inherited parent component 'Scene' for 'StaticMesh29' in BlueprintGeneratedClass 'REINST_Flat_Floor_Tori_C_64' (it may have been removed)
[2016.03.22-08.55.13:757][  0]LogBlueprint:Warning: USimpleConstructionScript::FixupRootNodeParentReferences() - Couldn't find inherited parent component 'Scene' for 'StaticMesh30' in BlueprintGeneratedClass 'REINST_Flat_Floor_Tori_C_64' (it may have been removed)
[2016.03.22-08.55.13:757][  0]LogBlueprint:Warning: USimpleConstructionScript::FixupRootNodeParentReferences() - Couldn't find inherited parent component 'Scene' for 'StaticMesh31' in BlueprintGeneratedClass 'REINST_Flat_Floor_Tori_C_64' (it may have been removed)
[2016.03.22-08.55.13:757][  0]LogBlueprint:Warning: USimpleConstructionScript::FixupRootNodeParentReferences() - Couldn't find inherited parent component 'Scene' for 'StaticMesh32' in BlueprintGeneratedClass 'REINST_Flat_Floor_Tori_C_64' (it may have been removed)
[2016.03.22-08.55.13:757][  0]LogBlueprint:Warning: USimpleConstructionScript::FixupRootNodeParentReferences() - Couldn't find inherited parent component 'Scene' for 'StaticMesh34' in BlueprintGeneratedClass 'REINST_Flat_Floor_Tori_C_64' (it may have been removed)
[2016.03.22-08.55.13:757][  0]LogBlueprint:Warning: USimpleConstructionScript::FixupRootNodeParentReferences() - Couldn't find inherited parent component 'Scene' for 'Torigate' in BlueprintGeneratedClass 'REINST_Flat_Floor_Tori_C_64' (it may have been removed)
[2016.03.22-08.55.13:757][  0]LogBlueprint:Warning: USimpleConstructionScript::FixupRootNodeParentReferences() - Couldn't find inherited parent component 'Scene' for 'Checkpoint' in BlueprintGeneratedClass 'REINST_Flat_Floor_Tori_C_64' (it may have been removed)
[2016.03.22-08.55.13:757][  0]LogBlueprint:Warning: USimpleConstructionScript::FixupRootNodeParentReferences() - Couldn't find inherited parent component 'Scene' for 'StaticMesh33' in BlueprintGeneratedClass 'REINST_Flat_Floor_Tori_C_64' (it may have been removed)
[2016.03.22-08.55.13:808][  0]LogBlueprint:Warning: USimpleConstructionScript::FixupRootNodeParentReferences() - Couldn't find inherited parent component 'Scene' for 'Scene1' in BlueprintGeneratedClass 'REINST_Flat_Floor_Flat_C_71' (it may have been removed)
[2016.03.22-08.55.13:808][  0]LogBlueprint:Warning: USimpleConstructionScript::FixupRootNodeParentReferences() - Couldn't find inherited parent component 'Scene' for 'StaticMesh' in BlueprintGeneratedClass 'REINST_Flat_Floor_Flat_C_71' (it may have been removed)
[2016.03.22-08.55.13:808][  0]LogBlueprint:Warning: USimpleConstructionScript::FixupRootNodeParentReferences() - Couldn't find inherited parent component 'Scene' for 'StaticMesh1' in BlueprintGeneratedClass 'REINST_Flat_Floor_Flat_C_71' (it may have been removed)
[2016.03.22-08.55.13:808][  0]LogBlueprint:Warning: USimpleConstructionScript::FixupRootNodeParentReferences() - Couldn't find inherited parent component 'Scene' for 'StaticMesh2' in BlueprintGeneratedClass 'REINST_Flat_Floor_Flat_C_71' (it may have been removed)
[2016.03.22-08.55.13:808][  0]LogBlueprint:Warning: USimpleConstructionScript::FixupRootNodeParentReferences() - Couldn't find inherited parent component 'Scene' for 'StaticMesh3' in BlueprintGeneratedClass 'REINST_Flat_Floor_Flat_C_71' (it may have been removed)
[2016.03.22-08.55.13:808][  0]LogBlueprint:Warning: USimpleConstructionScript::FixupRootNodeParentReferences() - Couldn't find inherited parent component 'Scene' for 'StaticMesh4' in BlueprintGeneratedClass 'REINST_Flat_Floor_Flat_C_71' (it may have been removed)
[2016.03.22-08.55.13:808][  0]LogBlueprint:Warning: USimpleConstructionScript::FixupRootNodeParentReferences() - Couldn't find inherited parent component 'Scene' for 'StaticMesh5' in BlueprintGeneratedClass 'REINST_Flat_Floor_Flat_C_71' (it may have been removed)
[2016.03.22-08.55.13:808][  0]LogBlueprint:Warning: USimpleConstructionScript::FixupRootNodeParentReferences() - Couldn't find inherited parent component 'Scene' for 'StaticMesh6' in BlueprintGeneratedClass 'REINST_Flat_Floor_Flat_C_71' (it may have been removed)
[2016.03.22-08.55.13:808][  0]LogBlueprint:Warning: USimpleConstructionScript::FixupRootNodeParentReferences() - Couldn't find inherited parent component 'Scene' for 'StaticMesh7' in BlueprintGeneratedClass 'REINST_Flat_Floor_Flat_C_71' (it may have been removed)
[2016.03.22-08.55.13:808][  0]LogBlueprint:Warning: USimpleConstructionScript::FixupRootNodeParentReferences() - Couldn't find inherited parent component 'Scene' for 'StaticMesh8' in BlueprintGeneratedClass 'REINST_Flat_Floor_Flat_C_71' (it may have been removed)
[2016.03.22-08.55.13:808][  0]LogBlueprint:Warning: USimpleConstructionScript::FixupRootNodeParentReferences() - Couldn't find inherited parent component 'Scene' for 'StaticMesh9' in BlueprintGeneratedClass 'REINST_Flat_Floor_Flat_C_71' (it may have been removed)
[2016.03.22-08.55.13:808][  0]LogBlueprint:Warning: USimpleConstructionScript::FixupRootNodeParentReferences() - Couldn't find inherited parent component 'Scene' for 'StaticMesh10' in BlueprintGeneratedClass 'REINST_Flat_Floor_Flat_C_71' (it may have been removed)
[2016.03.22-08.55.13:808][  0]LogBlueprint:Warning: USimpleConstructionScript::FixupRootNodeParentReferences() - Couldn't find inherited parent component 'Scene' for 'StaticMesh11' in BlueprintGeneratedClass 'REINST_Flat_Floor_Flat_C_71' (it may have been removed)
[2016.03.22-08.55.13:808][  0]LogBlueprint:Warning: USimpleConstructionScript::FixupRootNodeParentReferences() - Couldn't find inherited parent component 'Scene' for 'StaticMesh12' in BlueprintGeneratedClass 'REINST_Flat_Floor_Flat_C_71' (it may have been removed)
[2016.03.22-08.55.13:808][  0]LogBlueprint:Warning: USimpleConstructionScript::FixupRootNodeParentReferences() - Couldn't find inherited parent component 'Scene' for 'StaticMesh13' in BlueprintGeneratedClass 'REINST_Flat_Floor_Flat_C_71' (it may have been removed)
[2016.03.22-08.55.13:808][  0]LogBlueprint:Warning: USimpleConstructionScript::FixupRootNodeParentReferences() - Couldn't find inherited parent component 'Scene' for 'StaticMesh14' in BlueprintGeneratedClass 'REINST_Flat_Floor_Flat_C_71' (it may have been removed)
[2016.03.22-08.55.13:808][  0]LogBlueprint:Warning: USimpleConstructionScript::FixupRootNodeParentReferences() - Couldn't find inherited parent component 'Scene' for 'StaticMesh15' in BlueprintGeneratedClass 'REINST_Flat_Floor_Flat_C_71' (it may have been removed)
[2016.03.22-08.55.13:808][  0]LogBlueprint:Warning: USimpleConstructionScript::FixupRootNodeParentReferences() - Couldn't find inherited parent component 'Scene' for 'StaticMesh16' in BlueprintGeneratedClass 'REINST_Flat_Floor_Flat_C_71' (it may have been removed)
[2016.03.22-08.55.13:808][  0]LogBlueprint:Warning: USimpleConstructionScript::FixupRootNodeParentReferences() - Couldn't find inherited parent component 'Scene' for 'StaticMesh17' in BlueprintGeneratedClass 'REINST_Flat_Floor_Flat_C_71' (it may have been removed)
[2016.03.22-08.55.13:808][  0]LogBlueprint:Warning: USimpleConstructionScript::FixupRootNodeParentReferences() - Couldn't find inherited parent component 'Scene' for 'StaticMesh18' in BlueprintGeneratedClass 'REINST_Flat_Floor_Flat_C_71' (it may have been removed)
[2016.03.22-08.55.13:808][  0]LogBlueprint:Warning: USimpleConstructionScript::FixupRootNodeParentReferences() - Couldn't find inherited parent component 'Scene' for 'StaticMesh19' in BlueprintGeneratedClass 'REINST_Flat_Floor_Flat_C_71' (it may have been removed)
[2016.03.22-08.55.13:808][  0]LogBlueprint:Warning: USimpleConstructionScript::FixupRootNodeParentReferences() - Couldn't find inherited parent component 'Scene' for 'StaticMesh20' in BlueprintGeneratedClass 'REINST_Flat_Floor_Flat_C_71' (it may have been removed)
[2016.03.22-08.55.13:808][  0]LogBlueprint:Warning: USimpleConstructionScript::FixupRootNodeParentReferences() - Couldn't find inherited parent component 'Scene' for 'StaticMesh21' in BlueprintGeneratedClass 'REINST_Flat_Floor_Flat_C_71' (it may have been removed)
[2016.03.22-08.55.13:808][  0]LogBlueprint:Warning: USimpleConstructionScript::FixupRootNodeParentReferences() - Couldn't find inherited parent component 'Scene' for 'StaticMesh22' in BlueprintGeneratedClass 'REINST_Flat_Floor_Flat_C_71' (it may have been removed)
[2016.03.22-08.55.13:808][  0]LogBlueprint:Warning: USimpleConstructionScript::FixupRootNodeParentReferences() - Couldn't find inherited parent component 'Scene' for 'StaticMesh23' in BlueprintGeneratedClass 'REINST_Flat_Floor_Flat_C_71' (it may have been removed)
[2016.03.22-08.55.13:808][  0]LogBlueprint:Warning: USimpleConstructionScript::FixupRootNodeParentReferences() - Couldn't find inherited parent component 'Scene' for 'StaticMesh25' in BlueprintGeneratedClass 'REINST_Flat_Floor_Flat_C_71' (it may have been removed)
[2016.03.22-08.55.13:808][  0]LogBlueprint:Warning: USimpleConstructionScript::FixupRootNodeParentReferences() - Couldn't find inherited parent component 'Scene' for 'StaticMesh26' in BlueprintGeneratedClass 'REINST_Flat_Floor_Flat_C_71' (it may have been removed)
[2016.03.22-08.55.13:808][  0]LogBlueprint:Warning: USimpleConstructionScript::FixupRootNodeParentReferences() - Couldn't find inherited parent component 'Scene' for 'StaticMesh27' in BlueprintGeneratedClass 'REINST_Flat_Floor_Flat_C_71' (it may have been removed)
[2016.03.22-08.55.13:808][  0]LogBlueprint:Warning: USimpleConstructionScript::FixupRootNodeParentReferences() - Couldn't find inherited parent component 'Scene' for 'StaticMesh28' in BlueprintGeneratedClass 'REINST_Flat_Floor_Flat_C_71' (it may have been removed)
[2016.03.22-08.55.13:808][  0]LogBlueprint:Warning: USimpleConstructionScript::FixupRootNodeParentReferences() - Couldn't find inherited parent component 'Scene' for 'StaticMesh29' in BlueprintGeneratedClass 'REINST_Flat_Floor_Flat_C_71' (it may have been removed)
[2016.03.22-08.55.13:808][  0]LogBlueprint:Warning: USimpleConstructionScript::FixupRootNodeParentReferences() - Couldn't find inherited parent component 'Scene' for 'StaticMesh30' in BlueprintGeneratedClass 'REINST_Flat_Floor_Flat_C_71' (it may have been removed)
[2016.03.22-08.55.13:808][  0]LogBlueprint:Warning: USimpleConstructionScript::FixupRootNodeParentReferences() - Couldn't find inherited parent component 'Scene' for 'StaticMesh31' in BlueprintGeneratedClass 'REINST_Flat_Floor_Flat_C_71' (it may have been removed)
[2016.03.22-08.55.13:808][  0]LogBlueprint:Warning: USimpleConstructionScript::FixupRootNodeParentReferences() - Couldn't find inherited parent component 'Scene' for 'StaticMesh32' in BlueprintGeneratedClass 'REINST_Flat_Floor_Flat_C_71' (it may have been removed)
[2016.03.22-08.55.13:808][  0]LogBlueprint:Warning: USimpleConstructionScript::FixupRootNodeParentReferences() - Couldn't find inherited parent component 'Scene' for 'StaticMesh33' in BlueprintGeneratedClass 'REINST_Flat_Floor_Flat_C_71' (it may have been removed)
[2016.03.22-08.55.13:809][  0]LogBlueprint:Warning: USimpleConstructionScript::FixupRootNodeParentReferences() - Couldn't find inherited parent component 'Scene' for 'StaticMesh34' in BlueprintGeneratedClass 'REINST_Flat_Floor_Flat_C_71' (it may have been removed)
[2016.03.22-08.55.13:809][  0]LogBlueprint:Warning: USimpleConstructionScript::FixupRootNodeParentReferences() - Couldn't find inherited parent component 'Scene' for 'FlatFloor3' in BlueprintGeneratedClass 'REINST_Flat_Floor_Flat_C_71' (it may have been removed)
[2016.03.22-08.55.13:916][  0]LogBlueprint:Warning: [GG] CreatePinForVariable: 'FinalDistance' variable not found. Base class was probably changed.
[2016.03.22-08.55.13:938][  0]LogBlueprint:Warning: [compiler GG] Warning Could not find a variable named "FinalDistance" in 'RunCharacter_C'.
Make sure 'RunCharacter_C' has been compiled for  Get FinalDistance 
[2016.03.22-08.55.13:943][  0]LogBlueprint:Error: [compiler GG] Error The property associated with  Final Distance  could not be found
[2016.03.22-08.55.13:950][  0]LogBlueprint:Warning: [compiler GG] Warning [0010.40] Compile of GG failed. 1 Fatal Issue(s) 1 Warning(s) [in 31 ms]
[2016.03.22-08.55.13:950][  0]LogBlueprint:Warning: [compiler GG] Warning [0010.40] Compile of GG failed. 1 Fatal Issue(s) 2 Warning(s) [in 0 ms]
[2016.03.22-08.55.13:950][  0]LogBlueprint:Warning: [compiler GG] Warning [0010.40] Compile of GG failed. 1 Fatal Issue(s) 3 Warning(s) [in 0 ms]
[2016.03.22-08.55.19:394][  0]LogTexture:Display: Building textures: Instructions2 (AutoDXT)
[2016.03.22-08.55.19:809][  0]LogTexture:Display: Building textures: Instructions1 (AutoDXT)
[2016.03.22-08.55.19:925][  0]LogTexture:Display: Building textures: ButtonStart (BGRA8)
[2016.03.22-08.55.19:946][  0]LogTexture:Display: Building textures: ButtonHow (BGRA8)
[2016.03.22-08.55.19:984][  0]LogTexture:Display: Building textures: ButtonEnd (BGRA8)
[2016.03.22-08.55.21:343][  0]LogAIModule: Creating AISystem for world RunnerMapTest
[2016.03.22-08.55.22:723][  0]LogEditorServer: Finished looking for orphan Actors (0.013 secs)
[2016.03.22-08.55.23:230][  0]Cmd: MAP CHECKDEP NOCLEARLOG
[2016.03.22-08.55.23:941][  0]MapCheck: Info Map check complete: 0 Error(s), 0 Warning(s), took 676.162ms to complete.
[2016.03.22-08.55.23:989][  0]LogFileHelpers: Loading map 'RunnerMapTest' took 13.834
[2016.03.22-08.55.27:910][  0]LogCollectionManager: Loaded 0 collections in 0.003160 seconds
[2016.03.22-08.55.27:952][  0]LogContentBrowser: Native class hierarchy populated in 0.0418 seconds. Added 1792 classes and 301 folders.
[2016.03.22-08.55.28:612][  0]LogContentBrowser: Native class hierarchy updated for 'WidgetCarousel' in 0.0004 seconds. Added 0 classes and 0 folders.
[2016.03.22-08.55.29:290][  0]LogContentBrowser: Native class hierarchy updated for 'AddContentDialog' in 0.0008 seconds. Added 0 classes and 0 folders.
[2016.03.22-08.55.29:745][  0]LogContentBrowser: Native class hierarchy updated for 'SceneOutliner' in 0.0006 seconds. Added 1 classes and 2 folders.
[2016.03.22-08.55.31:004][  0]LogCrashTracker: Crashtracker disabled due to settings.
[2016.03.22-08.55.31:196][  0]LogD3D11RHI: InitD3DDevice
[2016.03.22-08.55.31:406][  0]LogUObjectGlobals:Warning: Failed to find object 'Class None.'
[2016.03.22-08.55.31:511][  0]LogLoad: Full Startup: 27.96 seconds (BP compile: 2.49 seconds)
[2016.03.22-08.55.33:021][  0]LogContentStreaming: Texture pool size is 0.000000MB
[2016.03.22-08.55.33:370][  0]LogContentStreaming: Texture pool size now 1000 MB
[2016.03.22-08.55.35:264][  0]LogRenderer: Reallocating scene render targets to support 1208x576 (Frame:2).
[2016.03.22-08.55.36:508][  2]LogD3D11RHI: InitD3DDevice
[2016.03.22-08.55.40:538][ 14]LogAssetRegistry: Asset discovery search completed in 31.3885 seconds
[2016.03.22-08.56.02:490][ 79]LogD3D11RHI: InitD3DDevice
[2016.03.22-08.56.03:494][ 82]LogActorComponent: UnregisterComponent: (/Engine/Transient.CharMoveComp) Not registered. Aborting.
[2016.03.22-08.56.03:518][ 82]LogActorComponent: UnregisterComponent: (/Engine/Transient.RotatingMovement0C812BA34D0DD21FB12D1D9A948423D7) Not registered. Aborting.
[2016.03.22-08.56.03:518][ 82]LogActorComponent: UnregisterComponent: (/Engine/Transient.RotatingMovementComponent_0) Not registered. Aborting.
[2016.03.22-08.56.05:186][ 83]Cmd: QUIT_EDITOR
[2016.03.22-08.56.05:354][ 83]LogExit: Preparing to exit.
[2016.03.22-08.56.06:307][ 83]LogExit: Editor shut down
[2016.03.22-08.56.06:307][ 83]LogExit: Transaction tracking system shut down
[2016.03.22-08.56.06:328][ 83]LogParticles: Destroying 0 GPU particle simulations for FXSystem 0x000000002A583D80
[2016.03.22-08.56.06:328][ 83]LogParticles: Destroying 0 GPU particle simulations for FXSystem 0x000000005500A980
[2016.03.22-08.56.06:329][ 83]LogParticles: Destroying 0 GPU particle simulations for FXSystem 0x0000000054D2F100
[2016.03.22-08.56.06:329][ 83]LogParticles: Destroying 0 GPU particle simulations for FXSystem 0x0000000054986E80
[2016.03.22-08.56.06:428][ 83]LogExit: Object subsystem successfully closed.
[2016.03.22-08.56.06:436][ 83]LogD3D11RHI: Shutdown
[2016.03.22-08.56.06:436][ 83]LogD3D11RHI: CleanupD3DDevice
[2016.03.22-08.56.06:472][ 83]LogD3D11RHI: ~FD3D11DynamicRHI
[2016.03.22-08.56.06:484][ 83]LogModuleManager: Shutting down and abandoning module CrashTracker (188)
[2016.03.22-08.56.06:484][ 83]LogModuleManager: Shutting down and abandoning module SceneOutliner (187)
[2016.03.22-08.56.06:484][ 83]LogModuleManager: Shutting down and abandoning module SuperSearch (186)
[2016.03.22-08.56.06:484][ 83]LogModuleManager: Shutting down and abandoning module WidgetCarousel (185)
[2016.03.22-08.56.06:484][ 83]LogModuleManager: Shutting down and abandoning module AddContentDialog (184)
[2016.03.22-08.56.06:495][ 83]LogModuleManager: Shutting down and abandoning module EditorWidgets (183)
[2016.03.22-08.56.06:495][ 83]LogModuleManager: Shutting down and abandoning module CollectionManager (182)
[2016.03.22-08.56.06:495][ 83]LogModuleManager: Shutting down and abandoning module StatsViewer (181)
[2016.03.22-08.56.06:495][ 83]LogModuleManager: Shutting down and abandoning module FoliageEdit (180)
[2016.03.22-08.56.06:495][ 83]LogModuleManager: Shutting down and abandoning module LandscapeEditor (179)
[2016.03.22-08.56.06:495][ 83]LogModuleManager: Shutting down and abandoning module ActorPickerMode (178)
[2016.03.22-08.56.06:495][ 83]LogModuleManager: Shutting down and abandoning module GeometryMode (177)
[2016.03.22-08.56.06:496][ 83]LogModuleManager: Shutting down and abandoning module TextureAlignMode (176)
[2016.03.22-08.56.06:496][ 83]LogModuleManager: Shutting down and abandoning module BspMode (175)
[2016.03.22-08.56.06:496][ 83]LogModuleManager: Shutting down and abandoning module PlacementMode (174)
[2016.03.22-08.56.06:496][ 83]LogModuleManager: Shutting down and abandoning module AutomationWorker (173)
[2016.03.22-08.56.06:496][ 83]LogModuleManager: Shutting down and abandoning module CharacterAI (172)
[2016.03.22-08.56.06:496][ 83]LogModuleManager: Shutting down and abandoning module SmartSnapping (171)
[2016.03.22-08.56.06:496][ 83]LogModuleManager: Shutting down and abandoning module ViewportSnapping (170)
[2016.03.22-08.56.06:496][ 83]LogModuleManager: Shutting down and abandoning module LogVisualizer (169)
[2016.03.22-08.56.06:496][ 83]LogModuleManager: Shutting down and abandoning module GameProjectGeneration (168)
[2016.03.22-08.56.06:496][ 83]LogModuleManager: Shutting down and abandoning module IntroTutorials (167)
[2016.03.22-08.56.06:496][ 83]LogModuleManager: Shutting down and abandoning module EditorLiveStreaming (166)
[2016.03.22-08.56.06:496][ 83]LogModuleManager: Shutting down and abandoning module IOSPlatformEditor (165)
[2016.03.22-08.56.06:496][ 83]LogModuleManager: Shutting down and abandoning module HTML5PlatformEditor (164)
[2016.03.22-08.56.06:496][ 83]LogModuleManager: Shutting down and abandoning module AndroidDeviceDetection (163)
[2016.03.22-08.56.06:610][ 83]LogModuleManager: Shutting down and abandoning module AndroidPlatformEditor (162)
[2016.03.22-08.56.06:610][ 83]LogModuleManager: Shutting down and abandoning module IOSRuntimeSettings (161)
[2016.03.22-08.56.06:610][ 83]LogModuleManager: Shutting down and abandoning module AndroidRuntimeSettings (160)
[2016.03.22-08.56.06:610][ 83]LogModuleManager: Shutting down and abandoning module MergeActors (159)
[2016.03.22-08.56.06:610][ 83]LogModuleManager: Shutting down and abandoning module SizeMap (158)
[2016.03.22-08.56.06:610][ 83]LogModuleManager: Shutting down and abandoning module TreeMap (157)
[2016.03.22-08.56.06:610][ 83]LogModuleManager: Shutting down and abandoning module ReferenceViewer (156)
[2016.03.22-08.56.06:610][ 83]LogModuleManager: Shutting down and abandoning module LocalizationDashboard (155)
[2016.03.22-08.56.06:610][ 83]LogModuleManager: Shutting down and abandoning module HardwareTargeting (154)
[2016.03.22-08.56.06:610][ 83]LogModuleManager: Shutting down and abandoning module DeviceProfileEditor (153)
[2016.03.22-08.56.06:610][ 83]LogModuleManager: Shutting down and abandoning module UndoHistory (152)
[2016.03.22-08.56.06:610][ 83]LogModuleManager: Shutting down and abandoning module GameplayTagsEditor (151)
[2016.03.22-08.56.06:610][ 83]LogModuleManager: Shutting down and abandoning module UserFeedback (150)
[2016.03.22-08.56.06:610][ 83]LogModuleManager: Shutting down and abandoning module XmlParser (149)
[2016.03.22-08.56.06:621][ 83]LogModuleManager: Shutting down and abandoning module Blutility (148)
[2016.03.22-08.56.06:621][ 83]LogModuleManager: Shutting down and abandoning module ProjectTargetPlatformEditor (147)
[2016.03.22-08.56.06:621][ 83]LogModuleManager: Shutting down and abandoning module ProjectSettingsViewer (146)
[2016.03.22-08.56.06:621][ 83]LogModuleManager: Shutting down and abandoning module InputBindingEditor (145)
[2016.03.22-08.56.06:632][ 83]LogModuleManager: Shutting down and abandoning module EditorSettingsViewer (144)
[2016.03.22-08.56.06:632][ 83]LogModuleManager: Shutting down and abandoning module SettingsEditor (143)
[2016.03.22-08.56.06:642][ 83]LogModuleManager: Shutting down and abandoning module ProjectLauncher (142)
[2016.03.22-08.56.06:652][ 83]LogModuleManager: Shutting down and abandoning module SessionFrontend (141)
[2016.03.22-08.56.06:661][ 83]LogModuleManager: Shutting down and abandoning module ProfilerClient (140)
[2016.03.22-08.56.06:669][ 83]LogModuleManager: Shutting down and abandoning module TargetDeviceServices (139)
[2016.03.22-08.56.06:683][ 83]LogModuleManager: Shutting down and abandoning module DeviceManager (138)
[2016.03.22-08.56.06:684][ 83]LogModuleManager: Shutting down and abandoning module AutomationController (137)
[2016.03.22-08.56.06:684][ 83]LogModuleManager: Shutting down and abandoning module AutomationWindow (136)
[2016.03.22-08.56.06:699][ 83]LogModuleManager: Shutting down and abandoning module Layers (135)
[2016.03.22-08.56.06:723][ 83]LogModuleManager: Shutting down and abandoning module ComponentVisualizers (134)
[2016.03.22-08.56.06:723][ 83]LogModuleManager: Shutting down and abandoning module DetailCustomizations (133)
[2016.03.22-08.56.06:739][ 83]LogModuleManager: Shutting down and abandoning module PackagesDialog (132)
[2016.03.22-08.56.06:761][ 83]LogModuleManager: Shutting down and abandoning module AssetRegistry (131)
[2016.03.22-08.56.06:853][ 83]LogModuleManager: Shutting down and abandoning module Persona (130)
[2016.03.22-08.56.06:859][ 83]LogModuleManager: Shutting down and abandoning module Kismet (129)
[2016.03.22-08.56.06:867][ 83]LogModuleManager: Shutting down and abandoning module GraphEditor (128)
[2016.03.22-08.56.06:897][ 83]LogModuleManager: Shutting down and abandoning module ClassViewer (127)
[2016.03.22-08.56.06:904][ 83]LogModuleManager: Shutting down and abandoning module Toolbox (126)
[2016.03.22-08.56.06:904][ 83]LogModuleManager: Shutting down and abandoning module ModuleUI (125)
[2016.03.22-08.56.06:909][ 83]LogModuleManager: Shutting down and abandoning module MovieSceneTools (124)
[2016.03.22-08.56.06:919][ 83]LogModuleManager: Shutting down and abandoning module OutputLog (123)
[2016.03.22-08.56.06:919][ 83]LogModuleManager: Shutting down and abandoning module GammaUI (122)
[2016.03.22-08.56.06:924][ 83]LogModuleManager: Shutting down and abandoning module Documentation (121)
[2016.03.22-08.56.06:924][ 83]LogModuleManager: Shutting down and abandoning module GameLiveStreaming (120)
[2016.03.22-08.56.06:925][ 83]LogModuleManager: Shutting down and abandoning module StreamingPauseRendering (119)
[2016.03.22-08.56.06:925][ 83]LogModuleManager: Shutting down and abandoning module AnalyticsET (118)
[2016.03.22-08.56.06:925][ 83]LogModuleManager: Shutting down and abandoning module Analytics (117)
[2016.03.22-08.56.06:925][ 83]LogModuleManager: Shutting down and abandoning module AITestSuite (116)
[2016.03.22-08.56.06:934][ 83]LogModuleManager: Shutting down and abandoning module GameplayDebugger (115)
[2016.03.22-08.56.06:944][ 83]LogModuleManager: Shutting down and abandoning module AIModule (114)
[2016.03.22-08.56.06:960][ 83]LogModuleManager: Shutting down and abandoning module ProfilerService (113)
[2016.03.22-08.56.07:224][ 83]LogModuleManager: Shutting down and abandoning module TaskGraph (112)
[2016.03.22-08.56.07:224][ 83]LogModuleManager: Shutting down and abandoning module SlateRemote (111)
[2016.03.22-08.56.07:224][ 83]LogModuleManager: Shutting down and abandoning module SteamVRController (110)
[2016.03.22-08.56.07:224][ 83]LogModuleManager: Shutting down and abandoning module SteamVR (109)
[2016.03.22-08.56.07:224][ 83]LogModuleManager: Shutting down and abandoning module ProceduralMeshComponent (108)
[2016.03.22-08.56.07:224][ 83]LogModuleManager: Shutting down and abandoning module OculusRift (107)
[2016.03.22-08.56.07:224][ 83]LogModuleManager: Shutting down and abandoning module LeapMotionController (106)
[2016.03.22-08.56.07:237][ 83]LogModuleManager: Shutting down and abandoning module CustomMeshComponent (105)
[2016.03.22-08.56.07:237][ 83]LogModuleManager: Shutting down and abandoning module CableComponent (104)
[2016.03.22-08.56.07:237][ 83]LogModuleManager: Shutting down and abandoning module MessagingDebugger (103)
[2016.03.22-08.56.07:237][ 83]LogModuleManager: Shutting down and abandoning module MediaPlayerEditor (102)
[2016.03.22-08.56.07:237][ 83]LogModuleManager: Shutting down and abandoning module SpeedTreeImporter (101)
[2016.03.22-08.56.07:237][ 83]LogModuleManager: Shutting down and abandoning module PluginBrowser (100)
[2016.03.22-08.56.07:237][ 83]LogModuleManager: Shutting down and abandoning module EpicSurvey (99)
[2016.03.22-08.56.07:237][ 83]LogModuleManager: Shutting down and abandoning module DesktopPlatform (98)
[2016.03.22-08.56.07:237][ 83]LogModuleManager: Shutting down and abandoning module VisualStudioSourceCodeAccess (97)
[2016.03.22-08.56.07:237][ 83]LogModuleManager: Shutting down and abandoning module UObjectPlugin (96)
[2016.03.22-08.56.07:237][ 83]LogModuleManager: Shutting down and abandoning module SubversionSourceControl (95)
[2016.03.22-08.56.07:237][ 83]LogModuleManager: Shutting down and abandoning module PerforceSourceControl (94)
[2016.03.22-08.56.07:237][ 83]LogModuleManager: Shutting down and abandoning module SourceControl (93)
[2016.03.22-08.56.07:237][ 83]LogModuleManager: Shutting down and abandoning module GitSourceControl (92)
[2016.03.22-08.56.07:237][ 83]LogModuleManager: Shutting down and abandoning module BlankPlugin (91)
[2016.03.22-08.56.07:237][ 83]LogModuleManager: Shutting down and abandoning module PaperTiledImporter (90)
[2016.03.22-08.56.07:237][ 83]LogModuleManager: Shutting down and abandoning module PaperSpriteSheetImporter (89)
[2016.03.22-08.56.07:237][ 83]LogModuleManager: Shutting down and abandoning module MeshPaint (88)
[2016.03.22-08.56.07:237][ 83]LogModuleManager: Shutting down and abandoning module SlateReflector (87)
[2016.03.22-08.56.07:240][ 83]LogModuleManager: Shutting down and abandoning module DirectoryWatcher (86)
[2016.03.22-08.56.07:241][ 83]LogModuleManager: Shutting down and abandoning module HotReload (85)
[2016.03.22-08.56.07:241][ 83]LogModuleManager: Shutting down and abandoning module MainFrame (84)
[2016.03.22-08.56.07:241][ 83]LogModuleManager: Shutting down and abandoning module LevelEditor (83)
[2016.03.22-08.56.07:258][ 83]LogModuleManager: Shutting down and abandoning module ContentBrowser (82)
[2016.03.22-08.56.07:258][ 83]LogModuleManager: Shutting down and abandoning module Paper2DEditor (81)
[2016.03.22-08.56.07:285][ 83]LogModuleManager: Shutting down and abandoning module UdpMessaging (80)
[2016.03.22-08.56.07:385][ 83]LogModuleManager: Shutting down and abandoning module Paper2D (79)
[2016.03.22-08.56.07:393][ 83]LogModuleManager: Shutting down and abandoning module WindowsMoviePlayer (78)
[2016.03.22-08.56.07:396][ 83]LogModuleManager: Shutting down and abandoning module Media (77)
[2016.03.22-08.56.07:396][ 83]LogModuleManager: Shutting down and abandoning module WmfMedia (76)
[2016.03.22-08.56.07:397][ 83]LogModuleManager: Shutting down and abandoning module OnlineBlueprintSupport (75)
[2016.03.22-08.56.07:397][ 83]LogModuleManager: Shutting down and abandoning module PropertyEditor (74)
[2016.03.22-08.56.07:402][ 83]LogModuleManager: Shutting down and abandoning module BehaviorTreeEditor (73)
[2016.03.22-08.56.07:416][ 83]LogModuleManager: Shutting down and abandoning module FunctionalTesting (72)
[2016.03.22-08.56.07:423][ 83]LogModuleManager: Shutting down and abandoning module CollisionAnalyzer (71)
[2016.03.22-08.56.07:432][ 83]LogModuleManager: Shutting down and abandoning module WorkspaceMenuStructure (70)
[2016.03.22-08.56.07:432][ 83]LogModuleManager: Shutting down and abandoning module MessageLog (69)
[2016.03.22-08.56.07:432][ 83]LogModuleManager: Shutting down and abandoning module Sequencer (68)
[2016.03.22-08.56.07:439][ 83]LogModuleManager: Shutting down and abandoning module AssetTools (67)
[2016.03.22-08.56.07:457][ 83]LogModuleManager: Shutting down and abandoning module UMGEditor (66)
[2016.03.22-08.56.07:474][ 83]LogModuleManager: Shutting down and abandoning module UMG (65)
[2016.03.22-08.56.07:484][ 83]LogModuleManager: Shutting down and abandoning module Slate (64)
[2016.03.22-08.56.07:484][ 83]LogModuleManager: Shutting down and abandoning module EditorStyle (63)
[2016.03.22-08.56.07:486][ 83]LogModuleManager: Shutting down and abandoning module SessionServices (62)
[2016.03.22-08.56.07:486][ 83]LogModuleManager: Shutting down and abandoning module SourceCodeAccess (61)
[2016.03.22-08.56.07:486][ 83]LogModuleManager: Shutting down and abandoning module HeadMountedDisplay (60)
[2016.03.22-08.56.07:486][ 83]LogModuleManager: Shutting down and abandoning module XAudio2 (59)
[2016.03.22-08.56.07:486][ 83]LogModuleManager: Shutting down and abandoning module Networking (57)
[2016.03.22-08.56.07:486][ 83]LogModuleManager: Shutting down and abandoning module Core (56)
[2016.03.22-08.56.07:486][ 83]LogModuleManager: Shutting down and abandoning module KismetCompiler (55)
[2016.03.22-08.56.07:486][ 83]LogModuleManager: Shutting down and abandoning module PhysXFormats (54)
[2016.03.22-08.56.07:486][ 83]LogModuleManager: Shutting down and abandoning module MeshUtilities (53)
[2016.03.22-08.56.07:505][ 83]LogModuleManager: Shutting down and abandoning module DerivedDataCache (52)
[2016.03.22-08.56.07:748][ 83]LogDerivedDataCache: Shutdown
[2016.03.22-08.56.07:748][ 83]LogModuleManager: Shutting down and abandoning module ShaderFormatOpenGL (51)
[2016.03.22-08.56.07:748][ 83]LogModuleManager: Shutting down and abandoning module ShaderFormatD3D (50)
[2016.03.22-08.56.07:748][ 83]LogModuleManager: Shutting down and abandoning module MetalShaderFormat (49)
[2016.03.22-08.56.07:748][ 83]LogModuleManager: Shutting down and abandoning module TextureFormatUncompressed (48)
[2016.03.22-08.56.07:748][ 83]LogModuleManager: Shutting down and abandoning module TextureFormatPVR (47)
[2016.03.22-08.56.07:748][ 83]LogModuleManager: Shutting down and abandoning module TextureFormatIntelISPCTexComp (46)
[2016.03.22-08.56.07:748][ 83]LogModuleManager: Shutting down and abandoning module TextureFormatDXT (45)
[2016.03.22-08.56.07:748][ 83]LogModuleManager: Shutting down and abandoning module ImageWrapper (44)
[2016.03.22-08.56.07:748][ 83]LogModuleManager: Shutting down and abandoning module TextureFormatASTC (43)
[2016.03.22-08.56.07:748][ 83]LogModuleManager: Shutting down and abandoning module TextureFormatAndroid (42)
[2016.03.22-08.56.07:748][ 83]LogModuleManager: Shutting down and abandoning module AudioFormatOpus (41)
[2016.03.22-08.56.07:748][ 83]LogModuleManager: Shutting down and abandoning module AudioFormatOgg (40)
[2016.03.22-08.56.07:748][ 83]LogModuleManager: Shutting down and abandoning module AudioFormatADPCM (39)
[2016.03.22-08.56.07:748][ 83]LogModuleManager: Shutting down and abandoning module LinuxTargetPlatform (38)
[2016.03.22-08.56.07:748][ 83]LogModuleManager: Shutting down and abandoning module LinuxServerTargetPlatform (37)
[2016.03.22-08.56.07:748][ 83]LogModuleManager: Shutting down and abandoning module LinuxNoEditorTargetPlatform (36)
[2016.03.22-08.56.07:748][ 83]LogModuleManager: Shutting down and abandoning module Messaging (35)
[2016.03.22-08.56.07:748][ 83]LogModuleManager: Shutting down and abandoning module IOSTargetPlatform (34)
[2016.03.22-08.56.07:748][ 83]LogModuleManager: Shutting down and abandoning module HTML5TargetPlatform (33)
[2016.03.22-08.56.07:748][ 83]LogModuleManager: Shutting down and abandoning module Android_PVRTCTargetPlatform (32)
[2016.03.22-08.56.07:748][ 83]LogModuleManager: Shutting down and abandoning module Android_ETC2TargetPlatform (31)
[2016.03.22-08.56.07:748][ 83]LogModuleManager: Shutting down and abandoning module Android_ETC1TargetPlatform (30)
[2016.03.22-08.56.07:748][ 83]LogModuleManager: Shutting down and abandoning module Android_DXTTargetPlatform (29)
[2016.03.22-08.56.07:748][ 83]LogModuleManager: Shutting down and abandoning module Android_ATCTargetPlatform (28)
[2016.03.22-08.56.07:748][ 83]LogModuleManager: Shutting down and abandoning module Android_ASTCTargetPlatform (27)
[2016.03.22-08.56.07:748][ 83]LogModuleManager: Shutting down and abandoning module AndroidTargetPlatform (26)
[2016.03.22-08.56.07:748][ 83]LogModuleManager: Shutting down and abandoning module WindowsTargetPlatform (25)
[2016.03.22-08.56.07:748][ 83]LogModuleManager: Shutting down and abandoning module WindowsServerTargetPlatform (24)
[2016.03.22-08.56.07:748][ 83]LogModuleManager: Shutting down and abandoning module WindowsNoEditorTargetPlatform (23)
[2016.03.22-08.56.07:748][ 83]LogModuleManager: Shutting down and abandoning module WindowsClientTargetPlatform (22)
[2016.03.22-08.56.07:748][ 83]LogModuleManager: Shutting down and abandoning module DesktopTargetPlatform (21)
[2016.03.22-08.56.07:748][ 83]LogModuleManager: Shutting down and abandoning module TargetPlatform (20)
[2016.03.22-08.56.07:748][ 83]LogModuleManager: Shutting down and abandoning module InputCore (19)
[2016.03.22-08.56.07:748][ 83]LogModuleManager: Shutting down and abandoning module Settings (18)
[2016.03.22-08.56.07:748][ 83]LogModuleManager: Shutting down and abandoning module OnlineSubsystem (16)
[2016.03.22-08.56.07:748][ 83]LogModuleManager: Shutting down and abandoning module HTTP (15)
[2016.03.22-08.56.07:748][ 83]LogModuleManager: Shutting down and abandoning module ExampleDeviceProfileSelector (14)
[2016.03.22-08.56.07:748][ 83]LogModuleManager: Shutting down and abandoning module TextureCompressor (13)
[2016.03.22-08.56.07:748][ 83]LogModuleManager: Shutting down and abandoning module ShaderCore (12)
[2016.03.22-08.56.07:748][ 83]LogModuleManager: Shutting down and abandoning module Landscape (11)
[2016.03.22-08.56.07:748][ 83]LogModuleManager: Shutting down and abandoning module SlateRHIRenderer (10)
[2016.03.22-08.56.07:749][ 83]LogModuleManager: Shutting down and abandoning module OpenGLDrv (9)
[2016.03.22-08.56.07:749][ 83]LogModuleManager: Shutting down and abandoning module D3D11RHI (8)
[2016.03.22-08.56.07:749][ 83]LogModuleManager: Shutting down and abandoning module Renderer (7)
[2016.03.22-08.56.07:749][ 83]LogModuleManager: Shutting down and abandoning module Engine (6)
[2016.03.22-08.56.07:749][ 83]LogModuleManager: Shutting down and abandoning module CoreUObject (5)
[2016.03.22-08.56.07:749][ 83]LogModuleManager: Shutting down and abandoning module NetworkFile (4)
[2016.03.22-08.56.07:749][ 83]LogModuleManager: Shutting down and abandoning module StreamingFile (3)
[2016.03.22-08.56.07:749][ 83]LogModuleManager: Shutting down and abandoning module SandboxFile (2)
[2016.03.22-08.56.07:749][ 83]LogModuleManager: Shutting down and abandoning module PakFile (1)
[2016.03.22-08.56.07:750][ 83]LogExit: Exiting.
[2016.03.22-08.56.07:750][ 83]Log file closed, 03/22/16 01:56:07
