[2016.03.22-08.58.14:334][  0]Log file open, 03/22/16 01:58:14
[2016.03.22-08.58.14:334][  0]LogInit:Display: Running engine for game: SpiritRunner
[2016.03.22-08.58.14:334][  0]LogInit:Display: RandInit(779317830) SRandInit(779317830).
[2016.03.22-08.58.14:334][  0]LogTaskGraph: Started task graph with 4 named threads and 7 total threads.
[2016.03.22-08.58.14:334][  0]LogStats: Stats thread started
[2016.03.22-08.58.14:334][  0]LogInit: Version: 4.8.3-2634408+++depot+UE4-Releases+4.8
[2016.03.22-08.58.14:334][  0]LogInit: API Version: 2579680
[2016.03.22-08.58.14:334][  0]LogInit: Compiled (64-bit): Jul 27 2015 16:24:33
[2016.03.22-08.58.14:334][  0]LogInit: Compiled with Visual C++: 18.00.21005.01
[2016.03.22-08.58.14:334][  0]LogInit: Build Configuration: Development
[2016.03.22-08.58.14:334][  0]LogInit: Branch Name: ++depot+UE4-Releases+4.8
[2016.03.22-08.58.14:334][  0]LogInit: Command line: -EpicPortal 
[2016.03.22-08.58.14:334][  0]LogInit: Base directory: G:/Programs/Epic Games/4.8/Engine/Binaries/Win64/
[2016.03.22-08.58.14:334][  0]LogInit: Rocket: 1
[2016.03.22-08.58.14:345][  0]LogInit: Using libcurl 7.41.0
[2016.03.22-08.58.14:345][  0]LogInit:  - built for x86_64-pc-win32
[2016.03.22-08.58.14:345][  0]LogInit:  - supports SSL with WinSSL
[2016.03.22-08.58.14:345][  0]LogInit:  - other features:
[2016.03.22-08.58.14:345][  0]LogInit:      CURL_VERSION_SSL
[2016.03.22-08.58.14:345][  0]LogInit:      CURL_VERSION_IPV6
[2016.03.22-08.58.14:345][  0]LogInit:      CURL_VERSION_ASYNCHDNS
[2016.03.22-08.58.14:345][  0]LogInit:      CURL_VERSION_LARGEFILE
[2016.03.22-08.58.14:345][  0]LogInit:      CURL_VERSION_IDN
[2016.03.22-08.58.14:345][  0]LogInit:  CurlRequestOptions (configurable via config and command line):
[2016.03.22-08.58.14:345][  0]LogInit:  - bVerifyPeer = true  - Libcurl will verify peer certificate
[2016.03.22-08.58.14:346][  0]LogInit:  - bUseHttpProxy = false  - Libcurl will NOT use HTTP proxy
[2016.03.22-08.58.14:346][  0]LogInit:  - bDontReuseConnections = false  - Libcurl will reuse connections
[2016.03.22-08.58.14:346][  0]LogInit:  - CertBundlePath = nullptr  - Libcurl will use whatever was configured at build time.
[2016.03.22-08.58.14:356][  0]LogOnline:Warning: No default platform service specified for OnlineSubsystem
[2016.03.22-08.58.14:368][  0]LogInit: Presizing for 0 objects not considered by GC, pre-allocating 0 bytes.
[2016.03.22-08.58.14:373][  0]LogInit: Object subsystem initialized
[2016.03.22-08.58.14:374][  0]LogConsoleResponse:Warning: Skipping Unknown console variable: 'TranslucentSortAxis = (X=0.000000,Y=-1.000000,Z=0.000000)'
[2016.03.22-08.58.14:374][  0]LogConsoleResponse:Warning:   Found in ini file 'G:/Github stuff/spiritrunner/SpiritRunner/Saved/Config/Windows/Engine.ini', in section '[/Script/Engine.RendererSettings]'
[2016.03.22-08.58.14:374][  0]LogConsoleResponse:Warning: Skipping Unknown console variable: 'UIScaleRule = ShortestSide'
[2016.03.22-08.58.14:374][  0]LogConsoleResponse:Warning:   Found in ini file 'G:/Github stuff/spiritrunner/SpiritRunner/Saved/Config/Windows/Engine.ini', in section '[/Script/Engine.RendererSettings]'
[2016.03.22-08.58.14:374][  0]LogConsoleResponse:Warning: Skipping Unknown console variable: 'UIScaleCurve = (EditorCurveData=(Keys=),ExternalCurve=None)'
[2016.03.22-08.58.14:374][  0]LogConsoleResponse:Warning:   Found in ini file 'G:/Github stuff/spiritrunner/SpiritRunner/Saved/Config/Windows/Engine.ini', in section '[/Script/Engine.RendererSettings]'
[2016.03.22-08.58.14:374][  0]LogInit: Selected Device Profile: [Windows]
[2016.03.22-08.58.14:374][  0]LogInit: Applying CVar settings loaded from the selected device profile: [Windows]
[2016.03.22-08.58.14:379][  0]LogInit: Computer: JOHN-PC
[2016.03.22-08.58.14:379][  0]LogInit: User: John
[2016.03.22-08.58.14:379][  0]LogInit: CPU Page size=4096, Cores=4
[2016.03.22-08.58.14:379][  0]LogInit: High frequency timer resolution =3.906279 MHz
[2016.03.22-08.58.14:379][  0]LogMemory: Memory total: Physical=7.9GB (8GB approx)
[2016.03.22-08.58.14:379][  0]LogMemory: Platform Memory Stats for Windows
[2016.03.22-08.58.14:379][  0]LogMemory: Process Physical Memory: 50.45 MB used, 50.45 MB peak
[2016.03.22-08.58.14:379][  0]LogMemory: Process Virtual Memory: 24.42 MB used, 24.42 MB peak
[2016.03.22-08.58.14:379][  0]LogMemory: Physical Memory: 6750.04 MB used, 8108.02 MB total
[2016.03.22-08.58.14:379][  0]LogMemory: Virtual Memory: 283.33 MB used, 8388608.00 MB total
[2016.03.22-08.58.14:411][  0]LogTextLocalizationManager: The requested culture ('en_US') has no localization data; parent culture's ('en') localization data will be used.
[2016.03.22-08.58.14:558][  0]LogTextLocalizationManager:Warning: Loaded localization resources contain conflicting entries for (Namespace:ContentBrowser, Key:ImportAssetToolTip):
Localization Resource: (G:/Programs/Epic Games/4.8/Engine/Content/Localization/Editor/en/Editor.locres) Source String Hash: (-630476809) Localized String: (Import to {0}...)
Localization Resource: (G:/Programs/Epic Games/4.8/Engine/Content/Localization/Editor/en/Editor.locres) Source String Hash: (1271782899) Localized String: (Imports an asset from file to this folder.)
[2016.03.22-08.58.14:900][  0]LogD3D11RHI: Found D3D11 adapter 0: NVIDIA GeForce GTX 970 (Feature Level 11_0)
[2016.03.22-08.58.14:900][  0]LogD3D11RHI: Adapter has 4007MB of dedicated video memory, 0MB of dedicated system memory, and 3798MB of shared system memory, 1 output[s]
[2016.03.22-08.58.14:907][  0]LogD3D11RHI: Found D3D11 adapter 1: Intel(R) HD Graphics 4600 (Feature Level 11_0)
[2016.03.22-08.58.14:907][  0]LogD3D11RHI: Adapter has 64MB of dedicated video memory, 0MB of dedicated system memory, and 1632MB of shared system memory, 0 output[s]
[2016.03.22-08.58.14:907][  0]LogD3D11RHI: Chosen D3D11 Adapter Id = 0
[2016.03.22-08.58.14:916][  0]LogD3D11RHI: InitD3DDevice
[2016.03.22-08.58.14:916][  0]LogD3D11RHI: !Direct3DDevice
[2016.03.22-08.58.14:916][  0]LogRHI: Texture pool is 1361 MB (70% of 1945 MB)
[2016.03.22-08.58.14:922][  0]LogD3D11RHI: Async texture creation enabled
[2016.03.22-08.58.14:934][  0]LogShaderCompilers:Display: Using Local Shader Compiler.
[2016.03.22-08.58.15:767][  0]LogTemp:Display: Loaded TP DesktopTargetPlatform
[2016.03.22-08.58.15:780][  0]LogTemp:Display: Loaded TP WindowsClientTargetPlatform
[2016.03.22-08.58.15:792][  0]LogTemp:Display: Loaded TP WindowsNoEditorTargetPlatform
[2016.03.22-08.58.15:805][  0]LogTemp:Display: Loaded TP WindowsServerTargetPlatform
[2016.03.22-08.58.15:818][  0]LogTemp:Display: Loaded TP WindowsTargetPlatform
[2016.03.22-08.58.15:830][  0]LogTemp:Display: Loaded TP AndroidTargetPlatform
[2016.03.22-08.58.15:841][  0]LogTemp:Display: Loaded TP Android_ASTCTargetPlatform
[2016.03.22-08.58.15:859][  0]LogTemp:Display: Loaded TP Android_ATCTargetPlatform
[2016.03.22-08.58.15:878][  0]LogTemp:Display: Loaded TP Android_DXTTargetPlatform
[2016.03.22-08.58.15:893][  0]LogTemp:Display: Loaded TP Android_ETC1TargetPlatform
[2016.03.22-08.58.15:904][  0]LogTemp:Display: Loaded TP Android_ETC2TargetPlatform
[2016.03.22-08.58.15:915][  0]LogTemp:Display: Loaded TP Android_PVRTCTargetPlatform
[2016.03.22-08.58.15:962][  0]LogTemp:Display: Loaded TP IOSTargetPlatform
[2016.03.22-08.58.15:974][  0]LogTemp:Display: Loaded TP LinuxNoEditorTargetPlatform
[2016.03.22-08.58.15:987][  0]LogTemp:Display: Loaded TP LinuxServerTargetPlatform
[2016.03.22-08.58.15:998][  0]LogTemp:Display: Loaded TP LinuxTargetPlatform
[2016.03.22-08.58.15:998][  0]LogTargetPlatformManager:Display: Building Assets For Windows
[2016.03.22-08.58.16:177][  0]LogDerivedDataCache:Display: Max Cache Size: 512 MB
[2016.03.22-08.58.16:221][  0]LogDerivedDataCache: Loaded boot cache 0.04s 53MB C:/Users/John/AppData/Local/UnrealEngine/4.8/DerivedDataCache/Boot.ddc.
[2016.03.22-08.58.16:221][  0]LogDerivedDataCache:Display: Loaded Boot cache: C:/Users/John/AppData/Local/UnrealEngine/4.8/DerivedDataCache/Boot.ddc
[2016.03.22-08.58.16:221][  0]LogDerivedDataCache: FDerivedDataBackendGraph:  Pak pak cache file ../../../../../../Github stuff/spiritrunner/SpiritRunner/DerivedDataCache/DDC.ddp not found, will not use a pak cache.
[2016.03.22-08.58.16:221][  0]LogDerivedDataCache: Unable to find inner node Pak for hierarchical cache Hierarchy.
[2016.03.22-08.58.16:221][  0]LogDerivedDataCache: FDerivedDataBackendGraph:  CompressedPak pak cache file ../../../../../../Github stuff/spiritrunner/SpiritRunner/DerivedDataCache/Compressed.ddp not found, will not use a pak cache.
[2016.03.22-08.58.16:221][  0]LogDerivedDataCache: Unable to find inner node CompressedPak for hierarchical cache Hierarchy.
[2016.03.22-08.58.16:334][  0]LogDerivedDataCache:Display: Pak cache opened for reading ../../../Engine/DerivedDataCache/Compressed.ddp.
[2016.03.22-08.58.16:345][  0]LogDerivedDataCache: Using Local data cache path C:/Users/John/AppData/Local/UnrealEngine/Common/DerivedDataCache: Writable
[2016.03.22-08.58.16:481][  0]LogInit: Selected Device Profile: [Windows]
[2016.03.22-08.58.16:486][  0]ImportText (ComponentSweepMultiTests): Missing closing parenthesis: (RootShapeAsset="/Engine/BasicShapes/Cube.Cube",ShapeType="TriggerCapsule",HitResult=(Time=0.50,Location=(X=-100.000015,Y=0.0,Z=100.000015),ImpactPoint=(X=-50.0,Y=0.0,Z=50.0),Normal=(X=-1.0,Y=-0.0,Z=0.0),ImpactNormal=(X=0.0,Y=0.0,Z=1.0),TraceStart=(X=-200.0,Y=0.0,Z=200.0),TraceEnd=(X=0.0,Y=0.0,Z=0.0))
[2016.03.22-08.58.16:486][  0]ImportText (LineTraceSingleByChannelTests): Missing closing parenthesis: (RootShapeAsset="/Engine/BasicShapes/Cube.Cube",HitResult=(Time=0.50,Location=(X=-100.000015,Y=0.0,Z=100.000015),ImpactPoint=(X=-50.0,Y=0.0,Z=50.0),Normal=(X=-1.0,Y=-0.0,Z=0.0),ImpactNormal=(X=0.0,Y=0.0,Z=1.0),TraceStart=(X=-200.0,Y=0.0,Z=200.0),TraceEnd=(X=0.0,Y=0.0,Z=0.0))
[2016.03.22-08.58.16:509][  0]LogMeshUtilities: No automatic mesh reduction module available
[2016.03.22-08.58.16:509][  0]LogMeshUtilities: No automatic mesh merging module available
[2016.03.22-08.58.16:809][  0]LogInit: WinSock: version 1.1 (2.2), MaxSocks=32767, MaxUdp=65467
[2016.03.22-08.58.17:946][  0]UdpMessaging: Initializing bridge on interface 0.0.0.0:0 to multicast group 230.0.0.1:6666.
[2016.03.22-08.58.18:280][  0]SourceControl: Info Source control is disabled
[2016.03.22-08.58.18:280][  0]SourceControl: Info Source control is disabled
[2016.03.22-08.58.18:289][  0]SourceControl: Info Source control is disabled
[2016.03.22-08.58.18:298][  0]SourceControl: Info Source control is disabled
[2016.03.22-08.58.18:487][  0]LogObj: 26273 objects as part of root set at end of initial load.
[2016.03.22-08.58.18:487][  0]LogUObjectAllocator: 5409248 out of 0 bytes used by permanent object pool.
[2016.03.22-08.58.18:583][  0]LogEngine: Initializing Engine...
[2016.03.22-08.58.18:589][  0]LogHMD: Can't find Oculus library dev build: is proper Runtime installed? Version: 0.6.0.0
[2016.03.22-08.58.18:593][  0]LogHMD:Warning: SteamVR failed to initialize.  Error: 110
[2016.03.22-08.58.18:808][  0]LogAIModule: Creating AISystem for world NewWorld
[2016.03.22-08.58.18:819][  0]LogInit: XAudio2 using 'Speakers (Turtle Beach P11 Headset)' : 2 channels at 48 kHz using 16 bits per sample (channel mask 0x3)
[2016.03.22-08.58.18:827][  0]LogInit: FAudioDevice initialized.
[2016.03.22-08.58.18:858][  0]LogDerivedDataCache: Saved boot cache 0.03s 53MB C:/Users/John/AppData/Local/UnrealEngine/4.8/DerivedDataCache/Boot.ddc.
[2016.03.22-08.58.18:863][  0]LogInit: Texture streaming: Disabled
[2016.03.22-08.58.18:884][  0]LogAnalytics: Creating configured Analytics provider AnalyticsET
[2016.03.22-08.58.18:884][  0]LogAnalytics: [UEEditor.Rocket.Release] APIServer = http://et2.epicgames.com/ET2/. AppVersion = 4.8.3-2634408+++depot+UE4-Releases+4.8
[2016.03.22-08.58.18:884][  0]LogAnalytics: [UEEditor.Rocket.Release] SetUserId 795ce0b24c6318a5324eaf839592b765|e87b0c418b154305b06c892317f44a4d|3e9e43dd-6daf-4b71-9a80-f4287aceb186
[2016.03.22-08.58.18:885][  0]LogAnalytics: [UEEditor.Rocket.Release] AnalyticsET::StartSession
[2016.03.22-08.58.18:947][  0]LogInit: Transaction tracking system initialized
[2016.03.22-08.58.19:063][  0]BlueprintLog: New page: Editor Load
[2016.03.22-08.58.19:096][  0]LogAssetRegistry: FAssetRegistry took 0.0103 seconds to start up
[2016.03.22-08.58.19:096][  0]LogDirectoryWatcher:Warning: Failed to begin reading directory changes for ../../../Engine/Plugins/Experimental/CharacterAI/Content/. Error: 0
[2016.03.22-08.58.19:948][  0]LogConsoleManager:Warning: Console variable 'r.VSync' wasn't set ('GameSetting' has a lower priority than 'SystemSettingsIni')
[2016.03.22-08.58.19:948][  0]LogConsoleResponse:Display: 
[2016.03.22-08.58.20:055][  0]LogCook:Display: Done creating registry. It took  0.00s.
[2016.03.22-08.58.20:243][  0]SourceControl: Info Source control is disabled
[2016.03.22-08.58.20:243][  0]Cmd: MAP LOAD FILE="../../../../../../Github stuff/spiritrunner/SpiritRunner/Content/SpiritRunner/Maps/RunnerMapTest.umap" TEMPLATE=0 SHOWPROGRESS=1 FEATURELEVEL=3
[2016.03.22-08.58.20:243][  0]LightingResults: New page: Lighting Build
[2016.03.22-08.58.20:260][  0]MapCheck: New page: Map Check
[2016.03.22-08.58.20:260][  0]LightingResults: New page: Lighting Build
[2016.03.22-08.58.20:269][  0]LogParticles: Destroying 0 GPU particle simulations for FXSystem 0x00000000216F9300
[2016.03.22-08.58.21:307][  0]LogBlueprint:Warning: USimpleConstructionScript::FixupRootNodeParentReferences() - Couldn't find inherited parent component 'Scene' for 'StaticMesh' in BlueprintGeneratedClass 'REINST_Flat_Floor_Tori_C_64' (it may have been removed)
[2016.03.22-08.58.21:307][  0]LogBlueprint:Warning: USimpleConstructionScript::FixupRootNodeParentReferences() - Couldn't find inherited parent component 'Scene' for 'StaticMesh1' in BlueprintGeneratedClass 'REINST_Flat_Floor_Tori_C_64' (it may have been removed)
[2016.03.22-08.58.21:307][  0]LogBlueprint:Warning: USimpleConstructionScript::FixupRootNodeParentReferences() - Couldn't find inherited parent component 'Scene' for 'StaticMesh2' in BlueprintGeneratedClass 'REINST_Flat_Floor_Tori_C_64' (it may have been removed)
[2016.03.22-08.58.21:307][  0]LogBlueprint:Warning: USimpleConstructionScript::FixupRootNodeParentReferences() - Couldn't find inherited parent component 'Scene' for 'StaticMesh3' in BlueprintGeneratedClass 'REINST_Flat_Floor_Tori_C_64' (it may have been removed)
[2016.03.22-08.58.21:307][  0]LogBlueprint:Warning: USimpleConstructionScript::FixupRootNodeParentReferences() - Couldn't find inherited parent component 'Scene' for 'StaticMesh4' in BlueprintGeneratedClass 'REINST_Flat_Floor_Tori_C_64' (it may have been removed)
[2016.03.22-08.58.21:307][  0]LogBlueprint:Warning: USimpleConstructionScript::FixupRootNodeParentReferences() - Couldn't find inherited parent component 'Scene' for 'StaticMesh5' in BlueprintGeneratedClass 'REINST_Flat_Floor_Tori_C_64' (it may have been removed)
[2016.03.22-08.58.21:307][  0]LogBlueprint:Warning: USimpleConstructionScript::FixupRootNodeParentReferences() - Couldn't find inherited parent component 'Scene' for 'StaticMesh6' in BlueprintGeneratedClass 'REINST_Flat_Floor_Tori_C_64' (it may have been removed)
[2016.03.22-08.58.21:307][  0]LogBlueprint:Warning: USimpleConstructionScript::FixupRootNodeParentReferences() - Couldn't find inherited parent component 'Scene' for 'StaticMesh7' in BlueprintGeneratedClass 'REINST_Flat_Floor_Tori_C_64' (it may have been removed)
[2016.03.22-08.58.21:307][  0]LogBlueprint:Warning: USimpleConstructionScript::FixupRootNodeParentReferences() - Couldn't find inherited parent component 'Scene' for 'StaticMesh8' in BlueprintGeneratedClass 'REINST_Flat_Floor_Tori_C_64' (it may have been removed)
[2016.03.22-08.58.21:307][  0]LogBlueprint:Warning: USimpleConstructionScript::FixupRootNodeParentReferences() - Couldn't find inherited parent component 'Scene' for 'StaticMesh9' in BlueprintGeneratedClass 'REINST_Flat_Floor_Tori_C_64' (it may have been removed)
[2016.03.22-08.58.21:307][  0]LogBlueprint:Warning: USimpleConstructionScript::FixupRootNodeParentReferences() - Couldn't find inherited parent component 'Scene' for 'StaticMesh10' in BlueprintGeneratedClass 'REINST_Flat_Floor_Tori_C_64' (it may have been removed)
[2016.03.22-08.58.21:307][  0]LogBlueprint:Warning: USimpleConstructionScript::FixupRootNodeParentReferences() - Couldn't find inherited parent component 'Scene' for 'StaticMesh11' in BlueprintGeneratedClass 'REINST_Flat_Floor_Tori_C_64' (it may have been removed)
[2016.03.22-08.58.21:307][  0]LogBlueprint:Warning: USimpleConstructionScript::FixupRootNodeParentReferences() - Couldn't find inherited parent component 'Scene' for 'StaticMesh12' in BlueprintGeneratedClass 'REINST_Flat_Floor_Tori_C_64' (it may have been removed)
[2016.03.22-08.58.21:307][  0]LogBlueprint:Warning: USimpleConstructionScript::FixupRootNodeParentReferences() - Couldn't find inherited parent component 'Scene' for 'StaticMesh13' in BlueprintGeneratedClass 'REINST_Flat_Floor_Tori_C_64' (it may have been removed)
[2016.03.22-08.58.21:307][  0]LogBlueprint:Warning: USimpleConstructionScript::FixupRootNodeParentReferences() - Couldn't find inherited parent component 'Scene' for 'StaticMesh14' in BlueprintGeneratedClass 'REINST_Flat_Floor_Tori_C_64' (it may have been removed)
[2016.03.22-08.58.21:307][  0]LogBlueprint:Warning: USimpleConstructionScript::FixupRootNodeParentReferences() - Couldn't find inherited parent component 'Scene' for 'StaticMesh15' in BlueprintGeneratedClass 'REINST_Flat_Floor_Tori_C_64' (it may have been removed)
[2016.03.22-08.58.21:307][  0]LogBlueprint:Warning: USimpleConstructionScript::FixupRootNodeParentReferences() - Couldn't find inherited parent component 'Scene' for 'StaticMesh16' in BlueprintGeneratedClass 'REINST_Flat_Floor_Tori_C_64' (it may have been removed)
[2016.03.22-08.58.21:307][  0]LogBlueprint:Warning: USimpleConstructionScript::FixupRootNodeParentReferences() - Couldn't find inherited parent component 'Scene' for 'StaticMesh17' in BlueprintGeneratedClass 'REINST_Flat_Floor_Tori_C_64' (it may have been removed)
[2016.03.22-08.58.21:307][  0]LogBlueprint:Warning: USimpleConstructionScript::FixupRootNodeParentReferences() - Couldn't find inherited parent component 'Scene' for 'StaticMesh18' in BlueprintGeneratedClass 'REINST_Flat_Floor_Tori_C_64' (it may have been removed)
[2016.03.22-08.58.21:307][  0]LogBlueprint:Warning: USimpleConstructionScript::FixupRootNodeParentReferences() - Couldn't find inherited parent component 'Scene' for 'StaticMesh19' in BlueprintGeneratedClass 'REINST_Flat_Floor_Tori_C_64' (it may have been removed)
[2016.03.22-08.58.21:307][  0]LogBlueprint:Warning: USimpleConstructionScript::FixupRootNodeParentReferences() - Couldn't find inherited parent component 'Scene' for 'StaticMesh20' in BlueprintGeneratedClass 'REINST_Flat_Floor_Tori_C_64' (it may have been removed)
[2016.03.22-08.58.21:307][  0]LogBlueprint:Warning: USimpleConstructionScript::FixupRootNodeParentReferences() - Couldn't find inherited parent component 'Scene' for 'StaticMesh21' in BlueprintGeneratedClass 'REINST_Flat_Floor_Tori_C_64' (it may have been removed)
[2016.03.22-08.58.21:307][  0]LogBlueprint:Warning: USimpleConstructionScript::FixupRootNodeParentReferences() - Couldn't find inherited parent component 'Scene' for 'StaticMesh22' in BlueprintGeneratedClass 'REINST_Flat_Floor_Tori_C_64' (it may have been removed)
[2016.03.22-08.58.21:307][  0]LogBlueprint:Warning: USimpleConstructionScript::FixupRootNodeParentReferences() - Couldn't find inherited parent component 'Scene' for 'StaticMesh23' in BlueprintGeneratedClass 'REINST_Flat_Floor_Tori_C_64' (it may have been removed)
[2016.03.22-08.58.21:307][  0]LogBlueprint:Warning: USimpleConstructionScript::FixupRootNodeParentReferences() - Couldn't find inherited parent component 'Scene' for 'StaticMesh24' in BlueprintGeneratedClass 'REINST_Flat_Floor_Tori_C_64' (it may have been removed)
[2016.03.22-08.58.21:307][  0]LogBlueprint:Warning: USimpleConstructionScript::FixupRootNodeParentReferences() - Couldn't find inherited parent component 'Scene' for 'StaticMesh25' in BlueprintGeneratedClass 'REINST_Flat_Floor_Tori_C_64' (it may have been removed)
[2016.03.22-08.58.21:307][  0]LogBlueprint:Warning: USimpleConstructionScript::FixupRootNodeParentReferences() - Couldn't find inherited parent component 'Scene' for 'StaticMesh26' in BlueprintGeneratedClass 'REINST_Flat_Floor_Tori_C_64' (it may have been removed)
[2016.03.22-08.58.21:307][  0]LogBlueprint:Warning: USimpleConstructionScript::FixupRootNodeParentReferences() - Couldn't find inherited parent component 'Scene' for 'StaticMesh27' in BlueprintGeneratedClass 'REINST_Flat_Floor_Tori_C_64' (it may have been removed)
[2016.03.22-08.58.21:307][  0]LogBlueprint:Warning: USimpleConstructionScript::FixupRootNodeParentReferences() - Couldn't find inherited parent component 'Scene' for 'StaticMesh28' in BlueprintGeneratedClass 'REINST_Flat_Floor_Tori_C_64' (it may have been removed)
[2016.03.22-08.58.21:307][  0]LogBlueprint:Warning: USimpleConstructionScript::FixupRootNodeParentReferences() - Couldn't find inherited parent component 'Scene' for 'StaticMesh29' in BlueprintGeneratedClass 'REINST_Flat_Floor_Tori_C_64' (it may have been removed)
[2016.03.22-08.58.21:307][  0]LogBlueprint:Warning: USimpleConstructionScript::FixupRootNodeParentReferences() - Couldn't find inherited parent component 'Scene' for 'StaticMesh30' in BlueprintGeneratedClass 'REINST_Flat_Floor_Tori_C_64' (it may have been removed)
[2016.03.22-08.58.21:307][  0]LogBlueprint:Warning: USimpleConstructionScript::FixupRootNodeParentReferences() - Couldn't find inherited parent component 'Scene' for 'StaticMesh31' in BlueprintGeneratedClass 'REINST_Flat_Floor_Tori_C_64' (it may have been removed)
[2016.03.22-08.58.21:307][  0]LogBlueprint:Warning: USimpleConstructionScript::FixupRootNodeParentReferences() - Couldn't find inherited parent component 'Scene' for 'StaticMesh32' in BlueprintGeneratedClass 'REINST_Flat_Floor_Tori_C_64' (it may have been removed)
[2016.03.22-08.58.21:307][  0]LogBlueprint:Warning: USimpleConstructionScript::FixupRootNodeParentReferences() - Couldn't find inherited parent component 'Scene' for 'StaticMesh34' in BlueprintGeneratedClass 'REINST_Flat_Floor_Tori_C_64' (it may have been removed)
[2016.03.22-08.58.21:307][  0]LogBlueprint:Warning: USimpleConstructionScript::FixupRootNodeParentReferences() - Couldn't find inherited parent component 'Scene' for 'Torigate' in BlueprintGeneratedClass 'REINST_Flat_Floor_Tori_C_64' (it may have been removed)
[2016.03.22-08.58.21:307][  0]LogBlueprint:Warning: USimpleConstructionScript::FixupRootNodeParentReferences() - Couldn't find inherited parent component 'Scene' for 'Checkpoint' in BlueprintGeneratedClass 'REINST_Flat_Floor_Tori_C_64' (it may have been removed)
[2016.03.22-08.58.21:307][  0]LogBlueprint:Warning: USimpleConstructionScript::FixupRootNodeParentReferences() - Couldn't find inherited parent component 'Scene' for 'StaticMesh33' in BlueprintGeneratedClass 'REINST_Flat_Floor_Tori_C_64' (it may have been removed)
[2016.03.22-08.58.21:350][  0]LogBlueprint:Warning: USimpleConstructionScript::FixupRootNodeParentReferences() - Couldn't find inherited parent component 'Scene' for 'Scene1' in BlueprintGeneratedClass 'REINST_Flat_Floor_Flat_C_71' (it may have been removed)
[2016.03.22-08.58.21:350][  0]LogBlueprint:Warning: USimpleConstructionScript::FixupRootNodeParentReferences() - Couldn't find inherited parent component 'Scene' for 'StaticMesh' in BlueprintGeneratedClass 'REINST_Flat_Floor_Flat_C_71' (it may have been removed)
[2016.03.22-08.58.21:350][  0]LogBlueprint:Warning: USimpleConstructionScript::FixupRootNodeParentReferences() - Couldn't find inherited parent component 'Scene' for 'StaticMesh1' in BlueprintGeneratedClass 'REINST_Flat_Floor_Flat_C_71' (it may have been removed)
[2016.03.22-08.58.21:350][  0]LogBlueprint:Warning: USimpleConstructionScript::FixupRootNodeParentReferences() - Couldn't find inherited parent component 'Scene' for 'StaticMesh2' in BlueprintGeneratedClass 'REINST_Flat_Floor_Flat_C_71' (it may have been removed)
[2016.03.22-08.58.21:350][  0]LogBlueprint:Warning: USimpleConstructionScript::FixupRootNodeParentReferences() - Couldn't find inherited parent component 'Scene' for 'StaticMesh3' in BlueprintGeneratedClass 'REINST_Flat_Floor_Flat_C_71' (it may have been removed)
[2016.03.22-08.58.21:350][  0]LogBlueprint:Warning: USimpleConstructionScript::FixupRootNodeParentReferences() - Couldn't find inherited parent component 'Scene' for 'StaticMesh4' in BlueprintGeneratedClass 'REINST_Flat_Floor_Flat_C_71' (it may have been removed)
[2016.03.22-08.58.21:350][  0]LogBlueprint:Warning: USimpleConstructionScript::FixupRootNodeParentReferences() - Couldn't find inherited parent component 'Scene' for 'StaticMesh5' in BlueprintGeneratedClass 'REINST_Flat_Floor_Flat_C_71' (it may have been removed)
[2016.03.22-08.58.21:350][  0]LogBlueprint:Warning: USimpleConstructionScript::FixupRootNodeParentReferences() - Couldn't find inherited parent component 'Scene' for 'StaticMesh6' in BlueprintGeneratedClass 'REINST_Flat_Floor_Flat_C_71' (it may have been removed)
[2016.03.22-08.58.21:350][  0]LogBlueprint:Warning: USimpleConstructionScript::FixupRootNodeParentReferences() - Couldn't find inherited parent component 'Scene' for 'StaticMesh7' in BlueprintGeneratedClass 'REINST_Flat_Floor_Flat_C_71' (it may have been removed)
[2016.03.22-08.58.21:350][  0]LogBlueprint:Warning: USimpleConstructionScript::FixupRootNodeParentReferences() - Couldn't find inherited parent component 'Scene' for 'StaticMesh8' in BlueprintGeneratedClass 'REINST_Flat_Floor_Flat_C_71' (it may have been removed)
[2016.03.22-08.58.21:350][  0]LogBlueprint:Warning: USimpleConstructionScript::FixupRootNodeParentReferences() - Couldn't find inherited parent component 'Scene' for 'StaticMesh9' in BlueprintGeneratedClass 'REINST_Flat_Floor_Flat_C_71' (it may have been removed)
[2016.03.22-08.58.21:350][  0]LogBlueprint:Warning: USimpleConstructionScript::FixupRootNodeParentReferences() - Couldn't find inherited parent component 'Scene' for 'StaticMesh10' in BlueprintGeneratedClass 'REINST_Flat_Floor_Flat_C_71' (it may have been removed)
[2016.03.22-08.58.21:350][  0]LogBlueprint:Warning: USimpleConstructionScript::FixupRootNodeParentReferences() - Couldn't find inherited parent component 'Scene' for 'StaticMesh11' in BlueprintGeneratedClass 'REINST_Flat_Floor_Flat_C_71' (it may have been removed)
[2016.03.22-08.58.21:350][  0]LogBlueprint:Warning: USimpleConstructionScript::FixupRootNodeParentReferences() - Couldn't find inherited parent component 'Scene' for 'StaticMesh12' in BlueprintGeneratedClass 'REINST_Flat_Floor_Flat_C_71' (it may have been removed)
[2016.03.22-08.58.21:350][  0]LogBlueprint:Warning: USimpleConstructionScript::FixupRootNodeParentReferences() - Couldn't find inherited parent component 'Scene' for 'StaticMesh13' in BlueprintGeneratedClass 'REINST_Flat_Floor_Flat_C_71' (it may have been removed)
[2016.03.22-08.58.21:350][  0]LogBlueprint:Warning: USimpleConstructionScript::FixupRootNodeParentReferences() - Couldn't find inherited parent component 'Scene' for 'StaticMesh14' in BlueprintGeneratedClass 'REINST_Flat_Floor_Flat_C_71' (it may have been removed)
[2016.03.22-08.58.21:350][  0]LogBlueprint:Warning: USimpleConstructionScript::FixupRootNodeParentReferences() - Couldn't find inherited parent component 'Scene' for 'StaticMesh15' in BlueprintGeneratedClass 'REINST_Flat_Floor_Flat_C_71' (it may have been removed)
[2016.03.22-08.58.21:350][  0]LogBlueprint:Warning: USimpleConstructionScript::FixupRootNodeParentReferences() - Couldn't find inherited parent component 'Scene' for 'StaticMesh16' in BlueprintGeneratedClass 'REINST_Flat_Floor_Flat_C_71' (it may have been removed)
[2016.03.22-08.58.21:350][  0]LogBlueprint:Warning: USimpleConstructionScript::FixupRootNodeParentReferences() - Couldn't find inherited parent component 'Scene' for 'StaticMesh17' in BlueprintGeneratedClass 'REINST_Flat_Floor_Flat_C_71' (it may have been removed)
[2016.03.22-08.58.21:350][  0]LogBlueprint:Warning: USimpleConstructionScript::FixupRootNodeParentReferences() - Couldn't find inherited parent component 'Scene' for 'StaticMesh18' in BlueprintGeneratedClass 'REINST_Flat_Floor_Flat_C_71' (it may have been removed)
[2016.03.22-08.58.21:350][  0]LogBlueprint:Warning: USimpleConstructionScript::FixupRootNodeParentReferences() - Couldn't find inherited parent component 'Scene' for 'StaticMesh19' in BlueprintGeneratedClass 'REINST_Flat_Floor_Flat_C_71' (it may have been removed)
[2016.03.22-08.58.21:350][  0]LogBlueprint:Warning: USimpleConstructionScript::FixupRootNodeParentReferences() - Couldn't find inherited parent component 'Scene' for 'StaticMesh20' in BlueprintGeneratedClass 'REINST_Flat_Floor_Flat_C_71' (it may have been removed)
[2016.03.22-08.58.21:350][  0]LogBlueprint:Warning: USimpleConstructionScript::FixupRootNodeParentReferences() - Couldn't find inherited parent component 'Scene' for 'StaticMesh21' in BlueprintGeneratedClass 'REINST_Flat_Floor_Flat_C_71' (it may have been removed)
[2016.03.22-08.58.21:350][  0]LogBlueprint:Warning: USimpleConstructionScript::FixupRootNodeParentReferences() - Couldn't find inherited parent component 'Scene' for 'StaticMesh22' in BlueprintGeneratedClass 'REINST_Flat_Floor_Flat_C_71' (it may have been removed)
[2016.03.22-08.58.21:350][  0]LogBlueprint:Warning: USimpleConstructionScript::FixupRootNodeParentReferences() - Couldn't find inherited parent component 'Scene' for 'StaticMesh23' in BlueprintGeneratedClass 'REINST_Flat_Floor_Flat_C_71' (it may have been removed)
[2016.03.22-08.58.21:350][  0]LogBlueprint:Warning: USimpleConstructionScript::FixupRootNodeParentReferences() - Couldn't find inherited parent component 'Scene' for 'StaticMesh25' in BlueprintGeneratedClass 'REINST_Flat_Floor_Flat_C_71' (it may have been removed)
[2016.03.22-08.58.21:350][  0]LogBlueprint:Warning: USimpleConstructionScript::FixupRootNodeParentReferences() - Couldn't find inherited parent component 'Scene' for 'StaticMesh26' in BlueprintGeneratedClass 'REINST_Flat_Floor_Flat_C_71' (it may have been removed)
[2016.03.22-08.58.21:350][  0]LogBlueprint:Warning: USimpleConstructionScript::FixupRootNodeParentReferences() - Couldn't find inherited parent component 'Scene' for 'StaticMesh27' in BlueprintGeneratedClass 'REINST_Flat_Floor_Flat_C_71' (it may have been removed)
[2016.03.22-08.58.21:350][  0]LogBlueprint:Warning: USimpleConstructionScript::FixupRootNodeParentReferences() - Couldn't find inherited parent component 'Scene' for 'StaticMesh28' in BlueprintGeneratedClass 'REINST_Flat_Floor_Flat_C_71' (it may have been removed)
[2016.03.22-08.58.21:350][  0]LogBlueprint:Warning: USimpleConstructionScript::FixupRootNodeParentReferences() - Couldn't find inherited parent component 'Scene' for 'StaticMesh29' in BlueprintGeneratedClass 'REINST_Flat_Floor_Flat_C_71' (it may have been removed)
[2016.03.22-08.58.21:350][  0]LogBlueprint:Warning: USimpleConstructionScript::FixupRootNodeParentReferences() - Couldn't find inherited parent component 'Scene' for 'StaticMesh30' in BlueprintGeneratedClass 'REINST_Flat_Floor_Flat_C_71' (it may have been removed)
[2016.03.22-08.58.21:350][  0]LogBlueprint:Warning: USimpleConstructionScript::FixupRootNodeParentReferences() - Couldn't find inherited parent component 'Scene' for 'StaticMesh31' in BlueprintGeneratedClass 'REINST_Flat_Floor_Flat_C_71' (it may have been removed)
[2016.03.22-08.58.21:350][  0]LogBlueprint:Warning: USimpleConstructionScript::FixupRootNodeParentReferences() - Couldn't find inherited parent component 'Scene' for 'StaticMesh32' in BlueprintGeneratedClass 'REINST_Flat_Floor_Flat_C_71' (it may have been removed)
[2016.03.22-08.58.21:350][  0]LogBlueprint:Warning: USimpleConstructionScript::FixupRootNodeParentReferences() - Couldn't find inherited parent component 'Scene' for 'StaticMesh33' in BlueprintGeneratedClass 'REINST_Flat_Floor_Flat_C_71' (it may have been removed)
[2016.03.22-08.58.21:350][  0]LogBlueprint:Warning: USimpleConstructionScript::FixupRootNodeParentReferences() - Couldn't find inherited parent component 'Scene' for 'StaticMesh34' in BlueprintGeneratedClass 'REINST_Flat_Floor_Flat_C_71' (it may have been removed)
[2016.03.22-08.58.21:350][  0]LogBlueprint:Warning: USimpleConstructionScript::FixupRootNodeParentReferences() - Couldn't find inherited parent component 'Scene' for 'FlatFloor3' in BlueprintGeneratedClass 'REINST_Flat_Floor_Flat_C_71' (it may have been removed)
[2016.03.22-08.58.21:452][  0]LogBlueprint:Warning: [GG] CreatePinForVariable: 'FinalDistance' variable not found. Base class was probably changed.
[2016.03.22-08.58.21:465][  0]LogBlueprint:Warning: [compiler GG] Warning Could not find a variable named "FinalDistance" in 'RunCharacter_C'.
Make sure 'RunCharacter_C' has been compiled for  Get FinalDistance 
[2016.03.22-08.58.21:465][  0]LogBlueprint:Error: [compiler GG] Error The property associated with  Final Distance  could not be found
[2016.03.22-08.58.21:474][  0]LogBlueprint:Warning: [compiler GG] Warning [0008.11] Compile of GG failed. 1 Fatal Issue(s) 1 Warning(s) [in 19 ms]
[2016.03.22-08.58.21:474][  0]LogBlueprint:Warning: [compiler GG] Warning [0008.11] Compile of GG failed. 1 Fatal Issue(s) 2 Warning(s) [in 0 ms]
[2016.03.22-08.58.21:474][  0]LogBlueprint:Warning: [compiler GG] Warning [0008.11] Compile of GG failed. 1 Fatal Issue(s) 3 Warning(s) [in 0 ms]
[2016.03.22-08.58.24:584][  0]LogAIModule: Creating AISystem for world RunnerMapTest
[2016.03.22-08.58.24:587][  0]LogEditorServer: Finished looking for orphan Actors (0.000 secs)
[2016.03.22-08.58.24:588][  0]Cmd: MAP CHECKDEP NOCLEARLOG
[2016.03.22-08.58.24:687][  0]MapCheck: Info Map check complete: 0 Error(s), 0 Warning(s), took 98.91ms to complete.
[2016.03.22-08.58.24:687][  0]LogFileHelpers: Loading map 'RunnerMapTest' took 4.445
[2016.03.22-08.58.24:799][  0]LogCollectionManager: Loaded 0 collections in 0.002042 seconds
[2016.03.22-08.58.24:805][  0]LogContentBrowser: Native class hierarchy populated in 0.0059 seconds. Added 1792 classes and 301 folders.
[2016.03.22-08.58.24:847][  0]LogContentBrowser: Native class hierarchy updated for 'WidgetCarousel' in 0.0003 seconds. Added 0 classes and 0 folders.
[2016.03.22-08.58.24:874][  0]LogContentBrowser: Native class hierarchy updated for 'AddContentDialog' in 0.0003 seconds. Added 0 classes and 0 folders.
[2016.03.22-08.58.24:892][  0]LogContentBrowser: Native class hierarchy updated for 'SceneOutliner' in 0.0003 seconds. Added 1 classes and 2 folders.
[2016.03.22-08.58.24:923][  0]LogCrashTracker: Crashtracker disabled due to settings.
[2016.03.22-08.58.24:924][  0]LogD3D11RHI: InitD3DDevice
[2016.03.22-08.58.24:927][  0]LogUObjectGlobals:Warning: Failed to find object 'Class None.'
[2016.03.22-08.58.24:947][  0]LogLoad: Full Startup: 11.58 seconds (BP compile: 1.77 seconds)
[2016.03.22-08.58.25:007][  0]LogContentStreaming: Texture pool size is 0.000000MB
[2016.03.22-08.58.25:287][  0]LogContentStreaming: Texture pool size now 1000 MB
[2016.03.22-08.58.25:658][  0]LogRenderer: Reallocating scene render targets to support 1208x576 (Frame:2).
[2016.03.22-08.58.26:011][  4]LogD3D11RHI: InitD3DDevice
[2016.03.22-08.58.26:518][ 14]LogAssetRegistry: Asset discovery search completed in 7.4330 seconds
[2016.03.22-08.58.26:559][ 16]LogD3D11RHI: InitD3DDevice
[2016.03.22-08.58.28:654][227]LogPlayLevel: PIE:  No blueprints needed recompiling
[2016.03.22-08.58.28:659][227]LogD3D11RHI: InitD3DDevice
[2016.03.22-08.59.11:429][313]LogD3D11RHI: InitD3DDevice
[2016.03.22-08.59.11:596][327]LogD3D11RHI: InitD3DDevice
[2016.03.22-08.59.11:707][337]LogD3D11RHI: InitD3DDevice
[2016.03.22-08.59.15:114][711]LogD3D11RHI: InitD3DDevice
[2016.03.22-08.59.16:134][816]LogD3D11RHI: InitD3DDevice
[2016.03.22-08.59.16:822][889]LogD3D11RHI: InitD3DDevice
[2016.03.22-08.59.18:181][ 44]LogD3D11RHI: InitD3DDevice
[2016.03.22-08.59.19:946][230]LogD3D11RHI: InitD3DDevice
[2016.03.22-08.59.20:498][286]LogD3D11RHI: InitD3DDevice
[2016.03.22-08.59.26:099][825]LogD3D11RHI: InitD3DDevice
[2016.03.22-08.59.26:712][888]LogD3D11RHI: InitD3DDevice
[2016.03.22-08.59.28:096][ 38]LogD3D11RHI: InitD3DDevice
[2016.03.22-08.59.28:893][126]LogD3D11RHI: InitD3DDevice
[2016.03.22-08.59.28:937][128]LogD3D11RHI: InitD3DDevice
[2016.03.22-08.59.32:968][561]LogD3D11RHI: InitD3DDevice
[2016.03.22-08.59.35:004][781]LogD3D11RHI: InitD3DDevice
[2016.03.22-08.59.36:009][893]LogD3D11RHI: InitD3DDevice
[2016.03.22-08.59.55:239][850]LogPlayLevel: PIE:  No blueprints needed recompiling
[2016.03.22-08.59.55:242][850]LogD3D11RHI: InitD3DDevice
[2016.03.22-09.00.09:509][992]LogD3D11RHI: InitD3DDevice
[2016.03.22-09.00.09:658][992]LogD3D11RHI: InitD3DDevice
[2016.03.22-09.00.09:893][992]LogLinker:Warning: Asset '../../../Engine/Content/ArtTools/RenderToTexture/Macros/RenderToTextureMacros.uasset' has been saved with empty engine version. The asset will be loaded but may be incompatible.
[2016.03.22-09.00.09:990][992]LogLinker:Warning: Asset '../../../Engine/Content/ArtTools/RenderToTexture/Enums/RenderToTexture_Enum.uasset' has been saved with empty engine version. The asset will be loaded but may be incompatible.
[2016.03.22-09.00.21:845][559]LogD3D11RHI: InitD3DDevice
[2016.03.22-09.00.44:284][584]BlueprintLog: New page: Compile GG
[2016.03.22-09.00.44:691][584]LogActorComponent: UnregisterComponent: (/Engine/Transient.CharMoveComp) Not registered. Aborting.
[2016.03.22-09.00.44:698][584]LogActorComponent: UnregisterComponent: (/Engine/Transient.RotatingMovement0C812BA34D0DD21FB12D1D9A948423D7) Not registered. Aborting.
[2016.03.22-09.00.44:698][584]LogActorComponent: UnregisterComponent: (/Engine/Transient.RotatingMovementComponent_0) Not registered. Aborting.
[2016.03.22-09.00.45:087][584]BlueprintEditorCompileResults: Info The execution path doesn't end with a return node.  Cast Failed 
[2016.03.22-09.00.45:087][584]BlueprintEditorCompileResults: Info The execution path doesn't end with a return node.  Cast Failed 
[2016.03.22-09.00.45:087][584]BlueprintEditorCompileResults: Info The execution path doesn't end with a return node.  Cast Failed 
[2016.03.22-09.00.45:087][584]BlueprintEditorCompileResults: Info [0151.72] Compile of GG successful! [in 802 ms]
[2016.03.22-09.00.46:315][716]LogD3D11RHI: InitD3DDevice
[2016.03.22-09.00.59:169][ 66]LogPlayLevel: PIE:  No blueprints needed recompiling
[2016.03.22-09.00.59:312][ 66]PIE: New page: PIE session: RunnerMapTest (Mar 21, 2016, 7:00:59 PM)
[2016.03.22-09.00.59:313][ 66]LogPlayLevel: Creating play world package: /Game/SpiritRunner/Maps/UEDPIE_0_RunnerMapTest
[2016.03.22-09.00.59:369][ 66]LogPlayLevel: PIE: StaticDuplicateObject took: (0.055536s)
[2016.03.22-09.00.59:370][ 66]LogAIModule: Creating AISystem for world RunnerMapTest
[2016.03.22-09.00.59:371][ 66]LogPlayLevel: PIE: World Init took: (0.001802s)
[2016.03.22-09.00.59:371][ 66]LogPlayLevel: PIE: Created PIE world by copying editor world from /Game/SpiritRunner/Maps/RunnerMapTest.RunnerMapTest to /Game/SpiritRunner/Maps/UEDPIE_0_RunnerMapTest.RunnerMapTest (0.058228s)
[2016.03.22-09.00.59:371][ 66]LogActorComponent: UnregisterComponent: (/Engine/Transient.CharMoveComp) Not registered. Aborting.
[2016.03.22-09.00.59:374][ 66]LogActorComponent: UnregisterComponent: (/Engine/Transient.RotatingMovement0C812BA34D0DD21FB12D1D9A948423D7) Not registered. Aborting.
[2016.03.22-09.00.59:374][ 66]LogActorComponent: UnregisterComponent: (/Engine/Transient.RotatingMovementComponent_1) Not registered. Aborting.
[2016.03.22-09.00.59:471][ 66]LogInit: XAudio2 using 'Speakers (Turtle Beach P11 Headset)' : 2 channels at 48 kHz using 16 bits per sample (channel mask 0x3)
[2016.03.22-09.00.59:477][ 66]LogInit: FAudioDevice initialized.
[2016.03.22-09.00.59:615][ 66]LogWorld: Game class is 'RunGameMode_C'
[2016.03.22-09.00.59:646][ 66]LogWorld: Bringing World /Game/SpiritRunner/Maps/UEDPIE_0_RunnerMapTest.RunnerMapTest up for play (max tick rate 0) at 2016.03.22-02.00.59
[2016.03.22-09.00.59:646][ 66]LogActor:Warning: GameSession /Game/SpiritRunner/Maps/UEDPIE_0_RunnerMapTest.RunnerMapTest:PersistentLevel.GameSession_0 has natively added scene component(s), but none of them were set as the actor's RootComponent - picking one arbitrarily
[2016.03.22-09.00.59:654][ 66]LogActor:Warning: GameNetworkManager /Game/SpiritRunner/Maps/UEDPIE_0_RunnerMapTest.RunnerMapTest:PersistentLevel.GameNetworkManager_0 has natively added scene component(s), but none of them were set as the actor's RootComponent - picking one arbitrarily
[2016.03.22-09.00.59:672][ 66]LogWorld: Bringing up level for play took: 0.031869
[2016.03.22-09.00.59:990][ 66]LogBlueprintUserMessages:Warning: SetTimer passed a bad function (None) or object (RunCharacter_C_0)
[2016.03.22-09.01.00:483][ 66]PIE: Info Play in editor start time for /Game/SpiritRunner/Maps/UEDPIE_0_RunnerMapTest 1.613
[2016.03.22-09.01.04:573][337]LogAudio:Warning: Detected orphaned looping sound 'runningFinal_Cue'.
[2016.03.22-09.01.15:802][171]Cmd: RestartLevel
[2016.03.22-09.01.15:917][172]LogNet: Browse: /Game/SpiritRunner/Maps/RunnerMapTest?restart
[2016.03.22-09.01.15:917][172]LogLoad: LoadMap: /Game/SpiritRunner/Maps/RunnerMapTest
[2016.03.22-09.01.16:077][172]LogParticles: Destroying 0 GPU particle simulations for FXSystem 0x0000000029F85A80
[2016.03.22-09.01.16:164][172]Cmd: MEM
[2016.03.22-09.01.16:207][172]LogMemory: Platform Memory Stats for Windows
[2016.03.22-09.01.16:207][172]LogMemory: Process Physical Memory: 997.44 MB used, 1001.08 MB peak
[2016.03.22-09.01.16:207][172]LogMemory: Process Virtual Memory: 1776.86 MB used, 1780.89 MB peak
[2016.03.22-09.01.16:207][172]LogMemory: Physical Memory: 7473.35 MB used, 8108.02 MB total
[2016.03.22-09.01.16:207][172]LogMemory: Virtual Memory: 2399.77 MB used, 8388608.00 MB total
[2016.03.22-09.01.16:207][172]LogMemory: 
[2016.03.22-09.01.16:207][172]Allocator Stats for TBB: (not implemented)
[2016.03.22-09.01.16:217][172]LogPlayLevel: Creating play world package: /Game/SpiritRunner/Maps/UEDPIE_0_RunnerMapTest
[2016.03.22-09.01.16:219][172]LogPlayLevel: PIE: StaticDuplicateObject took: (0.002400s)
[2016.03.22-09.01.16:220][172]LogAIModule: Creating AISystem for world RunnerMapTest
[2016.03.22-09.01.16:221][172]LogPlayLevel: PIE: World Init took: (0.001617s)
[2016.03.22-09.01.16:221][172]LogPlayLevel: PIE: Created PIE world by copying editor world from /Game/SpiritRunner/Maps/RunnerMapTest.RunnerMapTest to /Game/SpiritRunner/Maps/UEDPIE_0_RunnerMapTest.RunnerMapTest (0.004206s)
[2016.03.22-09.01.16:221][172]LogWorld: Game class is 'RunGameMode_C'
[2016.03.22-09.01.16:224][172]LogWorld: Bringing World /Game/SpiritRunner/Maps/UEDPIE_0_RunnerMapTest.RunnerMapTest up for play (max tick rate 0) at 2016.03.22-02.01.16
[2016.03.22-09.01.16:224][172]LogActor:Warning: GameSession /Game/SpiritRunner/Maps/UEDPIE_0_RunnerMapTest.RunnerMapTest:PersistentLevel.GameSession_1 has natively added scene component(s), but none of them were set as the actor's RootComponent - picking one arbitrarily
[2016.03.22-09.01.16:224][172]LogActor:Warning: GameNetworkManager /Game/SpiritRunner/Maps/UEDPIE_0_RunnerMapTest.RunnerMapTest:PersistentLevel.GameNetworkManager_1 has natively added scene component(s), but none of them were set as the actor's RootComponent - picking one arbitrarily
[2016.03.22-09.01.16:225][172]LogWorld: Bringing up level for play took: 0.001793
[2016.03.22-09.01.16:227][172]LogBlueprintUserMessages:Warning: SetTimer passed a bad function (None) or object (RunCharacter_C_1)
[2016.03.22-09.01.18:562][303]LogParticles: Destroying 0 GPU particle simulations for FXSystem 0x00000000215F6340
[2016.03.22-09.01.36:539][540]LogPlayLevel: PIE:  No blueprints needed recompiling
[2016.03.22-09.01.36:539][540]PIE: New page: PIE session: RunnerMapTest (Mar 21, 2016, 7:01:36 PM)
[2016.03.22-09.01.36:539][540]LogPlayLevel: Creating play world package: /Game/SpiritRunner/Maps/UEDPIE_0_RunnerMapTest
[2016.03.22-09.01.36:542][540]LogPlayLevel: PIE: StaticDuplicateObject took: (0.002523s)
[2016.03.22-09.01.36:542][540]LogAIModule: Creating AISystem for world RunnerMapTest
[2016.03.22-09.01.36:543][540]LogPlayLevel: PIE: World Init took: (0.001028s)
[2016.03.22-09.01.36:543][540]LogPlayLevel: PIE: Created PIE world by copying editor world from /Game/SpiritRunner/Maps/RunnerMapTest.RunnerMapTest to /Game/SpiritRunner/Maps/UEDPIE_0_RunnerMapTest.RunnerMapTest (0.003754s)
[2016.03.22-09.01.36:543][540]LogActorComponent: UnregisterComponent: (/Engine/Transient.CharMoveComp) Not registered. Aborting.
[2016.03.22-09.01.36:544][540]LogActorComponent: UnregisterComponent: (/Engine/Transient.RotatingMovement0C812BA34D0DD21FB12D1D9A948423D7) Not registered. Aborting.
[2016.03.22-09.01.36:544][540]LogActorComponent: UnregisterComponent: (/Engine/Transient.RotatingMovementComponent_2) Not registered. Aborting.
[2016.03.22-09.01.36:586][540]LogInit: XAudio2 using 'Speakers (Turtle Beach P11 Headset)' : 2 channels at 48 kHz using 16 bits per sample (channel mask 0x3)
[2016.03.22-09.01.36:591][540]LogInit: FAudioDevice initialized.
[2016.03.22-09.01.36:621][540]LogWorld: Game class is 'RunGameMode_C'
[2016.03.22-09.01.36:624][540]LogWorld: Bringing World /Game/SpiritRunner/Maps/UEDPIE_0_RunnerMapTest.RunnerMapTest up for play (max tick rate 0) at 2016.03.22-02.01.36
[2016.03.22-09.01.36:624][540]LogActor:Warning: GameSession /Game/SpiritRunner/Maps/UEDPIE_0_RunnerMapTest.RunnerMapTest:PersistentLevel.GameSession_2 has natively added scene component(s), but none of them were set as the actor's RootComponent - picking one arbitrarily
[2016.03.22-09.01.36:625][540]LogActor:Warning: GameNetworkManager /Game/SpiritRunner/Maps/UEDPIE_0_RunnerMapTest.RunnerMapTest:PersistentLevel.GameNetworkManager_2 has natively added scene component(s), but none of them were set as the actor's RootComponent - picking one arbitrarily
[2016.03.22-09.01.36:625][540]LogWorld: Bringing up level for play took: 0.001982
[2016.03.22-09.01.36:627][540]LogBlueprintUserMessages:Warning: SetTimer passed a bad function (None) or object (RunCharacter_C_2)
[2016.03.22-09.01.36:923][540]PIE: Info Play in editor start time for /Game/SpiritRunner/Maps/UEDPIE_0_RunnerMapTest 0.052
[2016.03.22-09.01.43:527][  4]LogAudio:Warning: Detected orphaned looping sound 'runningFinal_Cue'.
[2016.03.22-09.01.48:031][273]LogParticles: Destroying 0 GPU particle simulations for FXSystem 0x0000000029588EA0
[2016.03.22-09.06.04:048][619]LogD3D11RHI: InitD3DDevice
[2016.03.22-09.06.04:570][619]LogActor:Warning: GameNetworkManager /Engine/Transient.World_5:PersistentLevel.GameNetworkManager_3 has natively added scene component(s), but none of them were set as the actor's RootComponent - picking one arbitrarily
[2016.03.22-09.06.11:697][424]LogPlayLevel: PIE:  No blueprints needed recompiling
[2016.03.22-09.06.11:697][424]PIE: New page: PIE session: RunnerMapTest (Mar 21, 2016, 7:06:11 PM)
[2016.03.22-09.06.11:697][424]LogPlayLevel: Creating play world package: /Game/SpiritRunner/Maps/UEDPIE_0_RunnerMapTest
[2016.03.22-09.06.11:699][424]LogPlayLevel: PIE: StaticDuplicateObject took: (0.002052s)
[2016.03.22-09.06.11:700][424]LogAIModule: Creating AISystem for world RunnerMapTest
[2016.03.22-09.06.11:700][424]LogPlayLevel: PIE: World Init took: (0.000986s)
[2016.03.22-09.06.11:700][424]LogPlayLevel: PIE: Created PIE world by copying editor world from /Game/SpiritRunner/Maps/RunnerMapTest.RunnerMapTest to /Game/SpiritRunner/Maps/UEDPIE_0_RunnerMapTest.RunnerMapTest (0.003225s)
[2016.03.22-09.06.11:700][424]LogActorComponent: UnregisterComponent: (/Engine/Transient.CharMoveComp) Not registered. Aborting.
[2016.03.22-09.06.11:702][424]LogActorComponent: UnregisterComponent: (/Engine/Transient.RotatingMovement0C812BA34D0DD21FB12D1D9A948423D7) Not registered. Aborting.
[2016.03.22-09.06.11:702][424]LogActorComponent: UnregisterComponent: (/Engine/Transient.RotatingMovementComponent_3) Not registered. Aborting.
[2016.03.22-09.06.11:760][424]LogInit: XAudio2 using 'Speakers (Turtle Beach P11 Headset)' : 2 channels at 48 kHz using 16 bits per sample (channel mask 0x3)
[2016.03.22-09.06.11:764][424]LogInit: FAudioDevice initialized.
[2016.03.22-09.06.11:767][424]LogD3D11RHI: InitD3DDevice
[2016.03.22-09.06.11:819][424]LogWorld: Game class is 'RunGameMode_C'
[2016.03.22-09.06.11:821][424]LogWorld: Bringing World /Game/SpiritRunner/Maps/UEDPIE_0_RunnerMapTest.RunnerMapTest up for play (max tick rate 0) at 2016.03.22-02.06.11
[2016.03.22-09.06.11:821][424]LogActor:Warning: GameSession /Game/SpiritRunner/Maps/UEDPIE_0_RunnerMapTest.RunnerMapTest:PersistentLevel.G