[2015.09.12-04.42.40:756][  0]Log file open, 09/11/15 21:42:40
[2015.09.12-04.42.40:756][  0]LogInit:Display: Running engine for game: SpiritRunner
[2015.09.12-04.42.40:756][  0]LogInit:Display: RandInit(1684045941) SRandInit(1684045941).
[2015.09.12-04.42.40:756][  0]LogTaskGraph: Started task graph with 4 named threads and 7 total threads.
[2015.09.12-04.42.40:756][  0]LogStats: Stats thread started
[2015.09.12-04.42.40:756][  0]LogInit: Version: 4.8.3-2634408+++depot+UE4-Releases+4.8
[2015.09.12-04.42.40:756][  0]LogInit: API Version: 2579680
[2015.09.12-04.42.40:756][  0]LogInit: Compiled (64-bit): Jul 27 2015 16:24:33
[2015.09.12-04.42.40:756][  0]LogInit: Compiled with Visual C++: 18.00.21005.01
[2015.09.12-04.42.40:756][  0]LogInit: Build Configuration: Development
[2015.09.12-04.42.40:756][  0]LogInit: Branch Name: ++depot+UE4-Releases+4.8
[2015.09.12-04.42.40:756][  0]LogInit: Command line: 
[2015.09.12-04.42.40:756][  0]LogInit: Base directory: G:/Programs/Epic Games/4.8/Engine/Binaries/Win64/
[2015.09.12-04.42.40:756][  0]LogInit: Rocket: 1
[2015.09.12-04.42.40:768][  0]LogInit: Using libcurl 7.41.0
[2015.09.12-04.42.40:768][  0]LogInit:  - built for x86_64-pc-win32
[2015.09.12-04.42.40:768][  0]LogInit:  - supports SSL with WinSSL
[2015.09.12-04.42.40:768][  0]LogInit:  - other features:
[2015.09.12-04.42.40:768][  0]LogInit:      CURL_VERSION_SSL
[2015.09.12-04.42.40:768][  0]LogInit:      CURL_VERSION_IPV6
[2015.09.12-04.42.40:768][  0]LogInit:      CURL_VERSION_ASYNCHDNS
[2015.09.12-04.42.40:768][  0]LogInit:      CURL_VERSION_LARGEFILE
[2015.09.12-04.42.40:768][  0]LogInit:      CURL_VERSION_IDN
[2015.09.12-04.42.40:768][  0]LogInit:  CurlRequestOptions (configurable via config and command line):
[2015.09.12-04.42.40:768][  0]LogInit:  - bVerifyPeer = true  - Libcurl will verify peer certificate
[2015.09.12-04.42.40:768][  0]LogInit:  - bUseHttpProxy = false  - Libcurl will NOT use HTTP proxy
[2015.09.12-04.42.40:768][  0]LogInit:  - bDontReuseConnections = false  - Libcurl will reuse connections
[2015.09.12-04.42.40:768][  0]LogInit:  - CertBundlePath = nullptr  - Libcurl will use whatever was configured at build time.
[2015.09.12-04.42.40:777][  0]LogOnline:Warning: No default platform service specified for OnlineSubsystem
[2015.09.12-04.42.40:788][  0]LogInit: Presizing for 0 objects not considered by GC, pre-allocating 0 bytes.
[2015.09.12-04.42.40:792][  0]LogInit: Object subsystem initialized
[2015.09.12-04.42.40:793][  0]LogConsoleResponse:Warning: Skipping Unknown console variable: 'TranslucentSortAxis = (X=0.000000,Y=-1.000000,Z=0.000000)'
[2015.09.12-04.42.40:793][  0]LogConsoleResponse:Warning:   Found in ini file 'C:/Users/John/Documents/GitHub/spiritrunner/SpiritRunner/Saved/Config/Windows/Engine.ini', in section '[/Script/Engine.RendererSettings]'
[2015.09.12-04.42.40:793][  0]LogConsoleResponse:Warning: Skipping Unknown console variable: 'UIScaleRule = ShortestSide'
[2015.09.12-04.42.40:793][  0]LogConsoleResponse:Warning:   Found in ini file 'C:/Users/John/Documents/GitHub/spiritrunner/SpiritRunner/Saved/Config/Windows/Engine.ini', in section '[/Script/Engine.RendererSettings]'
[2015.09.12-04.42.40:793][  0]LogConsoleResponse:Warning: Skipping Unknown console variable: 'UIScaleCurve = (EditorCurveData=(Keys=),ExternalCurve=None)'
[2015.09.12-04.42.40:793][  0]LogConsoleResponse:Warning:   Found in ini file 'C:/Users/John/Documents/GitHub/spiritrunner/SpiritRunner/Saved/Config/Windows/Engine.ini', in section '[/Script/Engine.RendererSettings]'
[2015.09.12-04.42.40:793][  0]LogInit: Selected Device Profile: [Windows]
[2015.09.12-04.42.40:793][  0]LogInit: Applying CVar settings loaded from the selected device profile: [Windows]
[2015.09.12-04.42.40:798][  0]LogInit: Computer: JOHN-PC
[2015.09.12-04.42.40:798][  0]LogInit: User: John
[2015.09.12-04.42.40:798][  0]LogInit: CPU Page size=4096, Cores=4
[2015.09.12-04.42.40:798][  0]LogInit: High frequency timer resolution =3.906298 MHz
[2015.09.12-04.42.40:798][  0]LogMemory: Memory total: Physical=7.9GB (8GB approx)
[2015.09.12-04.42.40:798][  0]LogMemory: Platform Memory Stats for Windows
[2015.09.12-04.42.40:798][  0]LogMemory: Process Physical Memory: 50.56 MB used, 50.56 MB peak
[2015.09.12-04.42.40:798][  0]LogMemory: Process Virtual Memory: 23.27 MB used, 24.12 MB peak
[2015.09.12-04.42.40:798][  0]LogMemory: Physical Memory: 4581.77 MB used, 8108.02 MB total
[2015.09.12-04.42.40:798][  0]LogMemory: Virtual Memory: 282.25 MB used, 8388608.00 MB total
[2015.09.12-04.42.40:825][  0]LogTextLocalizationManager: The requested culture ('en_US') has no localization data; parent culture's ('en') localization data will be used.
[2015.09.12-04.42.40:967][  0]LogTextLocalizationManager:Warning: Loaded localization resources contain conflicting entries for (Namespace:ContentBrowser, Key:ImportAssetToolTip):
Localization Resource: (G:/Programs/Epic Games/4.8/Engine/Content/Localization/Editor/en/Editor.locres) Source String Hash: (-630476809) Localized String: (Import to {0}...)
Localization Resource: (G:/Programs/Epic Games/4.8/Engine/Content/Localization/Editor/en/Editor.locres) Source String Hash: (1271782899) Localized String: (Imports an asset from file to this folder.)
[2015.09.12-04.42.41:296][  0]LogD3D11RHI: Found D3D11 adapter 0: NVIDIA GeForce GTX 970 (Feature Level 11_0)
[2015.09.12-04.42.41:296][  0]LogD3D11RHI: Adapter has 4008MB of dedicated video memory, 0MB of dedicated system memory, and 3798MB of shared system memory, 1 output[s]
[2015.09.12-04.42.41:302][  0]LogD3D11RHI: Found D3D11 adapter 1: Intel(R) HD Graphics 4600 (Feature Level 11_0)
[2015.09.12-04.42.41:302][  0]LogD3D11RHI: Adapter has 64MB of dedicated video memory, 0MB of dedicated system memory, and 1632MB of shared system memory, 0 output[s]
[2015.09.12-04.42.41:302][  0]LogD3D11RHI: Chosen D3D11 Adapter Id = 0
[2015.09.12-04.42.41:308][  0]LogD3D11RHI: InitD3DDevice
[2015.09.12-04.42.41:308][  0]LogD3D11RHI: !Direct3DDevice
[2015.09.12-04.42.41:308][  0]LogRHI: Texture pool is 1361 MB (70% of 1945 MB)
[2015.09.12-04.42.41:314][  0]LogD3D11RHI: Async texture creation enabled
[2015.09.12-04.42.41:326][  0]LogShaderCompilers:Display: Using Local Shader Compiler.
[2015.09.12-04.42.41:988][  0]LogTemp:Display: Loaded TP DesktopTargetPlatform
[2015.09.12-04.42.41:999][  0]LogTemp:Display: Loaded TP WindowsClientTargetPlatform
[2015.09.12-04.42.42:011][  0]LogTemp:Display: Loaded TP WindowsNoEditorTargetPlatform
[2015.09.12-04.42.42:023][  0]LogTemp:Display: Loaded TP WindowsServerTargetPlatform
[2015.09.12-04.42.42:036][  0]LogTemp:Display: Loaded TP WindowsTargetPlatform
[2015.09.12-04.42.42:046][  0]LogTemp:Display: Loaded TP AndroidTargetPlatform
[2015.09.12-04.42.42:056][  0]LogTemp:Display: Loaded TP Android_ASTCTargetPlatform
[2015.09.12-04.42.42:066][  0]LogTemp:Display: Loaded TP Android_ATCTargetPlatform
[2015.09.12-04.42.42:076][  0]LogTemp:Display: Loaded TP Android_DXTTargetPlatform
[2015.09.12-04.42.42:087][  0]LogTemp:Display: Loaded TP Android_ETC1TargetPlatform
[2015.09.12-04.42.42:097][  0]LogTemp:Display: Loaded TP Android_ETC2TargetPlatform
[2015.09.12-04.42.42:107][  0]LogTemp:Display: Loaded TP Android_PVRTCTargetPlatform
[2015.09.12-04.42.42:147][  0]LogTemp:Display: Loaded TP IOSTargetPlatform
[2015.09.12-04.42.42:156][  0]LogTemp:Display: Loaded TP LinuxNoEditorTargetPlatform
[2015.09.12-04.42.42:166][  0]LogTemp:Display: Loaded TP LinuxServerTargetPlatform
[2015.09.12-04.42.42:177][  0]LogTemp:Display: Loaded TP LinuxTargetPlatform
[2015.09.12-04.42.42:177][  0]LogTargetPlatformManager:Display: Building Assets For Windows
[2015.09.12-04.42.42:343][  0]LogDerivedDataCache:Display: Max Cache Size: 512 MB
[2015.09.12-04.42.42:386][  0]LogDerivedDataCache: Loaded boot cache 0.04s 53MB C:/Users/John/AppData/Local/UnrealEngine/4.8/DerivedDataCache/Boot.ddc.
[2015.09.12-04.42.42:386][  0]LogDerivedDataCache:Display: Loaded Boot cache: C:/Users/John/AppData/Local/UnrealEngine/4.8/DerivedDataCache/Boot.ddc
[2015.09.12-04.42.42:386][  0]LogDerivedDataCache: FDerivedDataBackendGraph:  Pak pak cache file C:/Users/John/Documents/GitHub/spiritrunner/SpiritRunner/DerivedDataCache/DDC.ddp not found, will not use a pak cache.
[2015.09.12-04.42.42:386][  0]LogDerivedDataCache: Unable to find inner node Pak for hierarchical cache Hierarchy.
[2015.09.12-04.42.42:386][  0]LogDerivedDataCache: FDerivedDataBackendGraph:  CompressedPak pak cache file C:/Users/John/Documents/GitHub/spiritrunner/SpiritRunner/DerivedDataCache/Compressed.ddp not found, will not use a pak cache.
[2015.09.12-04.42.42:386][  0]LogDerivedDataCache: Unable to find inner node CompressedPak for hierarchical cache Hierarchy.
[2015.09.12-04.42.42:497][  0]LogDerivedDataCache:Display: Pak cache opened for reading ../../../Engine/DerivedDataCache/Compressed.ddp.
[2015.09.12-04.42.42:508][  0]LogDerivedDataCache: Using Local data cache path C:/Users/John/AppData/Local/UnrealEngine/Common/DerivedDataCache: Writable
[2015.09.12-04.42.42:640][  0]LogInit: Selected Device Profile: [Windows]
[2015.09.12-04.42.42:645][  0]ImportText (ComponentSweepMultiTests): Missing closing parenthesis: (RootShapeAsset="/Engine/BasicShapes/Cube.Cube",ShapeType="TriggerCapsule",HitResult=(Time=0.50,Location=(X=-100.000015,Y=0.0,Z=100.000015),ImpactPoint=(X=-50.0,Y=0.0,Z=50.0),Normal=(X=-1.0,Y=-0.0,Z=0.0),ImpactNormal=(X=0.0,Y=0.0,Z=1.0),TraceStart=(X=-200.0,Y=0.0,Z=200.0),TraceEnd=(X=0.0,Y=0.0,Z=0.0))
[2015.09.12-04.42.42:645][  0]ImportText (LineTraceSingleByChannelTests): Missing closing parenthesis: (RootShapeAsset="/Engine/BasicShapes/Cube.Cube",HitResult=(Time=0.50,Location=(X=-100.000015,Y=0.0,Z=100.000015),ImpactPoint=(X=-50.0,Y=0.0,Z=50.0),Normal=(X=-1.0,Y=-0.0,Z=0.0),ImpactNormal=(X=0.0,Y=0.0,Z=1.0),TraceStart=(X=-200.0,Y=0.0,Z=200.0),TraceEnd=(X=0.0,Y=0.0,Z=0.0))
[2015.09.12-04.42.42:667][  0]LogMeshUtilities: No automatic mesh reduction module available
[2015.09.12-04.42.42:668][  0]LogMeshUtilities: No automatic mesh merging module available
[2015.09.12-04.42.42:956][  0]LogInit: WinSock: version 1.1 (2.2), MaxSocks=32767, MaxUdp=65467
[2015.09.12-04.42.43:682][  0]UdpMessaging: Initializing bridge on interface 0.0.0.0:0 to multicast group 230.0.0.1:6666.
[2015.09.12-04.42.43:984][  0]SourceControl: Info Source control is disabled
[2015.09.12-04.42.44:007][  0]SourceControl: Info Source control is disabled
[2015.09.12-04.42.44:017][  0]SourceControl: Info Source control is disabled
[2015.09.12-04.42.44:026][  0]SourceControl: Info Source control is disabled
[2015.09.12-04.42.44:210][  0]LogObj: 26273 objects as part of root set at end of initial load.
[2015.09.12-04.42.44:210][  0]LogUObjectAllocator: 5409248 out of 0 bytes used by permanent object pool.
[2015.09.12-04.42.44:266][  0]LogEngine: Initializing Engine...
[2015.09.12-04.42.44:267][  0]LogHMD: Can't find Oculus library dev build: is proper Runtime installed? Version: 0.6.0.0
[2015.09.12-04.42.44:268][  0]LogHMD:Warning: SteamVR failed to initialize.  Error: 110
[2015.09.12-04.42.44:373][  0]LogAIModule: Creating AISystem for world NewWorld
[2015.09.12-04.42.44:379][  0]LogInit: XAudio2 using 'Speakers (Turtle Beach P11 Headset)' : 2 channels at 48 kHz using 16 bits per sample (channel mask 0x3)
[2015.09.12-04.42.44:384][  0]LogInit: FAudioDevice initialized.
[2015.09.12-04.42.44:411][  0]LogDerivedDataCache: Saved boot cache 0.03s 53MB C:/Users/John/AppData/Local/UnrealEngine/4.8/DerivedDataCache/Boot.ddc.
[2015.09.12-04.42.44:416][  0]LogInit: Texture streaming: Disabled
[2015.09.12-04.42.44:435][  0]LogAnalytics: Creating configured Analytics provider AnalyticsET
[2015.09.12-04.42.44:435][  0]LogAnalytics: [UEEditor.Rocket.Release] APIServer = http://et2.epicgames.com/ET2/. AppVersion = 4.8.3-2634408+++depot+UE4-Releases+4.8
[2015.09.12-04.42.44:435][  0]LogAnalytics: [UEEditor.Rocket.Release] SetUserId 795ce0b24c6318a5324eaf839592b765|e87b0c418b154305b06c892317f44a4d|3e9e43dd-6daf-4b71-9a80-f4287aceb186
[2015.09.12-04.42.44:435][  0]LogAnalytics: [UEEditor.Rocket.Release] AnalyticsET::StartSession
[2015.09.12-04.42.44:469][  0]LogInit: Transaction tracking system initialized
[2015.09.12-04.42.44:584][  0]BlueprintLog: New page: Editor Load
[2015.09.12-04.42.44:617][  0]LogAssetRegistry: FAssetRegistry took 0.0096 seconds to start up
[2015.09.12-04.42.44:617][  0]LogDirectoryWatcher:Warning: Failed to begin reading directory changes for ../../../Engine/Plugins/Experimental/CharacterAI/Content/. Error: 0
[2015.09.12-04.42.45:132][  0]LogConsoleManager:Warning: Console variable 'r.VSync' wasn't set ('GameSetting' has a lower priority than 'SystemSettingsIni')
[2015.09.12-04.42.45:132][  0]LogConsoleResponse:Display: 
[2015.09.12-04.42.45:209][  0]LogCook:Display: Done creating registry. It took  0.00s.
[2015.09.12-04.42.45:368][  0]SourceControl: Info Source control is disabled
[2015.09.12-04.42.45:368][  0]Cmd: MAP LOAD FILE="C:/Users/John/Documents/GitHub/spiritrunner/SpiritRunner/Content/SpiritRunner/Maps/RunnerMapTest.umap" TEMPLATE=0 SHOWPROGRESS=1 FEATURELEVEL=3
[2015.09.12-04.42.45:369][  0]LightingResults: New page: Lighting Build
[2015.09.12-04.42.45:380][  0]MapCheck: New page: Map Check
[2015.09.12-04.42.45:380][  0]LightingResults: New page: Lighting Build
[2015.09.12-04.42.45:387][  0]LogParticles: Destroying 0 GPU particle simulations for FXSystem 0x000000001EB22F20
[2015.09.12-04.42.49:062][  0]LogAIModule: Creating AISystem for world RunnerMapTest
[2015.09.12-04.42.49:065][  0]LogEditorServer: Finished looking for orphan Actors (0.000 secs)
[2015.09.12-04.42.49:067][  0]Cmd: MAP CHECKDEP NOCLEARLOG
[2015.09.12-04.42.49:118][  0]MapCheck: Info Map check complete: 0 Error(s), 0 Warning(s), took 51.105ms to complete.
[2015.09.12-04.42.49:118][  0]LogFileHelpers: Loading map 'RunnerMapTest' took 3.750
[2015.09.12-04.42.49:318][  0]LogCollectionManager: Loaded 0 collections in 0.001902 seconds
[2015.09.12-04.42.49:323][  0]LogContentBrowser: Native class hierarchy populated in 0.0052 seconds. Added 1792 classes and 301 folders.
[2015.09.12-04.42.49:412][  0]LogContentBrowser: Native class hierarchy updated for 'WidgetCarousel' in 0.0003 seconds. Added 0 classes and 0 folders.
[2015.09.12-04.42.49:625][  0]LogContentBrowser: Native class hierarchy updated for 'AddContentDialog' in 0.0003 seconds. Added 0 classes and 0 folders.
[2015.09.12-04.42.49:673][  0]LogContentBrowser: Native class hierarchy updated for 'SceneOutliner' in 0.0003 seconds. Added 1 classes and 2 folders.
[2015.09.12-04.42.49:783][  0]LogCrashTracker: Crashtracker disabled due to settings.
[2015.09.12-04.42.49:784][  0]LogD3D11RHI: InitD3DDevice
[2015.09.12-04.42.49:788][  0]LogUObjectGlobals:Warning: Failed to find object 'Class None.'
[2015.09.12-04.42.49:809][  0]LogLoad: Full Startup: 9.95 seconds (BP compile: 1.06 seconds)
[2015.09.12-04.42.49:969][  0]LogContentStreaming: Texture pool size is 0.000000MB
[2015.09.12-04.42.50:007][  0]LogContentStreaming: Texture pool size now 1000 MB
[2015.09.12-04.42.50:258][  0]LogRenderer: Reallocating scene render targets to support 1208x576 (Frame:2).
[2015.09.12-04.42.50:383][  1]LogD3D11RHI: InitD3DDevice
[2015.09.12-04.42.50:833][ 10]LogAssetRegistry: Asset discovery search completed in 6.2255 seconds
[2015.09.12-04.42.50:880][ 11]LogD3D11RHI: InitD3DDevice
[2015.09.12-04.50.27:364][662]LogD3D11RHI: InitD3DDevice
[2015.09.12-04.50.27:472][662]LogLinker:Warning: Asset '../../../Engine/Content/ArtTools/RenderToTexture/Macros/RenderToTextureMacros.uasset' has been saved with empty engine version. The asset will be loaded but may be incompatible.
[2015.09.12-04.50.27:529][662]LogLinker:Warning: Asset '../../../Engine/Content/ArtTools/RenderToTexture/Enums/RenderToTexture_Enum.uasset' has been saved with empty engine version. The asset will be loaded but may be incompatible.
[2015.09.12-04.51.07:244][467]LogRenderer: Reallocating scene render targets to support 1208x712 (Frame:3737).
[2015.09.12-04.51.28:790][643]LogD3D11RHI: InitD3DDevice
[2015.09.12-04.51.28:803][643]LogD3D11RHI: InitD3DDevice
[2015.09.12-04.51.54:629][892]LogPlayLevel: PIE:  No blueprints needed recompiling
[2015.09.12-04.51.54:713][892]PIE: New page: PIE session: RunnerMapTest (Sep 11, 2015, 2:51:54 PM)
[2015.09.12-04.51.54:714][892]LogPlayLevel: Creating play world package: /Game/SpiritRunner/Maps/UEDPIE_0_RunnerMapTest
[2015.09.12-04.51.54:722][892]LogPlayLevel: PIE: StaticDuplicateObject took: (0.008084s)
[2015.09.12-04.51.54:723][892]LogAIModule: Creating AISystem for world RunnerMapTest
[2015.09.12-04.51.54:725][892]LogPlayLevel: PIE: World Init took: (0.002823s)
[2015.09.12-04.51.54:725][892]LogPlayLevel: PIE: Created PIE world by copying editor world from /Game/SpiritRunner/Maps/RunnerMapTest.RunnerMapTest to /Game/SpiritRunner/Maps/UEDPIE_0_RunnerMapTest.RunnerMapTest (0.011525s)
[2015.09.12-04.51.54:725][892]LogActorComponent: UnregisterComponent: (/Engine/Transient.CharMoveComp) Not registered. Aborting.
[2015.09.12-04.51.54:727][892]LogActorComponent: UnregisterComponent: (/Engine/Transient.RotatingMovement0C812BA34D0DD21FB12D1D9A948423D7) Not registered. Aborting.
[2015.09.12-04.51.54:727][892]LogActorComponent: UnregisterComponent: (/Engine/Transient.RotatingMovementComponent_0) Not registered. Aborting.
[2015.09.12-04.51.54:728][892]LogActorComponent: UnregisterComponent: (/Engine/Transient.CharacterMovementComponent_0) Not registered. Aborting.
[2015.09.12-04.51.54:798][892]LogParticles: Destroying 0 GPU particle simulations for FXSystem 0x000000000CEACFE0
[2015.09.12-04.51.54:931][892]LogInit: XAudio2 using 'Speakers (Turtle Beach P11 Headset)' : 2 channels at 48 kHz using 16 bits per sample (channel mask 0x3)
[2015.09.12-04.51.54:935][892]LogInit: FAudioDevice initialized.
[2015.09.12-04.51.55:049][892]LogWorld: Game class is 'RunGameMode_C'
[2015.09.12-04.51.55:053][892]LogWorld: Bringing World /Game/SpiritRunner/Maps/UEDPIE_0_RunnerMapTest.RunnerMapTest up for play (max tick rate 0) at 2015.09.11-21.51.55
[2015.09.12-04.51.55:053][892]LogActor:Warning: GameSession /Game/SpiritRunner/Maps/UEDPIE_0_RunnerMapTest.RunnerMapTest:PersistentLevel.GameSession_0 has natively added scene component(s), but none of them were set as the actor's RootComponent - picking one arbitrarily
[2015.09.12-04.51.55:053][892]LogActor:Warning: GameNetworkManager /Game/SpiritRunner/Maps/UEDPIE_0_RunnerMapTest.RunnerMapTest:PersistentLevel.GameNetworkManager_0 has natively added scene component(s), but none of them were set as the actor's RootComponent - picking one arbitrarily
[2015.09.12-04.51.55:053][892]LogWorld: Bringing up level for play took: 0.002297
[2015.09.12-04.51.55:089][892]PIE: Info Play in editor start time for /Game/SpiritRunner/Maps/UEDPIE_0_RunnerMapTest 0.294
[2015.09.12-04.51.55:103][892]LogScript:Warning: Divide by zero: Divide_FloatFloat
[2015.09.12-04.51.55:103][892]LogScript:Warning: Divide by zero: Divide_FloatFloat
[2015.09.12-04.51.55:145][893]LogCharacterMovement:Warning: GetSimulationTimeStep() - Max iterations 8 hit while remaining time 0.067796 > MaxSimulationTimeStep (0.050) for 'RunCharacter_C_1'
[2015.09.12-04.52.02:172][419]LogParticles: Destroying 0 GPU particle simulations for FXSystem 0x0000000026142FC0
[2015.09.12-04.52.02:185][419]LogD3D11RHI: InitD3DDevice
[2015.09.12-04.52.05:289][554]LogParticles: Destroying 0 GPU particle simulations for FXSystem 0x000000004E4CB740
[2015.09.12-04.52.51:880][926]LogD3D11RHI: InitD3DDevice
[2015.09.12-04.53.03:884][962]LogD3D11RHI: InitD3DDevice
[2015.09.12-04.53.04:050][962]LogActorComponent: UnregisterComponent: (/Engine/Transient.CharMoveComp) Not registered. Aborting.
[2015.09.12-04.53.04:050][962]LogActorComponent: UnregisterComponent: (/Engine/Transient.RotatingMovement0C812BA34D0DD21FB12D1D9A948423D7) Not registered. Aborting.
[2015.09.12-04.53.04:050][962]LogActorComponent: UnregisterComponent: (/Engine/Transient.RotatingMovementComponent_1) Not registered. Aborting.
[2015.09.12-04.53.04:050][962]LogActorComponent: UnregisterComponent: (/Engine/Transient.CharacterMovementComponent_1) Not registered. Aborting.
[2015.09.12-04.53.04:076][962]LogFileHelpers: Editor autosave (incl. sublevels) for '/Game/SpiritRunner/Maps/RunnerMapTest' took 0.026
[2015.09.12-04.53.04:080][96