[2016.01.08-09.22.21:129][  0]Log file open, 01/08/16 01:22:21
[2016.01.08-09.22.21:129][  0]LogInit:Display: Running engine for game: SpiritRunner
[2016.01.08-09.22.21:129][  0]LogInit:Display: RandInit(1728267906) SRandInit(1728267906).
[2016.01.08-09.22.21:129][  0]LogTaskGraph: Started task graph with 4 named threads and 7 total threads.
[2016.01.08-09.22.21:129][  0]LogStats: Stats thread started
[2016.01.08-09.22.21:129][  0]LogInit: Version: 4.8.3-2634408+++depot+UE4-Releases+4.8
[2016.01.08-09.22.21:129][  0]LogInit: API Version: 2579680
[2016.01.08-09.22.21:129][  0]LogInit: Compiled (64-bit): Jul 27 2015 16:24:33
[2016.01.08-09.22.21:129][  0]LogInit: Compiled with Visual C++: 18.00.21005.01
[2016.01.08-09.22.21:129][  0]LogInit: Build Configuration: Development
[2016.01.08-09.22.21:129][  0]LogInit: Branch Name: ++depot+UE4-Releases+4.8
[2016.01.08-09.22.21:129][  0]LogInit: Command line: 
[2016.01.08-09.22.21:129][  0]LogInit: Base directory: G:/Programs/Epic Games/4.8/Engine/Binaries/Win64/
[2016.01.08-09.22.21:129][  0]LogInit: Rocket: 1
[2016.01.08-09.22.21:142][  0]LogInit: Using libcurl 7.41.0
[2016.01.08-09.22.21:142][  0]LogInit:  - built for x86_64-pc-win32
[2016.01.08-09.22.21:142][  0]LogInit:  - supports SSL with WinSSL
[2016.01.08-09.22.21:142][  0]LogInit:  - other features:
[2016.01.08-09.22.21:142][  0]LogInit:      CURL_VERSION_SSL
[2016.01.08-09.22.21:142][  0]LogInit:      CURL_VERSION_IPV6
[2016.01.08-09.22.21:142][  0]LogInit:      CURL_VERSION_ASYNCHDNS
[2016.01.08-09.22.21:142][  0]LogInit:      CURL_VERSION_LARGEFILE
[2016.01.08-09.22.21:142][  0]LogInit:      CURL_VERSION_IDN
[2016.01.08-09.22.21:143][  0]LogInit:  CurlRequestOptions (configurable via config and command line):
[2016.01.08-09.22.21:143][  0]LogInit:  - bVerifyPeer = true  - Libcurl will verify peer certificate
[2016.01.08-09.22.21:143][  0]LogInit:  - bUseHttpProxy = false  - Libcurl will NOT use HTTP proxy
[2016.01.08-09.22.21:143][  0]LogInit:  - bDontReuseConnections = false  - Libcurl will reuse connections
[2016.01.08-09.22.21:143][  0]LogInit:  - CertBundlePath = nullptr  - Libcurl will use whatever was configured at build time.
[2016.01.08-09.22.21:155][  0]LogOnline:Warning: No default platform service specified for OnlineSubsystem
[2016.01.08-09.22.21:172][  0]LogInit: Presizing for 0 objects not considered by GC, pre-allocating 0 bytes.
[2016.01.08-09.22.21:179][  0]LogInit: Object subsystem initialized
[2016.01.08-09.22.21:181][  0]LogConsoleResponse:Warning: Skipping Unknown console variable: 'TranslucentSortAxis = (X=0.000000,Y=-1.000000,Z=0.000000)'
[2016.01.08-09.22.21:181][  0]LogConsoleResponse:Warning:   Found in ini file 'G:/Github stuff/spiritrunner/SpiritRunner/Saved/Config/Windows/Engine.ini', in section '[/Script/Engine.RendererSettings]'
[2016.01.08-09.22.21:181][  0]LogConsoleResponse:Warning: Skipping Unknown console variable: 'UIScaleRule = ShortestSide'
[2016.01.08-09.22.21:181][  0]LogConsoleResponse:Warning:   Found in ini file 'G:/Github stuff/spiritrunner/SpiritRunner/Saved/Config/Windows/Engine.ini', in section '[/Script/Engine.RendererSettings]'
[2016.01.08-09.22.21:181][  0]LogConsoleResponse:Warning: Skipping Unknown console variable: 'UIScaleCurve = (EditorCurveData=(Keys=),ExternalCurve=None)'
[2016.01.08-09.22.21:181][  0]LogConsoleResponse:Warning:   Found in ini file 'G:/Github stuff/spiritrunner/SpiritRunner/Saved/Config/Windows/Engine.ini', in section '[/Script/Engine.RendererSettings]'
[2016.01.08-09.22.21:181][  0]LogInit: Selected Device Profile: [Windows]
[2016.01.08-09.22.21:181][  0]LogInit: Applying CVar settings loaded from the selected device profile: [Windows]
[2016.01.08-09.22.21:187][  0]LogInit: Computer: JOHN-PC
[2016.01.08-09.22.21:187][  0]LogInit: User: John
[2016.01.08-09.22.21:187][  0]LogInit: CPU Page size=4096, Cores=4
[2016.01.08-09.22.21:187][  0]LogInit: High frequency timer resolution =3.906279 MHz
[2016.01.08-09.22.21:187][  0]LogMemory: Memory total: Physical=7.9GB (8GB approx)
[2016.01.08-09.22.21:187][  0]LogMemory: Platform Memory Stats for Windows
[2016.01.08-09.22.21:187][  0]LogMemory: Process Physical Memory: 50.44 MB used, 50.44 MB peak
[2016.01.08-09.22.21:187][  0]LogMemory: Process Virtual Memory: 24.37 MB used, 24.37 MB peak
[2016.01.08-09.22.21:187][  0]LogMemory: Physical Memory: 5553.42 MB used, 8108.02 MB total
[2016.01.08-09.22.21:187][  0]LogMemory: Virtual Memory: 283.32 MB used, 8388608.00 MB total
[2016.01.08-09.22.21:223][  0]LogTextLocalizationManager: The requested culture ('en_US') has no localization data; parent culture's ('en') localization data will be used.
[2016.01.08-09.22.21:428][  0]LogTextLocalizationManager:Warning: Loaded localization resources contain conflicting entries for (Namespace:ContentBrowser, Key:ImportAssetToolTip):
Localization Resource: (G:/Programs/Epic Games/4.8/Engine/Content/Localization/Editor/en/Editor.locres) Source String Hash: (-630476809) Localized String: (Import to {0}...)
Localization Resource: (G:/Programs/Epic Games/4.8/Engine/Content/Localization/Editor/en/Editor.locres) Source String Hash: (1271782899) Localized String: (Imports an asset from file to this folder.)
[2016.01.08-09.22.21:877][  0]LogD3D11RHI: Found D3D11 adapter 0: NVIDIA GeForce GTX 970 (Feature Level 11_0)
[2016.01.08-09.22.21:877][  0]LogD3D11RHI: Adapter has 4008MB of dedicated video memory, 0MB of dedicated system memory, and 3798MB of shared system memory, 2 output[s]
[2016.01.08-09.22.21:884][  0]LogD3D11RHI: Found D3D11 adapter 1: Intel(R) HD Graphics 4600 (Feature Level 11_0)
[2016.01.08-09.22.21:884][  0]LogD3D11RHI: Adapter has 64MB of dedicated video memory, 0MB of dedicated system memory, and 1632MB of shared system memory, 0 output[s]
[2016.01.08-09.22.21:884][  0]LogD3D11RHI: Chosen D3D11 Adapter Id = 0
[2016.01.08-09.22.21:892][  0]LogD3D11RHI: InitD3DDevice
[2016.01.08-09.22.21:892][  0]LogD3D11RHI: !Direct3DDevice
[2016.01.08-09.22.21:892][  0]LogRHI: Texture pool is 1361 MB (70% of 1945 MB)
[2016.01.08-09.22.21:938][  0]LogD3D11RHI: Async texture creation enabled
[2016.01.08-09.22.21:960][  0]LogShaderCompilers:Display: Using Local Shader Compiler.
[2016.01.08-09.22.22:845][  0]LogTemp:Display: Loaded TP DesktopTargetPlatform
[2016.01.08-09.22.22:867][  0]LogTemp:Display: Loaded TP WindowsClientTargetPlatform
[2016.01.08-09.22.22:886][  0]LogTemp:Display: Loaded TP WindowsNoEditorTargetPlatform
[2016.01.08-09.22.22:904][  0]LogTemp:Display: Loaded TP WindowsServerTargetPlatform
[2016.01.08-09.22.22:921][  0]LogTemp:Display: Loaded TP WindowsTargetPlatform
[2016.01.08-09.22.22:935][  0]LogTemp:Display: Loaded TP AndroidTargetPlatform
[2016.01.08-09.22.22:948][  0]LogTemp:Display: Loaded TP Android_ASTCTargetPlatform
[2016.01.08-09.22.22:960][  0]LogTemp:Display: Loaded TP Android_ATCTargetPlatform
[2016.01.08-09.22.22:972][  0]LogTemp:Display: Loaded TP Android_DXTTargetPlatform
[2016.01.08-09.22.22:983][  0]LogTemp:Display: Loaded TP Android_ETC1TargetPlatform
[2016.01.08-09.22.22:994][  0]LogTemp:Display: Loaded TP Android_ETC2TargetPlatform
[2016.01.08-09.22.23:005][  0]LogTemp:Display: Loaded TP Android_PVRTCTargetPlatform
[2016.01.08-09.22.23:046][  0]LogTemp:Display: Loaded TP IOSTargetPlatform
[2016.01.08-09.22.23:056][  0]LogTemp:Display: Loaded TP LinuxNoEditorTargetPlatform
[2016.01.08-09.22.23:067][  0]LogTemp:Display: Loaded TP LinuxServerTargetPlatform
[2016.01.08-09.22.23:079][  0]LogTemp:Display: Loaded TP LinuxTargetPlatform
[2016.01.08-09.22.23:079][  0]LogTargetPlatformManager:Display: Building Assets For Windows
[2016.01.08-09.22.23:397][  0]LogDerivedDataCache:Display: Max Cache Size: 512 MB
[2016.01.08-09.22.23:446][  0]LogDerivedDataCache: Loaded boot cache 0.05s 53MB C:/Users/John/AppData/Local/UnrealEngine/4.8/DerivedDataCache/Boot.ddc.
[2016.01.08-09.22.23:446][  0]LogDerivedDataCache:Display: Loaded Boot cache: C:/Users/John/AppData/Local/UnrealEngine/4.8/DerivedDataCache/Boot.ddc
[2016.01.08-09.22.23:446][  0]LogDerivedDataCache: FDerivedDataBackendGraph:  Pak pak cache file ../../../../../../Github stuff/spiritrunner/SpiritRunner/DerivedDataCache/DDC.ddp not found, will not use a pak cache.
[2016.01.08-09.22.23:446][  0]LogDerivedDataCache: Unable to find inner node Pak for hierarchical cache Hierarchy.
[2016.01.08-09.22.23:446][  0]LogDerivedDataCache: FDerivedDataBackendGraph:  CompressedPak pak cache file ../../../../../../Github stuff/spiritrunner/SpiritRunner/DerivedDataCache/Compressed.ddp not found, will not use a pak cache.
[2016.01.08-09.22.23:446][  0]LogDerivedDataCache: Unable to find inner node CompressedPak for hierarchical cache Hierarchy.
[2016.01.08-09.22.23:565][  0]LogDerivedDataCache:Display: Pak cache opened for reading ../../../Engine/DerivedDataCache/Compressed.ddp.
[2016.01.08-09.22.23:576][  0]LogDerivedDataCache: Using Local data cache path C:/Users/John/AppData/Local/UnrealEngine/Common/DerivedDataCache: Writable
[2016.01.08-09.22.23:712][  0]LogInit: Selected Device Profile: [Windows]
[2016.01.08-09.22.23:716][  0]ImportText (ComponentSweepMultiTests): Missing closing parenthesis: (RootShapeAsset="/Engine/BasicShapes/Cube.Cube",ShapeType="TriggerCapsule",HitResult=(Time=0.50,Location=(X=-100.000015,Y=0.0,Z=100.000015),ImpactPoint=(X=-50.0,Y=0.0,Z=50.0),Normal=(X=-1.0,Y=-0.0,Z=0.0),ImpactNormal=(X=0.0,Y=0.0,Z=1.0),TraceStart=(X=-200.0,Y=0.0,Z=200.0),TraceEnd=(X=0.0,Y=0.0,Z=0.0))
[2016.01.08-09.22.23:717][  0]ImportText (LineTraceSingleByChannelTests): Missing closing parenthesis: (RootShapeAsset="/Engine/BasicShapes/Cube.Cube",HitResult=(Time=0.50,Location=(X=-100.000015,Y=0.0,Z=100.000015),ImpactPoint=(X=-50.0,Y=0.0,Z=50.0),Normal=(X=-1.0,Y=-0.0,Z=0.0),ImpactNormal=(X=0.0,Y=0.0,Z=1.0),TraceStart=(X=-200.0,Y=0.0,Z=200.0),TraceEnd=(X=0.0,Y=0.0,Z=0.0))
[2016.01.08-09.22.23:740][  0]LogMeshUtilities: No automatic mesh reduction module available
[2016.01.08-09.22.23:740][  0]LogMeshUtilities: No automatic mesh merging module available
[2016.01.08-09.22.24:185][  0]LogInit: WinSock: version 1.1 (2.2), MaxSocks=32767, MaxUdp=65467
[2016.01.08-09.22.25:082][  0]UdpMessaging: Initializing bridge on interface 0.0.0.0:0 to multicast group 230.0.0.1:6666.
[2016.01.08-09.22.25:373][  0]SourceControl: Info Source control is disabled
[2016.01.08-09.22.25:373][  0]SourceControl: Info Source control is disabled
[2016.01.08-09.22.25:382][  0]SourceControl: Info Source control is disabled
[2016.01.08-09.22.25:390][  0]SourceControl: Info Source control is disabled
[2016.01.08-09.22.25:577][  0]LogObj: 26273 objects as part of root set at end of initial load.
[2016.01.08-09.22.25:577][  0]LogUObjectAllocator: 5409248 out of 0 bytes used by permanent object pool.
[2016.01.08-09.22.25:635][  0]LogEngine: Initializing Engine...
[2016.01.08-09.22.25:636][  0]LogHMD: Can't find Oculus library dev build: is proper Runtime installed? Version: 0.6.0.0
[2016.01.08-09.22.25:637][  0]LogHMD:Warning: SteamVR failed to initialize.  Error: 110
[2016.01.08-09.22.25:747][  0]LogAIModule: Creating AISystem for world NewWorld
[2016.01.08-09.22.25:753][  0]LogInit: XAudio2 using 'Speakers (Realtek High Definition Audio)' : 2 channels at 48 kHz using 32 bits per sample (channel mask 0x3)
[2016.01.08-09.22.25:779][  0]LogInit: FAudioDevice initialized.
[2016.01.08-09.22.25:812][  0]LogDerivedDataCache: Saved boot cache 0.03s 53MB C:/Users/John/AppData/Local/UnrealEngine/4.8/DerivedDataCache/Boot.ddc.
[2016.01.08-09.22.25:817][  0]LogInit: Texture streaming: Disabled
[2016.01.08-09.22.25:839][  0]LogAnalytics: Creating configured Analytics provider AnalyticsET
[2016.01.08-09.22.25:839][  0]LogAnalytics: [UEEditor.Rocket.Release] APIServer = http://et2.epicgames.com/ET2/. AppVersion = 4.8.3-2634408+++depot+UE4-Releases+4.8
[2016.01.08-09.22.25:839][  0]LogAnalytics: [UEEditor.Rocket.Release] SetUserId 795ce0b24c6318a5324eaf839592b765|e87b0c418b154305b06c892317f44a4d|3e9e43dd-6daf-4b71-9a80-f4287aceb186
[2016.01.08-09.22.25:839][  0]LogAnalytics: [UEEditor.Rocket.Release] AnalyticsET::StartSession
[2016.01.08-09.22.25:881][  0]LogInit: Transaction tracking system initialized
[2016.01.08-09.22.26:110][  0]BlueprintLog: New page: Editor Load
[2016.01.08-09.22.26:161][  0]LogAssetRegistry: FAssetRegistry took 0.0097 seconds to start up
[2016.01.08-09.22.26:161][  0]LogDirectoryWatcher:Warning: Failed to begin reading directory changes for ../../../Engine/Plugins/Experimental/CharacterAI/Content/. Error: 0
[2016.01.08-09.22.26:942][  0]LogConsoleManager:Warning: Console variable 'r.VSync' wasn't set ('GameSetting' has a lower priority than 'SystemSettingsIni')
[2016.01.08-09.22.26:942][  0]LogConsoleResponse:Display: 
[2016.01.08-09.22.27:044][  0]LogCook:Display: Done creating registry. It took  0.00s.
[2016.01.08-09.22.27:224][  0]SourceControl: Info Source control is disabled
[2016.01.08-09.22.27:224][  0]Cmd: MAP LOAD FILE="../../../../../../Github stuff/spiritrunner/SpiritRunner/Content/SpiritRunner/Maps/RunnerMapTest.umap" TEMPLATE=0 SHOWPROGRESS=1 FEATURELEVEL=3
[2016.01.08-09.22.27:225][  0]LightingResults: New page: Lighting Build
[2016.01.08-09.22.27:240][  0]MapCheck: New page: Map Check
[2016.01.08-09.22.27:240][  0]LightingResults: New page: Lighting Build
[2016.01.08-09.22.27:249][  0]LogParticles: Destroying 0 GPU particle simulations for FXSystem 0x000000001EB99300
[2016.01.08-09.22.28:347][  0]LogBlueprint:Warning: USimpleConstructionScript::FixupRootNodeParentReferences() - Couldn't find inherited parent component 'Scene' for 'StaticMesh1_0' in BlueprintGeneratedClass 'REINST_ToriFloor1_C_64' (it may have been removed)
[2016.01.08-09.22.28:347][  0]LogBlueprint:Warning: USimpleConstructionScript::FixupRootNodeParentReferences() - Couldn't find inherited parent component 'Scene' for 'Box1' in BlueprintGeneratedClass 'REINST_ToriFloor1_C_64' (it may have been removed)
[2016.01.08-09.22.31:316][  0]LogAIModule: Creating AISystem for world RunnerMapTest
[2016.01.08-09.22.31:320][  0]LogEditorServer: Finished looking for orphan Actors (0.000 secs)
[2016.01.08-09.22.31:321][  0]Cmd: MAP CHECKDEP NOCLEARLOG
[2016.01.08-09.22.31:407][  0]MapCheck: Info Map check complete: 0 Error(s), 0 Warning(s), took 86.695ms to complete.
[2016.01.08-09.22.31:408][  0]LogFileHelpers: Loading map 'RunnerMapTest' took 4.183
[2016.01.08-09.22.31:535][  0]LogCollectionManager: Loaded 0 collections in 0.002341 seconds
[2016.01.08-09.22.31:541][  0]LogContentBrowser: Native class hierarchy populated in 0.0059 seconds. Added 1792 classes and 301 folders.
[2016.01.08-09.22.31:603][  0]LogContentBrowser: Native class hierarchy updated for 'WidgetCarousel' in 0.0003 seconds. Added 0 classes and 0 folders.
[2016.01.08-09.22.31:646][  0]LogContentBrowser: Native class hierarchy updated for 'AddContentDialog' in 0.0005 seconds. Added 0 classes and 0 folders.
[2016.01.08-09.22.31:668][  0]LogContentBrowser: Native class hierarchy updated for 'SceneOutliner' in 0.0003 seconds. Added 1 classes and 2 folders.
[2016.01.08-09.22.31:701][  0]LogCrashTracker: Crashtracker disabled due to settings.
[2016.01.08-09.22.31:701][  0]LogD3D11RHI: InitD3DDevice
[2016.01.08-09.22.31:706][  0]LogUObjectGlobals:Warning: Failed to find object 'Class None.'
[2016.01.08-09.22.31:734][  0]LogLoad: Full Startup: 11.89 seconds (BP compile: 1.60 seconds)
[2016.01.08-09.22.31:801][  0]LogContentStreaming: Texture pool size is 0.000000MB
[2016.01.08-09.22.32:069][  0]LogContentStreaming: Texture pool size now 1000 MB
[2016.01.08-09.22.32:216][  0]LogRenderer: Reallocating scene render targets to support 1208x576 (Frame:2).
[2016.01.08-09.22.32:795][ 12]LogD3D11RHI: InitD3DDevice
[2016.01.08-09.22.32:823][ 13]LogAssetRegistry: Asset discovery search completed in 6.6709 seconds
[2016.01.08-09.22.36:126][350]LogD3D11RHI: InitD3DDevice
[2016.01.08-09.22.37:256][456]LogPlayLevel: PIE:  No blueprints needed recompiling
[2016.01.08-09.22.37:258][456]PIE: New page: PIE session: RunnerMapTest (Jan 7, 2016, 5:22:37 PM)
[2016.01.08-09.22.37:259][456]LogPlayLevel: Creating play world package: /Game/SpiritRunner/Maps/UEDPIE_0_RunnerMapTest
[2016.01.08-09.22.37:261][456]LogPlayLevel: PIE: StaticDuplicateObject took: (0.001905s)
[2016.01.08-09.22.37:261][456]LogAIModule: Creating AISystem for world RunnerMapTest
[2016.01.08-09.22.37:262][456]LogPlayLevel: PIE: World Init took: (0.000938s)
[2016.01.08-09.22.37:262][456]LogPlayLevel: PIE: Created PIE world by copying editor world from /Game/SpiritRunner/Maps/RunnerMapTest.RunnerMapTest to /Game/SpiritRunner/Maps/UEDPIE_0_RunnerMapTest.RunnerMapTest (0.003011s)
[2016.01.08-09.22.37:262][456]LogActorComponent: UnregisterComponent: (/Engine/Transient.CharMoveComp) Not registered. Aborting.
[2016.01.08-09.22.37:262][456]LogActorComponent: UnregisterComponent: (/Engine/Transient.RotatingMovement0C812BA34D0DD21FB12D1D9A948423D7) Not registered. Aborting.
[2016.01.08-09.22.37:262][456]LogActorComponent: UnregisterComponent: (/Engine/Transient.RotatingMovementComponent_0) Not registered. Aborting.
[2016.01.08-09.22.37:562][456]LogInit: XAudio2 using 'Speakers (Realtek High Definition Audio)' : 2 channels at 48 kHz using 32 bits per sample (channel mask 0x3)
[2016.01.08-09.22.37:572][456]LogInit: FAudioDevice initialized.
[2016.01.08-09.22.37:619][456]LogWorld: Game class is 'RunGameMode_C'
[2016.01.08-09.22.37:623][456]LogWorld: Bringing World /Game/SpiritRunner/Maps/UEDPIE_0_RunnerMapTest.RunnerMapTest up for play (max tick rate 0) at 2016.01.08-01.22.37
[2016.01.08-09.22.37:623][456]LogActor:Warning: GameSession /Game/SpiritRunner/Maps/UEDPIE_0_RunnerMapTest.RunnerMapTest:PersistentLevel.GameSession_0 has natively added scene component(s), but none of them were set as the actor's RootComponent - picking one arbitrarily
[2016.01.08-09.22.37:624][456]LogActor:Warning: GameNetworkManager /Game/SpiritRunner/Maps/UEDPIE_0_RunnerMapTest.RunnerMapTest:PersistentLevel.GameNetworkManager_0 has natively added scene component(s), but none of them were set as the actor's RootComponent - picking one arbitrarily
[2016.01.08-09.22.37:624][456]LogWorld: Bringing up level for play took: 0.002459
[2016.01.08-09.22.37:699][456]PIE: Info Play in editor start time for /Game/SpiritRunner/Maps/UEDPIE_0_RunnerMapTest 0.78
[2016.01.08-09.22.37:714][456]LogScript:Warning: Divide by zero: Divide_FloatFloat
[2016.01.08-09.22.37:714][456]LogScript:Warning: Divide by zero: Divide_FloatFloat
[2016.01.08-09.22.37:738][457]LogScript:Warning: Divide by zero: Divide_FloatFloat
[2016.01.08-09.22.37:738][457]LogScript:Warning: Divide by zero: Divide_FloatFloat
[2016.01.08-09.22.37:757][458]LogScript:Warning: Divide by zero: Divide_FloatFloat
[2016.01.08-09.22.37:757][458]LogScript:Warning: Divide by zero: Divide_FloatFloat
[2016.01.08-09.22.37:767][459]LogScript:Warning: Divide by zero: Divide_FloatFloat
[2016.01.08-09.22.37:767][459]LogScript:Warning: Divide by zero: Divide_FloatFloat
[2016.01.08-09.22.37:775][460]LogScript:Warning: Divide by zero: Divide_FloatFloat
[2016.01.08-09.22.37:775][460]LogScript:Warning: Divide by zero: Divide_FloatFloat
[2016.01.08-09.22.37:783][461]LogScript:Warning: Divide by zero: Divide_FloatFloat
[2016.01.08-09.22.37:783][461]LogScript:Warning: Divide by zero: Divide_FloatFloat
[2016.01.08-09.22.37:792][462]LogScript:Warning: Divide by zero: Divide_FloatFloat
[2016.01.08-09.22.37:792][462]LogScript:Warning: Divide by zero: Divide_FloatFloat
[2016.01.08-09.22.37:800][463]LogScript:Warning: Divide by zero: Divide_FloatFloat
[2016.01.08-09.22.37:800][463]LogScript:Warning: Divide by zero: Divide_FloatFloat
[2016.01.08-09.22.37:808][464]LogScript:Warning: Divide by zero: Divide_FloatFloat
[2016.01.08-09.22.37:808][464]LogScript:Warning: Divide by zero: Divide_FloatFloat
[2016.01.08-09.22.37:817][465]LogScript:Warning: Divide by zero: Divide_FloatFloat
[2016.01.08-09.22.37:817][465]LogScript:Warning: Divide by zero: Divide_FloatFloat
[2016.01.08-09.22.37:825][466]LogScript:Warning: Divide by zero: Divide_FloatFloat
[2016.01.08-09.22.37:825][466]LogScript:Warning: Divide by zero: Divide_FloatFloat
[2016.01.08-09.22.37:833][467]LogScript:Warning: Divide by zero: Divide_FloatFloat
[2016.01.08-09.22.37:833][467]LogScript:Warning: Divide by zero: Divide_FloatFloat
[2016.01.08-09.22.37:842][468]LogScript:Warning: Divide by zero: Divide_FloatFloat
[2016.01.08-09.22.37:842][468]LogScript:Warning: Divide by zero: Divide_FloatFloat
[2016.01.08-09.22.37:850][469]LogScript:Warning: Divide by zero: Divide_FloatFloat
[2016.01.08-09.22.37:850][469]LogScript:Warning: Divide by zero: Divide_FloatFloat
[2016.01.08-09.22.37:858][470]LogScript:Warning: Divide by zero: Divide_FloatFloat
[2016.01.08-09.22.37:858][470]LogScript:Warning: Divide by zero: Divide_FloatFloat
[2016.01.08-09.22.37:866][471]LogScript:Warning: Divide by zero: Divide_FloatFloat
[2016.01.08-09.22.37:866][471]LogScript:Warning: Divide by zero: Divide_FloatFloat
[2016.01.08-09.22.37:875][472]LogScript:Warning: Divide by zero: Divide_FloatFloat
[2016.01.08-09.22.37:875][472]LogScript:Warning: Divide by zero: Divide_FloatFloat
[2016.01.08-09.22.37:883][473]LogScript:Warning: Divide by zero: Divide_FloatFloat
[2016.01.08-09.22.37:883][473]LogScript:Warning: Divide by zero: Divide_FloatFloat
[2016.01.08-09.22.37:892][474]LogScript:Warning: Divide by zero: Divide_FloatFloat
[2016.01.08-09.22.37:892][474]LogScript:Warning: Divide by zero: Divide_FloatFloat
[2016.01.08-09.22.37:900][475]LogScript:Warning: Divide by zero: Divide_FloatFloat
[2016.01.08-09.22.37:900][475]LogScript:Warning: Divide by zero: Divide_FloatFloat
[2016.01.08-09.22.37:908][476]LogScript:Warning: Divide by zero: Divide_FloatFloat
[2016.01.08-09.22.37:908][476]LogScript:Warning: Divide by zero: Divide_FloatFloat
[2016.01.08-09.22.37:917][477]LogScript:Warning: Divide by zero: Divide_FloatFloat
[2016.01.08-09.22.37:917][477]LogScript:Warning: Divide by zero: Divide_FloatFloat
[2016.01.08-09.22.37:925][478]LogScript:Warning: Divide by zero: Divide_FloatFloat
[2016.01.08-09.22.37:925][478]LogScript:Warning: Divide by zero: Divide_FloatFloat
[2016.01.08-09.22.37:933][479]LogScript:Warning: Divide by zero: Divide_FloatFloat
[2016.01.08-09.22.37:933][479]LogScript:Warning: Divide by zero: Divide_FloatFloat
[2016.01.08-09.22.37:941][480]LogScript:Warning: Divide by zero: Divide_FloatFloat
[2016.01.08-09.22.37:942][480]LogScript:Warning: Divide by zero: Divide_FloatFloat
[2016.01.08-09.22.37:950][481]LogScript:Warning: Divide by zero: Divide_FloatFloat
[2016.01.08-09.22.37:950][481]LogScript:Warning: Divide by zero: Divide_FloatFloat
[2016.01.08-09.22.37:958][482]LogScript:Warning: Divide by zero: Divide_FloatFloat
[2016.01.08-09.22.37:958][482]LogScript:Warning: Divide by zero: Divide_FloatFloat
[2016.01.08-09.22.37:967][483]LogScript:Warning: Divide by zero: Divide_FloatFloat
[2016.01.08-09.22.37:967][483]LogScript:Warning: Divide by zero: Divide_FloatFloat
[2016.01.08-09.22.37:975][484]LogScript:Warning: Divide by zero: Divide_FloatFloat
[2016.01.08-09.22.37:975][484]LogScript:Warning: Divide by zero: Divide_FloatFloat
[2016.01.08-09.22.37:983][485]LogScript:Warning: Divide by zero: Divide_FloatFloat
[2016.01.08-09.22.37:983][485]LogScript:Warning: Divide by zero: Divide_FloatFloat
[2016.01.08-09.22.37:992][486]LogScript:Warning: Divide by zero: Divide_FloatFloat
[2016.01.08-09.22.37:992][486]LogScript:Warning: Divide by zero: Divide_FloatFloat
[2016.01.08-09.22.38:000][487]LogScript:Warning: Divide by zero: Divide_FloatFloat
[2016.01.08-09.22.38:000][487]LogScript:Warning: Divide by zero: Divide_FloatFloat
[2016.01.08-09.22.38:008][488]LogScript:Warning: Divide by zero: Divide_FloatFloat
[2016.01.08-09.22.38:008][488]LogScript:Warning: Divide by zero: Divide_FloatFloat
[2016.01.08-09.22.38:017][489]LogScript:Warning: Divide by zero: Divide_FloatFloat
[2016.01.08-09.22.38:017][489]LogScript:Warning: Divide by zero: Divide_FloatFloat
[2016.01.08-09.22.38:025][490]LogScript:Warning: Divide by zero: Divide_FloatFloat
[2016.01.08-09.22.38:025][490]LogScript:Warning: Divide by zero: Divide_FloatFloat
[2016.01.08-09.22.38:033][491]LogScript:Warning: Divide by zero: Divide_FloatFloat
[2016.01.08-09.22.38:033][491]LogScript:Warning: Divide by zero: Divide_FloatFloat
[2016.01.08-09.22.38:042][492]LogScript:Warning: Divide by zero: Divide_FloatFloat
[2016.01.08-09.22.38:042][492]LogScript:Warning: Divide by zero: Divide_FloatFloat
[2016.01.08-09.22.38:064][493]LogScript:Warning: Divide by zero: Divide_FloatFloat
[2016.01.08-09.22.38:064][493]LogScript:Warning: Divide by zero: Divide_FloatFloat
[2016.01.08-09.22.38:103][494]LogScript:Warning: Divide by zero: Divide_FloatFloat
[2016.01.08-09.22.38:103][494]LogScript:Warning: Divide by zero: Divide_FloatFloat
[2016.01.08-09.22.38:126][495]LogScript:Warning: Divide by zero: Divide_FloatFloat
[2016.01.08-09.22.38:126][495]LogScript:Warning: Divide by zero: Divide_FloatFloat
[2016.01.08-09.22.38:140][496]LogScript:Warning: Divide by zero: Divide_FloatFloat
[2016.01.08-09.22.38:140][496]LogScript:Warning: Divide by zero: Divide_FloatFloat
[2016.01.08-09.22.38:156][497]LogScript:Warning: Divide by zero: Divide_FloatFloat
[2016.01.08-09.22.38:156][497]LogScript:Warning: Divide by zero: Divide_FloatFloat
[2016.01.08-09.22.38:168][498]LogScript:Warning: Divide by zero: Divide_FloatFloat
[2016.01.08-09.22.38:168][498]LogScript:Warning: Divide by zero: Divide_FloatFloat
[2016.01.08-09.22.38:179][499]LogScript:Warning: Divide by zero: Divide_FloatFloat
[2016.01.08-09.22.38:179][499]LogScript:Warning: Divide by zero: Divide_FloatFloat
[2016.01.08-09.22.38:190][500]LogScript:Warning: Divide by zero: Divide_FloatFloat
[2016.01.08-09.22.38:190][500]LogScript:Warning: Divide by zero: Divide_FloatFloat
[2016.01.08-09.22.38:201][501]LogScript:Warning: Divide by zero: Divide_FloatFloat
[2016.01.08-09.22.38:201][501]LogScript:Warning: Divide by zero: Divide_FloatFloat
[2016.01.08-09.22.38:211][502]LogScript:Warning: Divide by zero: Divide_FloatFloat
[2016.01.08-09.22.38:211][502]LogScript:Warning: Divide by zero: Divide_FloatFloat
[2016.01.08-09.22.38:220][503]LogScript:Warning: Divide by zero: Divide_FloatFloat
[2016.01.08-09.22.38:220][503]LogScript:Warning: Divide by zero: Divide_FloatFloat
[2016.01.08-09.22.38:232][504]LogScript:Warning: Divide by zero: Divide_FloatFloat
[2016.01.08-09.22.38:232][504]LogScript:Warning: Divide by zero: Divide_FloatFloat
[2016.01.08-09.22.38:242][505]LogScript:Warning: Divide by zero: Divide_FloatFloat
[2016.01.08-09.22.38:242][505]LogScript:Warning: Divide by zero: Divide_FloatFloat
[2016.01.08-09.22.38:251][506]LogScript:Warning: Divide by zero: Divide_FloatFloat
[2016.01.08-09.22.38:251][506]LogScript:Warning: Divide by zero: Divide_FloatFloat
[2016.01.08-09.22.38:259][507]LogScript:Warning: Divide by zero: Divide_FloatFloat
[2016.01.08-09.22.38:259][507]LogScript:Warning: Divide by zero: Divide_FloatFloat
[2016.01.08-09.22.38:268][508]LogScript:Warning: Divide by zero: Divide_FloatFloat
[2016.01.08-09.22.38:268][508]LogScript:Warning: Divide by zero: Divide_FloatFloat
[2016.01.08-09.22.38:276][509]LogScript:Warning: Divide by zero: Divide_FloatFloat
[2016.01.08-09.22.38:276][509]LogScript:Warning: Divide by zero: Divide_FloatFloat
[2016.01.08-09.22.38:285][510]LogScript:Warning: Divide by zero: Divide_FloatFloat
[2016.01.08-09.22.38:285][510]LogScript:Warning: Divide by zero: Divide_FloatFloat
[2016.01.08-09.22.38:294][511]LogScript:Warning: Divide by zero: Divide_FloatFloat
[2016.01.08-09.22.38:294][511]LogScript:Warning: Divide by zero: Divide_FloatFloat
[2016.01.08-09.22.38:302][512]LogScript:Warning: Divide by zero: Divide_FloatFloat
[2016.01.08-09.22.38:302][512]LogScript:Warning: Divide by zero: Divide_FloatFloat
[2016.01.08-09.22.38:311][513]LogScript:Warning: Divide by zero: Divide_FloatFloat
[2016.01.08-09.22.38:311][513]LogScript:Warning: Divide by zero: Divide_FloatFloat
[2016.01.08-09.22.38:319][514]LogScript:Warning: Divide by zero: Divide_FloatFloat
[2016.01.08-09.22.38:319][514]LogScript:Warning: Divide by zero: Divide_FloatFloat
[2016.01.08-09.22.38:327][515]LogScript:Warning: Divide by zero: Divide_FloatFloat
[2016.01.08-09.22.38:327][515]LogScript:Warning: Divide by zero: Divide_FloatFloat
[2016.01.08-09.22.38:335][516]LogScript:Warning: Divide by zero: Divide_FloatFloat
[2016.01.08-09.22.38:335][516]LogScript:Warning: Divide by zero: Divide_FloatFloat
[2016.01.08-09.22.38:344][517]LogScript:Warning: Divide by zero: Divide_FloatFloat
[2016.01.08-09.22.38:344][517]LogScript:Warning: Divide by zero: Divide_FloatFloat
[2016.01.08-09.22.38:352][518]LogScript:Warning: Divide by zero: Divide_FloatFloat
[2016.01.08-09.22.38:352][518]LogScript:Warning: Divide by zero: Divide_FloatFloat
[2016.01.08-09.22.38:360][519]LogScript:Warning: Divide by zero: Divide_FloatFloat
[2016.01.08-09.22.38:360][519]LogScript:Warning: Divide by zero: Divide_FloatFloat
[2016.01.08-09.22.38:369][520]LogScript:Warning: Divide by zero: Divide_FloatFloat
[2016.01.08-09.22.38:369][520]LogScript:Warning: Divide by zero: Divide_FloatFloat
[2016.01.08-09.22.38:377][521]LogScript:Warning: Divide by zero: Divide_FloatFloat
[2016.01.08-09.22.38:377][521]LogScript:Warning: Divide by zero: Divide_FloatFloat
[2016.01.08-09.22.38:385][522]LogScript:Warning: Divide by zero: Divide_FloatFloat
[2016.01.08-09.22.38:385][522]LogScript:Warning: Divide by zero: Divide_FloatFloat
[2016.01.08-09.22.38:393][523]LogScript:Warning: Divide by zero: Divide_FloatFloat
[2016.01.08-09.22.38:393][523]LogScript:Warning: Divide by zero: Divide_FloatFloat
[2016.01.08-09.22.38:402][524]LogScript:Warning: Divide by zero: Divide_FloatFloat
[2016.01.08-09.22.38:402][524]LogScript:Warning: Divide by zero: Divide_FloatFloat
[2016.01.08-09.22.38:410][525]LogScript:Warning: Divide by zero: Divide_FloatFloat
[2016.01.08-09.22.38:410][525]LogScript:Warning: Divide by zero: Divide_FloatFloat
[2016.01.08-09.22.38:419][526]LogScript:Warning: Divide by zero: Divide_FloatFloat
[2016.01.08-09.22.38:419][526]LogScript:Warning: Divide by zero: Divide_FloatFloat
[2016.01.08-09.22.38:427][527]LogScript:Warning: Divide by zero: Divide_FloatFloat
[2016.01.08-09.22.38:427][527]LogScript:Warning: Divide by zero: Divide_FloatFloat
[2016.01.08-09.22.38:435][528]LogScript:Warning: Divide by zero: Divide_FloatFloat
[2016.01.08-09.22.38:435][528]LogScript:Warning: Divide by zero: Divide_FloatFloat
[2016.01.08-09.22.38:444][529]LogScript:Warning: Divide by zero: Divide_FloatFloat
[2016.01.08-09.22.38:444][529]LogScript:Warning: Divide by zero: Divide_FloatFloat
[2016.01.08-09.22.38:464][530]LogScript:Warning: Divide by zero: Divide_FloatFloat
[2016.01.08-09.22.38:464][530]LogScript:Warning: Divide by zero: Divide_FloatFloat
[2016.01.08-09.22.38:500][531]LogScript:Warning: Divide by zero: Divide_FloatFloat
[2016.01.08-09.22.38:500][531]LogScript:Warning: Divide by zero: Divide_FloatFloat
[2016.01.08-09.22.38:522][532]LogScript:Warning: Divide by zero: Divide_FloatFloat
[2016.01.08-09.22.38:522][532]LogScript:Warning: Divide by zero: Divide_FloatFloat
[2016.01.08-09.22.38:539][533]LogScript:Warning: Divide by zero: Divide_FloatFloat
[2016.01.08-09.22.38:539][533]LogScript:Warning: Divide by zero: Divide_FloatFloat
[2016.01.08-09.22.38:553][534]LogScript:Warning: Divide by zero: Divide_FloatFloat
[2016.01.08-09.22.38:553][534]LogScript:Warning: Divide by zero: Divide_FloatFloat
[2016.01.08-09.22.38:565][535]LogScript:Warning: Divide by zero: Divide_FloatFloat
[2016.01.08-09.22.38:565][535]LogScript:Warning: Divide by zero: Divide_FloatFloat
[2016.01.08-09.22.38:577][536]LogScript:Warning: Divide by zero: Divide_FloatFloat
[2016.01.08-09.22.38:577][536]LogScript:Warning: Divide by zero: Divide_FloatFloat
[2016.01.08-09.22.38:589][537]LogScript:Warning: Divide by zero: Divide_FloatFloat
[2016.01.08-09.22.38:589][537]LogScript:Warning: Divide by zero: Divide_FloatFloat
[2016.01.08-09.22.38:601][538]LogScript:Warning: Divide by zero: Divide_FloatFloat
[2016.01.08-09.22.38:601][538]LogScript:Warning: Divide by zero: Divide_FloatFloat
[2016.01.08-09.22.38:611][539]LogScript:Warning: Divide by zero: Divide_FloatFloat
[2016.01.08-09.22.38:611][539]LogScript:Warning: Divide by zero: Divide_FloatFloat
[2016.01.08-09.22.38:621][540]LogScript:Warning: Divide by zero: Divide_FloatFloat
[2016.01.08-09.22.38:621][540]LogScript:Warning: Divide by zero: Divide_FloatFloat
[2016.01.08-09.22.38:632][541]LogScript:Warning: Divide by zero: Divide_FloatFloat
[2016.01.08-09.22.38:632][541]LogScript:Warning: Divide by zero: Divide_FloatFloat
[2016.01.08-09.22.38:641][542]LogScript:Warning: Divide by zero: Divide_FloatFloat
[2016.01.08-09.22.38:641][542]LogScript:Warning: Divide by zero: Divide_FloatFloat
[2016.01.08-09.22.38:650][543]LogScript:Warning: Divide by zero: Divide_FloatFloat
[2016.01.08-09.22.38:650][543]LogScript:Warning: Divide by zero: Divide_FloatFloat
[2016.01.08-09.22.38:659][544]LogScript:Warning: Divide by zero: Divide_FloatFloat
[2016.01.08-09.22.38:659][544]LogScript:Warning: Divide by zero: Divide_FloatFloat
[2016.01.08-09.22.38:668][545]LogScript:Warning: Divide by zero: Divide_FloatFloat
[2016.01.08-09.22.38:668][545]LogScript:Warning: Divide by zero: Divide_FloatFloat
[2016.01.08-09.22.38:676][546]LogScript:Warning: Divide by zero: Divide_FloatFloat
[2016.01.08-09.22.38:676][546]LogScript:Warning: Divide by zero: Divide_FloatFloat
[2016.01.08-09.22.38:685][547]LogScript:Warning: Divide by zero: Divide_FloatFloat
[2016.01.08-09.22.38:685][547]LogScript:Warning: Divide by zero: Divide_FloatFloat
[2016.01.08-09.22.38:693][548]LogScript:Warning: Divide by zero: Divide_FloatFloat
[2016.01.08-09.22.38:693][548]LogScript:Warning: Divide by zero: Divide_FloatFloat
[2016.01.08-09.22.38:701][549]LogScript:Warning: Divide by zero: Divide_FloatFloat
[2016.01.08-09.22.38:701][549]LogScript:Warning: Divide by zero: Divide_FloatFloat
[2016.01.08-09.22.38:709][550]LogScript:Warning: Divide by zero: Divide_FloatFloat
[2016.01.08-09.22.38:709][550]LogScript:Warning: Divide by zero: Divide_FloatFloat
[2016.01.08-09.22.38:718][551]LogScript:Warning: Divide by zero: Divide_FloatFloat
[2016.01.08-09.22.38:718][551]LogScript:Warning: Divide by zero: Divide_FloatFloat
[2016.01.08-09.22.38:726][552]LogScript:Warning: Divide by zero: Divide_FloatFloat
[2016.01.08-09.22.38:726][552]LogScript:Warning: Divide by zero: Divide_FloatFloat
[2016.01.08-09.22.38:734][553]LogScript:Warning: Divide by zero: Divide_FloatFloat
[2016.01.08-09.22.38:734][553]LogScript:Warning: Divide by zero: Divide_FloatFloat
[2016.01.08-09.22.38:743][554]LogScript:Warning: Divide by zero: Divide_FloatFloat
[2016.01.08-09.22.38:743][554]LogScript:Warning: Divide by zero: Divide_FloatFloat
[2016.01.08-09.22.38:752][555]LogScript:Warning: Divide by zero: Divide_FloatFloat
[2016.01.08-09.22.38:752][555]LogScript:Warning: Divide by zero: Divide_FloatFloat
[2016.01.08-09.22.38:760][556]LogScript:Warning: Divide by zero: Divide_FloatFloat
[2016.01.08-09.22.38:760][556]LogScript:Warning: Divide by zero: Divide_FloatFloat
[2016.01.08-09.22.38:768][557]LogScript:Warning: Divide by zero: Divide_FloatFloat
[2016.01.08-09.22.38:768][557]LogScript:Warning: Divide by zero: Divide_FloatFloat
[2016.01.08-09.22.38:777][558]LogScript:Warning: Divide by zero: Divide_FloatFloat
[2016.01.08-09.22.38:777][558]LogScript:Warning: Divide by zero: Divide_FloatFloat
[2016.01.08-09.22.38:785][559]LogScript:Warning: Divide by zero: Divide_FloatFloat
[2016.01.08-09.22.38:785][559]LogScript:Warning: Divide by zero: Divide_FloatFloat
[2016.01.08-09.22.38:793][560]LogScript:Warning: Divide by zero: Divide_FloatFloat
[2016.01.08-09.22.38:793][560]LogScript:Warning: Divide by zero: Divide_FloatFloat
[2016.01.08-09.22.38:802][561]LogScript:Warning: Divide by zero: Divide_FloatFloat
[2016.01.08-09.22.38:802][561]LogScript:Warning: Divide by zero: Divide_FloatFloat
[2016.01.08-09.22.38:810][562]LogScript:Warning: Divide by zero: Divide_FloatFloat
[2016.01.08-09.22.38:810][562]LogScript:Warning: Divide by zero: Divide_FloatFloat
[2016.01.08-09.22.38:818][563]LogScript:Warning: Divide by zero: Divide_FloatFloat
[2016.01.08-09.22.38:818][563]LogScript:Warning: Divide by zero: Divide_FloatFloat
[2016.01.08-09.22.38:828][564]LogScript:Warning: Divide by zero: Divide_FloatFloat
[2016.01.08-09.22.38:828][564]LogScript:Warning: Divide by zero: Divide_FloatFloat
[2016.01.08-09.22.38:836][565]LogScript:Warning: Divide by zero: Divide_FloatFloat
[2016.01.08-09.22.38:836][565]LogScript:Warning: Divide by zero: Divide_FloatFloat
[2016.01.08-09.22.38:844][566]LogScript:Warning: Divide by zero: Divide_FloatFloat
[2016.01.08-09.22.38:844][566]LogScript:Warning: Divide by zero: Divide_FloatFloat
[2016.01.08-09.22.38:852][567]LogScript:Warning: Divide by zero: Divide_FloatFloat
[2016.01.08-09.22.38:852][567]LogScript:Warning: Divide by zero: Divide_FloatFloat
[2016.01.08-09.22.38:860][568]LogScript:Warning: Divide by zero: Divide_FloatFloat
[2016.01.08-09.22.38:860][568]LogScript:Warning: Divide by zero: Divide_FloatFloat
[2016.01.08-09.22.38:869][569]LogScript:Warning: Divide by zero: Divide_FloatFloat
[2016.01.08-09.22.38:869][569]LogScript:Warning: Divide by zero: Divide_FloatFloat
[2016.01.08-09.22.38:889][570]LogScript:Warning: Divide by zero: Divide_FloatFloat
[2016.01.08-09.22.38:889][570]LogScript:Warning: Divide by zero: Divide_FloatFloat
[2016.01.08-09.22.38:926][571]LogScript:Warning: Divide by zero: Divide_FloatFloat
[2016.01.08-09.22.38:926][571]LogScript:Warning: Divide by zero: Divide_FloatFloat
[2016.01.08-09.22.38:949][572]LogScript:Warning: Divide by zero: Divide_FloatFloat
[2016.01.08-09.22.38:949][572]LogScript:Warning: Divide by zero: Divide_FloatFloat
[2016.01.08-09.22.38:965][573]LogScript:Warning: Divide by zero: Divide_FloatFloat
[2016.01.08-09.22.38:965][573]LogScript:Warning: Divide by zero: Divide_FloatFloat
[2016.01.08-09.22.38:979][574]LogScript:Warning: Divide by zero: Divide_FloatFloat
[2016.01.08-09.22.38:979][574]LogScript:Warning: Divide by zero: Divide_FloatFloat
[2016.01.08-09.22.38:992][575]LogScript:Warning: Divide by zero: Divide_FloatFloat
[2016.01.08-09.22.38:992][575]LogScript:Warning: Divide by zero: Divide_FloatFloat
[2016.01.08-09.22.39:007][576]LogScript:Warning: Divide by zero: Divide_FloatFloat
[2016.01.08-09.22.39:007][576]LogScript:Warning: Divide by zero: Divide_FloatFloat
[2016.01.08-09.22.39:021][577]LogScript:Warning: Divide by zero: Divide_FloatFloat
[2016.01.08-09.22.39:021][577]LogScript:Warning: Divide by zero: Divide_FloatFloat
[2016.01.08-09.22.39:032][578]LogScript:Warning: Divide by zero: Divide_FloatFloat
[2016.01.08-09.22.39:032][578]LogScript:Warning: Divide by zero: Divide_FloatFloat
[2016.01.08-09.22.39:041][579]LogScript:Warning: Divide by zero: Divide_FloatFloat
[2016.01.08-09.22.39:041][579]LogScript:Warning: Divide by zero: Divide_FloatFloat
[2016.01.08-09.22.39:051][580]LogScript:Warning: Divide by zero: Divide_FloatFloat
[2016.01.08-09.22.39:051][580]LogScript:Warning: Divide by zero: Divide_FloatFloat
[2016.01.08-09.22.39:060][581]LogScript:Warning: Divide by zero: Divide_FloatFloat
[2016.01.08-09.22.39:060][581]LogScript:Warning: Divide by zero: Divide_FloatFloat
[2016.01.08-09.22.39:071][582]LogScript:Warning: Divide by zero: Divide_FloatFloat
[2016.01.08-09.22.39:071][582]LogScript:Warning: Divide by zero: Divide_FloatFloat
[2016.01.08-09.22.39:080][583]LogScript:Warning: Divide by zero: Divide_FloatFloat
[2016.01.08-09.22.39:080][583]LogScript:Warning: Divide by zero: Divide_FloatFloat
[2016.01.08-09.22.39:088][584]LogScript:Warning: Divide by zero: Divide_FloatFloat
[2016.01.08-09.22.39:088][584]LogScript:Warning: Divide by zero: Divide_FloatFloat
[2016.01.08-09.22.39:097][585]LogScript:Warning: Divide by zero: Divide_FloatFloat
[2016.01.08-09.22.39:097][585]LogScript:Warning: Divide by zero: Divide_FloatFloat
[2016.01.08-09.22.39:105][586]LogScript:Warning: Divide by zero: Divide_FloatFloat
[2016.01.08-09.22.39:105][586]LogScript:Warning: Divide by zero: Divide_FloatFloat
[2016.01.08-09.22.39:114][587]LogScript:Warning: Divide by zero: Divide_FloatFloat
[2016.01.08-09.22.39:114][587]LogScript:Warning: Divide by zero: Divide_FloatFloat
[2016.01.08-09.22.39:122][588]LogScript:Warning: Divide by zero: Divide_FloatFloat
[2016.01.08-09.22.39:122][588]LogScript:Warning: Divide by zero: Divide_FloatFloat
[2016.01.08-09.22.39:131][589]LogScript:Warning: Divide by zero: Divide_FloatFloat
[2016.01.08-09.22.39:131][589]LogScript:Warning: Divide by zero: Divide_FloatFloat
[2016.01.08-09.22.39:139][590]LogScript:Warning: Divide by zero: Divide_FloatFloat
[2016.01.08-09.22.39:139][590]LogScript:Warning: Divide by zero: Divide_FloatFloat
[2016.01.08-09.22.39:149][591]LogScript:Warning: Divide by zero: Divide_FloatFloat
[2016.01.08-09.22.39:149][591]LogScript:Warning: Divide by zero: Divide_FloatFloat
[2016.01.08-09.22.39:157][592]LogScript:Warning: Divide by zero: Divide_FloatFloat
[2016.01.08-09.22.39:157][592]LogScript:Warning: Divide by zero: Divide_FloatFloat
[2016.01.08-09.22.39:166][593]LogScript:Warning: Divide by zero: Divide_FloatFloat
[2016.01.08-09.22.39:166][593]LogScript:Warning: Divide by zero: Divide_FloatFloat
[2016.01.08-09.22.39:174][594]LogScript:Warning: Divide by zero: Divide_FloatFloat
[2016.01.08-09.22.39:174][594]LogScript:Warning: Divide by zero: Divide_FloatFloat
[2016.01.08-09.22.39:182][595]LogScript:Warning: Divide by zero: Divide_FloatFloat
[2016.01.08-09.22.39:182][595]LogScript:Warning: Divide by zero: Divide_FloatFloat
[2016.01.08-09.22.39:190][596]LogScript:Warning: Divide by zero: Divide_FloatFloat
[2016.01.08-09.22.39:191][596]LogScript:Warning: Divide by zero: Divide_FloatFloat
[2016.01.08-09.22.39:199][597]LogScript:Warning: Divide by zero: Divide_FloatFloat
[2016.01.08-09.22.39:199][597]LogScript:Warning: Divide by zero: Divide_FloatFloat
[2016.01.08-09.22.39:207][598]LogScript:Warning: Divide by zero: Divide_FloatFloat
[2016.01.08-09.22.39:207][598]LogScript:Warning: Divide by zero: Divide_FloatFloat
[2016.01.08-09.22.39:215][599]LogScript:Warning: Divide by zero: Divide_FloatFloat
[2016.01.08-09.22.39:215][599]LogScript:Warning: Divide by zero: Divide_FloatFloat
[2016.01.08-09.22.39:224][600]LogScript:Warning: Divide by zero: Divide_FloatFloat
[2016.01.08-09.22.39:224][600]LogScript:Warning: Divide by zero: Divide_FloatFloat
[2016.01.08-09.22.39:232][601]LogScript:Warning: Divide by zero: Divide_FloatFloat
[2016.01.08-09.22.39:232][601]LogScript:Warning: Divide by zero: Divide_FloatFloat
[2016.01.08-09.22.39:240][602]LogScript:Warning: Divide by zero: Divide_FloatFloat
[2016.01.08-09.22.39:240][602]LogScript:Warning: Divide by zero: Divide_FloatFloat
[2016.01.08-09.22.39:249][603]LogScript:Warning: Divide by zero: Divide_FloatFloat
[2016.01.08-09.22.39:249][603]LogScript:Warning: Divide by zero: Divide_FloatFloat
[2016.01.08-09.22.39:257][604]LogScript:Warning: Divide by zero: Divide_FloatFloat
[2016.01.08-09.22.39:257][604]LogScript:Warning: Divide by zero: Divide_FloatFloat
[2016.01.08-09.22.39:265][605]LogScript:Warning: Divide by zero: Divide_FloatFloat
[2016.01.08-09.22.39:265][605]LogScript:Warning: Divide by zero: Divide_FloatFloat
[2016.01.08-09.22.39:274][606]LogScript:Warning: Divide by zero: Divide_FloatFloat
[2016.01.08-09.22.39:274][606]LogScript:Warning: Divide by zero: Divide_FloatFloat
[2016.01.08-09.22.39:282][607]LogScript:Warning: Divide by zero: Divide_FloatFloat
[2016.01.08-09.22.39:282][607]LogScript:Warning: Divide by zero: Divide_FloatFloat
[2016.01.08-09.22.39:290][608]LogScript:Warning: Divide by zero: Divide_FloatFloat
[2016.01.08-09.22.39:290][608]LogScript:Warning: Divide by zero: Divide_FloatFloat
[2016.01.08-09.22.39:299][609]LogScript:Warning: Divide by zero: Divide_FloatFloat
[2016.01.08-09.22.39:299][609]LogScript:Warning: Divide by zero: Divide_FloatFloat
[2016.01.08-09.22.39:307][610]LogScript:Warning: Divide by zero: Divide_FloatFloat
[2016.01.08-09.22.39:307][610]LogScript:Warning: Divide by zero: Divide_FloatFloat
[2016.01.08-09.22.39:315][611]LogScript:Warning: Divide by zero: Divide_FloatFloat
[2016.01.08-09.22.39:315][611]LogScript:Warning: Divide by zero: Divide_FloatFloat
[2016.01.08-09.22.39:324][612]LogScript:Warning: Divide by zero: Divide_FloatFloat
[2016.01.08-09.22.39:324][612]LogScript:Warning: Divide by zero: Divide_FloatFloat
[2016.01.08-09.22.39:332][613]LogScript:Warning: Divide by zero: Divide_FloatFloat
[2016.01.08-09.22.39:332][613]LogScript:Warning: Divide by zero: Divide_FloatFloat
[2016.01.08-09.22.39:340][614]LogScript:Warning: Divide by zero: Divide_FloatFloat
[2016.01.08-09.22.39:340][614]LogScript:Warning: Divide by zero: Divide_FloatFloat
[2016.01.08-09.22.39:349][615]LogScript:Warning: Divide by zero: Divide_FloatFloat
[2016.01.08-09.22.39:349][615]LogScript:Warning: Divide by zero: Divide_FloatFloat
[2016.01.08-09.22.39:357][616]LogScript:Warning: Divide by zero: Divide_FloatFloat
[2016.01.08-09.22.39:357][616]LogScript:Warning: Divide by zero: Divide_FloatFloat
[2016.01.08-09.22.39:365][617]LogScript:Warning: Divide by zero: Divide_FloatFloat
[2016.01.08-09.22.39:365][617]LogScript:Warning: Divide by zero: Divide_FloatFloat
[2016.01.08-09.22.39:378][618]LogScript:Warning: Divide by zero: Divide_FloatFloat
[2016.01.08-09.22.39:378][618]LogScript:Warning: Divide by zero: Divide_FloatFloat
[2016.01.08-09.22.39:423][619]LogScript:Warning: Divide by zero: Divide_FloatFloat
[2016.01.08-09.22.39:423][619]LogScript:Warning: Divide by zero: Divide_FloatFloat
[2016.01.08-09.22.39:442][620]LogScript:Warning: Divide by zero: Divide_FloatFloat
[2016.01.08-09.22.39:442][620]LogScript:Warning: Divide by zero: Divide_FloatFloat
[2016.01.08-09.22.39:457][621]LogScript:Warning: Divide by zero: Divide_FloatFloat
[2016.01.08-09.22.39:457][621]LogScript:Warning: Divide by zero: Divide_FloatFloat
[2016.01.08-09.22.39:471][622]LogScript:Warning: Divide by zero: Divide_FloatFloat
[2016.01.08-09.22.39:471][622]LogScript:Warning: Divide by zero: Divide_FloatFloat
[2016.01.08-09.22.39:485][623]LogScript:Warning: Divide by zero: Divide_FloatFloat
[2016.01.08-09.22.39:485][623]LogScript:Warning: Divide by zero: Divide_FloatFloat
[2016.01.08-09.22.39:498][624]LogScript:Warning: Divide by zero: Divide_FloatFloat
[2016.01.08-09.22.39:498][624]LogScript:Warning: Divide by zero: Divide_FloatFloat
[2016.01.08-09.22.39:511][625]LogScript:Warning: Divide by zero: Divide_FloatFloat
[2016.01.08-09.22.39:511][625]LogScript:Warning: Divide by zero: Divide_FloatFloat
[2016.01.08-09.22.39:523][626]LogScript:Warning: Divide by zero: Divide_FloatFloat
[2016.01.08-09.22.39:523][626]LogScript:Warning: Divide by zero: Divide_FloatFloat
[2016.01.08-09.22.39:533][627]LogScript:Warning: Divide by zero: Divide_FloatFloat
[2016.01.08-09.22.39:533][627]LogScript:Warning: Divide by zero: Divide_FloatFloat
[2016.01.08-09.22.39:543][628]LogScript:Warning: Divide by zero: Divide_FloatFloat
[2016.01.08-09.22.39:543][628]LogScript:Warning: Divide by zero: Divide_FloatFloat
[2016.01.08-09.22.39:553][629]LogScript:Warning: Divide by zero: Divide_FloatFloat
[2016.01.08-09.22.39:553][629]LogScript:Warning: Divide by zero: Divide_FloatFloat
[2016.01.08-09.22.39:563][630]LogScript:Warning: Divide by zero: Divide_FloatFloat
[2016.01.08-09.22.39:563][630]LogScript:Warning: Divide by zero: Divide_FloatFloat
[2016.01.08-09.22.39:572][631]LogScript:Warning: Divide by zero: Divide_FloatFloat
[2016.01.08-09.22.39:572][631]LogScript:Warning: Divide by zero: Divide_FloatFloat
[2016.01.08-09.22.39:581][632]LogScript:Warning: Divide by zero: Divide_FloatFloat
[2016.01.08-09.22.39:581][632]LogScript:Warning: Divide by zero: Divide_FloatFloat
[2016.01.08-09.22.39:590][633]LogScript:Warning: Divide by zero: Divide_FloatFloat
[2016.01.08-09.22.39:590][633]LogScript:Warning: Divide by zero: Divide_FloatFloat
[2016.01.08-09.22.39:598][634]LogScript:Warning: Divide by zero: Divide_FloatFloat
[2016.01.08-09.22.39:598][634]LogScript:Warning: Divide by zero: Divide_FloatFloat
[2016.01.08-09.22.39:606][635]LogScript:Warning: Divide by zero: Divide_FloatFloat
[2016.01.08-09.22.39:606][635]LogScript:Warning: Divide by zero: Divide_FloatFloat
[2016.01.08-09.22.39:615][636]LogScript:Warning: Divide by zero: Divide_FloatFloat
[2016.01.08-09.22.39:615][636]LogScript:Warning: Divide by zero: Divide_FloatFloat
[2016.01.08-09.22.39:624][637]LogScript:Warning: Divide by zero: Divide_FloatFloat
[2016.01.08-09.22.39:624][637]LogScript:Warning: Divide by zero: Divide_FloatFloat
[2016.01.08-09.22.39:632][638]LogScript:Warning: Divide by zero: Divide_FloatFloat
[2016.01.08-09.22.39:632][638]LogScript:Warning: Divide by zero: Divide_FloatFloat
[2016.01.08-09.22.39:641][639]LogScript:Warning: Divide by zero: Divide_FloatFloat
[2016.01.08-09.22.39:641][639]LogScript:Warning: Divide by zero: Divide_FloatFloat
[2016.01.08-09.22.39:649][640]LogScript:Warning: Divide by zero: Divide_FloatFloat
[2016.01.08-09.22.39:649][640]LogScript:Warning: Divide by zero: Divide_FloatFloat
[2016.01.08-09.22.39:657][641]LogScript:Warning: Divide by zero: Divide_FloatFloat
[2016.01.08-09.22.39:657][641]LogScript:Warning: Divide by zero: Divide_FloatFloat
[2016.01.08-09.22.39:666][642]LogScript:Warning: Divide by zero: Divide_FloatFloat
[2016.01.08-09.22.39:666][642]LogScript:Warning: Divide by zero: Divide_FloatFloat
[2016.01.08-09.22.39:674][643]LogScript:Warning: Divide by zero: Divide_FloatFloat
[2016.01.08-09.22.39:674][643]LogScript:Warning: Divide by zero: Divide_FloatFloat
[2016.01.08-09.22.39:682][644]LogScript:Warning: Divide by zero: Divide_FloatFloat
[2016.01.08-09.22.39:682][644]LogScript:Warning: Divide by zero: Divide_FloatFloat
[2016.01.08-09.22.39:690][645]LogScript:Warning: Divide by zero: Divide_FloatFloat
[2016.01.08-09.22.39:690][645]LogScript:Warning: Divide by zero: Divide_FloatFloat
[2016.01.08-09.22.39:699][646]LogScript:Warning: Divide by zero: Divide_FloatFloat
[2016.01.08-09.22.39:699][646]LogScript:Warning: Divide by zero: Divide_FloatFloat
[2016.01.08-09.22.39:707][647]LogScript:Warning: Divide by zero: Divide_FloatFloat
[2016.01.08-09.22.39:707][647]LogScript:Warning: Divide by zero: Divide_FloatFloat
[2016.01.08-09.22.39:716][648]LogScript:Warning: Divide by zero: Divide_FloatFloat
[2016.01.08-09.22.39:716][648]LogScript:Warning: Divide by zero: Divide_FloatFloat
[2016.01.08-09.22.39:724][649]LogScript:Warning: Divide by zero: Divide_FloatFloat
[2016.01.08-09.22.39:724][649]LogScript:Warning: Divide by zero: Divide_FloatFloat
[2016.01.08-09.22.39:732][650]LogScript:Warning: Divide by zero: Divide_FloatFloat
[2016.01.08-09.22.39:732][650]LogScript:Warning: Divide by zero: Divide_FloatFloat
[2016.01.08-09.22.39:741][651]LogScript:Warning: Divide by zero: Divide_FloatFloat
[2016.01.08-09.22.39:741][651]LogScript:Warning: Divide by zero: Divide_FloatFloat
[2016.01.08-09.22.39:749][652]LogScript:Warning: Divide by zero: Divide_FloatFloat
[2016.01.08-09.22.39:749][652]LogScript:Warning: Divide by zero: Divide_FloatFloat
[2016.01.08-09.22.39:762][653]LogScript:Warning: Divide by zero: Divide_FloatFloat
[2016.01.08-09.22.39:762][653]LogScript:Warning: Divide by zero: Divide_FloatFloat
[2016.01.08-09.22.39:769][654]LogScript:Warning: Divide by zero: Divide_FloatFloat
[2016.01.08-09.22.39:769][654]LogScript:Warning: Divide by zero: Divide_FloatFloat
[2016.01.08-09.22.39:778][655]LogScript:Warning: Divide by zero: Divide_FloatFloat
[2016.01.08-09.22.39:778][655]LogScript:Warning: Divide by zero: Divide_FloatFloat
[2016.01.08-09.22.39:814][656]LogScript:Warning: Divide by zero: Divide_FloatFloat
[2016.01.08-09.22.39:814][656]LogScript:Warning: Divide by zero: Divide_FloatFloat
[2016.01.08-09.22.39:841][657]LogScript:Warning: Divide by zero: Divide_FloatFloat
[2016.01.08-09.22.39:841][657]LogScript:Warning: Divide by zero: Divide_FloatFloat
[2016.01.08-09.22.39:860][658]LogScript:Warning: Divide by zero: Divide_FloatFloat
[2016.01.08-09.22.39:860][658]LogScript:Warning: Divide by zero: Divide_FloatFloat
[2016.01.08-09.22.39:876][659]LogScript:Warning: Divide by zero: Divide_FloatFloat
[2016.01.08-09.22.39:876][659]LogScript:Warning: Divide by zero: Divide_FloatFloat
[2016.01.08-09.22.39:889][660]LogScript:Warning: Divide by zero: Divide_FloatFloat
[2016.01.08-09.22.39:889][660]LogScript:Warning: Divide by zero: Divide_FloatFloat
[2016.01.08-09.22.39:902][661]LogScript:Warning: Divide by zero: Divide_FloatFloat
[2016.01.08-09.22.39:902][661]LogScript:Warning: Divide by zero: Divide_FloatFloat
[2016.01.08-09.22.39:915][662]LogScript:Warning: Divide by zero: Divide_FloatFloat
[2016.01.08-09.22.39:915][662]LogScript:Warning: Divide by zero: Divide_FloatFloat
[2016.01.08-09.22.39:930][663]LogScript:Warning: Divide by zero: Divide_FloatFloat
[2016.01.08-09.22.39:930][663]LogScript:Warning: Divide by zero: Divide_FloatFloat
[2016.01.08-09.22.39:943][664]LogScript:Warning: Divide by zero: Divide_FloatFloat
[2016.01.08-09.22.39:943][664]LogScript:Warning: Divide by zero: Divide_FloatFloat
[2016.01.08-09.22.39:955][665]LogScript:Warning: Divide by zero: Divide_FloatFloat
[2016.01.08-09.22.39:955][665]LogScript:Warning: Divide by zero: Divide_FloatFloat
[2016.01.08-09.22.39:966][666]LogScript:Warning: Divide by zero: Divide_FloatFloat
[2016.01.08-09.22.39:967][666]LogScript:Warning: Divide by zero: Divide_FloatFloat
[2016.01.08-09.22.39:977][667]LogScript:Warning: Divide by zero: Divide_FloatFloat
[2016.01.08-09.22.39:977][667]LogScript:Warning: Divide by zero: Divide_FloatFloat
[2016.01.08-09.22.39:987][668]LogScript:Warning: Divide by zero: Divide_FloatFloat
[2016.01.08-09.22.39:987][668]LogScript:Warning: Divide by zero: Divide_FloatFloat
[2016.01.08-09.22.39:996][669]LogScript:Warning: Divide by zero: Divide_FloatFloat
[2016.01.08-09.22.39:996][669]LogScript:Warning: Divide by zero: Divide_FloatFloat
[2016.01.08-09.22.40:005][670]LogScript:Warning: Divide by zero: Divide_FloatFloat
[2016.01.08-09.22.40:005][670]LogScript:Warning: Divide by zero: Divide_FloatFloat
[2016.01.08-09.22.40:013][671]LogScript:Warning: Divide by zero: Divide_FloatFloat
[2016.01.08-09.22.40:013][671]LogScript:Warning: Divide by zero: Divide_FloatFloat
[2016.01.08-09.22.40:022][672]LogScript:Warning: Divide by zero: Divide_FloatFloat
[2016.01.08-09.22.40:022][672]LogScript:Warning: Divide by zero: Divide_FloatFloat
[2016.01.08-09.22.40:030][673]LogScript:Warning: Divide by zero: Divide_FloatFloat
[2016.01.08-09.22.40:030][673]LogScript:Warning: Divide by zero: Divide_FloatFloat
[2016.01.08-09.22.40:038][674]LogScript:Warning: Divide by zero: Divide_FloatFloat
[2016.01.08-09.22.40:038][674]LogScript:Warning: Divide by zero: Divide_FloatFloat
[2016.01.08-09.22.40:047][675]LogScript:Warning: Divide by zero: Divide_FloatFloat
[2016.01.08-09.22.40:047][675]LogScript:Warning: Divide by zero: Divide_FloatFloat
[2016.01.08-09.22.40:055][676]LogScript:Warning: Divide by zero: Divide_FloatFloat
[2016.01.08-09.22.40:055][676]LogScript:Warning: Divide by zero: Divide_FloatFloat
[2016.01.08-09.22.40:063][677]LogScript:Warning: Divide by zero: Divide_FloatFloat
[2016.01.08-09.22.40:063][677]LogScript:Warning: Divide by zero: Divide_FloatFloat
[2016.01.08-09.22.40:072][678]LogScript:Warning: Divide by zero: Divide_FloatFloat
[2016.01.08-09.22.40:072][678]LogScript:Warning: Divide by zero: Divide_FloatFloat
[2016.01.08-09.22.40:080][679]LogScript:Warning: Divide by zero: Divide_FloatFloat
[2016.01.08-09.22.40:080][679]LogScript:Warning: Divide by zero: Divide_FloatFloat
[2016.01.08-09.22.40:088][680]LogScript:Warning: Divide by zero: Divide_FloatFloat
[2016.01.08-09.22.40:088][680]LogScript:Warning: Divide by zero: Divide_FloatFloat
[2016.01.08-09.22.40:097][681]LogScript:Warning: Divide by zero: Divide_FloatFloat
[2016.01.08-09.22.40:097][681]LogScript:Warning: Divide by zero: Divide_FloatFloat
[2016.01.08-09.22.40:105][682]LogScript:Warning: Divide by zero: Divide_FloatFloat
[2016.01.08-09.22.40:105][682]LogScript:Warning: Divide by zero: Divide_FloatFloat
[2016.01.08-09.22.40:113][683]LogScript:Warning: Divide by zero: Divide_FloatFloat
[2016.01.08-09.22.40:113][683]LogScript:Warning: Divide by zero: Divide_FloatFloat
[2016.01.08-09.22.40:121][684]LogScript:Warning: Divide by zero: Divide_FloatFloat
[2016.01.08-09.22.40:121][684]LogScript:Warning: Divide by zero: Divide_FloatFloat
[2016.01.08-09.22.40:130][685]LogScript:Warning: Divide by zero: Divide_FloatFloat
[2016.01.08-09.22.40:130][685]LogScript:Warning: Divide by zero: Divide_FloatFloat
[2016.01.08-09.22.40:138][686]LogScript:Warning: Divide by zero: Divide_FloatFloat
[2016.01.08-09.22.40:138][686]LogScript:Warning: Divide by zero: Divide_FloatFloat
[2016.01.08-09.22.40:146][687]LogScript:Warning: Divide by zero: Divide_FloatFloat
[2016.01.08-09.22.40:146][687]LogScript:Warning: Divide by zero: Divide_FloatFloat
[2016.01.08-09.22.40:155][688]LogScript:Warning: Divide by zero: Divide_FloatFloat
[2016.01.08-09.22.40:155][688]LogScript:Warning: Divide by zero: Divide_FloatFloat
[2016.01.08-09.22.40:163][689]LogScript:Warning: Divide by zero: Divide_FloatFloat
[2016.01.08-09.22.40:163][689]LogScript:Warning: Divide by zero: Divide_FloatFloat
[2016.01.08-09.22.40:177][690]LogScript:Warning: Divide by zero: Divide_FloatFloat
[2016.01.08-09.22.40:178][690]LogScript:Warning: Divide by zero: Divide_FloatFloat
[2016.01.08-09.22.40:218][691]LogScript:Warning: Divide by zero: Divide_FloatFloat
[2016.01.08-09.22.40:218][691]LogScript:Warning: Divide by zero: Divide_FloatFloat
[2016.01.08-09.22.40:238][692]LogScript:Warning: Divide by zero: Divide_FloatFloat
[2016.01.08-09.22.40:238][692]LogScript:Warning: Divide by zero: Divide_FloatFloat
[2016.01.08-09.22.40:254][693]LogScript:Warning: Divide by zero: Divide_FloatFloat
[2016.01.08-09.22.40:254][693]LogScript:Warning: Divide by zero: Divide_FloatFloat
[2016.01.08-09.22.40:269][694]LogScript:Warning: Divide by zero: Divide_FloatFloat
[2016.01.08-09.22.40:269][694]LogScript:Warning: Divide by zero: Divide_FloatFloat
[2016.01.08-09.22.40:281][695]LogScript:Warning: Divide by zero: Divide_FloatFloat
[2016.01.08-09.22.40:281][695]LogScript:Warning: Divide by zero: Divide_FloatFloat
[2016.01.08-09.22.40:293][696]LogScript:Warning: Divide by zero: Divide_FloatFloat
[2016.01.08-09.22.40:293][696]LogScript:Warning: Divide by zero: Divide_FloatFloat
[2016.01.08-09.22.40:304][697]LogScript:Warning: Divide by zero: Divide_FloatFloat
[2016.01.08-09.22.40:304][697]LogScript:Warning: Divide by zero: Divide_FloatFloat
[2016.01.08-09.22.40:314][698]LogScript:Warning: Divide by zero: Divide_FloatFloat
[2016.01.08-09.22.40:314][698]LogScript:Warning: Divide by zero: Divide_FloatFloat
[2016.01.08-09.22.40:325][699]LogScript:Warning: Divide by zero: Divide_FloatFloat
[2016.01.08-09.22.40:325][699]LogScript:Warning: Divide by zero: Divide_FloatFloat
[2016.01.08-09.22.40:335][700]LogScript:Warning: Divide by zero: Divide_FloatFloat
[2016.01.08-09.22.40:335][700]LogScript:Warning: Divide by zero: Divide_FloatFloat
[2016.01.08-09.22.40:345][701]LogScript:Warning: Divide by zero: Divide_FloatFloat
[2016.01.08-09.22.40:345][701]LogScript:Warning: Divide by zero: Divide_FloatFloat
[2016.01.08-09.22.40:354][702]LogScript:Warning: Divide by zero: Divide_FloatFloat
[2016.01.08-09.22.40:354][702]LogScript:Warning: Divide by zero: Divide_FloatFloat
[2016.01.08-09.22.40:363][703]LogScript:Warning: Divide by zero: Divide_FloatFloat
[2016.01.08-09.22.40:364][703]LogScript:Warning: Divide by zero: Divide_FloatFloat
[2016.01.08-09.22.40:372][704]LogScript:Warning: Divide by zero: Divide_FloatFloat
[2016.01.08-09.22.40:372][704]LogScript:Warning: Divide by zero: Divide_FloatFloat
[2016.01.08-09.22.40:381][705]LogScript:Warning: Divide by zero: Divide_FloatFloat
[2016.01.08-09.22.40:381][705]LogScript:Warning: Divide by zero: Divide_FloatFloat
[2016.01.08-09.22.40:389][706]LogScript:Warning: Divide by zero: Divide_FloatFloat
[2016.01.08-09.22.40:389][706]LogScript:Warning: Divide by zero: Divide_FloatFloat
[2016.01.08-09.22.40:397][707]LogScript:Warning: Divide by zero: Divide_FloatFloat
[2016.01.08-09.22.40:397][707]LogScript:Warning: Divide by zero: Divide_FloatFloat
[2016.01.08-09.22.40:406][708]LogScript:Warning: Divide by zero: Divide_FloatFloat
[2016.01.08-09.22.40:406][708]LogScript:Warning: Divide by zero: Divide_FloatFloat
[2016.01.08-09.22.40:414][709]LogScript:Warning: Divide by zero: Divide_FloatFloat
[2016.01.08-09.22.40:414][709]LogScript:Warning: Divide by zero: Divide_FloatFloat
[2016.01.08-09.22.40:422][710]LogScript:Warning: Divide by zero: Divide_FloatFloat
[2016.01.08-09.22.40:422][710]LogScript:Warning: Divide by zero: Divide_FloatFloat
[2016.01.08-09.22.40:431][711]LogScript:Warning: Divide by zero: Divide_FloatFloat
[2016.01.08-09.22.40:431][711]LogScript:Warning: Divide by zero: Divide_FloatFloat
[2016.01.08-09.22.40:439][712]LogScript:Warning: Divide by zero: Divide_FloatFloat
[2016.01.08-09.22.40:439][712]LogScript:Warning: Divide by zero: Divide_FloatFloat
[2016.01.08-09.22.40:447][713]LogScript:Warning: Divide by zero: Divide_FloatFloat
[2016.01.08-09.22.40:447][713]LogScript:Warning: Divide by zero: Divide_FloatFloat
[2016.01.08-09.22.40:456][714]LogScript:Warning: Divide by zero: Divide_FloatFloat
[2016.01.08-09.22.40:456][714]LogScript:Warning: Divide by zero: Divide_FloatFloat
[2016.01.08-09.22.40:464][715]LogScript:Warning: Divide by zero: Divide_FloatFloat
[2016.01.08-09.22.40:464][715]LogScript:Warning: Divide by zero: Divide_FloatFloat
[2016.01.08-09.22.40:472][716]LogScript:Warning: Divide by zero: Divide_FloatFloat
[2016.01.08-09.22.40:472][716]LogScript:Warning: Divide by zero: Divide_FloatFloat
[2016.01.08-09.22.40:480][717]LogScript:Warning: Divide by zero: Divide_FloatFloat
[2016.01.08-09.22.40:480][717]LogScript:Warning: Divide by zero: Divide_FloatFloat
[2016.01.08-09.22.40:489][718]LogScript:Warning: Divide by zero: Divide_FloatFloat
[2016.01.08-09.22.40:489][718]LogScript:Warning: Divide by zero: Divide_FloatFloat
[2016.01.08-09.22.40:497][719]LogScript:Warning: Divide by zero: Divide_FloatFloat
[2016.01.08-09.22.40:497][719]LogScript:Warning: Divide by zero: Divide_FloatFloat
[2016.01.08-09.22.40:505][720]LogScript:Warning: Divide by zero: Divide_FloatFloat
[2016.01.08-09.22.40:505][720]LogScript:Warning: Divide by zero: Divide_FloatFloat
[2016.01.08-09.22.40:514][721]LogScript:Warning: Divide by zero: Divide_FloatFloat
[2016.01.08-09.22.40:514][721]LogScript:Warning: Divide by zero: Divide_FloatFloat
[2016.01.08-09.22.40:522][722]LogScript:Warning: Divide by zero: Divide_FloatFloat
[2016.01.08-09.22.40:522][722]LogScript:Warning: Divide by zero: Divide_FloatFloat
[2016.01.08-09.22.40:530][723]LogScript:Warning: Divide by zero: Divide_FloatFloat
[2016.01.08-09.22.40:530][723]LogScript:Warning: Divide by zero: Divide_FloatFloat
[2016.01.08-09.22.40:539][724]LogScript:Warning: Divide by zero: Divide_FloatFloat
[2016.01.08-09.22.40:539][724]LogScript:Warning: Divide by zero: Divide_FloatFloat
[2016.01.08-09.22.40:547][725]LogScript:Warning: Divide by zero: Divide_FloatFloat
[2016.01.08-09.22.40:547][725]LogScript:Warning: Divide by zero: Divide_FloatFloat
[2016.01.08-09.22.40:556][726]LogScript:Warning: Divide by zero: Divide_FloatFloat
[2016.01.08-09.22.40:556][726]LogScript:Warning: Divide by zero: Divide_FloatFloat
[2016.01.08-09.22.40:564][727]LogScript:Warning: Divide by zero: Divide_FloatFloat
[2016.01.08-09.22.40:564][727]LogScript:Warning: Divide by zero: Divide_FloatFloat
[2016.01.08-09.22.40:572][728]LogScript:Warning: Divide by zero: Divide_FloatFloat
[2016.01.08-09.22.40:572][728]LogScript:Warning: Divide by zero: Divide_FloatFloat
[2016.01.08-09.22.40:581][729]LogScript:Warning: Divide by zero: Divide_FloatFloat
[2016.01.08-09.22.40:581][729]LogScript:Warning: Divide by zero: Divide_FloatFloat
[2016.01.08-09.22.40:589][730]LogScript:Warning: Divide by zero: Divide_FloatFloat
[2016.01.08-09.22.40:589][730]LogScript:Warning: Divide by zero: Divide_FloatFloat
[2016.01.08-09.22.40:597][731]LogScript:Warning: Divide by zero: Divide_FloatFloat
[2016.01.08-09.22.40:597][731]LogScript:Warning: Divide by zero: Divide_FloatFloat
[2016.01.08-09.22.40:605][732]LogScript:Warning: Divide by zero: Divide_FloatFloat
[2016.01.08-09.22.40:605][732]LogScript:Warning: Divide by zero: Divide_FloatFloat
[2016.01.08-09.22.40:614][733]LogScript:Warning: Divide by zero: Divide_FloatFloat
[2016.01.08-09.22.40:614][733]LogScript:Warning: Divide by zero: Divide_FloatFloat
[2016.01.08-09.22.40:622][734]LogScript:Warning: Divide by zero: Divide_FloatFloat
[2016.01.08-09.22.40:622][734]LogScript:Warning: Divide by zero: Divide_FloatFloat
[2016.01.08-09.22.40:631][735]LogScript:Warning: Divide by zero: Divide_FloatFloat
[2016.01.08-09.22.40:631][735]LogScript:Warning: Divide by zero: Divide_FloatFloat
[2016.01.08-09.22.40:648][736]LogScript:Warning: Divide by zero: Divide_FloatFloat
[2016.01.08-09.22.40:648][736]LogScript:Warning: Divide by zero: Divide_FloatFloat
[2016.01.08-09.22.40:685][737]LogScript:Warning: Divide by zero: Divide_FloatFloat
[2016.01.08-09.22.40:685][737]LogScript:Warning: Divide by zero: Divide_FloatFloat
[2016.01.08-09.22.40:703][738]LogScript:Warning: Divide by zero: Divide_FloatFloat
[2016.01.08-09.22.40:703][738]LogScript:Warning: Divide by zero: Divide_FloatFloat
[2016.01.08-09.22.40:720][739]LogScript:Warning: Divide by zero: Divide_FloatFloat
[2016.01.08-09.22.40:720][739]LogScript:Warning: Divide by zero: Divide_FloatFloat
[2016.01.08-09.22.40:734][740]LogScript:Warning: Divide by zero: Divide_FloatFloat
[2016.01.08-09.22.40:734][740]LogScript:Warning: Divide by zero: Divide_FloatFloat
[2016.01.08-09.22.40:747][741]LogScript:Warning: Divide by zero: Divide_FloatFloat
[2016.01.08-09.22.40:748][741]LogScript:Warning: Divide by zero: Divide_FloatFloat
[2016.01.08-09.22.40:759][742]LogScript:Warning: Divide by zero: Divide_FloatFloat
[2016.01.08-09.22.40:759][742]LogScript:Warning: Divide by zero: Divide_FloatFloat
[2016.01.08-09.22.40:770][743]LogScript:Warning: Divide by zero: Divide_FloatFloat
[2016.01.08-09.22.40:770][743]LogScript:Warning: Divide by zero: Divide_FloatFloat
[2016.01.08-09.22.40:781][744]LogScript:Warning: Divide by zero: Divide_FloatFloat
[2016.01.08-09.22.40:781][744]LogScript:Warning: Divide by zero: Divide_FloatFloat
[2016.01.08-09.22.40:791][745]LogScript:Warning: Divide by zero: Divide_FloatFloat
[2016.01.08-09.22.40:791][745]LogScript:Warning: Divide by zero: Divide_FloatFloat
[2016.01.08-09.22.40:801][746]LogScript:Warning: Divide by zero: Divide_FloatFloat
[2016.01.08-09.22.40:801][746]LogScript:Warning: Divide by zero: Divide_FloatFloat
[2016.01.08-09.22.40:810][747]LogScript:Warning: Divide by zero: Divide_FloatFloat
[2016.01.08-09.22.40:810][747]LogScript:Warning: Divide by zero: Divide_FloatFloat
[2016.01.08-09.22.40:819][748]LogScript:Warning: Divide by zero: Divide_FloatFloat
[2016.01.08-09.22.40:819][748]LogScript:Warning: Divide by zero: Divide_FloatFloat
[2016.01.08-09.22.40:828][749]LogScript:Warning: Divide by zero: Divide_FloatFloat
[2016.01.08-09.22.40:828][749]LogScript:Warning: Divide by zero: Divide_FloatFloat
[2016.01.08-09.22.40:837][750]LogScript:Warning: Divide by zero: Divide_FloatFloat
[2016.01.08-09.22.40:837][750]LogScript:Warning: Divide by zero: Divide_FloatFloat
[2016.01.08-09.22.40:845][751]LogScript:Warning: Divide by zero: Divide_FloatFloat
[2016.01.08-09.22.40:845][751]LogScript:Warning: Divide by zero: Divide_FloatFloat
[2016.01.08-09.22.40:853][752]LogScript:Warning: Divide by zero: Divide_FloatFloat
[2016.01.08-09.22.40:853][752]LogScript:Warning: Divide by zero: Divide_FloatFloat
[2016.01.08-09.22.40:862][753]LogScript:Warning: Divide by zero: Divide_FloatFloat
[2016.01.08-09.22.40:862][753]LogScript:Warning: Divide by zero: Divide_FloatFloat
[2016.01.08-09.22.40:870][754]LogScript:Warning: Divide by zero: Divide_FloatFloat
[2016.01.08-09.22.40:870][754]LogScript:Warning: Divide by zero: Divide_FloatFloat
[2016.01.08-09.22.40:879][755]LogScript:Warning: Divide by zero: Divide_FloatFloat
[2016.01.08-09.22.40:879][755]LogScript:Warning: Divide by zero: Divide_FloatFloat
[2016.01.08-09.22.40:887][756]LogScript:Warning: Divide by zero: Divide_FloatFloat
[2016.01.08-09.22.40:887][756]LogScript:Warning: Divide by zero: Divide_FloatFloat
[2016.01.08-09.22.40:895][757]LogScript:Warning: Divide by zero: Divide_FloatFloat
[2016.01.08-09.22.40:895][757]LogScript:Warning: Divide by zero: Divide_FloatFloat
[2016.01.08-09.22.40:904][758]LogScript:Warning: Divide by zero: Divide_FloatFloat
[2016.01.08-09.22.40:904][758]LogScript:Warning: Divide by zero: Divide_FloatFloat
[2016.01.08-09.22.40:912][759]LogScript:Warning: Divide by zero: Divide_FloatFloat
[2016.01.08-09.22.40:912][759]LogScript:Warning: Divide by zero: Divide_FloatFloat
[2016.01.08-09.22.40:921][760]LogScript:Warning: Divide by zero: Divide_FloatFloat
[2016.01.08-09.22.40:921][760]LogScript:Warning: Divide by zero: Divide_FloatFloat
[2016.01.08-09.22.40:929][761]LogScript:Warning: Divide by zero: Divide_FloatFloat
[2016.01.08-09.22.40:929][761]LogScript:Warning: Divide by zero: Divide_FloatFloat
[2016.01.08-09.22.40:937][762]LogScript:Warning: Divide by zero: Divide_FloatFloat
[2016.01.08-09.22.40:937][762]LogScript:Warning: Divide by zero: Divide_FloatFloat
[2016.01.08-09.22.40:946][763]LogScript:Warning: Divide by zero: Divide_FloatFloat
[2016.01.08-09.22.40:946][763]LogScript:Warning: Divide by zero: Divide_FloatFloat
[2016.01.08-09.22.40:954][764]LogScript:Warning: Divide by zero: Divide_FloatFloat
[2016.01.08-09.22.40:954][764]LogScript:Warning: Divide by zero: Divide_FloatFloat
[2016.01.08-09.22.40:963][765]LogScript:Warning: Divide by zero: Divide_FloatFloat
[2016.01.08-09.22.40:963][765]LogScript:Warning: Divide by zero: Divide_FloatFloat
[2016.01.08-09.22.40:971][766]LogScript:Warning: Divide by zero: Divide_FloatFloat
[2016.01.08-09.22.40:971][766]LogScript:Warning: Divide by zero: Divide_FloatFloat
[2016.01.08-09.22.40:979][767]LogScript:Warning: Divide by zero: Divide_FloatFloat
[2016.01.08-09.22.40:979][767]LogScript:Warning: Divide by zero: Divide_FloatFloat
[2016.01.08-09.22.40:987][768]LogScript:Warning: Divide by zero: Divide_FloatFloat
[2016.01.08-09.22.40:987][768]LogScript:Warning: Divide by zero: Divide_FloatFloat
[2016.01.08-09.22.40:996][769]LogScript:Warning: Divide by zero: Divide_FloatFloat
[2016.01.08-09.22.40:996][769]LogScript:Warning: Divide by zero: Divide_FloatFloat
[2016.01.08-09.22.41:004][770]LogScript:Warning: Divide by zero: Divide_FloatFloat
[2016.01.08-09.22.41:004][770]LogScript:Warning: Divide by zero: Divide_FloatFloat
[2016.01.08-09.22.41:013][771]LogScript:Warning: Divide by zero: Divide_FloatFloat
[2016.01.08-09.22.41:013][771]LogScript:Warning: Divide by zero: Divide_FloatFloat
[2016.01.08-09.22.41:022][772]LogScript:Warning: Divide by zero: Divide_FloatFloat
[2016.01.08-09.22.41:022][772]LogScript:Warning: Divide by zero: Divide_FloatFloat
[2016.01.08-09.22.41:030][773]LogScript:Warning: Divide by zero: Divide_FloatFloat
[2016.01.08-09.22.41:030][773]LogScript:Warning: Divide by zero: Divide_FloatFloat
[2016.01.08-09.22.41:039][774]LogScript:Warning: Divide by zero: Divide_FloatFloat
[2016.01.08-09.22.41:039][774]LogScript:Warning: Divide by zero: Divide_FloatFloat
[2016.01.08-09.22.41:046][775]LogScript:Warning: Divide by zero: Divide_FloatFloat
[2016.01.08-09.22.41:046][775]LogScript:Warning: Divide by zero: Divide_FloatFloat
[2016.01.08-09.22.41:055][776]LogScript:Warning: Divide by zero: Divide_FloatFloat
[2016.01.08-09.22.41:055][776]LogScript:Warning: Divide by zero: Divide_FloatFloat
[2016.01.08-09.22.41:063][777]LogScript:Warning: Divide by zero: Divide_FloatFloat
[2016.01.08-09.22.41:063][777]LogScript:Warning: Divide by zero: Divide_FloatFloat
[2016.01.08-09.22.41:072][778]LogScript:Warning: Divide by zero: Divide_FloatFloat
[2016.01.08-09.22.41:072][778]LogScript:Warning: Divide by zero: Divide_FloatFloat
[2016.01.08-09.22.41:080][779]LogScript:Warning: Divide by zero: Divide_FloatFloat
[2016.01.08-09.22.41:080][779]LogScript:Warning: Divide by zero: Divide_FloatFloat
[2016.01.08-09.22.41:089][780]LogScript:Warning: Divide by zero: Divide_FloatFloat
[2016.01.08-09.22.41:089][780]LogScript:Warning: Divide by zero: Divide_FloatFloat
[2016.01.08-09.22.41:097][781]LogScript:Warning: Divide by zero: Divide_FloatFloat
[2016.01.08-09.22.41:097][781]LogScript:Warning: Divide by zero: Divide_FloatFloat
[2016.01.08-09.22.41:105][782]LogScript:Warning: Divide by zero: Divide_FloatFloat
[2016.01.08-09.22.41:105][782]LogScript:Warning: Divide by zero: Divide_FloatFloat
[2016.01.08-09.22.41:113][783]LogScript:Warning: Divide by zero: Divide_FloatFloat
[2016.01.08-09.22.41:113][783]LogScript:Warning: Divide by zero: Divide_FloatFloat
[2016.01.08-09.22.41:122][784]LogScript:Warning: Divide by zero: Divide_FloatFloat
[2016.01.08-09.22.41:122][784]LogScript:Warning: Divide by zero: Divide_FloatFloat
[2016.01.08-09.22.41:131][785]LogScript:Warning: Divide by zero: Divide_FloatFloat
[2016.01.08-09.22.41:131][785]LogScript:Warning: Divide by zero: Divide_FloatFloat
[2016.01.08-09.22.41:139][786]LogScript:Warning: Divide by zero: Divide_FloatFloat
[2016.01.08-09.22.41:139][786]LogScript:Warning: Divide by zero: Divide_FloatFloat
[2016.01.08-09.22.41:147][787]LogScript:Warning: Divide by zero: Divide_FloatFloat
[2016.01.08-09.22.41:147][787]LogScript:Warning: Divide by zero: Divide_FloatFloat
[2016.01.08-09.22.41:155][788]LogScript:Warning: Divide by zero: Divide_FloatFloat
[2016.01.08-09.22.41:155][788]LogScript:Warning: Divide by zero: Divide_FloatFloat
[2016.01.08-09.22.41:163][789]LogScript:Warning: Divide by zero: Divide_FloatFloat
[2016.01.08-09.22.41:163][789]LogScript:Warning: Divide by zero: Divide_FloatFloat
[2016.01.08-09.22.41:172][790]LogScript:Warning: Divide by zero: Divide_FloatFloat
[2016.01.08-09.22.41:172][790]LogScript:Warning: Divide by zero: Divide_FloatFloat
[2016.01.08-09.22.41:180][791]LogScript:Warning: Divide by zero: Divide_FloatFloat
[2016.01.08-09.22.41:180][791]LogScript:Warning: Divide by zero: Divide_FloatFloat
[2016.01.08-09.22.41:189][792]LogScript:Warning: Divide by zero: Divide_FloatFloat
[2016.01.08-09.22.41:189][792]LogScript:Warning: Divide by zero: Divide_FloatFloat
[2016.01.08-09.22.41:197][793]LogScript:Warning: Divide by zero: Divide_FloatFloat
[2016.01.08-09.22.41:197][793]LogScript:Warning: Divide by zero: Divide_FloatFloat
[2016.01.08-09.22.41:205][794]LogScript:Warning: Divide by zero: Divide_FloatFloat
[2016.01.08-09.22.41:205][794]LogScript:Warning: Divide by zero: Divide_FloatFloat
[2016.01.08-09.22.41:214][795]LogScript:Warning: Divide by zero: Divide_FloatFloat
[2016.01.08-09.22.41:214][795]LogScript:Warning: Divide by zero: Divide_FloatFloat
[2016.01.08-09.22.41:222][796]LogScript:Warning: Divide by zero: Divide_FloatFloat
[2016.01.08-09.22.41:222][796]LogScript:Warning: Divide by zero: Divide_FloatFloat
[2016.01.08-09.22.41:230][797]LogScript:Warning: Divide by zero: Divide_FloatFloat
[2016.01.08-09.22.41:230][797]LogScript:Warning: Divide by zero: Divide_FloatFloat
[2016.01.08-09.22.41:242][798]LogScript:Warning: Divide by zero: Divide_FloatFloat
[2016.01.08-09.22.41:242][798]LogScript:Warning: Divide by zero: Divide_FloatFloat
[2016.01.08-09.22.41:287][799]LogScript:Warning: Divide by zero: Divide_FloatFloat
[2016.01.08-09.22.41:287][799]LogScript:Warning: Divide by zero: Divide_FloatFloat
[2016.01.08-09.22.41:309][800]LogScript:Warning: Divide by zero: Divide_FloatFloat
[2016.01.08-09.22.41:309][800]LogScript:Warning: Divide by zero: Divide_FloatFloat
[2016.01.08-09.22.41:325][801]LogScript:Warning: Divide by zero: Divide_FloatFloat
[2016.01.08-09.22.41:325][801]LogScript:Warning: Divide by zero: Divide_FloatFloat
[2016.01.08-09.22.41:343][802]LogScript:Warning: Divide by zero: Divide_FloatFloat
[2016.01.08-09.22.41:343][802]LogScript:Warning: Divide by zero: Divide_FloatFloat
[2016.01.08-09.22.41:355][803]LogScript:Warning: Divide by zero: Divide_FloatFloat
[2016.01.08-09.22.41:355][803]LogScript:Warning: Divide by zero: Divide_FloatFloat
[2016.01.08-09.22.41:373][804]LogScript:Warning: Divide by zero: Divide_FloatFloat
[2016.01.08-09.22.41:373][804]LogScript:Warning: Divide by zero: Divide_FloatFloat
[2016.01.08-09.22.41:386][805]LogScript:Warning: Divide by zero: Divide_FloatFloat
[2016.01.08-09.22.41:386][805]LogScript:Warning: Divide by zero: Divide_FloatFloat
[2016.01.08-09.22.41:398][806]LogScript:Warning: Divide by zero: Divide_FloatFloat
[2016.01.08-09.22.41:398][806]LogScript:Warning: Divide by zero: Divide_FloatFloat
[2016.01.08-09.22.41:409][807]LogScript:Warning: Divide by zero: Divide_FloatFloat
[2016.01.08-09.22.41:409][807]LogScript:Warning: Divide by zero: Divide_FloatFloat
[2016.01.08-09.22.41:421][808]LogScript:Warning: Divide by zero: Divide_FloatFloat
[2016.01.08-09.22.41:421][808]LogScript:Warning: Divide by zero: Divide_FloatFloat
[2016.01.08-09.22.41:431][809]LogScript:Warning: Divide by zero: Divide_FloatFloat
[2016.01.08-09.22.41:431][809]LogScript:Warning: Divide by zero: Divide_FloatFloat
[2016.01.08-09.22.41:441][810]LogScript:Warning: Divide by zero: Divide_FloatFloat
[2016.01.08-09.22.41:441][810]LogScript:Warning: Divide by zero: Divide_FloatFloat
[2016.01.08-09.22.41:451][811]LogScript:Warning: Divide by zero: Divide_FloatFloat
[2016.01.08-09.22.41:451][811]LogScript:Warning: Divide by zero: Divide_FloatFloat
[2016.01.08-09.22.41:461][812]LogScript:Warning: Divide by zero: Divide_FloatFloat
[2016.01.08-09.22.41:461][812]LogScript:Warning: Divide by zero: Divide_FloatFloat
[2016.01.08-09.22.41:470][813]LogScript:Warning: Divide by zero: Divide_FloatFloat
[2016.01.08-09.22.41:470][813]LogScript:Warning: Divide by zero: Divide_FloatFloat
[2016.01.08-09.22.41:479][814]LogScript:Warning: Divide by zero: Divide_FloatFloat
[2016.01.08-09.22.41:479][814]LogScript:Warning: Divide by zero: Divide_FloatFloat
[2016.01.08-09.22.41:489][815]LogScript:Warning: Divide by zero: Divide_FloatFloat
[2016.01.08-09.22.41:489][815]LogScript:Warning: Divide by zero: Divide_FloatFloat
[2016.01.08-09.22.41:498][816]LogScript:Warning: Divide by zero: Divide_FloatFloat
[2016.01.08-09.22.41:498][816]LogScript:Warning: Divide by zero: Divide_FloatFloat
[2016.01.08-09.22.41:507][817]LogScript:Warning: Divide by zero: Divide_FloatFloat
[2016.01.08-09.22.41:507][817]LogScript:Warning: Divide by zero: Divide_FloatFloat
[2016.01.08-09.22.41:516][818]LogScript:Warning: Divide by zero: Divide_FloatFloat
[2016.01.08-09.22.41:516][818]LogScript:Warning: Divide by zero: Divide_FloatFloat
[2016.01.08-09.22.41:525][819]LogScript:Warning: Divide by zero: Divide_FloatFloat
[2016.01.08-09.22.41:525][819]LogScript:Warning: Divide by zero: Divide_FloatFloat
[2016.01.08-09.22.41:533][820]LogScript:Warning: Divide by zero: Divide_FloatFloat
[2016.01.08-09.22.41:533][820]LogScript:Warning: Divide by zero: Divide_FloatFloat
[2016.01.08-09.22.41:542][821]LogScript:Warning: Divide by zero: Divide_FloatFloat
[2016.01.08-09.22.41:542][821]LogScript:Warning: Divide by zero: Divide_FloatFloat
[2016.01.08-09.22.41:550][822]LogScript:Warning: Divide by zero: Divide_FloatFloat
[2016.01.08-09.22.41:550][822]LogScript:Warning: Divide by zero: Divide_FloatFloat
[2016.01.08-09.22.41:558][823]LogScript:Warning: Divide by zero: Divide_FloatFloat
[2016.01.08-09.22.41:558][823]LogScript:Warning: Divide by zero: Divide_FloatFloat
[2016.01.08-09.22.41:567][824]LogScript:Warning: Divide by zero: Divide_FloatFloat
[2016.01.08-09.22.41:567][824]LogScript:Warning: Divide by zero: Divide_FloatFloat
[2016.01.08-09.22.41:575][825]LogScript:Warning: Divide by zero: Divide_FloatFloat
[2016.01.08-09.22.41:575][825]LogScript:Warning: Divide by zero: Divide_FloatFloat
[2016.01.08-09.22.41:583][826]LogScript:Warning: Divide by zero: Divide_FloatFloat
[2016.01.08-09.22.41:583][826]LogScript:Warning: Divide by zero: Divide_FloatFloat
[2016.01.08-09.22.41:592][827]LogScript:Warning: Divide by zero: Divide_FloatFloat
[2016.01.08-09.22.41:592][827]LogScript:Warning: Divide by zero: Divide_FloatFloat
[2016.01.08-09.22.41:600][828]LogScript:Warning: Divide by zero: Divide_FloatFloat
[2016.01.08-09.22.41:600][828]LogScript:Warning: Divide by zero: Divide_FloatFloat
[2016.01.08-09.22.41:609][829]LogScript:Warning: Divide by zero: Divide_FloatFloat
[2016.01.08-09.22.41:609][829]LogScript:Warning: Divide by zero: Divide_FloatFloat
[2016.01.08-09.22.41:617][830]LogScript:Warning: Divide by zero: Divide_FloatFloat
[2016.01.08-09.22.41:617][830]LogScript:Warning: Divide by zero: Divide_FloatFloat
[2016.01.08-09.22.41:625][831]LogScript:Warning: Divide by zero: Divide_FloatFloat
[2016.01.08-09.22.41:625][831]LogScript:Warning: Divide by zero: Divide_FloatFloat
[2016.01.08-09.22.41:633][832]LogScript:Warning: Divide by zero: Divide_FloatFloat
[2016.01.08-09.22.41:633][832]LogScript:Warning: Divide by zero: Divide_FloatFloat
[2016.01.08-09.22.41:642][833]LogScript:Warning: Divide by zero: Divide_FloatFloat
[2016.01.08-09.22.41:642][833]LogScript:Warning: Divide by zero: Divide_FloatFloat
[2016.01.08-09.22.41:650][834]LogScript:Warning: Divide by zero: Divide_FloatFloat
[2016.01.08-09.22.41:650][834]LogScript:Warning: Divide by zero: Divide_FloatFloat
[2016.01.08-09.22.41:658][835]LogScript:Warning: Divide by zero: Divide_FloatFloat
[2016.01.08-09.22.41:658][835]LogScript:Warning: Divide by zero: Divide_FloatFloat
[2016.01.08-09.22.41:667][836]LogScript:Warning: Divide by zero: Divide_FloatFloat
[2016.01.08-09.22.41:667][836]LogScript:Warning: Divide by zero: Divide_FloatFloat
[2016.01.08-09.22.41:675][837]LogScript:Warning: Divide by zero: Divide_FloatFloat
[2016.01.08-09.22.41:675][837]LogScript:Warning: Divide by zero: Divide_FloatFloat
[2016.01.08-09.22.41:719][838]LogScript:Warning: Divide by zero: Divide_FloatFloat
[2016.01.08-09.22.41:720][838]LogScript:Warning: Divide by zero: Divide_FloatFloat
[2016.01.08-09.22.41:750][839]LogScript:Warning: Divide by zero: Divide_FloatFloat
[2016.01.08-09.22.41:750][839]LogScript:Warning: Divide by zero: Divide_FloatFloat
[2016.01.08-09.22.41:770][840]LogScript:Warning: Divide by zero: Divide_FloatFloat
[2016.01.08-09.22.41:770][840]LogScript:Warning: Divide by zero: Divide_FloatFloat
[2016.01.08-09.22.41:789][841]LogScript:Warning: Divide by zero: Divide_FloatFloat
[2016.01.08-09.22.41:789][841]LogScript:Warning: Divide by zero: Divide_FloatFloat
[2016.01.08-09.22.41:804][842]LogScript:Warning: Divide by zero: Divide_FloatFloat
[2016.01.08-09.22.41:804][842]LogScript:Warning: Divide by zero: Divide_FloatFloat
[2016.01.08-09.22.41:822][843]LogScript:Warning: Divide by zero: Divide_FloatFloat
[2016.01.08-09.22.41:822][843]LogScript:Warning: Divide by zero: Divide_FloatFloat
[2016.01.08-09.23.09:271][688]LogBlueprintUserMessages: *Insert Flashy Particle Effect Here*
[2016.01.08-09.23.09:271][688]LogBlueprintUserMessages: Speed Increased!
[2016.01.08-09.23.15:415][296]LogParticles: Destroying 0 GPU particle simulations for FXSystem 0x000000003C0E0680
[2016.01.08-09.23.35:896][339]LogD3D11RHI: InitD3DDevice
[2016.01.08-09.23.35:965][339]LogD3D11RHI: InitD3DDevice
[2016.01.08-09.23.36:159][339]LogLinker:Warning: Asset '../../../Engine/Content/ArtTools/RenderToTexture/Macros/RenderToTextureMacros.uasset' has been saved with empty engine version. The asset will be loaded but may be incompatible.
[2016.01.08-09.23.36:240][339]LogLinker:Warning: Asset '../../../Engine/Content/ArtTools/RenderToTexture/Enums/RenderToTexture_Enum.uasset' has been saved with empty engine version. The asset will be loaded but may be incompatible.
[2016.01.08-09.23.39:685][493]LogD3D11RHI: InitD3DDevice
[2016.01.08-09.23.41:770][700]LogRenderer: Reallocating scene render targets to support 1208x712 (Frame:9869).
[2016.01.08-09.23.45:019][ 46]LogD3D11RHI: InitD3DDevice
[2016.01.08-09.23.45:090][ 54]LogD3D11RHI: InitD3DDevice
[2016.01.08-09.23.46:531][207]LogD3D11RHI: InitD3DDevice
[2016.01.08-09.23.46:815][235]LogD3D11RHI: InitD3DDevice
[2016.01.08-09.24.23:775][ 20]LogD3D11RHI: InitD3DDevice
[2016.01.08-09.24.24:224][ 20]LogRenderer: Reallocating scene render targets to support 1432x928 (Frame:18927).
[2016.01.08-09.24.48:260][683]LogEditorTransaction: Undo Delete Collision
[2016.01.08-09.24.48:366][683]LogD3D11RHI: InitD3DDevice
[2016.01.08-09.25.04:969][605]LogD3D11RHI: InitD3DDevice
[2016.01.08-09.29.53:699][605]LogCrashTracker: 


[2016.01.08-09.31.08:109][605]LogCrashTracker: 


[2016.01.08-09.31.08:110][605]LogWindows: === Critical error: ===
Fatal error!

Unhandled Exception: EXCEPTION_ACCESS_VIOLATION writing address 0x00000000

UE4Editor-UnrealEd.dll!btConvexHullInternal::Pool<btConvexHullInternal::Edge>::newObject() {0x000007fedc4f9042} + 26 bytes [c:\alpha\ue4\engine\source\thirdparty\vhacd\src\btconvexhullc
UE4Editor-UnrealEd.dll!btConvexHullInternal::newEdgePair() {0x000007fedc4f8f1c} + 0 bytes [c:\alpha\ue4\engine\source\thirdparty\vhacd\src\btconvexhullc
UE4Editor-UnrealEd.dll!btConvexHullInternal::computeInternal() {0x000007fedc4f61e3} + 0 bytes [c:\alpha\ue4\engine\source\thirdparty\vhacd\src\btconvexhullc
UE4Editor-UnrealEd.dll!btConvexHullInternal::computeInternal() {0x000007fedc4f60e9} + 0 bytes [c:\alpha\ue4\engine\source\thirdparty\vhacd\src\btconvexhullc
UE4Editor-UnrealEd.dll!btConvexHullInternal::computeInternal() {0x000007fedc4f60e9} + 0 bytes [c:\alpha\ue4\engine\source\thirdparty\vhacd\src\btconvexhullc
UE4Editor-UnrealEd.dll!btConvexHullInternal::computeInternal() {0x000007fedc4f60e9} + 0 bytes [c:\alpha\ue4\engine\source\thirdparty\vhacd\src\btconvexhullc
UE4Editor-UnrealEd.dll!btConvexHullInternal::computeInternal() {0x000007fedc4f60e9} + 0 bytes [c:\alpha\ue4\engine\source\thirdparty\vhacd\src\btconvexhullc
UE4Editor-UnrealEd.dll!btConvexHullInternal::computeInternal() {0x000007fedc4f60e9} + 0 bytes [c:\alpha\ue4\engine\source\thirdparty\vhacd\src\btconvexhullc
UE4Editor-UnrealEd.dll!btConvexHullInternal::computeInternal() {0x000007fedc4f60e9} + 0 bytes [c:\alpha\ue4\engine\source\thirdparty\vhacd\src\btconvexhullc
UE4Editor-UnrealEd.dll!btConvexHullInternal::computeInternal() {0x000007fedc4f60e9} + 0 bytes [c:\alpha\ue4\engine\source\thirdparty\vhacd\src\btconvexhullc
UE4Editor-UnrealEd.dll!btConvexHullInternal::computeInternal() {0x000007fedc4f60e9} + 0 bytes [c:\alpha\ue4\engine\source\thirdparty\vhacd\src\btconvexhullc
UE4Editor-UnrealEd.dll!btConvexHullInternal::computeInternal() {0x000007fedc4f60e9} + 0 bytes [c:\alpha\ue4\engine\source\thirdparty\vhacd\src\btconvexhullc
UE4Editor-UnrealEd.dll!btConvexHullInternal::computeInternal() {0x000007fedc4f60e9} + 0 bytes [c:\alpha\ue4\engine\source\thirdparty\vhacd\src\btconvexhullc
UE4Editor-UnrealEd.dll!btConvexHullInternal::computeInternal() {0x000007fedc4f60e9} + 0 bytes [c:\alpha\ue4\engine\source\thirdparty\vhacd\src\btconvexhullc
UE4Editor-UnrealEd.dll!btConvexHullInternal::computeInternal() {0x000007fedc4f60e9} + 0 bytes [c:\alpha\ue4\engine\source\thirdparty\vhacd\src\btconvexhullc
UE4Editor-UnrealEd.dll!btConvexHullInternal::computeInternal() {0x000007fedc4f60e9} + 0 bytes [c:\alpha\ue4\engine\source\thirdparty\vhacd\src\btconvexhullc
UE4Editor-UnrealEd.dll!btConvexHullInternal::computeInternal() {0x000007fedc4f60e9} + 0 bytes [c:\alpha\ue4\engine\source\thirdparty\vhacd\src\btconvexhullc
UE4Editor-UnrealEd.dll!btConvexHullInternal::computeInternal() {0x000007fedc4f60e9} + 0 bytes [c:\alpha\ue4\engine\source\thirdparty\vhacd\src\btconvexhullc
UE4Editor-UnrealEd.dll!btConvexHullInternal::computeInternal() {0x000007fedc4f60e9} + 0 bytes [c:\alpha\ue4\engine\source\thirdparty\vhacd\src\btconvexhullc
UE4Editor-UnrealEd.dll!btConvexHullInternal::computeInternal() {0x000007fedc4f60e9} + 0 bytes [c:\alpha\ue4\engine\source\thirdparty\vhacd\src\btconvexhullc
UE4Editor-UnrealEd.dll!btConvexHullInternal::computeInternal() {0x000007fedc4f60e9} + 0 bytes [c:\alpha\ue4\engine\source\thirdparty\vhacd\src\btconvexhullc
UE4Editor-UnrealEd.dll!btConvexHullInternal::computeInternal() {0x000007fedc4f60e9} + 0 bytes [c:\alpha\ue4\engine\source\thirdparty\vhacd\src\btconvexhullc
UE4Editor-UnrealEd.dll!btConvexHullInternal::computeInternal() {0x000007fedc4f60e9} + 0 bytes [c:\alpha\ue4\engine\source\thirdparty\vhacd\src\btconvexhullc
UE4Editor-UnrealEd.dll!btConvexHullInternal::computeInternal() {0x000007fedc4f60e9} + 0 bytes [c:\alpha\ue4\engine\source\thirdparty\vhacd\src\btconvexhullc
UE4Editor-UnrealEd.dll!btConvexHullInternal::computeInternal() {0x000007fedc4f60e9} + 0 bytes [c:\alpha\ue4\engine\source\thirdparty\vhacd\src\btconvexhullc
UE4Editor-UnrealEd.dll!btConvexHullInternal::computeInternal() {0x000007fedc4f60e9} + 0 bytes [c:\alpha\ue4\engine\source\thirdparty\vhacd\src\btconvexhullc
UE4Editor-UnrealEd.dll!btConvexHullInternal::compute() {0x000007fedc4f5fd6} + 0 bytes [c:\alpha\ue4\engine\source\thirdparty\vhacd\src\btconvexhullc
UE4Editor-UnrealEd.dll!btConvexHullComputer::compute() {0x000007fedc4f4bfe} + 13 bytes [c:\alpha\ue4\engine\source\thirdparty\vhacd\src\btconvexhullc
UE4Editor-UnrealEd.dll!VHACD::Mesh::ComputeConvexHull() {0x000007fedc4fd26c} + 0 bytes [c:\alpha\ue4\engine\source\thirdparty\vhacd\src\vhacdmesh.cpp
UE4Editor-UnrealEd.dll!VHACD::VHACD::ComputeBestClippingPlane() {0x000007fedc4edb1b} + 0 bytes [c:\alpha\ue4\engine\source\thirdparty\vhacd\src\vhacd.cpp:908
UE4Editor-UnrealEd.dll!VHACD::VHACD::ComputeACD() {0x000007fedc4ebf05} + 0 bytes [c:\alpha\ue4\engine\source\thirdparty\vhacd\src\vhacd.cpp:124
UE4Editor-UnrealEd.dll!VHACD::VHACD::ComputeACD<float>() {0x000007fedc4e6b47} + 0 bytes [c:\alpha\ue4\engine\source\thirdparty\vhacd\inc\vhacdvhacd.h:
UE4Editor-UnrealEd.dll!DecomposeMeshToHulls() {0x000007fedb83326d} + 51 bytes [d:\buildfarm\buildmachine_++depot+ue4-releases+4.8\engine\sou
UE4Editor-StaticMeshEditor.dll!FStaticMeshEditor::DoDecomp() {0x000007fecdf7b8f0} + 0 bytes [d:\buildfarm\buildmachine_++depot+ue4-releases+4.8\engine\sou
UE4Editor-StaticMeshEditor.dll!SConvexDecomposition::OnApplyDecomp() {0x000007fecdfa874b} + 148 bytes [d:\buildfarm\buildmachine_++depot+ue4-releases+4.8\engine\sou
UE4Editor-StaticMeshEditor.dll!TMemberFunctionCaller<SConvexDecomposition,FReply (__cdecl SConvexDecomposition::*)(void) __ptr64>::operator()<>() {0x000007fecdf2ada7} + 16 bytes [d:\buildfarm\buildmachine_++depot+ue4-releases+4.8\engine\sou
UE4Editor-StaticMeshEditor.dll!TTupleImpl<TIntegerSequence<> >::ApplyAfter_ExplicitReturnType<FReply,TMemberFunctionCaller<SConvexDecomposition,FReply (__cdecl SConvexDecomposition::*)(void) __ptr64> >() {0x000007fecdf2b9c9} + 19 bytes [d:\buildfarm\buildmachine_++depot+ue4-releases+4.8\engine\sou
UE4Editor-StaticMeshEditor.dll!TBaseSPMethodDelegateInstance<0,SConvexDecomposition,0,FReply __cdecl(void)>::Execute() {0x000007fecdf84509} + 36 bytes [d:\buildfarm\buildmachine_++depot+ue4-releases+4.8\engine\sou
UE4Editor-Slate.dll!TBaseDelegate<FReply>::Execute() {0x000007feddec0c7a} + 6 bytes [d:\buildfarm\buildmachine_++depot+ue4-releases+4.8\engine\sou
UE4Editor-Slate.dll!SButton::OnMouseButtonUp() {0x000007feddeef88f} + 17 bytes [d:\buildfarm\buildmachine_++depot+ue4-releases+4.8\engine\sou
UE4Editor-Slate.dll!<lambda_de96dc3471181973108233c6db1f9843>::operator()() {0x000007feddcf4ccc} + 24 bytes [d:\buildfarm\buildmachine_++depot+ue4-releases+4.8\engine\sou
UE4Editor-Slate.dll!FEventRouter::Route<FReply,FEventRouter::FToLeafmostPolicy,FPointerEvent,<lambda_de96dc3471181973108233c6db1f9843> >() {0x000007feddcad167} + 21 bytes [d:\buildfarm\buildmachine_++depot+ue4-releases+4.8\engine\sou
UE4Editor-Slate.dll!FSlateApplication::ProcessMouseButtonUpEvent() {0x000007feddd68617} + 78 bytes [d:\buildfarm\buildmachine_++depot+ue4-releases+4.8\engine\sou
UE4Editor-Slate.dll!FSlateApplication::OnMouseUp() {0x000007feddd55d84} + 16 bytes [d:\buildfarm\buildmachine_++depot+ue4-releases+4.8\engine\sou
UE4Editor-Core.dll!FWindowsApplication::ProcessDeferredMessage() {0x000007fee16fd7ad} + 12 bytes [d:\buildfarm\buildmachine_++depot+ue4-releases+4.8\engine\sou
UE4Editor-Core.dll!FWindowsApplication::DeferMessage() {0x000007fee16e49d1} + 74 bytes [d:\buildfarm\buildmachine_++depot+ue4-releases+4.8\engine\sou
UE4Editor-Core.dll!FWindowsApplication::ProcessMessage() {0x000007fee16fedc3} + 44 bytes [d:\buildfarm\buildmachine_++depot+ue4-releases+4.8\engine\sou
UE4Editor-Core.dll!FWindowsApplication::AppWndProc() {0x000007fee16de5ba} + 0 bytes [d:\buildfarm\buildmachine_++depot+ue4-releases+4.8\engine\sou
USER32.dll {0x0000000077289bd1} + 0 bytes
USER32.dll {0x00000000772898da} + 0 bytes
UE4Editor-Core.dll!FWindowsPlatformMisc::PumpMessages() {0x000007fee1700186} + 48 bytes [d:\buildfarm\buildmachine_++depot+ue4-releases+4.8\engine\sou
UE4Editor.exe!FEngineLoop::Tick() {0x000000013f603c7a} + 8 bytes [d:\buildfarm\buildmachine_++depot+ue4-releases+4.8\engine\sou
UE4Editor.exe!GuardedMain() {0x000000013f5f49cc} + 0 bytes [d:\buildfarm\buildmachine_++depot+ue4-releases+4.8\engine\sou
UE4Editor.exe!GuardedMainWrapper() {0x000000013f5f4a4a} + 5 bytes [d:\buildfarm\buildmachine_++depot+ue4-releases+4.8\engine\sou
UE4Editor.exe!WinMain() {0x000000013f6065c9} + 17 bytes [d:\buildfarm\buildmachine_++depot+ue4-releases+4.8\engine\sou
UE4Editor.exe!__tmainCRTStartup() {0x000000013f6075d9} + 21 bytes [f:\dd\vctools\crt\crtw32\dllstuff\crtexe.c:618]
kernel32.dll {0x000000007716652d} + 0 bytes
ntdll.dll {0x000000007739c541} + 0 bytes
ntdll.dll {0x000000007739c541} + 0 bytes

