[2016.03.22-08.56.05:336][  0]Log file open, 03/22/16 01:56:05
[2016.03.22-08.56.05:336][  0]LogInit:Display: Running engine for game: SpiritRunner
[2016.03.22-08.56.05:336][  0]LogInit:Display: RandInit(270513541) SRandInit(270513542).
[2016.03.22-08.56.05:336][  0]LogTaskGraph: Started task graph with 4 named threads and 7 total threads.
[2016.03.22-08.56.05:336][  0]LogStats: Stats thread started
[2016.03.22-08.56.05:336][  0]LogInit: Version: 4.8.3-2634408+++depot+UE4-Releases+4.8
[2016.03.22-08.56.05:336][  0]LogInit: API Version: 2579680
[2016.03.22-08.56.05:336][  0]LogInit: Compiled (64-bit): Jul 27 2015 16:24:33
[2016.03.22-08.56.05:336][  0]LogInit: Compiled with Visual C++: 18.00.21005.01
[2016.03.22-08.56.05:336][  0]LogInit: Build Configuration: Development
[2016.03.22-08.56.05:336][  0]LogInit: Branch Name: ++depot+UE4-Releases+4.8
[2016.03.22-08.56.05:336][  0]LogInit: Command line: -EpicPortal 
[2016.03.22-08.56.05:336][  0]LogInit: Base directory: G:/Programs/Epic Games/4.8/Engine/Binaries/Win64/
[2016.03.22-08.56.05:336][  0]LogInit: Rocket: 1
[2016.03.22-08.56.05:347][  0]LogInit: Using libcurl 7.41.0
[2016.03.22-08.56.05:347][  0]LogInit:  - built for x86_64-pc-win32
[2016.03.22-08.56.05:347][  0]LogInit:  - supports SSL with WinSSL
[2016.03.22-08.56.05:347][  0]LogInit:  - other features:
[2016.03.22-08.56.05:347][  0]LogInit:      CURL_VERSION_SSL
[2016.03.22-08.56.05:347][  0]LogInit:      CURL_VERSION_IPV6
[2016.03.22-08.56.05:347][  0]LogInit:      CURL_VERSION_ASYNCHDNS
[2016.03.22-08.56.05:347][  0]LogInit:      CURL_VERSION_LARGEFILE
[2016.03.22-08.56.05:347][  0]LogInit:      CURL_VERSION_IDN
[2016.03.22-08.56.05:348][  0]LogInit:  CurlRequestOptions (configurable via config and command line):
[2016.03.22-08.56.05:348][  0]LogInit:  - bVerifyPeer = true  - Libcurl will verify peer certificate
[2016.03.22-08.56.05:348][  0]LogInit:  - bUseHttpProxy = false  - Libcurl will NOT use HTTP proxy
[2016.03.22-08.56.05:348][  0]LogInit:  - bDontReuseConnections = false  - Libcurl will reuse connections
[2016.03.22-08.56.05:348][  0]LogInit:  - CertBundlePath = nullptr  - Libcurl will use whatever was configured at build time.
[2016.03.22-08.56.05:359][  0]LogOnline:Warning: No default platform service specified for OnlineSubsystem
[2016.03.22-08.56.05:422][  0]LogInit: Presizing for 0 objects not considered by GC, pre-allocating 0 bytes.
[2016.03.22-08.56.05:438][  0]LogInit: Object subsystem initialized
[2016.03.22-08.56.05:440][  0]LogConsoleResponse:Warning: Skipping Unknown console variable: 'TranslucentSortAxis = (X=0.000000,Y=-1.000000,Z=0.000000)'
[2016.03.22-08.56.05:440][  0]LogConsoleResponse:Warning:   Found in ini file 'G:/Github stuff/spiritrunner/SpiritRunner/Saved/Config/Windows/Engine.ini', in section '[/Script/Engine.RendererSettings]'
[2016.03.22-08.56.05:440][  0]LogConsoleResponse:Warning: Skipping Unknown console variable: 'UIScaleRule = ShortestSide'
[2016.03.22-08.56.05:440][  0]LogConsoleResponse:Warning:   Found in ini file 'G:/Github stuff/spiritrunner/SpiritRunner/Saved/Config/Windows/Engine.ini', in section '[/Script/Engine.RendererSettings]'
[2016.03.22-08.56.05:440][  0]LogConsoleResponse:Warning: Skipping Unknown console variable: 'UIScaleCurve = (EditorCurveData=(Keys=),ExternalCurve=None)'
[2016.03.22-08.56.05:440][  0]LogConsoleResponse:Warning:   Found in ini file 'G:/Github stuff/spiritrunner/SpiritRunner/Saved/Config/Windows/Engine.ini', in section '[/Script/Engine.RendererSettings]'
[2016.03.22-08.56.05:441][  0]LogInit: Selected Device Profile: [Windows]
[2016.03.22-08.56.05:441][  0]LogInit: Applying CVar settings loaded from the selected device profile: [Windows]
[2016.03.22-08.56.05:467][  0]LogInit: Computer: JOHN-PC
[2016.03.22-08.56.05:467][  0]LogInit: User: John
[2016.03.22-08.56.05:467][  0]LogInit: CPU Page size=4096, Cores=4
[2016.03.22-08.56.05:467][  0]LogInit: High frequency timer resolution =3.906279 MHz
[2016.03.22-08.56.05:467][  0]LogMemory: Memory total: Physical=7.9GB (8GB approx)
[2016.03.22-08.56.05:467][  0]LogMemory: Platform Memory Stats for Windows
[2016.03.22-08.56.05:467][  0]LogMemory: Process Physical Memory: 50.58 MB used, 50.58 MB peak
[2016.03.22-08.56.05:467][  0]LogMemory: Process Virtual Memory: 24.51 MB used, 24.51 MB peak
[2016.03.22-08.56.05:467][  0]LogMemory: Physical Memory: 7582.84 MB used, 8108.02 MB total
[2016.03.22-08.56.05:467][  0]LogMemory: Virtual Memory: 283.32 MB used, 8388608.00 MB total
[2016.03.22-08.56.05:749][  0]LogTextLocalizationManager: The requested culture ('en_US') has no localization data; parent culture's ('en') localization data will be used.
[2016.03.22-08.56.06:066][  0]LogTextLocalizationManager:Warning: Loaded localization resources contain conflicting entries for (Namespace:ContentBrowser, Key:ImportAssetToolTip):
Localization Resource: (G:/Programs/Epic Games/4.8/Engine/Content/Localization/Editor/en/Editor.locres) Source String Hash: (-630476809) Localized String: (Import to {0}...)
Localization Resource: (G:/Programs/Epic Games/4.8/Engine/Content/Localization/Editor/en/Editor.locres) Source String Hash: (1271782899) Localized String: (Imports an asset from file to this folder.)
[2016.03.22-08.56.06:376][  0]LogD3D11RHI: Found D3D11 adapter 0: NVIDIA GeForce GTX 970 (Feature Level 11_0)
[2016.03.22-08.56.06:376][  0]LogD3D11RHI: Adapter has 4007MB of dedicated video memory, 0MB of dedicated system memory, and 3798MB of shared system memory, 1 output[s]
[2016.03.22-08.56.06:400][  0]LogD3D11RHI: Found D3D11 adapter 1: Intel(R) HD Graphics 4600 (Feature Level 11_0)
[2016.03.22-08.56.06:400][  0]LogD3D11RHI: Adapter has 64MB of dedicated video memory, 0MB of dedicated system memory, and 1632MB of shared system memory, 0 output[s]
[2016.03.22-08.56.06:400][  0]LogD3D11RHI: Chosen D3D11 Adapter Id = 0
[2016.03.22-08.56.06:410][  0]LogD3D11RHI: InitD3DDevice
[2016.03.22-08.56.06:410][  0]LogD3D11RHI: !Direct3DDevice
[2016.03.22-08.56.06:410][  0]LogRHI: Texture pool is 1361 MB (70% of 1945 MB)
[2016.03.22-08.56.06:416][  0]LogD3D11RHI: Async texture creation enabled
[2016.03.22-08.56.06:428][  0]LogShaderCompilers:Display: Using Local Shader Compiler.
[2016.03.22-08.56.08:267][  0]LogTemp:Display: Loaded TP DesktopTargetPlatform
[2016.03.22-08.56.08:280][  0]LogTemp:Display: Loaded TP WindowsClientTargetPlatform
[2016.03.22-08.56.08:296][  0]LogTemp:Display: Loaded TP WindowsNoEditorTargetPlatform
[2016.03.22-08.56.08:319][  0]LogTemp:Display: Loaded TP WindowsServerTargetPlatform
[2016.03.22-08.56.08:332][  0]LogTemp:Display: Loaded TP WindowsTargetPlatform
[2016.03.22-08.56.08:343][  0]LogTemp:Display: Loaded TP AndroidTargetPlatform
[2016.03.22-08.56.08:357][  0]LogTemp:Display: Loaded TP Android_ASTCTargetPlatform
[2016.03.22-08.56.08:367][  0]LogTemp:Display: Loaded TP Android_ATCTargetPlatform
[2016.03.22-08.56.08:386][  0]LogTemp:Display: Loaded TP Android_DXTTargetPlatform
[2016.03.22-08.56.08:403][  0]LogTemp:Display: Loaded TP Android_ETC1TargetPlatform
[2016.03.22-08.56.08:414][  0]LogTemp:Display: Loaded TP Android_ETC2TargetPlatform
[2016.03.22-08.56.08:427][  0]LogTemp:Display: Loaded TP Android_PVRTCTargetPlatform
[2016.03.22-08.56.08:499][  0]LogTemp:Display: Loaded TP IOSTargetPlatform
[2016.03.22-08.56.08:512][  0]LogTemp:Display: Loaded TP LinuxNoEditorTargetPlatform
[2016.03.22-08.56.08:523][  0]LogTemp:Display: Loaded TP LinuxServerTargetPlatform
[2016.03.22-08.56.08:535][  0]LogTemp:Display: Loaded TP LinuxTargetPlatform
[2016.03.22-08.56.08:535][  0]LogTargetPlatformManager:Display: Building Assets For Windows
[2016.03.22-08.56.09:205][  0]LogDerivedDataCache:Display: Max Cache Size: 512 MB
[2016.03.22-08.56.09:251][  0]LogDerivedDataCache: Loaded boot cache 0.05s 53MB C:/Users/John/AppData/Local/UnrealEngine/4.8/DerivedDataCache/Boot.ddc.
[2016.03.22-08.56.09:251][  0]LogDerivedDataCache:Display: Loaded Boot cache: C:/Users/John/AppData/Local/UnrealEngine/4.8/DerivedDataCache/Boot.ddc
[2016.03.22-08.56.09:251][  0]LogDerivedDataCache: FDerivedDataBackendGraph:  Pak pak cache file ../../../../../../Github stuff/spiritrunner/SpiritRunner/DerivedDataCache/DDC.ddp not found, will not use a pak cache.
[2016.03.22-08.56.09:251][  0]LogDerivedDataCache: Unable to find inner node Pak for hierarchical cache Hierarchy.
[2016.03.22-08.56.09:251][  0]LogDerivedDataCache: FDerivedDataBackendGraph:  CompressedPak pak cache file ../../../../../../Github stuff/spiritrunner/SpiritRunner/DerivedDataCache/Compressed.ddp not found, will not use a pak cache.
[2016.03.22-08.56.09:251][  0]LogDerivedDataCache: Unable to find inner node CompressedPak for hierarchical cache Hierarchy.
[2016.03.22-08.56.09:385][  0]LogDerivedDataCache:Display: Pak cache opened for reading ../../../Engine/DerivedDataCache/Compressed.ddp.
[2016.03.22-08.56.09:396][  0]LogDerivedDataCache: Using Local data cache path C:/Users/John/AppData/Local/UnrealEngine/Common/DerivedDataCache: Writable
[2016.03.22-08.56.10:405][  0]LogInit: Selected Device Profile: [Windows]
[2016.03.22-08.56.10:410][  0]ImportText (ComponentSweepMultiTests): Missing closing parenthesis: (RootShapeAsset="/Engine/BasicShapes/Cube.Cube",ShapeType="TriggerCapsule",HitResult=(Time=0.50,Location=(X=-100.000015,Y=0.0,Z=100.000015),ImpactPoint=(X=-50.0,Y=0.0,Z=50.0),Normal=(X=-1.0,Y=-0.0,Z=0.0),ImpactNormal=(X=0.0,Y=0.0,Z=1.0),TraceStart=(X=-200.0,Y=0.0,Z=200.0),TraceEnd=(X=0.0,Y=0.0,Z=0.0))
[2016.03.22-08.56.10:411][  0]ImportText (LineTraceSingleByChannelTests): Missing closing parenthesis: (RootShapeAsset="/Engine/BasicShapes/Cube.Cube",HitResult=(Time=0.50,Location=(X=-100.000015,Y=0.0,Z=100.000015),ImpactPoint=(X=-50.0,Y=0.0,Z=50.0),Normal=(X=-1.0,Y=-0.0,Z=0.0),ImpactNormal=(X=0.0,Y=0.0,Z=1.0),TraceStart=(X=-200.0,Y=0.0,Z=200.0),TraceEnd=(X=0.0,Y=0.0,Z=0.0))
[2016.03.22-08.56.10:433][  0]LogMeshUtilities: No automatic mesh reduction module available
[2016.03.22-08.56.10:433][  0]LogMeshUtilities: No automatic mesh merging module available
[2016.03.22-08.56.10:728][  0]LogInit: WinSock: version 1.1 (2.2), MaxSocks=32767, MaxUdp=65467
[2016.03.22-08.56.11:479][  0]UdpMessaging: Initializing bridge on interface 0.0.0.0:0 to multicast group 230.0.0.1:6666.
[2016.03.22-08.56.11:762][  0]SourceControl: Info Source control is disabled
[2016.03.22-08.56.11:763][  0]SourceControl: Info Source control is disabled
[2016.03.22-08.56.11:772][  0]SourceControl: Info Source control is disabled
[2016.03.22-08.56.11:780][  0]SourceControl: Info Source control is disabled
[2016.03.22-08.56.11:962][  0]LogObj: 26273 objects as part of root set at end of initial load.
[2016.03.22-08.56.11:962][  0]LogUObjectAllocator: 5409248 out of 0 bytes used by permanent object pool.
[2016.03.22-08.56.12:018][  0]LogEngine: Initializing Engine...
[2016.03.22-08.56.12:019][  0]LogHMD: Can't find Oculus library dev build: is proper Runtime installed? Version: 0.6.0.0
[2016.03.22-08.56.12:020][  0]LogHMD:Warning: SteamVR failed to initialize.  Error: 110
[2016.03.22-08.56.12:134][  0]LogAIModule: Creating AISystem for world NewWorld
[2016.03.22-08.56.12:141][  0]LogInit: XAudio2 using 'Speakers (Turtle Beach P11 Headset)' : 2 channels at 48 kHz using 16 bits per sample (channel mask 0x3)
[2016.03.22-08.56.12:146][  0]LogInit: FAudioDevice initialized.
[2016.03.22-08.56.12:178][  0]LogDerivedDataCache: Saved boot cache 0.03s 53MB C:/Users/John/AppData/Local/UnrealEngine/4.8/DerivedDataCache/Boot.ddc.
[2016.03.22-08.56.12:182][  0]LogInit: Texture streaming: Disabled
[2016.03.22-08.56.12:203][  0]LogAnalytics: Creating configured Analytics provider AnalyticsET
[2016.03.22-08.56.12:203][  0]LogAnalytics: [UEEditor.Rocket.Release] APIServer = http://et2.epicgames.com/ET2/. AppVersion = 4.8.3-2634408+++depot+UE4-Releases+4.8
[2016.03.22-08.56.12:203][  0]LogAnalytics: [UEEditor.Rocket.Release] SetUserId 795ce0b24c6318a5324eaf839592b765|e87b0c418b154305b06c892317f44a4d|3e9e43dd-6daf-4b71-9a80-f4287aceb186
[2016.03.22-08.56.12:203][  0]LogAnalytics: [UEEditor.Rocket.Release] AnalyticsET::StartSession
[2016.03.22-08.56.12:259][  0]LogInit: Transaction tracking system initialized
[2016.03.22-08.56.12:380][  0]BlueprintLog: New page: Editor Load
[2016.03.22-08.56.12:412][  0]LogAssetRegistry: FAssetRegistry took 0.0099 seconds to start up
[2016.03.22-08.56.12:412][  0]LogDirectoryWatcher:Warning: Failed to begin reading directory changes for ../../../Engine/Plugins/Experimental/CharacterAI/Content/. Error: 0
[2016.03.22-08.56.13:119][  0]LogConsoleManager:Warning: Console variable 'r.VSync' wasn't set ('GameSetting' has a lower priority than 'SystemSettingsIni')
[2016.03.22-08.56.13:119][  0]LogConsoleResponse:Display: 
[2016.03.22-08.56.13:205][  0]LogCook:Display: Done creating registry. It took  0.00s.
[2016.03.22-08.56.13:363][  0]SourceControl: Info Source control is disabled
[2016.03.22-08.56.13:363][  0]Cmd: MAP LOAD FILE="../../../../../../Github stuff/spiritrunner/SpiritRunner/Content/SpiritRunner/Maps/RunnerMapTest.umap" TEMPLATE=0 SHOWPROGRESS=1 FEATURELEVEL=3
[2016.03.22-08.56.13:364][  0]LightingResults: New page: Lighting Build
[2016.03.22-08.56.13:379][  0]MapCheck: New page: Map Check
[2016.03.22-08.56.13:379][  0]LightingResults: New page: Lighting Build
[2016.03.22-08.56.13:386][  0]LogParticles: Destroying 0 GPU particle simulations for FXSystem 0x0000000021A99300
[2016.03.22-08.56.14:465][  0]LogBlueprint:Warning: USimpleConstructionScript::FixupRootNodeParentReferences() - Couldn't find inherited parent component 'Scene' for 'StaticMesh' in BlueprintGeneratedClass 'REINST_Flat_Floor_Tori_C_64' (it may have been removed)
[2016.03.22-08.56.14:465][  0]LogBlueprint:Warning: USimpleConstructionScript::FixupRootNodeParentReferences() - Couldn't find inherited parent component 'Scene' for 'StaticMesh1' in BlueprintGeneratedClass 'REINST_Flat_Floor_Tori_C_64' (it may have been removed)
[2016.03.22-08.56.14:465][  0]LogBlueprint:Warning: USimpleConstructionScript::FixupRootNodeParentReferences() - Couldn't find inherited parent component 'Scene' for 'StaticMesh2' in BlueprintGeneratedClass 'REINST_Flat_Floor_Tori_C_64' (it may have been removed)
[2016.03.22-08.56.14:465][  0]LogBlueprint:Warning: USimpleConstructionScript::FixupRootNodeParentReferences() - Couldn't find inherited parent component 'Scene' for 'StaticMesh3' in BlueprintGeneratedClass 'REINST_Flat_Floor_Tori_C_64' (it may have been removed)
[2016.03.22-08.56.14:465][  0]LogBlueprint:Warning: USimpleConstructionScript::FixupRootNodeParentReferences() - Couldn't find inherited parent component 'Scene' for 'StaticMesh4' in BlueprintGeneratedClass 'REINST_Flat_Floor_Tori_C_64' (it may have been removed)
[2016.03.22-08.56.14:465][  0]LogBlueprint:Warning: USimpleConstructionScript::FixupRootNodeParentReferences() - Couldn't find inherited parent component 'Scene' for 'StaticMesh5' in BlueprintGeneratedClass 'REINST_Flat_Floor_Tori_C_64' (it may have been removed)
[2016.03.22-08.56.14:465][  0]LogBlueprint:Warning: USimpleConstructionScript::FixupRootNodeParentReferences() - Couldn't find inherited parent component 'Scene' for 'StaticMesh6' in BlueprintGeneratedClass 'REINST_Flat_Floor_Tori_C_64' (it may have been removed)
[2016.03.22-08.56.14:465][  0]LogBlueprint:Warning: USimpleConstructionScript::FixupRootNodeParentReferences() - Couldn't find inherited parent component 'Scene' for 'StaticMesh7' in BlueprintGeneratedClass 'REINST_Flat_Floor_Tori_C_64' (it may have been removed)
[2016.03.22-08.56.14:465][  0]LogBlueprint:Warning: USimpleConstructionScript::FixupRootNodeParentReferences() - Couldn't find inherited parent component 'Scene' for 'StaticMesh8' in BlueprintGeneratedClass 'REINST_Flat_Floor_Tori_C_64' (it may have been removed)
[2016.03.22-08.56.14:465][  0]LogBlueprint:Warning: USimpleConstructionScript::FixupRootNodeParentReferences() - Couldn't find inherited parent component 'Scene' for 'StaticMesh9' in BlueprintGeneratedClass 'REINST_Flat_Floor_Tori_C_64' (it may have been removed)
[2016.03.22-08.56.14:465][  0]LogBlueprint:Warning: USimpleConstructionScript::FixupRootNodeParentReferences() - Couldn't find inherited parent component 'Scene' for 'StaticMesh10' in BlueprintGeneratedClass 'REINST_Flat_Floor_Tori_C_64' (it may have been removed)
[2016.03.22-08.56.14:465][  0]LogBlueprint:Warning: USimpleConstructionScript::FixupRootNodeParentReferences() - Couldn't find inherited parent component 'Scene' for 'StaticMesh11' in BlueprintGeneratedClass 'REINST_Flat_Floor_Tori_C_64' (it may have been removed)
[2016.03.22-08.56.14:465][  0]LogBlueprint:Warning: USimpleConstructionScript::FixupRootNodeParentReferences() - Couldn't find inherited parent component 'Scene' for 'StaticMesh12' in BlueprintGeneratedClass 'REINST_Flat_Floor_Tori_C_64' (it may have been removed)
[2016.03.22-08.56.14:465][  0]LogBlueprint:Warning: USimpleConstructionScript::FixupRootNodeParentReferences() - Couldn't find inherited parent component 'Scene' for 'StaticMesh13' in BlueprintGeneratedClass 'REINST_Flat_Floor_Tori_C_64' (it may have been removed)
[2016.03.22-08.56.14:465][  0]LogBlueprint:Warning: USimpleConstructionScript::FixupRootNodeParentReferences() - Couldn't find inherited parent component 'Scene' for 'StaticMesh14' in BlueprintGeneratedClass 'REINST_Flat_Floor_Tori_C_64' (it may have been removed)
[2016.03.22-08.56.14:465][  0]LogBlueprint:Warning: USimpleConstructionScript::FixupRootNodeParentReferences() - Couldn't find inherited parent component 'Scene' for 'StaticMesh15' in BlueprintGeneratedClass 'REINST_Flat_Floor_Tori_C_64' (it may have been removed)
[2016.03.22-08.56.14:465][  0]LogBlueprint:Warning: USimpleConstructionScript::FixupRootNodeParentReferences() - Couldn't find inherited parent component 'Scene' for 'StaticMesh16' in BlueprintGeneratedClass 'REINST_Flat_Floor_Tori_C_64' (it may have been removed)
[2016.03.22-08.56.14:465][  0]LogBlueprint:Warning: USimpleConstructionScript::FixupRootNodeParentReferences() - Couldn't find inherited parent component 'Scene' for 'StaticMesh17' in BlueprintGeneratedClass 'REINST_Flat_Floor_Tori_C_64' (it may have been removed)
[2016.03.22-08.56.14:465][  0]LogBlueprint:Warning: USimpleConstructionScript::FixupRootNodeParentReferences() - Couldn't find inherited parent component 'Scene' for 'StaticMesh18' in BlueprintGeneratedClass 'REINST_Flat_Floor_Tori_C_64' (it may have been removed)
[2016.03.22-08.56.14:465][  0]LogBlueprint:Warning: USimpleConstructionScript::FixupRootNodeParentReferences() - Couldn't find inherited parent component 'Scene' for 'StaticMesh19' in BlueprintGeneratedClass 'REINST_Flat_Floor_Tori_C_64' (it may have been removed)
[2016.03.22-08.56.14:465][  0]LogBlueprint:Warning: USimpleConstructionScript::FixupRootNodeParentReferences() - Couldn't find inherited parent component 'Scene' for 'StaticMesh20' in BlueprintGeneratedClass 'REINST_Flat_Floor_Tori_C_64' (it may have been removed)
[2016.03.22-08.56.14:465][  0]LogBlueprint:Warning: USimpleConstructionScript::FixupRootNodeParentReferences() - Couldn't find inherited parent component 'Scene' for 'StaticMesh21' in BlueprintGeneratedClass 'REINST_Flat_Floor_Tori_C_64' (it may have been removed)
[2016.03.22-08.56.14:465][  0]LogBlueprint:Warning: USimpleConstructionScript::FixupRootNodeParentReferences() - Couldn't find inherited parent component 'Scene' for 'StaticMesh22' in BlueprintGeneratedClass 'REINST_Flat_Floor_Tori_C_64' (it may have been removed)
[2016.03.22-08.56.14:465][  0]LogBlueprint:Warning: USimpleConstructionScript::FixupRootNodeParentReferences() - Couldn't find inherited parent component 'Scene' for 'StaticMesh23' in BlueprintGeneratedClass 'REINST_Flat_Floor_Tori_C_64' (it may have been removed)
[2016.03.22-08.56.14:465][  0]LogBlueprint:Warning: USimpleConstructionScript::FixupRootNodeParentReferences() - Couldn't find inherited parent component 'Scene' for 'StaticMesh24' in BlueprintGeneratedClass 'REINST_Flat_Floor_Tori_C_64' (it may have been removed)
[2016.03.22-08.56.14:465][  0]LogBlueprint:Warning: USimpleConstructionScript::FixupRootNodeParentReferences() - Couldn't find inherited parent component 'Scene' for 'StaticMesh25' in BlueprintGeneratedClass 'REINST_Flat_Floor_Tori_C_64' (it may have been removed)
[2016.03.22-08.56.14:465][  0]LogBlueprint:Warning: USimpleConstructionScript::FixupRootNodeParentReferences() - Couldn't find inherited parent component 'Scene' for 'StaticMesh26' in BlueprintGeneratedClass 'REINST_Flat_Floor_Tori_C_64' (it may have been removed)
[2016.03.22-08.56.14:465][  0]LogBlueprint:Warning: USimpleConstructionScript::FixupRootNodeParentReferences() - Couldn't find inherited parent component 'Scene' for 'StaticMesh27' in BlueprintGeneratedClass 'REINST_Flat_Floor_Tori_C_64' (it may have been removed)
[2016.03.22-08.56.14:465][  0]LogBlueprint:Warning: USimpleConstructionScript::FixupRootNodeParentReferences() - Couldn't find inherited parent component 'Scene' for 'StaticMesh28' in BlueprintGeneratedClass 'REINST_Flat_Floor_Tori_C_64' (it may have been removed)
[2016.03.22-08.56.14:465][  0]LogBlueprint:Warning: USimpleConstructionScript::FixupRootNodeParentReferences() - Couldn't find inherited parent component 'Scene' for 'StaticMesh29' in BlueprintGeneratedClass 'REINST_Flat_Floor_Tori_C_64' (it may have been removed)
[2016.03.22-08.56.14:465][  0]LogBlueprint:Warning: USimpleConstructionScript::FixupRootNodeParentReferences() - Couldn't find inherited parent component 'Scene' for 'StaticMesh30' in BlueprintGeneratedClass 'REINST_Flat_Floor_Tori_C_64' (it may have been removed)
[2016.03.22-08.56.14:465][  0]LogBlueprint:Warning: USimpleConstructionScript::FixupRootNodeParentReferences() - Couldn't find inherited parent component 'Scene' for 'StaticMesh31' in BlueprintGeneratedClass 'REINST_Flat_Floor_Tori_C_64' (it may have been removed)
[2016.03.22-08.56.14:465][  0]LogBlueprint:Warning: USimpleConstructionScript::FixupRootNodeParentReferences() - Couldn't find inherited parent component 'Scene' for 'StaticMesh32' in BlueprintGeneratedClass 'REINST_Flat_Floor_Tori_C_64' (it may have been removed)
[2016.03.22-08.56.14:465][  0]LogBlueprint:Warning: USimpleConstructionScript::FixupRootNodeParentReferences() - Couldn't find inherited parent component 'Scene' for 'StaticMesh34' in BlueprintGeneratedClass 'REINST_Flat_Floor_Tori_C_64' (it may have been removed)
[2016.03.22-08.56.14:465][  0]LogBlueprint:Warning: USimpleConstructionScript::FixupRootNodeParentReferences() - Couldn't find inherited parent component 'Scene' for 'Torigate' in BlueprintGeneratedClass 'REINST_Flat_Floor_Tori_C_64' (it may have been removed)
[2016.03.22-08.56.14:465][  0]LogBlueprint:Warning: USimpleConstructionScript::FixupRootNodeParentReferences() - Couldn't find inherited parent component 'Scene' for 'Checkpoint' in BlueprintGeneratedClass 'REINST_Flat_Floor_Tori_C_64' (it may have been removed)
[2016.03.22-08.56.14:465][  0]LogBlueprint:Warning: USimpleConstructionScript::FixupRootNodeParentReferences() - Couldn't find inherited parent component 'Scene' for 'StaticMesh33' in BlueprintGeneratedClass 'REINST_Flat_Floor_Tori_C_64' (it may have been removed)
[2016.03.22-08.56.14:501][  0]LogBlueprint:Warning: USimpleConstructionScript::FixupRootNodeParentReferences() - Couldn't find inherited parent component 'Scene' for 'Scene1' in BlueprintGeneratedClass 'REINST_Flat_Floor_Flat_C_71' (it may have been removed)
[2016.03.22-08.56.14:501][  0]LogBlueprint:Warning: USimpleConstructionScript::FixupRootNodeParentReferences() - Couldn't find inherited parent component 'Scene' for 'StaticMesh' in BlueprintGeneratedClass 'REINST_Flat_Floor_Flat_C_71' (it may have been removed)
[2016.03.22-08.56.14:501][  0]LogBlueprint:Warning: USimpleConstructionScript::FixupRootNodeParentReferences() - Couldn't find inherited parent component 'Scene' for 'StaticMesh1' in BlueprintGeneratedClass 'REINST_Flat_Floor_Flat_C_71' (it may have been removed)
[2016.03.22-08.56.14:501][  0]LogBlueprint:Warning: USimpleConstructionScript::FixupRootNodeParentReferences() - Couldn't find inherited parent component 'Scene' for 'StaticMesh2' in BlueprintGeneratedClass 'REINST_Flat_Floor_Flat_C_71' (it may have been removed)
[2016.03.22-08.56.14:501][  0]LogBlueprint:Warning: USimpleConstructionScript::FixupRootNodeParentReferences() - Couldn't find inherited parent component 'Scene' for 'StaticMesh3' in BlueprintGeneratedClass 'REINST_Flat_Floor_Flat_C_71' (it may have been removed)
[2016.03.22-08.56.14:501][  0]LogBlueprint:Warning: USimpleConstructionScript::FixupRootNodeParentReferences() - Couldn't find inherited parent component 'Scene' for 'StaticMesh4' in BlueprintGeneratedClass 'REINST_Flat_Floor_Flat_C_71' (it may have been removed)
[2016.03.22-08.56.14:501][  0]LogBlueprint:Warning: USimpleConstructionScript::FixupRootNodeParentReferences() - Couldn't find inherited parent component 'Scene' for 'StaticMesh5' in BlueprintGeneratedClass 'REINST_Flat_Floor_Flat_C_71' (it may have been removed)
[2016.03.22-08.56.14:501][  0]LogBlueprint:Warning: USimpleConstructionScript::FixupRootNodeParentReferences() - Couldn't find inherited parent component 'Scene' for 'StaticMesh6' in BlueprintGeneratedClass 'REINST_Flat_Floor_Flat_C_71' (it may have been removed)
[2016.03.22-08.56.14:501][  0]LogBlueprint:Warning: USimpleConstructionScript::FixupRootNodeParentReferences() - Couldn't find inherited parent component 'Scene' for 'StaticMesh7' in BlueprintGeneratedClass 'REINST_Flat_Floor_Flat_C_71' (it may have been removed)
[2016.03.22-08.56.14:501][  0]LogBlueprint:Warning: USimpleConstructionScript::FixupRootNodeParentReferences() - Couldn't find inherited parent component 'Scene' for 'StaticMesh8' in BlueprintGeneratedClass 'REINST_Flat_Floor_Flat_C_71' (it may have been removed)
[2016.03.22-08.56.14:501][  0]LogBlueprint:Warning: USimpleConstructionScript::FixupRootNodeParentReferences() - Couldn't find inherited parent component 'Scene' for 'StaticMesh9' in BlueprintGeneratedClass 'REINST_Flat_Floor_Flat_C_71' (it may have been removed)
[2016.03.22-08.56.14:501][  0]LogBlueprint:Warning: USimpleConstructionScript::FixupRootNodeParentReferences() - Couldn't find inherited parent component 'Scene' for 'StaticMesh10' in BlueprintGeneratedClass 'REINST_Flat_Floor_Flat_C_71' (it may have been removed)
[2016.03.22-08.56.14:501][  0]LogBlueprint:Warning: USimpleConstructionScript::FixupRootNodeParentReferences() - Couldn't find inherited parent component 'Scene' for 'StaticMesh11' in BlueprintGeneratedClass 'REINST_Flat_Floor_Flat_C_71' (it may have been removed)
[2016.03.22-08.56.14:501][  0]LogBlueprint:Warning: USimpleConstructionScript::FixupRootNodeParentReferences() - Couldn't find inherited parent component 'Scene' for 'StaticMesh12' in BlueprintGeneratedClass 'REINST_Flat_Floor_Flat_C_71' (it may have been removed)
[2016.03.22-08.56.14:501][  0]LogBlueprint:Warning: USimpleConstructionScript::FixupRootNodeParentReferences() - Couldn't find inherited parent component 'Scene' for 'StaticMesh13' in BlueprintGeneratedClass 'REINST_Flat_Floor_Flat_C_71' (it may have been removed)
[2016.03.22-08.56.14:501][  0]LogBlueprint:Warning: USimpleConstructionScript::FixupRootNodeParentReferences() - Couldn't find inherited parent component 'Scene' for 'StaticMesh14' in BlueprintGeneratedClass 'REINST_Flat_Floor_Flat_C_71' (it may have been removed)
[2016.03.22-08.56.14:501][  0]LogBlueprint:Warning: USimpleConstructionScript::FixupRootNodeParentReferences() - Couldn't find inherited parent component 'Scene' for 'StaticMesh15' in BlueprintGeneratedClass 'REINST_Flat_Floor_Flat_C_71' (it may have been removed)
[2016.03.22-08.56.14:501][  0]LogBlueprint:Warning: USimpleConstructionScript::FixupRootNodeParentReferences() - Couldn't find inherited parent component 'Scene' for 'StaticMesh16' in BlueprintGeneratedClass 'REINST_Flat_Floor_Flat_C_71' (it may have been removed)
[2016.03.22-08.56.14:502][  0]LogBlueprint:Warning: USimpleConstructionScript::FixupRootNodeParentReferences() - Couldn't find inherited parent component 'Scene' for 'StaticMesh17' in BlueprintGeneratedClass 'REINST_Flat_Floor_Flat_C_71' (it may have been removed)
[2016.03.22-08.56.14:502][  0]LogBlueprint:Warning: USimpleConstructionScript::FixupRootNodeParentReferences() - Couldn't find inherited parent component 'Scene' for 'StaticMesh18' in BlueprintGeneratedClass 'REINST_Flat_Floor_Flat_C_71' (it may have been removed)
[2016.03.22-08.56.14:502][  0]LogBlueprint:Warning: USimpleConstructionScript::FixupRootNodeParentReferences() - Couldn't find inherited parent component 'Scene' for 'StaticMesh19' in BlueprintGeneratedClass 'REINST_Flat_Floor_Flat_C_71' (it may have been removed)
[2016.03.22-08.56.14:502][  0]LogBlueprint:Warning: USimpleConstructionScript::FixupRootNodeParentReferences() - Couldn't find inherited parent component 'Scene' for 'StaticMesh20' in BlueprintGeneratedClass 'REINST_Flat_Floor_Flat_C_71' (it may have been removed)
[2016.03.22-08.56.14:502][  0]LogBlueprint:Warning: USimpleConstructionScript::FixupRootNodeParentReferences() - Couldn't find inherited parent component 'Scene' for 'StaticMesh21' in BlueprintGeneratedClass 'REINST_Flat_Floor_Flat_C_71' (it may have been removed)
[2016.03.22-08.56.14:502][  0]LogBlueprint:Warning: USimpleConstructionScript::FixupRootNodeParentReferences() - Couldn't find inherited parent component 'Scene' for 'StaticMesh22' in BlueprintGeneratedClass 'REINST_Flat_Floor_Flat_C_71' (it may have been removed)
[2016.03.22-08.56.14:502][  0]LogBlueprint:Warning: USimpleConstructionScript::FixupRootNodeParentReferences() - Couldn't find inherited parent component 'Scene' for 'StaticMesh23' in BlueprintGeneratedClass 'REINST_Flat_Floor_Flat_C_71' (it may have been removed)
[2016.03.22-08.56.14:502][  0]LogBlueprint:Warning: USimpleConstructionScript::FixupRootNodeParentReferences() - Couldn't find inherited parent component 'Scene' for 'StaticMesh25' in BlueprintGeneratedClass 'REINST_Flat_Floor_Flat_C_71' (it may have been removed)
[2016.03.22-08.56.14:502][  0]LogBlueprint:Warning: USimpleConstructionScript::FixupRootNodeParentReferences() - Couldn't find inherited parent component 'Scene' for 'StaticMesh26' in BlueprintGeneratedClass 'REINST_Flat_Floor_Flat_C_71' (it may have been removed)
[2016.03.22-08.56.14:502][  0]LogBlueprint:Warning: USimpleConstructionScript::FixupRootNodeParentReferences() - Couldn't find inherited parent component 'Scene' for 'StaticMesh27' in BlueprintGeneratedClass 'REINST_Flat_Floor_Flat_C_71' (it may have been removed)
[2016.03.22-08.56.14:502][  0]LogBlueprint:Warning: USimpleConstructionScript::FixupRootNodeParentReferences() - Couldn't find inherited parent component 'Scene' for 'StaticMesh28' in BlueprintGeneratedClass 'REINST_Flat_Floor_Flat_C_71' (it may have been removed)
[2016.03.22-08.56.14:502][  0]LogBlueprint:Warning: USimpleConstructionScript::FixupRootNodeParentReferences() - Couldn't find inherited parent component 'Scene' for 'StaticMesh29' in BlueprintGeneratedClass 'REINST_Flat_Floor_Flat_C_71' (it may have been removed)
[2016.03.22-08.56.14:502][  0]LogBlueprint:Warning: USimpleConstructionScript::FixupRootNodeParentReferences() - Couldn't find inherited parent component 'Scene' for 'StaticMesh30' in BlueprintGeneratedClass 'REINST_Flat_Floor_Flat_C_71' (it may have been removed)
[2016.03.22-08.56.14:502][  0]LogBlueprint:Warning: USimpleConstructionScript::FixupRootNodeParentReferences() - Couldn't find inherited parent component 'Scene' for 'StaticMesh31' in BlueprintGeneratedClass 'REINST_Flat_Floor_Flat_C_71' (it may have been removed)
[2016.03.22-08.56.14:502][  0]LogBlueprint:Warning: USimpleConstructionScript::FixupRootNodeParentReferences() - Couldn't find inherited parent component 'Scene' for 'StaticMesh32' in BlueprintGeneratedClass 'REINST_Flat_Floor_Flat_C_71' (it may have been removed)
[2016.03.22-08.56.14:502][  0]LogBlueprint:Warning: USimpleConstructionScript::FixupRootNodeParentReferences() - Couldn't find inherited parent component 'Scene' for 'StaticMesh33' in BlueprintGeneratedClass 'REINST_Flat_Floor_Flat_C_71' (it may have been removed)
[2016.03.22-08.56.14:502][  0]LogBlueprint:Warning: USimpleConstructionScript::FixupRootNodeParentReferences() - Couldn't find inherited parent component 'Scene' for 'StaticMesh34' in BlueprintGeneratedClass 'REINST_Flat_Floor_Flat_C_71' (it may have been removed)
[2016.03.22-08.56.14:502][  0]LogBlueprint:Warning: USimpleConstructionScript::FixupRootNodeParentReferences() - Couldn't find inherited parent component 'Scene' for 'FlatFloor3' in BlueprintGeneratedClass 'REINST_Flat_Floor_Flat_C_71' (it may have been removed)
[2016.03.22-08.56.14:585][  0]LogBlueprint:Warning: [GG] CreatePinForVariable: 'FinalDistance' variable not found. Base class was probably changed.
[2016.03.22-08.56.14:595][  0]LogBlueprint:Warning: [compiler GG] Warning Could not find a variable named "FinalDistance" in 'RunCharacter_C'.
Make sure 'RunCharacter_C' has been compiled for  Get FinalDistance 
[2016.03.22-08.56.14:596][  0]LogBlueprint:Error: [compiler GG] Error The property associated with  Final Distance  could not be found
[2016.03.22-08.56.14:605][  0]LogBlueprint:Warning: [compiler GG] Warning [0011.94] Compile of GG failed. 1 Fatal Issue(s) 1 Warning(s) [in 17 ms]
[2016.03.22-08.56.14:605][  0]LogBlueprint:Warning: [compiler GG] Warning [0011.94] Compile of GG failed. 1 Fatal Issue(s) 2 Warning(s) [in 0 ms]
[2016.03.22-08.56.14:606][  0]LogBlueprint:Warning: [compiler GG] Warning [0011.94] Compile of GG failed. 1 Fatal Issue(s) 3 Warning(s) [in 0 ms]
[2016.03.22-08.56.17:928][  0]LogAIModule: Creating AISystem for world RunnerMapTest
[2016.03.22-08.56.17:931][  0]LogEditorServer: Finished looking for orphan Actors (0.000 secs)
[2016.03.22-08.56.17:932][  0]Cmd: MAP CHECKDEP NOCLEARLOG
[2016.03.22-08.56.18:027][  0]MapCheck: Info Map check complete: 0 Error(s), 0 Warning(s), took 94.285ms to complete.
[2016.03.22-08.56.18:027][  0]LogFileHelpers: Loading map 'RunnerMapTest' took 4.663
[2016.03.22-08.56.18:115][  0]LogCollectionManager: Loaded 0 collections in 0.001675 seconds
[2016.03.22-08.56.18:120][  0]LogContentBrowser: Native class hierarchy populated in 0.0051 seconds. Added 1792 classes and 301 folders.
[2016.03.22-08.56.18:157][  0]LogContentBrowser: Native class hierarchy updated for 'WidgetCarousel' in 0.0003 seconds. Added 0 classes and 0 folders.
[2016.03.22-08.56.18:187][  0]LogContentBrowser: Native class hierarchy updated for 'AddContentDialog' in 0.0003 seconds. Added 0 classes and 0 folders.
[2016.03.22-08.56.18:204][  0]LogContentBrowser: Native class hierarchy updated for 'SceneOutliner' in 0.0003 seconds. Added 1 classes and 2 folders.
[2016.03.22-08.56.18:232][  0]LogCrashTracker: Crashtracker disabled due to settings.
[2016.03.22-08.56.18:234][  0]LogD3D11RHI: InitD3DDevice
[2016.03.22-08.56.18:243][  0]LogUObjectGlobals:Warning: Failed to find object 'Class None.'
[2016.03.22-08.56.18:263][  0]LogLoad: Full Startup: 15.60 seconds (BP compile: 1.66 seconds)
[2016.03.22-08.56.18:663][  0]LogContentStreaming: Texture pool size is 0.000000MB
[2016.03.22-08.56.18:935][  0]LogContentStreaming: Texture pool size now 1000 MB
[2016.03.22-08.56.19:070][  0]LogRenderer: Reallocating scene render targets to support 1208x576 (Frame:2).
[2016.03.22-08.56.24:560][ 17]LogAssetRegistry: Asset discovery search completed in 12.1583 seconds
[2016.03.22-08.56.26:644][ 29]LogD3D11RHI: InitD3DDevice
[2016.03.22-08.56.28:343][163]LogPlayLevel: PIE:  No blueprints needed recompiling
[2016.03.22-08.56.28:363][163]LogD3D11RHI: InitD3DDevice
[2016.03.22-08.56.30:023][163]PIE: New page: PIE session: RunnerMapTest (Mar 21, 2016, 6:56:29 PM)
[2016.03.22-08.56.30:023][163]LogPlayLevel: Creating play world package: /Game/SpiritRunner/Maps/UEDPIE_0_RunnerMapTest
[2016.03.22-08.56.30:043][163]LogPlayLevel: PIE: StaticDuplicateObject took: (0.020224s)
[2016.03.22-08.56.30:044][163]LogAIModule: Creating AISystem for world RunnerMapTest
[2016.03.22-08.56.30:044][163]LogPlayLevel: PIE: World Init took: (0.001026s)
[2016.03.22-08.56.30:057][163]LogPlayLevel: PIE: Created PIE world by copying editor world from /Game/SpiritRunner/Maps/RunnerMapTest.RunnerMapTest to /Game/SpiritRunner/Maps/UEDPIE_0_RunnerMapTest.RunnerMapTest (0.033627s)
[2016.03.22-08.56.30:057][163]LogActorComponent: UnregisterComponent: (/Engine/Transient.CharMoveComp) Not registered. Aborting.
[2016.03.22-08.56.30:058][163]LogActorComponent: UnregisterComponent: (/Engine/Transient.RotatingMovement0C812BA34D0DD21FB12D1D9A948423D7) Not registered. Aborting.
[2016.03.22-08.56.30:058][163]LogActorComponent: UnregisterComponent: (/Engine/Transient.RotatingMovementComponent_0) Not registered. Aborting.
[2016.03.22-08.56.30:282][163]LogInit: XAudio2 using 'Speakers (Turtle Beach P11 Headset)' : 2 channels at 48 kHz using 16 bits per sample (channel mask 0x3)
[2016.03.22-08.56.30:285][163]LogInit: FAudioDevice initialized.
[2016.03.22-08.56.30:422][163]LogWorld: Game class is 'RunGameMode_C'
[2016.03.22-08.56.30:514][163]LogWorld: Bringing World /Game/SpiritRunner/Maps/UEDPIE_0_RunnerMapTest.RunnerMapTest up for play (max tick rate 0) at 2016.03.22-01.56.30
[2016.03.22-08.56.30:514][163]LogActor:Warning: GameSession /Game/SpiritRunner/Maps/UEDPIE_0_RunnerMapTest.RunnerMapTest:PersistentLevel.GameSession_0 has natively added scene component(s), but none of them were set as the actor's RootComponent - picking one arbitrarily
[2016.03.22-08.56.30:524][163]LogActor:Warning: GameNetworkManager /Game/SpiritRunner/Maps/UEDPIE_0_RunnerMapTest.RunnerMapTest:PersistentLevel.GameNetworkManager_0 has natively added scene component(s), but none of them were set as the actor's RootComponent - picking one arbitrarily
[2016.03.22-08.56.30:525][163]LogWorld: Bringing up level for play took: 0.013612
[2016.03.22-08.56.30:717][163]LogBlueprintUserMessages:Warning: SetTimer passed a bad function (None) or object (RunCharacter_C_0)
[2016.03.22-08.56.31:139][163]PIE: Info Play in editor start time for /Game/SpiritRunner/Maps/UEDPIE_0_RunnerMapTest 2.269
[2016.03.22-08.56.35:617][520]LogParticles: Destroying 0 GPU particle simulations for FXSystem 0x000000001EC22340
[2016.03.22-08.56.36:922][658]LogPlayLevel: PIE:  No blueprints needed recompiling
[2016.03.22-08.56.36:922][658]PIE: New page: PIE session: RunnerMapTest (Mar 21, 2016, 6:56:36 PM)
[2016.03.22-08.56.36:923][658]LogPlayLevel: Creating play world package: /Game/SpiritRunner/Maps/UEDPIE_0_RunnerMapTest
[2016.03.22-08.56.36:929][658]LogPlayLevel: PIE: StaticDuplicateObject took: (0.006171s)
[2016.03.22-08.56.36:930][658]LogAIModule: Creating AISystem for world RunnerMapTest
[2016.03.22-08.56.36:931][658]LogPlayLevel: PIE: World Init took: (0.001951s)
[2016.03.22-08.56.36:932][658]LogPlayLevel: PIE: Created PIE world by copying editor world from /Game/SpiritRunner/Maps/RunnerMapTest.RunnerMapTest to /Game/SpiritRunner/Maps/UEDPIE_0_RunnerMapTest.RunnerMapTest (0.008545s)
[2016.03.22-08.56.36:987][658]LogInit: XAudio2 using 'Speakers (Turtle Beach P11 Headset)' : 2 channels at 48 kHz using 16 bits per sample (channel mask 0x3)
[2016.03.22-08.56.36:995][658]LogInit: FAudioDevice initialized.
[2016.03.22-08.56.37:030][658]LogWorld: Game class is 'RunGameMode_C'
[2016.03.22-08.56.37:035][658]LogWorld: Bringing World /Game/SpiritRunner/Maps/UEDPIE_0_RunnerMapTest.RunnerMapTest up for play (max tick rate 0) at 2016.03.22-01.56.37
[2016.03.22-08.56.37:035][658]LogActor:Warning: GameSession /Game/SpiritRunner/Maps/UEDPIE_0_RunnerMapTest.RunnerMapTest:PersistentLevel.GameSession_1 has natively added scene component(s), but none of them were set as the actor's RootComponent - picking one arbitrarily
[2016.03.22-08.56.37:035][658]LogActor:Warning: GameNetworkManager /Game/SpiritRunner/Maps/UEDPIE_0_RunnerMapTest.RunnerMapTest:PersistentLevel.GameNetworkManager_1 has natively added scene component(s), but none of them were set as the actor's RootComponent - picking one arbitrarily
[2016.03.22-08.56.37:036][658]LogWorld: Bringing up level for play took: 0.003153
[2016.03.22-08.56.37:039][658]LogBlueprintUserMessages:Warning: SetTimer passed a bad function (None) or object (RunCharacter_C_1)
[2016.03.22-08.56.37:378][658]PIE: Info Play in editor start time for /Game/SpiritRunner/Maps/UEDPIE_0_RunnerMapTest 0.509
[2016.03.22-08.56.42:523][ 34]LogAudio:Warning: Detected orphaned looping sound 'runningFinal_Cue'.
[2016.03.22-08.56.49:648][517]Cmd: RestartLevel
[2016.03.22-08.56.49:722][518]LogNet: Browse: /Game/SpiritRunner/Maps/RunnerMapTest?restart
[2016.03.22-08.56.49:736][518]LogLoad: LoadMap: /Game/SpiritRunner/Maps/RunnerMapTest
[2016.03.22-08.56.49:793][518]LogParticles: Destroying 0 GPU particle simulations for FXSystem 0x000000003CD49440
[2016.03.22-08.56.49:794][518]Cmd: MEM
[2016.03.22-08.56.49:821][518]LogMemory: Platform Memory Stats for Windows
[2016.03.22-08.56.49:821][518]LogMemory: Process Physical Memory: 928.52 MB used, 928.52 MB peak
[2016.03.22-08.56.49:821][518]LogMemory: Process Virtual Memory: 1609.84 MB used, 1652.68 MB peak
[2016.03.22-08.56.49:821][518]LogMemory: Physical Memory: 7205.10 MB used, 8108.02 MB total
[2016.03.22-08.56.49:821][518]LogMemory: Virtual Memory: 2242.78 MB used, 8388608.00 MB total
[2016.03.22-08.56.49:821][518]LogMemory: 
[2016.03.22-08.56.49:821][518]Allocator Stats for TBB: (not implemented)
[2016.03.22-08.56.49:829][518]LogPlayLevel: Creating play world package: /Game/SpiritRunner/Maps/UEDPIE_0_RunnerMapTest
[2016.03.22-08.56.49:832][518]LogPlayLevel: PIE: StaticDuplicateObject took: (0.002644s)
[2016.03.22-08.56.49:833][518]LogAIModule: Creating AISystem for world RunnerMapTest
[2016.03.22-08.56.49:834][518]LogPlayLevel: PIE: World Init took: (0.002117s)
[2016.03.22-08.56.49:834][518]LogPlayLevel: PIE: Created PIE world by copying editor world from /Game/SpiritRunner/Maps/RunnerMapTest.RunnerMapTest to /Game/SpiritRunner/Maps/UEDPIE_0_RunnerMapTest.RunnerMapTest (0.005008s)
[2016.03.22-08.56.49:835][518]LogWorld: Game class is 'RunGameMode_C'
[2016.03.22-08.56.49:838][518]LogWorld: Bringing World /Game/SpiritRunner/Maps/UEDPIE_0_RunnerMapTest.RunnerMapTest up for play (max tick rate 0) at 2016.03.22-01.56.49
[2016.03.22-08.56.49:838][518]LogActor:Warning: GameSession /Game/SpiritRunner/Maps/UEDPIE_0_RunnerMapTest.RunnerMapTest:PersistentLevel.GameSession_2 has natively added scene component(s), but none of them were set as the actor's RootComponent - picking one arbitrarily
[2016.03.22-08.56.49:838][518]LogActor:Warning: GameNetworkManager /Game/SpiritRunner/Maps/UEDPIE_0_RunnerMapTest.RunnerMapTest:PersistentLevel.GameNetworkManager_2 has natively added scene component(s), but none of them were set as the actor's RootComponent - picking one arbitrarily
[2016.03.22-08.56.49:838][518]LogWorld: Bringing up level for play took: 0.001893
[2016.03.22-08.56.49:840][518]LogBlueprintUserMessages:Warning: SetTimer passed a bad function (None) or object (RunCharacter_C_2)
[2016.03.22-08.56.59:666][192]LogParticles: Destroying 0 GPU particle simulations for FXSystem 0x000000001EC22A20
[2016.03.22-08.57.06:978][973]LogPlayLevel: PIE:  No blueprints needed recompiling
[2016.03.22-08.57.06:978][973]PIE: New page: PIE session: RunnerMapTest (Mar 21, 2016, 6:57:06 PM)
[2016.03.22-08.57.06:978][973]LogPlayLevel: Creating play world package: /Game/SpiritRunner/Maps/UEDPIE_0_RunnerMapTest
[2016.03.22-08.57.06:981][973]LogPlayLevel: PIE: StaticDuplicateObject took: (0.002477s)
[2016.03.22-08.57.06:981][973]LogAIModule: Creating AISystem for world RunnerMapTest
[2016.03.22-08.57.06:982][973]LogPlayLevel: PIE: World Init took: (0.000904s)
[2016.03.22-08.57.06:982][973]LogPlayLevel: PIE: Created PIE world by copying editor world from /Game/SpiritRunner/Maps/RunnerMapTest.RunnerMapTest to /Game/SpiritRunner/Maps/UEDPIE_0_RunnerMapTest.RunnerMapTest (0.003584s)
[2016.03.22-08.57.07:014][973]LogInit: XAudio2 using 'Speakers (Turtle Beach P11 Headset)' : 2 channels at 48 kHz using 16 bits per sample (channel mask 0x3)
[2016.03.22-08.57.07:019][973]LogInit: FAudioDevice initialized.
[2016.03.22-08.57.07:046][973]LogWorld: Game class is 'RunGameMode_C'
[2016.03.22-08.57.07:048][973]LogWorld: Bringing World /Game/SpiritRunner/Maps/UEDPIE_0_RunnerMapTest.RunnerMapTest up for play (max tick rate 0) at 2016.03.22-01.57.07
[2016.03.22-08.57.07:049][973]LogActor:Warning: GameSession /Game/SpiritRunner/Maps/UEDPIE_0_RunnerMapTest.RunnerMapTest:PersistentLevel.GameSession_3 has natively added scene component(s), but none of them were set as the actor's RootComponent - picking one arbitrarily
[2016.03.22-08.57.07:049][973]LogActor:Warning: GameNetworkManager /Game/SpiritRunner/Maps/UEDPIE_0_RunnerMapTest.RunnerMapTest:PersistentLevel.GameNetworkManager_3 has natively added scene component(s), but none of them were set as the actor's RootComponent - picking one arbitrarily
[2016.03.22-08.57.07:049][973]LogWorld: Bringing up level for play took: 0.001520
[2016.03.22-08.57.07:051][973]LogBlueprintUserMessages:Warning: SetTimer passed a bad function (None) or object (RunCharacter_C_3)
[2016.03.22-08.57.07:323][973]PIE: Info Play in editor start time for /Game/SpiritRunner/Maps/UEDPIE_0_RunnerMapTest 0.453
[2016.03.22-08.57.11:151][280]LogAudio:Warning: Detected orphaned looping sound 'runningFinal_Cue'.
[2016.03.22-08.57.33:057][714]Cmd: RestartLevel
[2016.03.22-08.57.33:064][715]LogNet: Browse: /Game/SpiritRunner/Maps/RunnerMapTest?restart
[2016.03.22-08.57.33:069][715]LogLoad: LoadMap: /Game/SpiritRunner/Maps/RunnerMapTest
[2016.03.22-08.57.33:118][715]LogParticles: Destroying 0 GPU particle simulations for FXSystem 0x00000000120F79C0
[2016.03.22-08.57.33:119][715]Cmd: MEM
[2016.03.22-08.57.33:198][715]LogMemory: Platform Memory Stats for Windows
[2016.03.22-08.57.33:199][715]LogMemory: Process Physical Memory: 937.02 MB used, 937.65 MB peak
[2016.03.22-08.57.33:199][715]LogMemory: Process Virtual Memory: 1619.80 MB used, 1686.24 MB peak
[2016.03.22-08.57.33:199][715]LogMemory: Physical Memory: 7201.51 MB used, 8108.02 MB total
[2016.03.22-08.57.33:199][715]LogMemory: Virtual Memory: 2264.11 MB used, 8388608.00 MB total
[2016.03.22-08.57.33:199][715]LogMemory: 
[2016.03.22-08.57.33:199][715]Allocator Stats for TBB: (not implemented)
[2016.03.22-08.57.33:199][715]LogPlayLevel: Creating play world package: /Game/SpiritRunner/Maps/UEDPIE_0_RunnerMapTest
[2016.03.22-08.57.33:205][715]LogPlayLevel: PIE: StaticDuplicateObject took: (0.005849s)
[2016.03.22-08.57.33:206][715]LogAIModule: Creating AISystem for world RunnerMapTest
[2016.03.22-08.57.33:208][715]LogPlayLevel: PIE: World Init took: (0.003689s)
[2016.03.22-08.57.33:209][715]LogPlayLevel: PIE: Created PIE world by copying editor world from /Game/SpiritRunner/Maps/RunnerMapTest.RunnerMapTest to /Game/SpiritRunner/Maps/UEDPIE_0_RunnerMapTest.RunnerMapTest (0.009921s)
[2016.03.22-08.57.33:209][715]LogWorld: Game class is 'RunGameMode_C'
[2016.03.22-08.57.33:216][715]LogWorld: Bringing World /Game/SpiritRunner/Maps/UEDPIE_0_RunnerMapTest.RunnerMapTest up for play (max tick rate 0) at 2016.03.22-01.57.33
[2016.03.22-08.57.33:216][715]LogActor:Warning: GameSession /Game/SpiritRunner/Maps/UEDPIE_0_RunnerMapTest.RunnerMapTest:PersistentLevel.GameSession_4 has natively added scene component(s), but none of them were set as the actor's RootComponent - picking one arbitrarily
[2016.03.22-08.57.33:217][715]LogActor:Warning: GameNetworkManager /Game/SpiritRunner/Maps/UEDPIE_0_RunnerMapTest.RunnerMapTest:PersistentLevel.GameNetworkManager_4 has natively added scene component(s), but none of them were set as the actor's RootComponent - picking one arbitrarily
[2016.03.22-08.57.33:217][715]LogWorld: Bringing up level for play took: 0.004455
[2016.03.22-08.57.33:222][715]LogBlueprintUserMessages:Warning: SetTimer passed a bad function (None) or object (RunCharacter_C_4)
[2016.03.22-08.57.35:353][810]LogParticles: Destroying 0 GPU particle simulations for FXSystem 0x000000001215B880
[2016.03.22-08.57.47:668][137]LogD3D11RHI: InitD3DDevice
[2016.03.22-08.57.47:912][137]LogLinker:Warning: Asset '../../../Engine/Content/ArtTools/RenderToTexture/Macros/RenderToTextureMacros.uasset' has been saved with empty engine version. The asset will be loaded but may be incompatible.
[2016.03.22-08.57.47:993][137]LogLinker:Warning: Asset '../../../Engine/Content/ArtTools/RenderToTexture/Enums/RenderToTexture_Enum.uasset' has been saved with empty engine version. The asset will be loaded but may be incompatible.
[2016.03.22-08.57.49:647][137]LogActor:Warning: GameNetworkManager /Engine/Transient.World_3:PersistentLevel.GameNetworkManager_5 has natively added scene component(s), but none of them were set as the actor's RootComponent - picking one arbitrarily
[2016.03.22-08.57.51:643][285]LogActorComponent: UnregisterComponent: (/Engine/Transient.CharMoveComp) Not registered. Aborting.
[2016.03.22-08.57.51:645][285]LogActorComponent: UnregisterComponent: (/Engine/Transient.RotatingMovement0C812BA34D0DD21FB12D1D9A948423D7) Not registered. Aborting.
[2016.03.22-08.57.51:645][285]LogActorComponent: UnregisterComponent: (/Engine/Transient.RotatingMovementComponent_1) Not registered. Aborting.
[2016.03.22-08.57.52:129][286]Cmd: QUIT_EDITOR
[2016.03.22-08.57.52:330][286]LogExit: Preparing to exit.
[2016.03.22-08.57.52:594][286]LogExit: Editor shut down
[2016.03.22-08.57.52:594][286]LogExit: Transaction tracking system shut down
[2016.03.22-08.57.52:616][286]LogParticles: Destroying 0 GPU particle simulations for FXSystem 0x000000004513D940
[2016.03.22-08.57.52:617][286]LogParticles: Destroying 0 GPU particle simulations for FXSystem 0x000000001EBA3060
[2016.03.22-08.57.52:617][286]LogParticles: Destroying 0 GPU particle simulations for FXSystem 0x00000000452C2340
[2016.03.22-08.57.52:617][286]LogParticles: Destroying 0 GPU particle simulations for FXSystem 0x0000000055A26AC0
[2016.03.22-08.57.52:751][286]LogParticles: Destroying 0 GPU particle simulations for FXSystem 0x0000000026E484A0
[2016.03.22-08.57.52:751][286]LogExit: Object subsystem successfully closed.
[2016.03.22-08.57.52:761][286]LogD3D11RHI: Shutdown
[2016.03.22-08.57.52:761][286]LogD3D11RHI: CleanupD3DDevice
[2016.03.22-08.57.52:804][286]LogD3D11RHI: ~FD3D11DynamicRHI
[2016.03.22-08.57.52:815][286]LogModuleManager: Shutting down and abandoning module CrashTracker (188)
[2016.03.22-08.57.52:815][286]LogModuleManager: Shutting down and abandoning module SceneOutliner (187)
[2016.03.22-08.57.52:815][286]LogModuleManager: Shutting down and abandoning module SuperSearch (186)
[2016.03.22-08.57.52:815][286]LogModuleManager: Shutting down and abandoning module WidgetCarousel (185)
[2016.03.22-08.57.52:815][286]LogModuleManager: Shutting down and abandoning module AddContentDialog (184)
[2016.03.22-08.57.52:816][286]LogModuleManager: Shutting down and abandoning module EditorWidgets (183)
[2016.03.22-08.57.52:816][286]LogModuleManager: Shutting down and abandoning module CollectionManager (182)
[2016.03.22-08.57.52:816][286]LogModuleManager: Shutting down and abandoning module StatsViewer (181)
[2016.03.22-08.57.52:816][286]LogModuleManager: Shutting down and abandoning module FoliageEdit (180)
[2016.03.22-08.57.52:816][286]LogModuleManager: Shutting down and abandoning module LandscapeEditor (179)
[2016.03.22-08.57.52:816][286]LogModuleManager: Shutting down and abandoning module ActorPickerMode (178)
[2016.03.22-08.57.52:816][286]LogModuleManager: Shutting down and abandoning module GeometryMode (177)
[2016.03.22-08.57.52:816][286]LogModuleManager: Shutting down and abandoning module TextureAlignMode (176)
[2016.03.22-08.57.52:816][286]LogModuleManager: Shutting down and abandoning module BspMode (175)
[2016.03.22-08.57.52:816][286]LogModuleManager: Shutting down and abandoning module PlacementMode (174)
[2016.03.22-08.57.52:816][286]LogModuleManager: Shutting down and abandoning module AutomationWorker (173)
[2016.03.22-08.57.52:816][286]LogModuleManager: Shutting down and abandoning module CharacterAI (172)
[2016.03.22-08.57.52:816][286]LogModuleManager: Shutting down and abandoning module SmartSnapping (171)
[2016.03.22-08.57.52:816][286]LogModuleManager: Shutting down and abandoning module ViewportSnapping (170)
[2016.03.22-08.57.52:816][286]LogModuleManager: Shutting down and abandoning module LogVisualizer (169)
[2016.03.22-08.57.52:816][286]LogModuleManager: Shutting down and abandoning module GameProjectGeneration (168)
[2016.03.22-08.57.52:816][286]LogModuleManager: Shutting down and abandoning module IntroTutorials (167)
[2016.03.22-08.57.52:816][286]LogModuleManager: Shutting down and abandoning module EditorLiveStreaming (166)
[2016.03.22-08.57.52:816][286]LogModuleManager: Shutting down and abandoning module IOSPlatformEditor (165)
[2016.03.22-08.57.52:816][286]LogModuleManager: Shutting down and abandoning module HTML5PlatformEditor (164)
[2016.03.22-08.57.52:816][286]LogModuleManager: Shutting down and abandoning module AndroidDeviceDetection (163)
[2016.03.22-08.57.53:006][286]LogModuleManager: Shutting down and abandoning module AndroidPlatformEditor (162)
[2016.03.22-08.57.53:006][286]LogModuleManager: Shutting down and abandoning module IOSRuntimeSettings (161)
[2016.03.22-08.57.53:006][286]LogModuleManager: Shutting down and abandoning module AndroidRuntimeSettings (160)
[2016.03.22-08.57.53:006][286]LogModuleManager: Shutting down and abandoning module MergeActors (159)
[2016.03.22-08.57.53:006][286]LogModuleManager: Shutting down and abandoning module SizeMap (158)
[2016.03.22-08.57.53:006][286]LogModuleManager: Shutting down and abandoning module TreeMap (157)
[2016.03.22-08.57.53:006][286]LogModuleManager: Shutting down and abandoning module ReferenceViewer (156)
[2016.03.22-08.57.53:006][286]LogModuleManager: Shutting down and abandoning module LocalizationDashboard (155)
[2016.03.22-08.57.53:006][286]LogModuleManager: Shutting down and abandoning module HardwareTargeting (154)
[2016.03.22-08.57.53:006][286]LogModuleManager: Shutting down and abandoning module DeviceProfileEditor (153)
[2016.03.22-08.57.53:006][286]LogModuleManager: Shutting down and abandoning module UndoHistory (152)
[2016.03.22-08.57.53:006][286]LogModuleManager: Shutting down and abandoning module GameplayTagsEditor (151)
[2016.03.22-08.57.53:006][286]LogModuleManager: Shutting down and abandoning module UserFeedback (150)
[2016.03.22-08.57.53:006][286]LogModuleManager: Shutting down and abandoning module XmlParser (149)
[2016.03.22-08.57.53:006][286]LogModuleManager: Shutting down and abandoning module Blutility (148)
[2016.03.22-08.57.53:006][286]LogModuleManager: Shutting down and abandoning module ProjectTargetPlatformEditor (147)
[2016.03.22-08.57.53:006][286]LogModuleManager: Shutting down and abandoning module ProjectSettingsViewer (146)
[2016.03.22-08.57.53:006][286]LogModuleManager: Shutting down and abandoning module InputBindingEditor (145)
[2016.03.22-08.57.53:006][286]LogModuleManager: Shutting down and abandoning module EditorSettingsViewer (144)
[2016.03.22-08.57.53:006][286]LogModuleManager: Shutting down and abandoning module SettingsEditor (143)
[2016.03.22-08.57.53:006][286]LogModuleManager: Shutting down and abandoning module ProjectLauncher (142)
[2016.03.22-08.57.53:006][286]LogModuleManager: Shutting down and abandoning module SessionFrontend (141)
[2016.03.22-08.57.53:006][286]LogModuleManager: Shutting down and abandoning module ProfilerClient (140)
[2016.03.22-08.57.53:007][286]LogModuleManager: Shutting down and abandoning module TargetDeviceServices (139)
[2016.03.22-08.57.53:007][286]LogModuleManager: Shutting down and abandoning module DeviceManager (138)
[2016.03.22-08.57.53:007][286]LogModuleManager: Shutting down and abandoning module AutomationController (137)
[2016.03.22-08.57.53:007][286]LogModuleManager: Shutting down and abandoning module AutomationWindow (136)
[2016.03.22-08.57.53:007][286]LogModuleManager: Shutting down and abandoning module Layers (135)
[2016.03.22-08.57.53:007][286]LogModuleManager: Shutting down and abandoning module ComponentVisualizers (134)
[2016.03.22-08.57.53:007][286]LogModuleManager: Shutting down and abandoning module DetailCustomizations (133)
[2016.03.22-08.57.53:007][286]LogModuleManager: Shutting down and abandoning module PackagesDialog (132)
[2016.03.22-08.57.53:007][286]LogModuleManager: Shutting down and abandoning module AssetRegistry (131)
[2016.03.22-08.57.53:116][286]LogModuleManager: Shutting down and abandoning module Persona (130)
[2016.03.22-08.57.53:116][286]LogModuleManager: Shutting down and abandoning module Kismet (129)
[2016.03.22-08.57.53:116][286]LogModuleManager: Shutting down and abandoning module GraphEditor (128)
[2016.03.22-08.57.53:117][286]LogModuleManager: Shutting down and abandoning module ClassViewer (127)
[2016.03.22-08.57.53:117][286]LogModuleManager: Shutting down and abandoning module Toolbox (126)
[2016.03.22-08.57.53:117][286]LogModuleManager: Shutting down and abandoning module ModuleUI (125)
[2016.03.22-08.57.53:117][286]LogModuleManager: Shutting down and abandoning module MovieSceneTools (124)
[2016.03.22-08.57.53:117][286]LogModuleManager: Shutting down and abandoning module OutputLog (123)
[2016.03.22-08.57.53:117][286]LogModuleManager: Shutting down and abandoning module GammaUI (122)
[2016.03.22-08.57.53:117][286]LogModuleManager: Shutting down and abandoning module Documentation (121)
[2016.03.22-08.57.53:117][286]LogModuleManager: Shutting down and abandoning module GameLiveStreaming (120)
[2016.03.22-08.57.53:117][286]LogModuleManager: Shutting down and abandoning module StreamingPauseRendering (119)
[2016.03.22-08.57.53:117][286]LogModuleManager: Shutting down and abandoning module AnalyticsET (118)
[2016.03.22-08.57.53:117][286]LogModuleManager: Shutting down and abandoning module Analytics (117)
[2016.03.22-08.57.53:117][286]LogModuleManager: Shutting down and abandoning module AITestSuite (116)
[2016.03.22-08.57.53:117][286]LogModuleManager: Shutting down and abandoning module GameplayDebugger (115)
[2016.03.22-08.57.53:117][286]LogModuleManager: Shutting down and abandoning module AIModule (114)
[2016.03.22-08.57.53:117][286]LogModuleManager: Shutting down and abandoning module ProfilerService (113)
[2016.03.22-08.57.53:260][286]LogModuleManager: Shutting down and abandoning module TaskGraph (112)
[2016.03.22-08.57.53:260][286]LogModuleManager: Shutting down and abandoning module SlateRemote (111)
[2016.03.22-08.57.53:260][286]LogModuleManager: Shutting down and abandoning module SteamVRController (110)
[2016.03.22-08.57.53:260][286]LogModuleManager: Shutting down and abandoning module SteamVR (109)
[2016.03.22-08.57.53:260][286]LogModuleManager: Shutting down and abandoning module ProceduralMeshComponent (108)
[2016.03.22-08.57.53:260][286]LogModuleManager: Shutting down and abandoning module OculusRift (107)
[2016.03.22-08.57.53:260][286]LogModuleManager: Shutting down and abandoning module LeapMotionController (106)
[2016.03.22-08.57.53:281][286]LogModuleManager: Shutting down and abandoning module CustomMeshComponent (105)
[2016.03.22-08.57.53:281][286]LogModuleManager: Shutting down and abandoning module CableComponent (104)
[2016.03.22-08.57.53:281][286]LogModuleManager: Shutting down and abandoning module MessagingDebugger (103)
[2016.03.22-08.57.53:281][286]LogModuleManager: Shutting down and abandoning module MediaPlayerEditor (102)
[2016.03.22-08.57.53:281][286]LogModuleManager: Shutting down and abandoning module SpeedTreeImporter (101)
[2016.03.22-08.57.53:281][286]LogModuleManager: Shutting down and abandoning module PluginBrowser (100)
[2016.03.22-08.57.53:281][286]LogModuleManager: Shutting down and abandoning module EpicSurvey (99)
[2016.03.22-08.57.53:281][286]LogModuleManager: Shutting down and abandoning module DesktopPlatform (98)
[2016.03.22-08.57.53:281][286]LogModuleManager: Shutting down and abandoning module VisualStudioSourceCodeAccess (97)
[2016.03.22-08.57.53:282][286]LogModuleManager: Shutting down and abandoning module UObjectPlugin (96)
[2016.03.22-08.57.53:282][286]LogModuleManager: Shutting down and abandoning module SubversionSourceControl (95)
[2016.03.22-08.57.53:282][286]LogModuleManager: Shutting down and abandoning module PerforceSourceControl (94)
[2016.03.22-08.57.53:282][286]LogModuleManager: Shutting down and abandoning module SourceControl (93)
[2016.03.22-08.57.53:282][286]LogModuleManager: Shutting down and abandoning module GitSourceControl (92)
[2016.03.22-08.57.53:282][286]LogModuleManager: Shutting down and abandoning module BlankPlugin (91)
[2016.03.22-08.57.53:282][286]LogModuleManager: Shutting down and abandoning module PaperTiledImporter (90)
[2016.03.22-08.57.53:282][286]LogModuleManager: Shutting down and abandoning module PaperSpriteSheetImporter (89)
[2016.03.22-08.57.53:282][286]LogModuleManager: Shutting down and abandoning module MeshPaint (88)
[2016.03.22-08.57.53:282][286]LogModuleManager: Shutting down and abandoning module SlateReflector (87)
[2016.03.22-08.57.53:282][286]LogModuleManager: Shutting down and abandoning module DirectoryWatcher (86)
[2016.03.22-08.57.53:282][286]LogModuleManager: Shutting down and abandoning module HotReload (85)
[2016.03.22-08.57.53:282][286]LogModuleManager: Shutting down and abandoning module MainFrame (84)
[2016.03.22-08.57.53:282][286]LogModuleManager: Shutting down and abandoning module LevelEditor (83)
[2016.03.22-08.57.53:283][286]LogModuleManager: Shutting down and abandoning module ContentBrowser (82)
[2016.03.22-08.57.53:283][286]LogModuleManager: Shutting down and abandoning module Paper2DEditor (81)
[2016.03.22-08.57.53:283][286]LogModuleManager: Shutting down and abandoning module UdpMessaging (80)
[2016.03.22-08.57.53:383][286]LogModuleManager: Shutting down and abandoning module Paper2D (79)
[2016.03.22-08.57.53:383][286]LogModuleManager: Shutting down and abandoning module WindowsMoviePlayer (78)
[2016.03.22-08.57.53:391][286]LogModuleManager: Shutting down and abandoning module Media (77)
[2016.03.22-08.57.53:391][286]LogModuleManager: Shutting down and abandoning module WmfMedia (76)
[2016.03.22-08.57.53:391][286]LogModuleManager: Shutting down and abandoning module OnlineBlueprintSupport (75)
[2016.03.22-08.57.53:391][286]LogModuleManager: Shutting down and abandoning module PropertyEditor (74)
[2016.03.22-08.57.53:391][286]LogModuleManager: Shutting down and abandoning module BehaviorTreeEditor (73)
[2016.03.22-08.57.53:391][286]LogModuleManager: Shutting down and abandoning module FunctionalTesting (72)
[2016.03.22-08.57.53:391][286]LogModuleManager: Shutting down and abandoning module CollisionAnalyzer (71)
[2016.03.22-08.57.53:391][286]LogModuleManager: Shutting down and abandoning module WorkspaceMenuStructure (70)
[2016.03.22-08.57.53:391][286]LogModuleManager: Shutting down and abandoning module MessageLog (69)
[2016.03.22-08.57.53:392][286]LogModuleManager: Shutting down and abandoning module Sequencer (68)
[2016.03.22-08.57.53:392][286]LogModuleManager: Shutting down and abandoning module AssetTools (67)
[2016.03.22-08.57.53:392][286]LogModuleManager: Shutting down and abandoning module UMGEditor (66)
[2016.03.22-08.57.53:392][286]LogModuleManager: Shutting down and abandoning module UMG (65)
[2016.03.22-08.57.53:392][286]LogModuleManager: Shutting down and abandoning module Slate (64)
[2016.03.22-08.57.53:392][286]LogModuleManager: Shutting down and abandoning module EditorStyle (63)
[2016.03.22-08.57.53:398][286]LogModuleManager: Shutting down and abandoning module SessionServices (62)
[2016.03.22-08.57.53:398][286]LogModuleManager: Shutting down and abandoning module SourceCodeAccess (61)
[2016.03.22-08.57.53:398][286]LogModuleManager: Shutting down and abandoning module HeadMountedDisplay (60)
[2016.03.22-08.57.53:398][286]LogModuleManager: Shutting down and abandoning module XAudio2 (59)
[2016.03.22-08.57.53:398][286]LogModuleManager: Shutting down and abandoning module Networking (57)
[2016.03.22-08.57.53:398][286]LogModuleManager: Shutting down and abandoning module Core (56)
[2016.03.22-08.57.53:398][286]LogModuleManager: Shutting down and abandoning module KismetCompiler (55)
[2016.03.22-08.57.53:398][286]LogModuleManager: Shutting down and abandoning module PhysXFormats (54)
[2016.03.22-08.57.53:398][286]LogModuleManager: Shutting down and abandoning module MeshUtilities (53)
[2016.03.22-08.57.53:398][286]LogModuleManager: Shutting down and abandoning module DerivedDataCache (52)
[2016.03.22-08.57.53:402][286]LogDerivedDataCache: Shutdown
[2016.03.22-08.57.53:402][286]LogModuleManager: Shutting down and abandoning module ShaderFormatOpenGL (51)
[2016.03.22-08.57.53:402][286]LogModuleManager: Shutting down and abandoning module ShaderFormatD3D (50)
[2016.03.22-08.57.53:403][286]LogModuleManager: Shutting down and abandoning module MetalShaderFormat (49)
[2016.03.22-08.57.53:403][286]LogModuleManager: Shutting down and abandoning module TextureFormatUncompressed (48)
[2016.03.22-08.57.53:403][286]LogModuleManager: Shutting down and abandoning module TextureFormatPVR (47)
[2016.03.22-08.57.53:403][286]LogModuleManager: Shutting down and abandoning module TextureFormatIntelISPCTexComp (46)
[2016.03.22-08.57.53:403][286]LogModuleManager: Shutting down and abandoning module TextureFormatDXT (45)
[2016.03.22-08.57.53:403][286]LogModuleManager: Shutting down and abandoning module ImageWrapper (44)
[2016.03.22-08.57.53:403][286]LogModuleManager: Shutting down and abandoning module TextureFormatASTC (43)
[2016.03.22-08.57.53:403][286]LogModuleManager: Shutting down and abandoning module TextureFormatAndroid (42)
[2016.03.22-08.57.53:403][286]LogModuleManager: Shutting down and abandoning module AudioFormatOpus (41)
[2016.03.22-08.57.53:403][286]LogModuleManager: Shutting down and abandoning module AudioFormatOgg (40)
[2016.03.22-08.57.53:403][286]LogModuleManager: Shutting down and abandoning module AudioFormatADPCM (39)
[2016.03.22-08.57.53:403][286]LogModuleManager: Shutting down and abandoning module LinuxTargetPlatform (38)
[2016.03.22-08.57.53:403][286]LogModuleManager: Shutting down and abandoning module LinuxServerTargetPlatform (37)
[2016.03.22-08.57.53:403][286]LogModuleManager: Shutting down and abandoning module LinuxNoEditorTargetPlatform (36)
[2016.03.22-08.57.53:403][286]LogModuleManager: Shutting down and abandoning module Messaging (35)
[2016.03.22-08.57.53:403][286]LogModuleManager: Shutting down and abandoning module IOSTargetPlatform (34)
[2016.03.22-08.57.53:403][286]LogModuleManager: Shutting down and abandoning module HTML5TargetPlatform (33)
[2016.03.22-08.57.53:403][286]LogModuleManager: Shutting down and abandoning module Android_PVRTCTargetPlatform (32)
[2016.03.22-08.57.53:403][286]LogModuleManager: Shutting down and abandoning module Android_ETC2TargetPlatform (31)
[2016.03.22-08.57.53:403][286]LogModuleManager: Shutting down and abandoning module Android_ETC1TargetPlatform (30)
[2016.03.22-08.57.53:403][286]LogModuleManager: Shutting down and abandoning module Android_DXTTargetPlatform (29)
[2016.03.22-08.57.53:403][286]LogModuleManager: Shutting down and abandoning module Android_ATCTargetPlatform (28)
[2016.03.22-08.57.53:403][286]LogModuleManager: Shutting down and abandoning module Android_ASTCTargetPlatform (27)
[2016.03.22-08.57.53:403][286]LogModuleManager: Shutting down and abandoning module AndroidTargetPlatform (26)
[2016.03.22-08.57.53:403][286]LogModuleManager: Shutting down and abandoning module WindowsTargetPlatform (25)
[2016.03.22-08.57.53:403][286]LogModuleManager: Shutting down and abandoning module WindowsServerTargetPlatform (24)
[2016.03.22-08.57.53:403][286]LogModuleManager: Shutting down and abandoning module WindowsNoEditorTargetPlatform (23)
[2016.03.22-08.57.53:403][286]LogModuleManager: Shutting down and abandoning module WindowsClientTargetPlatform (22)
[2016.03.22-08.57.53:403][286]LogModuleManager: Shutting down and abandoning module DesktopTargetPlatform (21)
[2016.03.22-08.57.53:403][286]LogModuleManager: Shutting down and abandoning module TargetPlatform (20)
[2016.03.22-08.57.53:403][286]LogModuleManager: Shutting down and abandoning module InputCore (19)
[2016.03.22-08.57.53:403][286]LogModuleManager: Shutting down and abandoning module Settings (18)
[2016.03.22-08.57.53:403][286]LogModuleManager: Shutting down and abandoning module OnlineSubsystem (16)
[2016.03.22-08.57.53:403][286]LogModuleManager: Shutting down and abandoning module HTTP (15)
[2016.03.22-08.57.53:404][286]LogModuleManager: Shutting down and abandoning module ExampleDeviceProfileSelector (14)
[2016.03.22-08.57.53:404][286]LogModuleManager: Shutting down and abandoning module TextureCompressor (13)
[2016.03.22-08.57.53:404][286]LogModuleManager: Shutting down and abandoning module ShaderCore (12)
[2016.03.22-08.57.53:404][286]LogModuleManager: Shutting down and abandoning module Landscape (11)
[2016.03.22-08.57.53:404][286]LogModuleManager: Shutting down and abandoning module SlateRHIRenderer (10)
[2016.03.22-08.57.53:407][286]LogModuleManager: Shutting down and abandoning module OpenGLDrv (9)
[2016.03.22-08.57.53:407][286]LogModuleManager: Shutting down and abandoning module D3D11RHI (8)
[2016.03.22-08.57.53:407][286]LogModuleManager: Shutting down and abandoning module Renderer (7)
[2016.03.22-08.57.53:407][286]LogModuleManager: Shutting down and abandoning module Engine (6)
[2016.03.22-08.57.53:407][286]LogModuleManager: Shutting down and abandoning module CoreUObject (5)
[2016.03.22-08.57.53:407][286]LogModuleManager: Shutting down and abandoning module NetworkFile (4)
[2016.03.22-08.57.53:407][286]LogModuleManager: Shutting down and abandoning module StreamingFile (3)
[2016.03.22-08.57.53:407][286]LogModuleManager: Shutting down and abandoning module SandboxFile (2)
[2016.03.22-08.57.53:407][286]LogModuleManager: Shutting down and abandoning module PakFile (1)
[2016.03.22-08.57.53:408][286]LogExit: Exiting.
[2016.03.22-08.57.53:411][286]Log file closed, 03/22/16 01:57:53
