[2016.01.02-07.22.56:172][  0]Log file open, 01/01/16 23:22:56
[2016.01.02-07.22.56:172][  0]LogInit:Display: Running engine for game: SpiritRunner
[2016.01.02-07.22.56:172][  0]LogInit:Display: RandInit(-500935881) SRandInit(-500935881).
[2016.01.02-07.22.56:172][  0]LogTaskGraph: Started task graph with 4 named threads and 7 total threads.
[2016.01.02-07.22.56:172][  0]LogStats: Stats thread started
[2016.01.02-07.22.56:172][  0]LogInit: Version: 4.8.3-2634408+++depot+UE4-Releases+4.8
[2016.01.02-07.22.56:172][  0]LogInit: API Version: 2579680
[2016.01.02-07.22.56:172][  0]LogInit: Compiled (64-bit): Jul 27 2015 16:24:33
[2016.01.02-07.22.56:172][  0]LogInit: Compiled with Visual C++: 18.00.21005.01
[2016.01.02-07.22.56:172][  0]LogInit: Build Configuration: Development
[2016.01.02-07.22.56:172][  0]LogInit: Branch Name: ++depot+UE4-Releases+4.8
[2016.01.02-07.22.56:172][  0]LogInit: Command line: 
[2016.01.02-07.22.56:172][  0]LogInit: Base directory: G:/Programs/Epic Games/4.8/Engine/Binaries/Win64/
[2016.01.02-07.22.56:172][  0]LogInit: Rocket: 1
[2016.01.02-07.22.56:184][  0]LogInit: Using libcurl 7.41.0
[2016.01.02-07.22.56:184][  0]LogInit:  - built for x86_64-pc-win32
[2016.01.02-07.22.56:184][  0]LogInit:  - supports SSL with WinSSL
[2016.01.02-07.22.56:184][  0]LogInit:  - other features:
[2016.01.02-07.22.56:184][  0]LogInit:      CURL_VERSION_SSL
[2016.01.02-07.22.56:184][  0]LogInit:      CURL_VERSION_IPV6
[2016.01.02-07.22.56:184][  0]LogInit:      CURL_VERSION_ASYNCHDNS
[2016.01.02-07.22.56:184][  0]LogInit:      CURL_VERSION_LARGEFILE
[2016.01.02-07.22.56:184][  0]LogInit:      CURL_VERSION_IDN
[2016.01.02-07.22.56:184][  0]LogInit:  CurlRequestOptions (configurable via config and command line):
[2016.01.02-07.22.56:184][  0]LogInit:  - bVerifyPeer = true  - Libcurl will verify peer certificate
[2016.01.02-07.22.56:185][  0]LogInit:  - bUseHttpProxy = false  - Libcurl will NOT use HTTP proxy
[2016.01.02-07.22.56:185][  0]LogInit:  - bDontReuseConnections = false  - Libcurl will reuse connections
[2016.01.02-07.22.56:185][  0]LogInit:  - CertBundlePath = nullptr  - Libcurl will use whatever was configured at build time.
[2016.01.02-07.22.56:194][  0]LogOnline:Warning: No default platform service specified for OnlineSubsystem
[2016.01.02-07.22.56:205][  0]LogInit: Presizing for 0 objects not considered by GC, pre-allocating 0 bytes.
[2016.01.02-07.22.56:210][  0]LogInit: Object subsystem initialized
[2016.01.02-07.22.56:211][  0]LogConsoleResponse:Warning: Skipping Unknown console variable: 'TranslucentSortAxis = (X=0.000000,Y=-1.000000,Z=0.000000)'
[2016.01.02-07.22.56:211][  0]LogConsoleResponse:Warning:   Found in ini file 'C:/Users/John/Documents/GitHub/spiritrunner/SpiritRunner/Saved/Config/Windows/Engine.ini', in section '[/Script/Engine.RendererSettings]'
[2016.01.02-07.22.56:211][  0]LogConsoleResponse:Warning: Skipping Unknown console variable: 'UIScaleRule = ShortestSide'
[2016.01.02-07.22.56:211][  0]LogConsoleResponse:Warning:   Found in ini file 'C:/Users/John/Documents/GitHub/spiritrunner/SpiritRunner/Saved/Config/Windows/Engine.ini', in section '[/Script/Engine.RendererSettings]'
[2016.01.02-07.22.56:211][  0]LogConsoleResponse:Warning: Skipping Unknown console variable: 'UIScaleCurve = (EditorCurveData=(Keys=),ExternalCurve=None)'
[2016.01.02-07.22.56:211][  0]LogConsoleResponse:Warning:   Found in ini file 'C:/Users/John/Documents/GitHub/spiritrunner/SpiritRunner/Saved/Config/Windows/Engine.ini', in section '[/Script/Engine.RendererSettings]'
[2016.01.02-07.22.56:211][  0]LogInit: Selected Device Profile: [Windows]
[2016.01.02-07.22.56:211][  0]LogInit: Applying CVar settings loaded from the selected device profile: [Windows]
[2016.01.02-07.22.56:216][  0]LogInit: Computer: JOHN-PC
[2016.01.02-07.22.56:216][  0]LogInit: User: John
[2016.01.02-07.22.56:216][  0]LogInit: CPU Page size=4096, Cores=4
[2016.01.02-07.22.56:216][  0]LogInit: High frequency timer resolution =3.906269 MHz
[2016.01.02-07.22.56:216][  0]LogMemory: Memory total: Physical=7.9GB (8GB approx)
[2016.01.02-07.22.56:216][  0]LogMemory: Platform Memory Stats for Windows
[2016.01.02-07.22.56:216][  0]LogMemory: Process Physical Memory: 50.71 MB used, 50.71 MB peak
[2016.01.02-07.22.56:216][  0]LogMemory: Process Virtual Memory: 24.41 MB used, 24.41 MB peak
[2016.01.02-07.22.56:216][  0]LogMemory: Physical Memory: 2401.64 MB used, 8108.02 MB total
[2016.01.02-07.22.56:216][  0]LogMemory: Virtual Memory: 283.25 MB used, 8388608.00 MB total
[2016.01.02-07.22.56:245][  0]LogTextLocalizationManager: The requested culture ('en_US') has no localization data; parent culture's ('en') localization data will be used.
[2016.01.02-07.22.56:391][  0]LogTextLocalizationManager:Warning: Loaded localization resources contain conflicting entries for (Namespace:ContentBrowser, Key:ImportAssetToolTip):
Localization Resource: (G:/Programs/Epic Games/4.8/Engine/Content/Localization/Editor/en/Editor.locres) Source String Hash: (-630476809) Localized String: (Import to {0}...)
Localization Resource: (G:/Programs/Epic Games/4.8/Engine/Content/Localization/Editor/en/Editor.locres) Source String Hash: (1271782899) Localized String: (Imports an asset from file to this folder.)
[2016.01.02-07.22.56:744][  0]LogD3D11RHI: Found D3D11 adapter 0: NVIDIA GeForce GTX 970 (Feature Level 11_0)
[2016.01.02-07.22.56:744][  0]LogD3D11RHI: Adapter has 4008MB of dedicated video memory, 0MB of dedicated system memory, and 3798MB of shared system memory, 1 output[s]
[2016.01.02-07.22.56:753][  0]LogD3D11RHI: Found D3D11 adapter 1: Intel(R) HD Graphics 4600 (Feature Level 11_0)
[2016.01.02-07.22.56:753][  0]LogD3D11RHI: Adapter has 64MB of dedicated video memory, 0MB of dedicated system memory, and 1632MB of shared system memory, 0 output[s]
[2016.01.02-07.22.56:753][  0]LogD3D11RHI: Chosen D3D11 Adapter Id = 0
[2016.01.02-07.22.56:773][  0]LogD3D11RHI: InitD3DDevice
[2016.01.02-07.22.56:773][  0]LogD3D11RHI: !Direct3DDevice
[2016.01.02-07.22.56:773][  0]LogRHI: Texture pool is 1361 MB (70% of 1945 MB)
[2016.01.02-07.22.56:780][  0]LogD3D11RHI: Async texture creation enabled
[2016.01.02-07.22.56:793][  0]LogShaderCompilers:Display: Using Local Shader Compiler.
[2016.01.02-07.22.57:485][  0]LogTemp:Display: Loaded TP DesktopTargetPlatform
[2016.01.02-07.22.57:499][  0]LogTemp:Display: Loaded TP WindowsClientTargetPlatform
[2016.01.02-07.22.57:511][  0]LogTemp:Display: Loaded TP WindowsNoEditorTargetPlatform
[2016.01.02-07.22.57:523][  0]LogTemp:Display: Loaded TP WindowsServerTargetPlatform
[2016.01.02-07.22.57:535][  0]LogTemp:Display: Loaded TP WindowsTargetPlatform
[2016.01.02-07.22.57:545][  0]LogTemp:Display: Loaded TP AndroidTargetPlatform
[2016.01.02-07.22.57:555][  0]LogTemp:Display: Loaded TP Android_ASTCTargetPlatform
[2016.01.02-07.22.57:566][  0]LogTemp:Display: Loaded TP Android_ATCTargetPlatform
[2016.01.02-07.22.57:577][  0]LogTemp:Display: Loaded TP Android_DXTTargetPlatform
[2016.01.02-07.22.57:588][  0]LogTemp:Display: Loaded TP Android_ETC1TargetPlatform
[2016.01.02-07.22.57:598][  0]LogTemp:Display: Loaded TP Android_ETC2TargetPlatform
[2016.01.02-07.22.57:608][  0]LogTemp:Display: Loaded TP Android_PVRTCTargetPlatform
[2016.01.02-07.22.57:649][  0]LogTemp:Display: Loaded TP IOSTargetPlatform
[2016.01.02-07.22.57:659][  0]LogTemp:Display: Loaded TP LinuxNoEditorTargetPlatform
[2016.01.02-07.22.57:669][  0]LogTemp:Display: Loaded TP LinuxServerTargetPlatform
[2016.01.02-07.22.57:680][  0]LogTemp:Display: Loaded TP LinuxTargetPlatform
[2016.01.02-07.22.57:680][  0]LogTargetPlatformManager:Display: Building Assets For Windows
[2016.01.02-07.22.57:852][  0]LogDerivedDataCache:Display: Max Cache Size: 512 MB
[2016.01.02-07.22.57:896][  0]LogDerivedDataCache: Loaded boot cache 0.04s 53MB C:/Users/John/AppData/Local/UnrealEngine/4.8/DerivedDataCache/Boot.ddc.
[2016.01.02-07.22.57:896][  0]LogDerivedDataCache:Display: Loaded Boot cache: C:/Users/John/AppData/Local/UnrealEngine/4.8/DerivedDataCache/Boot.ddc
[2016.01.02-07.22.57:896][  0]LogDerivedDataCache: FDerivedDataBackendGraph:  Pak pak cache file C:/Users/John/Documents/GitHub/spiritrunner/SpiritRunner/DerivedDataCache/DDC.ddp not found, will not use a pak cache.
[2016.01.02-07.22.57:896][  0]LogDerivedDataCache: Unable to find inner node Pak for hierarchical cache Hierarchy.
[2016.01.02-07.22.57:896][  0]LogDerivedDataCache: FDerivedDataBackendGraph:  CompressedPak pak cache file C:/Users/John/Documents/GitHub/spiritrunner/SpiritRunner/DerivedDataCache/Compressed.ddp not found, will not use a pak cache.
[2016.01.02-07.22.57:896][  0]LogDerivedDataCache: Unable to find inner node CompressedPak for hierarchical cache Hierarchy.
[2016.01.02-07.22.58:011][  0]LogDerivedDataCache:Display: Pak cache opened for reading ../../../Engine/DerivedDataCache/Compressed.ddp.
[2016.01.02-07.22.58:022][  0]LogDerivedDataCache: Using Local data cache path C:/Users/John/AppData/Local/UnrealEngine/Common/DerivedDataCache: Writable
[2016.01.02-07.22.58:159][  0]LogInit: Selected Device Profile: [Windows]
[2016.01.02-07.22.58:165][  0]ImportText (ComponentSweepMultiTests): Missing closing parenthesis: (RootShapeAsset="/Engine/BasicShapes/Cube.Cube",ShapeType="TriggerCapsule",HitResult=(Time=0.50,Location=(X=-100.000015,Y=0.0,Z=100.000015),ImpactPoint=(X=-50.0,Y=0.0,Z=50.0),Normal=(X=-1.0,Y=-0.0,Z=0.0),ImpactNormal=(X=0.0,Y=0.0,Z=1.0),TraceStart=(X=-200.0,Y=0.0,Z=200.0),TraceEnd=(X=0.0,Y=0.0,Z=0.0))
[2016.01.02-07.22.58:165][  0]ImportText (LineTraceSingleByChannelTests): Missing closing parenthesis: (RootShapeAsset="/Engine/BasicShapes/Cube.Cube",HitResult=(Time=0.50,Location=(X=-100.000015,Y=0.0,Z=100.000015),ImpactPoint=(X=-50.0,Y=0.0,Z=50.0),Normal=(X=-1.0,Y=-0.0,Z=0.0),ImpactNormal=(X=0.0,Y=0.0,Z=1.0),TraceStart=(X=-200.0,Y=0.0,Z=200.0),TraceEnd=(X=0.0,Y=0.0,Z=0.0))
[2016.01.02-07.22.58:187][  0]LogMeshUtilities: No automatic mesh reduction module available
[2016.01.02-07.22.58:187][  0]LogMeshUtilities: No automatic mesh merging module available
[2016.01.02-07.22.58:502][  0]LogInit: WinSock: version 1.1 (2.2), MaxSocks=32767, MaxUdp=65467
[2016.01.02-07.22.59:547][  0]UdpMessaging: Initializing bridge on interface 0.0.0.0:0 to multicast group 230.0.0.1:6666.
[2016.01.02-07.22.59:813][  0]SourceControl: Info Source control is disabled
[2016.01.02-07.22.59:813][  0]SourceControl: Info Source control is disabled
[2016.01.02-07.22.59:822][  0]SourceControl: Info Source control is disabled
[2016.01.02-07.22.59:831][  0]SourceControl: Info Source control is disabled
[2016.01.02-07.23.00:025][  0]LogObj: 26273 objects as part of root set at end of initial load.
[2016.01.02-07.23.00:025][  0]LogUObjectAllocator: 5409248 out of 0 bytes used by permanent object pool.
[2016.01.02-07.23.00:083][  0]LogEngine: Initializing Engine...
[2016.01.02-07.23.00:084][  0]LogHMD: Can't find Oculus library dev build: is proper Runtime installed? Version: 0.6.0.0
[2016.01.02-07.23.00:085][  0]LogHMD:Warning: SteamVR failed to initialize.  Error: 110
[2016.01.02-07.23.00:195][  0]LogAIModule: Creating AISystem for world NewWorld
[2016.01.02-07.23.00:202][  0]LogInit: XAudio2 using 'Speakers (Turtle Beach P11 Headset)' : 2 channels at 48 kHz using 16 bits per sample (channel mask 0x3)
[2016.01.02-07.23.00:206][  0]LogInit: FAudioDevice initialized.
[2016.01.02-07.23.00:237][  0]LogDerivedDataCache: Saved boot cache 0.03s 53MB C:/Users/John/AppData/Local/UnrealEngine/4.8/DerivedDataCache/Boot.ddc.
[2016.01.02-07.23.00:242][  0]LogInit: Texture streaming: Disabled
[2016.01.02-07.23.00:263][  0]LogAnalytics: Creating configured Analytics provider AnalyticsET
[2016.01.02-07.23.00:263][  0]LogAnalytics: [UEEditor.Rocket.Release] APIServer = http://et2.epicgames.com/ET2/. AppVersion = 4.8.3-2634408+++depot+UE4-Releases+4.8
[2016.01.02-07.23.00:263][  0]LogAnalytics: [UEEditor.Rocket.Release] SetUserId 795ce0b24c6318a5324eaf839592b765|e87b0c418b154305b06c892317f44a4d|3e9e43dd-6daf-4b71-9a80-f4287aceb186
[2016.01.02-07.23.00:263][  0]LogAnalytics: [UEEditor.Rocket.Release] AnalyticsET::StartSession
[2016.01.02-07.23.00:314][  0]LogInit: Transaction tracking system initialized
[2016.01.02-07.23.00:424][  0]BlueprintLog: New page: Editor Load
[2016.01.02-07.23.00:454][  0]LogAssetRegistry: FAssetRegistry took 0.0101 seconds to start up
[2016.01.02-07.23.00:454][  0]LogDirectoryWatcher:Warning: Failed to begin reading directory changes for ../../../Engine/Plugins/Experimental/CharacterAI/Content/. Error: 0
[2016.01.02-07.23.00:969][  0]LogConsoleManager:Warning: Console variable 'r.VSync' wasn't set ('GameSetting' has a lower priority than 'SystemSettingsIni')
[2016.01.02-07.23.00:969][  0]LogConsoleResponse:Display: 
[2016.01.02-07.23.01:073][  0]LogCook:Display: Done creating registry. It took  0.00s.
[2016.01.02-07.23.01:244][  0]SourceControl: Info Source control is disabled
[2016.01.02-07.23.01:244][  0]Cmd: MAP LOAD FILE="C:/Users/John/Documents/GitHub/spiritrunner/SpiritRunner/Content/SpiritRunner/Maps/RunnerMapTest.umap" TEMPLATE=0 SHOWPROGRESS=1 FEATURELEVEL=3
[2016.01.02-07.23.01:279][  0]LightingResults: New page: Lighting Build
[2016.01.02-07.23.01:358][  0]MapCheck: New page: Map Check
[2016.01.02-07.23.01:358][  0]LightingResults: New page: Lighting Build
[2016.01.02-07.23.01:379][  0]LogParticles: Destroying 0 GPU particle simulations for FXSystem 0x0000000018F42F20
[2016.01.02-07.23.05:431][  0]LogAIModule: Creating AISystem for world RunnerMapTest
[2016.01.02-07.23.05:434][  0]LogEditorServer: Finished looking for orphan Actors (0.000 secs)
[2016.01.02-07.23.05:435][  0]Cmd: MAP CHECKDEP NOCLEARLOG
[2016.01.02-07.23.05:485][  0]MapCheck: Info Map check complete: 0 Error(s), 0 Warning(s), took 49.942ms to complete.
[2016.01.02-07.23.05:485][  0]LogFileHelpers: Loading map 'RunnerMapTest' took 4.242
[2016.01.02-07.23.05:992][  0]LogCollectionManager: Loaded 0 collections in 0.003000 seconds
[2016.01.02-07.23.06:000][  0]LogContentBrowser: Native class hierarchy populated in 0.0082 seconds. Added 1792 classes and 301 folders.
[2016.01.02-07.23.06:200][  0]LogContentBrowser: Native class hierarchy updated for 'WidgetCarousel' in 0.0006 seconds. Added 0 classes and 0 folders.
[2016.01.02-07.23.06:472][  0]LogContentBrowser: Native class hierarchy updated for 'AddContentDialog' in 0.0005 seconds. Added 0 classes and 0 folders.
[2016.01.02-07.23.06:537][  0]LogContentBrowser: Native class hierarchy updated for 'SceneOutliner' in 0.0006 seconds. Added 1 classes and 2 folders.
[2016.01.02-07.23.06:878][  0]LogCrashTracker: Crashtracker disabled due to settings.
[2016.01.02-07.23.06:899][  0]LogD3D11RHI: InitD3DDevice
[2016.01.02-07.23.06:914][  0]LogUObjectGlobals:Warning: Failed to find object 'Class None.'
[2016.01.02-07.23.06:955][  0]LogLoad: Full Startup: 11.73 seconds (BP compile: 1.42 seconds)
[2016.01.02-07.23.07:665][  0]LogContentStreaming: Texture pool size is 0.000000MB
[2016.01.02-07.23.07:875][  0]LogContentStreaming: Texture pool size now 1000 MB
[2016.01.02-07.23.08:368][  0]LogRenderer: Reallocating scene render targets to support 1208x576 (Frame:2).
[2016.01.02-07.23.08:580][  2]LogD3D11RHI: InitD3DDevice
[2016.01.02-07.23.11:443][ 10]LogD3D11RHI: InitD3DDevice
[2016.01.02-07.23.11:511][ 10]LogD3D11RHI: InitD3DDevice
[2016.01.02-07.23.41:974][ 86]LogAssetRegistry: Asset discovery search completed in 41.5303 seconds
[2016.01.02-07.25.28:837][444]LogD3D11RHI: InitD3DDevice
[2016.01.02-07.25.29:851][551]LogD3D11RHI: InitD3DDevice
[2016.01.02-07.26.30:261][739]LogD3D11RHI: InitD3DDevice
[2016.01.02-07.26.30:285][739]LogFactory: FactoryCreateBinary: StaticMesh with FbxFactory (0 0 C:\Users\John\Documents\GitHub\spiritrunner\SpiritRunner\Content\SpiritRunner\FBX\left_corner1.fbx)
[2016.01.02-07.26.30:303][739]LogFbx: ItemName: GlobalSettings, ItemCount : 1
[2016.01.02-07.26.30:303][739]LogFbx: ItemName: AnimationStack, ItemCount : 1
[2016.01.02-07.26.30:303][739]LogFbx: ItemName: AnimationLayer, ItemCount : 1
[2016.01.02-07.26.30:303][739]LogFbx: ItemName: Model, ItemCount : 1
[2016.01.02-07.26.30:303][739]LogFbx: ItemName: Geometry, ItemCount : 1
[2016.01.02-07.26.30:303][739]LogFbx: ItemName: Material, ItemCount : 1
[2016.01.02-07.26.30:348][739]LogD3D11RHI: InitD3DDevice
[2016.01.02-07.26.32:145][739]LogFbx: Loading FBX Scene from C:\Users\John\Documents\GitHub\spiritrunner\SpiritRunner\Content\SpiritRunner\FBX\left_corner1.fbx
[2016.01.02-07.26.32:152][739]LogFbx: FBX Scene Loaded Succesfully
[2016.01.02-07.26.32:179][739]LogStaticMesh: Building static mesh left_corner1...
[2016.01.02-07.26.32:336][739]LogStaticMesh: Built static mesh [0.158020.2s] /Game/SpiritRunner/Models/left_corner1.left_corner1
[2016.01.02-07.26.32:412][739]FBXImport:Warning: Warning Warning: No smoothing group information was found in this FBX scene.  Please make sure to enable the 'Export Smoothing Groups' option in the FBX Exporter plug-in before exporting the file.  Even for tools that don't support smoothing groups, the FBX Exporter will generate appropriate smoothing data at export-time so that correct vertex normals can be inferred while importing. 
[2016.01.02-07.26.32:416][739]LogD3D11RHI: InitD3DDevice
[2016.01.02-07.26.32:461][739]LogFactory: FactoryCreateBinary: StaticMesh with FbxFactory (0 0 C:\Users\John\Documents\GitHub\spiritrunner\SpiritRunner\Content\SpiritRunner\FBX\right_corner1.fbx)
[2016.01.02-07.26.32:470][739]LogFbx: Loading FBX Scene from C:\Users\John\Documents\GitHub\spiritrunner\SpiritRunner\Content\SpiritRunner\FBX\right_corner1.fbx
[2016.01.02-07.26.32:477][739]LogFbx: FBX Scene Loaded Succesfully
[2016.01.02-07.26.32:502][739]LogStaticMesh: Building static mesh right_corner1...
[2016.01.02-07.26.32:636][739]LogStaticMesh: Built static mesh [0.134900.2s] /Game/SpiritRunner/Models/right_corner1.right_corner1
[2016.01.02-07.26.32:684][739]FBXImport:Warning: Warning Warning: No smoothing group information was found in this FBX scene.  Please make sure to enable the 'Export Smoothing Groups' option in the FBX Exporter plug-in before exporting the file.  Even for tools that don't support smoothing groups, the FBX Exporter will generate appropriate smoothing data at export-time so that correct vertex normals can be inferred while importing. 
[2016.01.02-07.26.41:072][474]LogD3D11RHI: InitD3DDevice
[2016.01.02-07.26.41:249][474]LogRenderer: Reallocating scene render targets to support 1432x928 (Frame:6688).
[2016.01.02-07.26.50:735][592]LogD3D11RHI: InitD3DDevice
[2016.01.02-07.31.51:174][592]LogCrashTracker: 


[2016.01.02-07.32.20:041][592]LogCrashTracker: 


[2016.01.02-07.32.20:045][592]LogWindows: === Critical error: ===
Fatal error!

Unhandled Exception: EXCEPTION_ACCESS_VIOLATION writing address 0x00000000

UE4Editor-UnrealEd.dll!btConvexHullInternal::Pool<btConvexHullInternal::Edge>::newObject() {0x000007fedc319042} + 26 bytes [c:\alpha\ue4\engine\source\thirdparty\vhacd\src\btconvexhullc
UE4Editor-UnrealEd.dll!btConvexHullInternal::newEdgePair() {0x000007fedc318f1c} + 0 bytes [c:\alpha\ue4\engine\source\thirdparty\vhacd\src\btconvexhullc
UE4Editor-UnrealEd.dll!btConvexHullInternal::computeInternal() {0x000007fedc3161e3} + 0 bytes [c:\alpha\ue4\engine\source\thirdparty\vhacd\src\btconvexhullc
UE4Editor-UnrealEd.dll!btConvexHullInternal::computeInternal() {0x000007fedc3160e9} + 0 bytes [c:\alpha\ue4\engine\source\thirdparty\vhacd\src\btconvexhullc
UE4Editor-UnrealEd.dll!btConvexHullInternal::computeInternal() {0x000007fedc3160e9} + 0 bytes [c:\alpha\ue4\engine\source\thirdparty\vhacd\src\btconvexhullc
UE4Editor-UnrealEd.dll!btConvexHullInternal::computeInternal() {0x000007fedc3160e9} + 0 bytes [c:\alpha\ue4\engine\source\thirdparty\vhacd\src\btconvexhullc
UE4Editor-UnrealEd.dll!btConvexHullInternal::computeInternal() {0x000007fedc3160e9} + 0 bytes [c:\alpha\ue4\engine\source\thirdparty\vhacd\src\btconvexhullc
UE4Editor-UnrealEd.dll!btConvexHullInternal::computeInternal() {0x000007fedc3160e9} + 0 bytes [c:\alpha\ue4\engine\source\thirdparty\vhacd\src\btconvexhullc
UE4Editor-UnrealEd.dll!btConvexHullInternal::computeInternal() {0x000007fedc3160e9} + 0 bytes [c:\alpha\ue4\engine\source\thirdparty\vhacd\src\btconvexhullc
UE4Editor-UnrealEd.dll!btConvexHullInternal::computeInternal() {0x000007fedc3160e9} + 0 bytes [c:\alpha\ue4\engine\source\thirdparty\vhacd\src\btconvexhullc
UE4Editor-UnrealEd.dll!btConvexHullInternal::computeInternal() {0x000007fedc3160e9} + 0 bytes [c:\alpha\ue4\engine\source\thirdparty\vhacd\src\btconvexhullc
UE4Editor-UnrealEd.dll!btConvexHullInternal::computeInternal() {0x000007fedc3160e9} + 0 bytes [c:\alpha\ue4\engine\source\thirdparty\vhacd\src\btconvexhullc
UE4Editor-UnrealEd.dll!btConvexHullInternal::computeInternal() {0x000007fedc3160e9} + 0 bytes [c:\alpha\ue4\engine\source\thirdparty\vhacd\src\btconvexhullc
UE4Editor-UnrealEd.dll!btConvexHullInternal::computeInternal() {0x000007fedc3160e9} + 0 bytes [c:\alpha\ue4\engine\source\thirdparty\vhacd\src\btconvexhullc
UE4Editor-UnrealEd.dll!btConvexHullInternal::computeInternal() {0x000007fedc3160e9} + 0 bytes [c:\alpha\ue4\engine\source\thirdparty\vhacd\src\btconvexhullc
UE4Editor-UnrealEd.dll!btConvexHullInternal::computeInternal() {0x000007fedc3160e9} + 0 bytes [c:\alpha\ue4\engine\source\thirdparty\vhacd\src\btconvexhullc
UE4Editor-UnrealEd.dll!btConvexHullInternal::computeInternal() {0x000007fedc3160e9} + 0 bytes [c:\alpha\ue4\engine\source\thirdparty\vhacd\src\btconvexhullc
UE4Editor-UnrealEd.dll!btConvexHullInternal::computeInternal() {0x000007fedc3160e9} + 0 bytes [c:\alpha\ue4\engine\source\thirdparty\vhacd\src\btconvexhullc
UE4Editor-UnrealEd.dll!btConvexHullInternal::computeInternal() {0x000007fedc3160e9} + 0 bytes [c:\alpha\ue4\engine\source\thirdparty\vhacd\src\btconvexhullc
UE4Editor-UnrealEd.dll!btConvexHullInternal::computeInternal() {0x000007fedc3160e9} + 0 bytes [c:\alpha\ue4\engine\source\thirdparty\vhacd\src\btconvexhullc
UE4Editor-UnrealEd.dll!btConvexHullInternal::computeInternal() {0x000007fedc3160e9} + 0 bytes [c:\alpha\ue4\engine\source\thirdparty\vhacd\src\btconvexhullc
UE4Editor-UnrealEd.dll!btConvexHullInternal::computeInternal() {0x000007fedc3160e9} + 0 bytes [c:\alpha\ue4\engine\source\thirdparty\vhacd\src\btconvexhullc
UE4Editor-UnrealEd.dll!btConvexHullInternal::computeInternal() {0x000007fedc3160e9} + 0 bytes [c:\alpha\ue4\engine\source\thirdparty\vhacd\src\btconvexhullc
UE4Editor-UnrealEd.dll!btConvexHullInternal::computeInternal() {0x000007fedc3160e9} + 0 bytes [c:\alpha\ue4\engine\source\thirdparty\vhacd\src\btconvexhullc
UE4Editor-UnrealEd.dll!btConvexHullInternal::computeInternal() {0x000007fedc3160e9} + 0 bytes [c:\alpha\ue4\engine\source\thirdparty\vhacd\src\btconvexhullc
UE4Editor-UnrealEd.dll!btConvexHullInternal::computeInternal() {0x000007fedc3160e9} + 0 bytes [c:\alpha\ue4\engine\source\thirdparty\vhacd\src\btconvexhullc
UE4Editor-UnrealEd.dll!btConvexHullInternal::compute() {0x000007fedc315fd6} + 0 bytes [c:\alpha\ue4\engine\source\thirdparty\vhacd\src\btconvexhullc
UE4Editor-UnrealEd.dll!btConvexHullComputer::compute() {0x000007fedc314bfe} + 13 bytes [c:\alpha\ue4\engine\source\thirdparty\vhacd\src\btconvexhullc
UE4Editor-UnrealEd.dll!VHACD::Mesh::ComputeConvexHull() {0x000007fedc31d26c} + 0 bytes [c:\alpha\ue4\engine\source\thirdparty\vhacd\src\vhacdmesh.cpp
UE4Editor-UnrealEd.dll!VHACD::VHACD::ComputeBestClippingPlane() {0x000007fedc30db1b} + 0 bytes [c:\alpha\ue4\engine\source\thirdparty\vhacd\src\vhacd.cpp:908
UE4Editor-UnrealEd.dll!VHACD::VHACD::ComputeACD() {0x000007fedc30bf05} + 0 bytes [c:\alpha\ue4\engine\source\thirdparty\vhacd\src\vhacd.cpp:124
UE4Editor-UnrealEd.dll!VHACD::VHACD::ComputeACD<float>() {0x000007fedc306b47} + 0 bytes [c:\alpha\ue4\engine\source\thirdparty\vhacd\inc\vhacdvhacd.h:
UE4Editor-UnrealEd.dll!DecomposeMeshToHulls() {0x000007fedb65326d} + 51 bytes [d:\buildfarm\buildmachine_++depot+ue4-releases+4.8\engine\sou
UE4Editor-StaticMeshEditor.dll!FStaticMeshEditor::DoDecomp() {0x000007fecd72b8f0} + 0 bytes [d:\buildfarm\buildmachine_++depot+ue4-releases+4.8\engine\sou
UE4Editor-StaticMeshEditor.dll!SConvexDecomposition::OnApplyDecomp() {0x000007fecd75874b} + 148 bytes [d:\buildfarm\buildmachine_++depot+ue4-releases+4.8\engine\sou
UE4Editor-StaticMeshEditor.dll!TMemberFunctionCaller<SConvexDecomposition,FReply (__cdecl SConvexDecomposition::*)(void) __ptr64>::operator()<>() {0x000007fecd6dada7} + 16 bytes [d:\buildfarm\buildmachine_++depot+ue4-releases+4.8\engine\sou
UE4Editor-StaticMeshEditor.dll!TTupleImpl<TIntegerSequence<> >::ApplyAfter_ExplicitReturnType<FReply,TMemberFunctionCaller<SConvexDecomposition,FReply (__cdecl SConvexDecomposition::*)(void) __ptr64> >() {0x000007fecd6db9c9} + 19 bytes [d:\buildfarm\buildmachine_++depot+ue4-releases+4.8\engine\sou
UE4Editor-StaticMeshEditor.dll!TBaseSPMethodDelegateInstance<0,SConvexDecomposition,0,FReply __cdecl(void)>::Execute() {0x000007fecd734509} + 36 bytes [d:\buildfarm\buildmachine_++depot+ue4-releases+4.8\engine\sou
UE4Editor-Slate.dll!TBaseDelegate<FReply>::Execute() {0x000007feddb30c7a} + 6 bytes [d:\buildfarm\buildmachine_++depot+ue4-releases+4.8\engine\sou
UE4Editor-Slate.dll!SButton::OnMouseButtonUp() {0x000007feddb5f88f} + 17 bytes [d:\buildfarm\buildmachine_++depot+ue4-releases+4.8\engine\sou
UE4Editor-Slate.dll!<lambda_de96dc3471181973108233c6db1f9843>::operator()() {0x000007fedd964ccc} + 24 bytes [d:\buildfarm\buildmachine_++depot+ue4-releases+4.8\engine\sou
UE4Editor-Slate.dll!FEventRouter::Route<FReply,FEventRouter::FToLeafmostPolicy,FPointerEvent,<lambda_de96dc3471181973108233c6db1f9843> >() {0x000007fedd91d167} + 21 bytes [d:\buildfarm\buildmachine_++depot+ue4-releases+4.8\engine\sou
UE4Editor-Slate.dll!FSlateApplication::ProcessMouseButtonUpEvent() {0x000007fedd9d8617} + 78 bytes [d:\buildfarm\buildmachine_++depot+ue4-releases+4.8\engine\sou
UE4Editor-Slate.dll!FSlateApplication::OnMouseUp() {0x000007fedd9c5d84} + 16 bytes [d:\buildfarm\buildmachine_++depot+ue4-releases+4.8\engine\sou
UE4Editor-Core.dll!FWindowsApplication::ProcessDeferredMessage() {0x000007fee133d7ad} + 12 bytes [d:\buildfarm\buildmachine_++depot+ue4-releases+4.8\engine\sou
UE4Editor-Core.dll!FWindowsApplication::DeferMessage() {0x000007fee13249d1} + 74 bytes [d:\buildfarm\buildmachine_++depot+ue4-releases+4.8\engine\sou
UE4Editor-Core.dll!FWindowsApplication::ProcessMessage() {0x000007fee133edc3} + 44 bytes [d:\buildfarm\buildmachine_++depot+ue4-releases+4.8\engine\sou
UE4Editor-Core.dll!FWindowsApplication::AppWndProc() {0x000007fee131e5ba} + 0 bytes [d:\buildfarm\buildmachine_++depot+ue4-releases+4.8\engine\sou
USER32.dll {0x0000000077839bd1} + 0 bytes
USER32.dll {0x00000000778398da} + 0 bytes
UE4Editor-Core.dll!FWindowsPlatformMisc::PumpMessages() {0x000007fee1340186} + 48 bytes [d:\buildfarm\buildmachine_++depot+ue4-releases+4.8\engine\sou
UE4Editor.exe!FEngineLoop::Tick() {0x000000013f2f3c7a} + 8 bytes [d:\buildfarm\buildmachine_++depot+ue4-releases+4.8\engine\sou
UE4Editor.exe!GuardedMain() {0x000000013f2e49cc} + 0 bytes [d:\buildfarm\buildmachine_++depot+ue4-releases+4.8\engine\sou
UE4Editor.exe!GuardedMainWrapper() {0x000000013f2e4a4a} + 5 bytes [d:\buildfarm\buildmachine_++depot+ue4-releases+4.8\engine\sou
UE4Editor.exe!WinMain() {0x000000013f2f65c9} + 17 bytes [d:\buildfarm\buildmachine_++depot+ue4-releases+4.8\engine\sou
UE4Editor.exe!__tmainCRTStartup() {0x000000013f2f75d9} + 21 bytes [f:\dd\vctools\crt\crtw32\dllstuff\crtexe.c:618]
kernel32.dll {0x000000007793652d} + 0 bytes
ntdll.dll {0x0000000077a6c541} + 0 bytes
ntdll.dll {0x0000000077a6c541} + 0 bytes

