[2016.03.22-22.12.11:677][  0]Log file open, 03/22/16 15:12:11
[2016.03.22-22.12.11:677][  0]LogInit:Display: Running engine for game: SpiritRunner
[2016.03.22-22.12.11:677][  0]LogInit:Display: RandInit(1345337942) SRandInit(1345337942).
[2016.03.22-22.12.11:677][  0]LogTaskGraph: Started task graph with 4 named threads and 7 total threads.
[2016.03.22-22.12.11:677][  0]LogStats: Stats thread started
[2016.03.22-22.12.11:677][  0]LogInit: Version: 4.8.3-2634408+++depot+UE4-Releases+4.8
[2016.03.22-22.12.11:677][  0]LogInit: API Version: 2579680
[2016.03.22-22.12.11:677][  0]LogInit: Compiled (64-bit): Jul 27 2015 16:24:33
[2016.03.22-22.12.11:677][  0]LogInit: Compiled with Visual C++: 18.00.21005.01
[2016.03.22-22.12.11:677][  0]LogInit: Build Configuration: Development
[2016.03.22-22.12.11:677][  0]LogInit: Branch Name: ++depot+UE4-Releases+4.8
[2016.03.22-22.12.11:677][  0]LogInit: Command line: -EpicPortal 
[2016.03.22-22.12.11:677][  0]LogInit: Base directory: C:/Program Files (x86)/Epic Games/4.8/Engine/Binaries/Win64/
[2016.03.22-22.12.11:677][  0]LogInit: Rocket: 1
[2016.03.22-22.12.11:702][  0]LogInit: Using libcurl 7.41.0
[2016.03.22-22.12.11:702][  0]LogInit:  - built for x86_64-pc-win32
[2016.03.22-22.12.11:702][  0]LogInit:  - supports SSL with WinSSL
[2016.03.22-22.12.11:702][  0]LogInit:  - other features:
[2016.03.22-22.12.11:702][  0]LogInit:      CURL_VERSION_SSL
[2016.03.22-22.12.11:702][  0]LogInit:      CURL_VERSION_IPV6
[2016.03.22-22.12.11:702][  0]LogInit:      CURL_VERSION_ASYNCHDNS
[2016.03.22-22.12.11:702][  0]LogInit:      CURL_VERSION_LARGEFILE
[2016.03.22-22.12.11:702][  0]LogInit:      CURL_VERSION_IDN
[2016.03.22-22.12.11:702][  0]LogInit:  CurlRequestOptions (configurable via config and command line):
[2016.03.22-22.12.11:702][  0]LogInit:  - bVerifyPeer = true  - Libcurl will verify peer certificate
[2016.03.22-22.12.11:702][  0]LogInit:  - bUseHttpProxy = false  - Libcurl will NOT use HTTP proxy
[2016.03.22-22.12.11:702][  0]LogInit:  - bDontReuseConnections = false  - Libcurl will reuse connections
[2016.03.22-22.12.11:702][  0]LogInit:  - CertBundlePath = nullptr  - Libcurl will use whatever was configured at build time.
[2016.03.22-22.12.11:720][  0]LogOnline:Warning: No default platform service specified for OnlineSubsystem
[2016.03.22-22.12.11:742][  0]LogInit: Presizing for 0 objects not considered by GC, pre-allocating 0 bytes.
[2016.03.22-22.12.11:749][  0]LogInit: Object subsystem initialized
[2016.03.22-22.12.11:750][  0]LogConsoleResponse:Warning: Skipping Unknown console variable: 'TranslucentSortAxis = (X=0.000000,Y=-1.000000,Z=0.000000)'
[2016.03.22-22.12.11:750][  0]LogConsoleResponse:Warning:   Found in ini file 'C:/Users/skill/OneDrive/Documents/GitHub/spiritrunner/SpiritRunner/Saved/Config/Windows/Engine.ini', in section '[/Script/Engine.RendererSettings]'
[2016.03.22-22.12.11:750][  0]LogConsoleResponse:Warning: Skipping Unknown console variable: 'UIScaleRule = ShortestSide'
[2016.03.22-22.12.11:750][  0]LogConsoleResponse:Warning:   Found in ini file 'C:/Users/skill/OneDrive/Documents/GitHub/spiritrunner/SpiritRunner/Saved/Config/Windows/Engine.ini', in section '[/Script/Engine.RendererSettings]'
[2016.03.22-22.12.11:750][  0]LogConsoleResponse:Warning: Skipping Unknown console variable: 'UIScaleCurve = (EditorCurveData=(Keys=),ExternalCurve=None)'
[2016.03.22-22.12.11:750][  0]LogConsoleResponse:Warning:   Found in ini file 'C:/Users/skill/OneDrive/Documents/GitHub/spiritrunner/SpiritRunner/Saved/Config/Windows/Engine.ini', in section '[/Script/Engine.RendererSettings]'
[2016.03.22-22.12.11:751][  0]LogInit: Selected Device Profile: [Windows]
[2016.03.22-22.12.11:751][  0]LogInit: Applying CVar settings loaded from the selected device profile: [Windows]
[2016.03.22-22.12.11:760][  0]LogInit: Computer: DESKTOP-9S9SV8J
[2016.03.22-22.12.11:760][  0]LogInit: User: skill
[2016.03.22-22.12.11:760][  0]LogInit: CPU Page size=4096, Cores=4
[2016.03.22-22.12.11:760][  0]LogInit: High frequency timer resolution =2.250001 MHz
[2016.03.22-22.12.11:760][  0]LogMemory: Memory total: Physical=7.9GB (8GB approx)
[2016.03.22-22.12.11:761][  0]LogMemory: Platform Memory Stats for Windows
[2016.03.22-22.12.11:761][  0]LogMemory: Process Physical Memory: 49.78 MB used, 49.78 MB peak
[2016.03.22-22.12.11:761][  0]LogMemory: Process Virtual Memory: 22.81 MB used, 22.81 MB peak
[2016.03.22-22.12.11:761][  0]LogMemory: Physical Memory: 4323.46 MB used, 8065.26 MB total
[2016.03.22-22.12.11:761][  0]LogMemory: Virtual Memory: 314.61 MB used, 134217728.00 MB total
[2016.03.22-22.12.11:801][  0]LogTextLocalizationManager: The requested culture ('en_US') has no localization data; parent culture's ('en') localization data will be used.
[2016.03.22-22.12.12:029][  0]LogTextLocalizationManager:Warning: Loaded localization resources contain conflicting entries for (Namespace:ContentBrowser, Key:ImportAssetToolTip):
Localization Resource: (C:/Program Files (x86)/Epic Games/4.8/Engine/Content/Localization/Editor/en/Editor.locres) Source String Hash: (-630476809) Localized String: (Import to {0}...)
Localization Resource: (C:/Program Files (x86)/Epic Games/4.8/Engine/Content/Localization/Editor/en/Editor.locres) Source String Hash: (1271782899) Localized String: (Imports an asset from file to this folder.)
[2016.03.22-22.12.12:416][  0]LogD3D11RHI: Found D3D11 adapter 0: NVIDIA GeForce GTX 960M    (Feature Level 11_0)
[2016.03.22-22.12.12:416][  0]LogD3D11RHI: Adapter has 4036MB of dedicated video memory, 0MB of dedicated system memory, and 4032MB of shared system memory, 1 output[s]
[2016.03.22-22.12.12:425][  0]LogD3D11RHI: Found D3D11 adapter 1: Intel(R) HD Graphics 530 (Feature Level 11_0)
[2016.03.22-22.12.12:425][  0]LogD3D11RHI: Adapter has 128MB of dedicated video memory, 0MB of dedicated system memory, and 4032MB of shared system memory, 0 output[s]
[2016.03.22-22.12.12:428][  0]LogD3D11RHI: Found D3D11 adapter 2: Microsoft Basic Render Driver (Feature Level 11_0)
[2016.03.22-22.12.12:428][  0]LogD3D11RHI: Adapter has 0MB of dedicated video memory, 0MB of dedicated system memory, and 4032MB of shared system memory, 0 output[s]
[2016.03.22-22.12.12:428][  0]LogD3D11RHI: Chosen D3D11 Adapter Id = 0
[2016.03.22-22.12.12:435][  0]LogD3D11RHI: InitD3DDevice
[2016.03.22-22.12.12:435][  0]LogD3D11RHI: !Direct3DDevice
[2016.03.22-22.12.12:436][  0]LogRHI: Texture pool is 1361 MB (70% of 1945 MB)
[2016.03.22-22.12.12:450][  0]LogD3D11RHI: Async texture creation enabled
[2016.03.22-22.12.12:462][  0]LogShaderCompilers:Display: Using Local Shader Compiler.
[2016.03.22-22.12.13:369][  0]LogTemp:Display: Loaded TP DesktopTargetPlatform
[2016.03.22-22.12.13:391][  0]LogTemp:Display: Loaded TP WindowsClientTargetPlatform
[2016.03.22-22.12.13:413][  0]LogTemp:Display: Loaded TP WindowsNoEditorTargetPlatform
[2016.03.22-22.12.13:434][  0]LogTemp:Display: Loaded TP WindowsServerTargetPlatform
[2016.03.22-22.12.13:459][  0]LogTemp:Display: Loaded TP WindowsTargetPlatform
[2016.03.22-22.12.13:481][  0]LogTemp:Display: Loaded TP AndroidTargetPlatform
[2016.03.22-22.12.13:500][  0]LogTemp:Display: Loaded TP Android_ASTCTargetPlatform
[2016.03.22-22.12.13:517][  0]LogTemp:Display: Loaded TP Android_ATCTargetPlatform
[2016.03.22-22.12.13:537][  0]LogTemp:Display: Loaded TP Android_DXTTargetPlatform
[2016.03.22-22.12.13:556][  0]LogTemp:Display: Loaded TP Android_ETC1TargetPlatform
[2016.03.22-22.12.13:576][  0]LogTemp:Display: Loaded TP Android_ETC2TargetPlatform
[2016.03.22-22.12.13:596][  0]LogTemp:Display: Loaded TP Android_PVRTCTargetPlatform
[2016.03.22-22.12.13:664][  0]LogTemp:Display: Loaded TP IOSTargetPlatform
[2016.03.22-22.12.13:682][  0]LogTemp:Display: Loaded TP LinuxNoEditorTargetPlatform
[2016.03.22-22.12.13:700][  0]LogTemp:Display: Loaded TP LinuxServerTargetPlatform
[2016.03.22-22.12.13:720][  0]LogTemp:Display: Loaded TP LinuxTargetPlatform
[2016.03.22-22.12.13:720][  0]LogTargetPlatformManager:Display: Building Assets For Windows
[2016.03.22-22.12.14:038][  0]LogDerivedDataCache:Display: Max Cache Size: 512 MB
[2016.03.22-22.12.14:106][  0]LogDerivedDataCache: Loaded boot cache 0.07s 53MB C:/Users/skill/AppData/Local/UnrealEngine/4.8/DerivedDataCache/Boot.ddc.
[2016.03.22-22.12.14:107][  0]LogDerivedDataCache:Display: Loaded Boot cache: C:/Users/skill/AppData/Local/UnrealEngine/4.8/DerivedDataCache/Boot.ddc
[2016.03.22-22.12.14:107][  0]LogDerivedDataCache: FDerivedDataBackendGraph:  Pak pak cache file ../../../../../../Users/skill/OneDrive/Documents/GitHub/spiritrunner/SpiritRunner/DerivedDataCache/DDC.ddp not found, will not use a pak cache.
[2016.03.22-22.12.14:107][  0]LogDerivedDataCache: Unable to find inner node Pak for hierarchical cache Hierarchy.
[2016.03.22-22.12.14:107][  0]LogDerivedDataCache: FDerivedDataBackendGraph:  CompressedPak pak cache file ../../../../../../Users/skill/OneDrive/Documents/GitHub/spiritrunner/SpiritRunner/DerivedDataCache/Compressed.ddp not found, will not use a pak cache.
[2016.03.22-22.12.14:107][  0]LogDerivedDataCache: Unable to find inner node CompressedPak for hierarchical cache Hierarchy.
[2016.03.22-22.12.14:262][  0]LogDerivedDataCache:Display: Pak cache opened for reading ../../../Engine/DerivedDataCache/Compressed.ddp.
[2016.03.22-22.12.14:274][  0]LogDerivedDataCache: Using Local data cache path C:/Users/skill/AppData/Local/UnrealEngine/Common/DerivedDataCache: Writable
[2016.03.22-22.12.14:512][  0]LogInit: Selected Device Profile: [Windows]
[2016.03.22-22.12.14:601][  0]ImportText (ComponentSweepMultiTests): Missing closing parenthesis: (RootShapeAsset="/Engine/BasicShapes/Cube.Cube",ShapeType="TriggerCapsule",HitResult=(Time=0.50,Location=(X=-100.000015,Y=0.0,Z=100.000015),ImpactPoint=(X=-50.0,Y=0.0,Z=50.0),Normal=(X=-1.0,Y=-0.0,Z=0.0),ImpactNormal=(X=0.0,Y=0.0,Z=1.0),TraceStart=(X=-200.0,Y=0.0,Z=200.0),TraceEnd=(X=0.0,Y=0.0,Z=0.0))
[2016.03.22-22.12.14:601][  0]ImportText (LineTraceSingleByChannelTests): Missing closing parenthesis: (RootShapeAsset="/Engine/BasicShapes/Cube.Cube",HitResult=(Time=0.50,Location=(X=-100.000015,Y=0.0,Z=100.000015),ImpactPoint=(X=-50.0,Y=0.0,Z=50.0),Normal=(X=-1.0,Y=-0.0,Z=0.0),ImpactNormal=(X=0.0,Y=0.0,Z=1.0),TraceStart=(X=-200.0,Y=0.0,Z=200.0),TraceEnd=(X=0.0,Y=0.0,Z=0.0))
[2016.03.22-22.12.14:645][  0]LogMeshUtilities: No automatic mesh reduction module available
[2016.03.22-22.12.14:645][  0]LogMeshUtilities: No automatic mesh merging module available
[2016.03.22-22.12.15:033][  0]LogInit: WinSock: version 1.1 (2.2), MaxSocks=32767, MaxUdp=65467
[2016.03.22-22.12.16:288][  0]UdpMessaging: Initializing bridge on interface 0.0.0.0:0 to multicast group 230.0.0.1:6666.
[2016.03.22-22.12.16:717][  0]SourceControl: Info Source control is disabled
[2016.03.22-22.12.16:719][  0]SourceControl: Info Source control is disabled
[2016.03.22-22.12.16:736][  0]SourceControl: Info Source control is disabled
[2016.03.22-22.12.16:752][  0]SourceControl: Info Source control is disabled
[2016.03.22-22.12.17:077][  0]LogObj: 26273 objects as part of root set at end of initial load.
[2016.03.22-22.12.17:077][  0]LogUObjectAllocator: 5409248 out of 0 bytes used by permanent object pool.
[2016.03.22-22.12.17:164][  0]LogEngine: Initializing Engine...
[2016.03.22-22.12.17:166][  0]LogHMD: Can't find Oculus library dev build: is proper Runtime installed? Version: 0.6.0.0
[2016.03.22-22.12.17:168][  0]LogHMD:Warning: SteamVR failed to initialize.  Error: 110
[2016.03.22-22.12.17:350][  0]LogAIModule: Creating AISystem for world NewWorld
[2016.03.22-22.12.17:354][  0]LogInit: XAudio2 using 'Speakers / Headphones (Realtek High Definition Audio)' : 2 channels at 48 kHz using 32 bits per sample (channel mask 0x3)
[2016.03.22-22.12.17:375][  0]LogInit: FAudioDevice initialized.
[2016.03.22-22.12.17:416][  0]LogDerivedDataCache: Saved boot cache 0.04s 53MB C:/Users/skill/AppData/Local/UnrealEngine/4.8/DerivedDataCache/Boot.ddc.
[2016.03.22-22.12.17:424][  0]LogInit: Texture streaming: Disabled
[2016.03.22-22.12.17:463][  0]LogAnalytics: Creating configured Analytics provider AnalyticsET
[2016.03.22-22.12.17:463][  0]LogAnalytics: [UEEditor.Rocket.Release] APIServer = http://et2.epicgames.com/ET2/. AppVersion = 4.8.3-2634408+++depot+UE4-Releases+4.8
[2016.03.22-22.12.17:464][  0]LogAnalytics: [UEEditor.Rocket.Release] SetUserId bf02107440738063cad48fb2da3a82fc|1c31964261ec47a0a452111148e9934d|3d4a5684-09bb-43c0-8870-0ae54feedafb
[2016.03.22-22.12.17:464][  0]LogAnalytics: [UEEditor.Rocket.Release] AnalyticsET::StartSession
[2016.03.22-22.12.17:516][  0]LogInit: Transaction tracking system initialized
[2016.03.22-22.12.17:722][  0]BlueprintLog: New page: Editor Load
[2016.03.22-22.12.17:774][  0]LogAssetRegistry: FAssetRegistry took 0.0107 seconds to start up
[2016.03.22-22.12.17:774][  0]LogDirectoryWatcher:Warning: Failed to begin reading directory changes for ../../../Engine/Plugins/Experimental/CharacterAI/Content/. Error: 0
[2016.03.22-22.12.18:733][  0]LogConsoleManager:Warning: Console variable 'r.VSync' wasn't set ('GameSetting' has a lower priority than 'SystemSettingsIni')
[2016.03.22-22.12.18:733][  0]LogConsoleResponse:Display: 
[2016.03.22-22.12.18:883][  0]LogCook:Display: Done creating registry. It took  0.00s.
[2016.03.22-22.12.19:157][  0]SourceControl: Info Source control is disabled
[2016.03.22-22.12.19:217][  0]LogD3D11RHI: InitD3DDevice
[2016.03.22-22.12.30:731][  0]LogD3D11RHI: InitD3DDevice
[2016.03.22-22.12.34:361][  0]LogWindowsTextInputMethodSystem:Display: IME system now deactivated.
[2016.03.22-22.12.34:368][  0]LogWindowsTextInputMethodSystem:Display: IME system now deactivated.
[2016.03.22-22.12.34:370][  0]Cmd: MAP LOAD FILE="../../../../../../Users/skill/OneDrive/Documents/GitHub/spiritrunner/SpiritRunner/Content/SpiritRunner/Maps/RunnerMapTest.umap" TEMPLATE=0 SHOWPROGRESS=1 FEATURELEVEL=3
[2016.03.22-22.12.34:372][  0]LightingResults: New page: Lighting Build
[2016.03.22-22.12.34:429][  0]MapCheck: New page: Map Check
[2016.03.22-22.12.34:429][  0]LightingResults: New page: Lighting Build
[2016.03.22-22.12.34:444][  0]LogParticles: Destroying 0 GPU particle simulations for FXSystem 0x0000024707385300
[2016.03.22-22.12.36:331][  0]LogBlueprint:Warning: USimpleConstructionScript::FixupRootNodeParentReferences() - Couldn't find inherited parent component 'Scene' for 'StaticMesh' in BlueprintGeneratedClass 'REINST_Flat_Floor_Tori_C_64' (it may have been removed)
[2016.03.22-22.12.36:331][  0]LogBlueprint:Warning: USimpleConstructionScript::FixupRootNodeParentReferences() - Couldn't find inherited parent component 'Scene' for 'StaticMesh1' in BlueprintGeneratedClass 'REINST_Flat_Floor_Tori_C_64' (it may have been removed)
[2016.03.22-22.12.36:331][  0]LogBlueprint:Warning: USimpleConstructionScript::FixupRootNodeParentReferences() - Couldn't find inherited parent component 'Scene' for 'StaticMesh2' in BlueprintGeneratedClass 'REINST_Flat_Floor_Tori_C_64' (it may have been removed)
[2016.03.22-22.12.36:331][  0]LogBlueprint:Warning: USimpleConstructionScript::FixupRootNodeParentReferences() - Couldn't find inherited parent component 'Scene' for 'StaticMesh3' in BlueprintGeneratedClass 'REINST_Flat_Floor_Tori_C_64' (it may have been removed)
[2016.03.22-22.12.36:331][  0]LogBlueprint:Warning: USimpleConstructionScript::FixupRootNodeParentReferences() - Couldn't find inherited parent component 'Scene' for 'StaticMesh4' in BlueprintGeneratedClass 'REINST_Flat_Floor_Tori_C_64' (it may have been removed)
[2016.03.22-22.12.36:331][  0]LogBlueprint:Warning: USimpleConstructionScript::FixupRootNodeParentReferences() - Couldn't find inherited parent component 'Scene' for 'StaticMesh5' in BlueprintGeneratedClass 'REINST_Flat_Floor_Tori_C_64' (it may have been removed)
[2016.03.22-22.12.36:331][  0]LogBlueprint:Warning: USimpleConstructionScript::FixupRootNodeParentReferences() - Couldn't find inherited parent component 'Scene' for 'StaticMesh6' in BlueprintGeneratedClass 'REINST_Flat_Floor_Tori_C_64' (it may have been removed)
[2016.03.22-22.12.36:331][  0]LogBlueprint:Warning: USimpleConstructionScript::FixupRootNodeParentReferences() - Couldn't find inherited parent component 'Scene' for 'StaticMesh7' in BlueprintGeneratedClass 'REINST_Flat_Floor_Tori_C_64' (it may have been removed)
[2016.03.22-22.12.36:331][  0]LogBlueprint:Warning: USimpleConstructionScript::FixupRootNodeParentReferences() - Couldn't find inherited parent component 'Scene' for 'StaticMesh8' in BlueprintGeneratedClass 'REINST_Flat_Floor_Tori_C_64' (it may have been removed)
[2016.03.22-22.12.36:331][  0]LogBlueprint:Warning: USimpleConstructionScript::FixupRootNodeParentReferences() - Couldn't find inherited parent component 'Scene' for 'StaticMesh9' in BlueprintGeneratedClass 'REINST_Flat_Floor_Tori_C_64' (it may have been removed)
[2016.03.22-22.12.36:331][  0]LogBlueprint:Warning: USimpleConstructionScript::FixupRootNodeParentReferences() - Couldn't find inherited parent component 'Scene' for 'StaticMesh10' in BlueprintGeneratedClass 'REINST_Flat_Floor_Tori_C_64' (it may have been removed)
[2016.03.22-22.12.36:331][  0]LogBlueprint:Warning: USimpleConstructionScript::FixupRootNodeParentReferences() - Couldn't find inherited parent component 'Scene' for 'StaticMesh11' in BlueprintGeneratedClass 'REINST_Flat_Floor_Tori_C_64' (it may have been removed)
[2016.03.22-22.12.36:331][  0]LogBlueprint:Warning: USimpleConstructionScript::FixupRootNodeParentReferences() - Couldn't find inherited parent component 'Scene' for 'StaticMesh12' in BlueprintGeneratedClass 'REINST_Flat_Floor_Tori_C_64' (it may have been removed)
[2016.03.22-22.12.36:331][  0]LogBlueprint:Warning: USimpleConstructionScript::FixupRootNodeParentReferences() - Couldn't find inherited parent component 'Scene' for 'StaticMesh13' in BlueprintGeneratedClass 'REINST_Flat_Floor_Tori_C_64' (it may have been removed)
[2016.03.22-22.12.36:331][  0]LogBlueprint:Warning: USimpleConstructionScript::FixupRootNodeParentReferences() - Couldn't find inherited parent component 'Scene' for 'StaticMesh14' in BlueprintGeneratedClass 'REINST_Flat_Floor_Tori_C_64' (it may have been removed)
[2016.03.22-22.12.36:331][  0]LogBlueprint:Warning: USimpleConstructionScript::FixupRootNodeParentReferences() - Couldn't find inherited parent component 'Scene' for 'StaticMesh15' in BlueprintGeneratedClass 'REINST_Flat_Floor_Tori_C_64' (it may have been removed)
[2016.03.22-22.12.36:331][  0]LogBlueprint:Warning: USimpleConstructionScript::FixupRootNodeParentReferences() - Couldn't find inherited parent component 'Scene' for 'StaticMesh16' in BlueprintGeneratedClass 'REINST_Flat_Floor_Tori_C_64' (it may have been removed)
[2016.03.22-22.12.36:331][  0]LogBlueprint:Warning: USimpleConstructionScript::FixupRootNodeParentReferences() - Couldn't find inherited parent component 'Scene' for 'StaticMesh17' in BlueprintGeneratedClass 'REINST_Flat_Floor_Tori_C_64' (it may have been removed)
[2016.03.22-22.12.36:331][  0]LogBlueprint:Warning: USimpleConstructionScript::FixupRootNodeParentReferences() - Couldn't find inherited parent component 'Scene' for 'StaticMesh18' in BlueprintGeneratedClass 'REINST_Flat_Floor_Tori_C_64' (it may have been removed)
[2016.03.22-22.12.36:331][  0]LogBlueprint:Warning: USimpleConstructionScript::FixupRootNodeParentReferences() - Couldn't find inherited parent component 'Scene' for 'StaticMesh19' in BlueprintGeneratedClass 'REINST_Flat_Floor_Tori_C_64' (it may have been removed)
[2016.03.22-22.12.36:331][  0]LogBlueprint:Warning: USimpleConstructionScript::FixupRootNodeParentReferences() - Couldn't find inherited parent component 'Scene' for 'StaticMesh20' in BlueprintGeneratedClass 'REINST_Flat_Floor_Tori_C_64' (it may have been removed)
[2016.03.22-22.12.36:331][  0]LogBlueprint:Warning: USimpleConstructionScript::FixupRootNodeParentReferences() - Couldn't find inherited parent component 'Scene' for 'StaticMesh21' in BlueprintGeneratedClass 'REINST_Flat_Floor_Tori_C_64' (it may have been removed)
[2016.03.22-22.12.36:331][  0]LogBlueprint:Warning: USimpleConstructionScript::FixupRootNodeParentReferences() - Couldn't find inherited parent component 'Scene' for 'StaticMesh22' in BlueprintGeneratedClass 'REINST_Flat_Floor_Tori_C_64' (it may have been removed)
[2016.03.22-22.12.36:331][  0]LogBlueprint:Warning: USimpleConstructionScript::FixupRootNodeParentReferences() - Couldn't find inherited parent component 'Scene' for 'StaticMesh23' in BlueprintGeneratedClass 'REINST_Flat_Floor_Tori_C_64' (it may have been removed)
[2016.03.22-22.12.36:331][  0]LogBlueprint:Warning: USimpleConstructionScript::FixupRootNodeParentReferences() - Couldn't find inherited parent component 'Scene' for 'StaticMesh24' in BlueprintGeneratedClass 'REINST_Flat_Floor_Tori_C_64' (it may have been removed)
[2016.03.22-22.12.36:332][  0]LogBlueprint:Warning: USimpleConstructionScript::FixupRootNodeParentReferences() - Couldn't find inherited parent component 'Scene' for 'StaticMesh25' in BlueprintGeneratedClass 'REINST_Flat_Floor_Tori_C_64' (it may have been removed)
[2016.03.22-22.12.36:332][  0]LogBlueprint:Warning: USimpleConstructionScript::FixupRootNodeParentReferences() - Couldn't find inherited parent component 'Scene' for 'StaticMesh26' in BlueprintGeneratedClass 'REINST_Flat_Floor_Tori_C_64' (it may have been removed)
[2016.03.22-22.12.36:332][  0]LogBlueprint:Warning: USimpleConstructionScript::FixupRootNodeParentReferences() - Couldn't find inherited parent component 'Scene' for 'StaticMesh27' in BlueprintGeneratedClass 'REINST_Flat_Floor_Tori_C_64' (it may have been removed)
[2016.03.22-22.12.36:332][  0]LogBlueprint:Warning: USimpleConstructionScript::FixupRootNodeParentReferences() - Couldn't find inherited parent component 'Scene' for 'StaticMesh28' in BlueprintGeneratedClass 'REINST_Flat_Floor_Tori_C_64' (it may have been removed)
[2016.03.22-22.12.36:332][  0]LogBlueprint:Warning: USimpleConstructionScript::FixupRootNodeParentReferences() - Couldn't find inherited parent component 'Scene' for 'StaticMesh29' in BlueprintGeneratedClass 'REINST_Flat_Floor_Tori_C_64' (it may have been removed)
[2016.03.22-22.12.36:332][  0]LogBlueprint:Warning: USimpleConstructionScript::FixupRootNodeParentReferences() - Couldn't find inherited parent component 'Scene' for 'StaticMesh30' in BlueprintGeneratedClass 'REINST_Flat_Floor_Tori_C_64' (it may have been removed)
[2016.03.22-22.12.36:332][  0]LogBlueprint:Warning: USimpleConstructionScript::FixupRootNodeParentReferences() - Couldn't find inherited parent component 'Scene' for 'StaticMesh31' in BlueprintGeneratedClass 'REINST_Flat_Floor_Tori_C_64' (it may have been removed)
[2016.03.22-22.12.36:332][  0]LogBlueprint:Warning: USimpleConstructionScript::FixupRootNodeParentReferences() - Couldn't find inherited parent component 'Scene' for 'StaticMesh32' in BlueprintGeneratedClass 'REINST_Flat_Floor_Tori_C_64' (it may have been removed)
[2016.03.22-22.12.36:332][  0]LogBlueprint:Warning: USimpleConstructionScript::FixupRootNodeParentReferences() - Couldn't find inherited parent component 'Scene' for 'StaticMesh34' in BlueprintGeneratedClass 'REINST_Flat_Floor_Tori_C_64' (it may have been removed)
[2016.03.22-22.12.36:332][  0]LogBlueprint:Warning: USimpleConstructionScript::FixupRootNodeParentReferences() - Couldn't find inherited parent component 'Scene' for 'Torigate' in BlueprintGeneratedClass 'REINST_Flat_Floor_Tori_C_64' (it may have been removed)
[2016.03.22-22.12.36:332][  0]LogBlueprint:Warning: USimpleConstructionScript::FixupRootNodeParentReferences() - Couldn't find inherited parent component 'Scene' for 'Checkpoint' in BlueprintGeneratedClass 'REINST_Flat_Floor_Tori_C_64' (it may have been removed)
[2016.03.22-22.12.36:332][  0]LogBlueprint:Warning: USimpleConstructionScript::FixupRootNodeParentReferences() - Couldn't find inherited parent component 'Scene' for 'StaticMesh33' in BlueprintGeneratedClass 'REINST_Flat_Floor_Tori_C_64' (it may have been removed)
[2016.03.22-22.12.36:411][  0]LogBlueprint:Warning: USimpleConstructionScript::FixupRootNodeParentReferences() - Couldn't find inherited parent component 'Scene' for 'Scene1' in BlueprintGeneratedClass 'REINST_Flat_Floor_Flat_C_71' (it may have been removed)
[2016.03.22-22.12.36:411][  0]LogBlueprint:Warning: USimpleConstructionScript::FixupRootNodeParentReferences() - Couldn't find inherited parent component 'Scene' for 'StaticMesh' in BlueprintGeneratedClass 'REINST_Flat_Floor_Flat_C_71' (it may have been removed)
[2016.03.22-22.12.36:412][  0]LogBlueprint:Warning: USimpleConstructionScript::FixupRootNodeParentReferences() - Couldn't find inherited parent component 'Scene' for 'StaticMesh1' in BlueprintGeneratedClass 'REINST_Flat_Floor_Flat_C_71' (it may have been removed)
[2016.03.22-22.12.36:412][  0]LogBlueprint:Warning: USimpleConstructionScript::FixupRootNodeParentReferences() - Couldn't find inherited parent component 'Scene' for 'StaticMesh2' in BlueprintGeneratedClass 'REINST_Flat_Floor_Flat_C_71' (it may have been removed)
[2016.03.22-22.12.36:412][  0]LogBlueprint:Warning: USimpleConstructionScript::FixupRootNodeParentReferences() - Couldn't find inherited parent component 'Scene' for 'StaticMesh3' in BlueprintGeneratedClass 'REINST_Flat_Floor_Flat_C_71' (it may have been removed)
[2016.03.22-22.12.36:412][  0]LogBlueprint:Warning: USimpleConstructionScript::FixupRootNodeParentReferences() - Couldn't find inherited parent component 'Scene' for 'StaticMesh4' in BlueprintGeneratedClass 'REINST_Flat_Floor_Flat_C_71' (it may have been removed)
[2016.03.22-22.12.36:412][  0]LogBlueprint:Warning: USimpleConstructionScript::FixupRootNodeParentReferences() - Couldn't find inherited parent component 'Scene' for 'StaticMesh5' in BlueprintGeneratedClass 'REINST_Flat_Floor_Flat_C_71' (it may have been removed)
[2016.03.22-22.12.36:412][  0]LogBlueprint:Warning: USimpleConstructionScript::FixupRootNodeParentReferences() - Couldn't find inherited parent component 'Scene' for 'StaticMesh6' in BlueprintGeneratedClass 'REINST_Flat_Floor_Flat_C_71' (it may have been removed)
[2016.03.22-22.12.36:412][  0]LogBlueprint:Warning: USimpleConstructionScript::FixupRootNodeParentReferences() - Couldn't find inherited parent component 'Scene' for 'StaticMesh7' in BlueprintGeneratedClass 'REINST_Flat_Floor_Flat_C_71' (it may have been removed)
[2016.03.22-22.12.36:412][  0]LogBlueprint:Warning: USimpleConstructionScript::FixupRootNodeParentReferences() - Couldn't find inherited parent component 'Scene' for 'StaticMesh8' in BlueprintGeneratedClass 'REINST_Flat_Floor_Flat_C_71' (it may have been removed)
[2016.03.22-22.12.36:412][  0]LogBlueprint:Warning: USimpleConstructionScript::FixupRootNodeParentReferences() - Couldn't find inherited parent component 'Scene' for 'StaticMesh9' in BlueprintGeneratedClass 'REINST_Flat_Floor_Flat_C_71' (it may have been removed)
[2016.03.22-22.12.36:412][  0]LogBlueprint:Warning: USimpleConstructionScript::FixupRootNodeParentReferences() - Couldn't find inherited parent component 'Scene' for 'StaticMesh10' in BlueprintGeneratedClass 'REINST_Flat_Floor_Flat_C_71' (it may have been removed)
[2016.03.22-22.12.36:412][  0]LogBlueprint:Warning: USimpleConstructionScript::FixupRootNodeParentReferences() - Couldn't find inherited parent component 'Scene' for 'StaticMesh11' in BlueprintGeneratedClass 'REINST_Flat_Floor_Flat_C_71' (it may have been removed)
[2016.03.22-22.12.36:412][  0]LogBlueprint:Warning: USimpleConstructionScript::FixupRootNodeParentReferences() - Couldn't find inherited parent component 'Scene' for 'StaticMesh12' in BlueprintGeneratedClass 'REINST_Flat_Floor_Flat_C_71' (it may have been removed)
[2016.03.22-22.12.36:412][  0]LogBlueprint:Warning: USimpleConstructionScript::FixupRootNodeParentReferences() - Couldn't find inherited parent component 'Scene' for 'StaticMesh13' in BlueprintGeneratedClass 'REINST_Flat_Floor_Flat_C_71' (it may have been removed)
[2016.03.22-22.12.36:412][  0]LogBlueprint:Warning: USimpleConstructionScript::FixupRootNodeParentReferences() - Couldn't find inherited parent component 'Scene' for 'StaticMesh14' in BlueprintGeneratedClass 'REINST_Flat_Floor_Flat_C_71' (it may have been removed)
[2016.03.22-22.12.36:412][  0]LogBlueprint:Warning: USimpleConstructionScript::FixupRootNodeParentReferences() - Couldn't find inherited parent component 'Scene' for 'StaticMesh15' in BlueprintGeneratedClass 'REINST_Flat_Floor_Flat_C_71' (it may have been removed)
[2016.03.22-22.12.36:412][  0]LogBlueprint:Warning: USimpleConstructionScript::FixupRootNodeParentReferences() - Couldn't find inherited parent component 'Scene' for 'StaticMesh16' in BlueprintGeneratedClass 'REINST_Flat_Floor_Flat_C_71' (it may have been removed)
[2016.03.22-22.12.36:412][  0]LogBlueprint:Warning: USimpleConstructionScript::FixupRootNodeParentReferences() - Couldn't find inherited parent component 'Scene' for 'StaticMesh17' in BlueprintGeneratedClass 'REINST_Flat_Floor_Flat_C_71' (it may have been removed)
[2016.03.22-22.12.36:412][  0]LogBlueprint:Warning: USimpleConstructionScript::FixupRootNodeParentReferences() - Couldn't find inherited parent component 'Scene' for 'StaticMesh18' in BlueprintGeneratedClass 'REINST_Flat_Floor_Flat_C_71' (it may have been removed)
[2016.03.22-22.12.36:412][  0]LogBlueprint:Warning: USimpleConstructionScript::FixupRootNodeParentReferences() - Couldn't find inherited parent component 'Scene' for 'StaticMesh19' in BlueprintGeneratedClass 'REINST_Flat_Floor_Flat_C_71' (it may have been removed)
[2016.03.22-22.12.36:412][  0]LogBlueprint:Warning: USimpleConstructionScript::FixupRootNodeParentReferences() - Couldn't find inherited parent component 'Scene' for 'StaticMesh20' in BlueprintGeneratedClass 'REINST_Flat_Floor_Flat_C_71' (it may have been removed)
[2016.03.22-22.12.36:412][  0]LogBlueprint:Warning: USimpleConstructionScript::FixupRootNodeParentReferences() - Couldn't find inherited parent component 'Scene' for 'StaticMesh21' in BlueprintGeneratedClass 'REINST_Flat_Floor_Flat_C_71' (it may have been removed)
[2016.03.22-22.12.36:412][  0]LogBlueprint:Warning: USimpleConstructionScript::FixupRootNodeParentReferences() - Couldn't find inherited parent component 'Scene' for 'StaticMesh22' in BlueprintGeneratedClass 'REINST_Flat_Floor_Flat_C_71' (it may have been removed)
[2016.03.22-22.12.36:413][  0]LogBlueprint:Warning: USimpleConstructionScript::FixupRootNodeParentReferences() - Couldn't find inherited parent component 'Scene' for 'StaticMesh23' in BlueprintGeneratedClass 'REINST_Flat_Floor_Flat_C_71' (it may have been removed)
[2016.03.22-22.12.36:413][  0]LogBlueprint:Warning: USimpleConstructionScript::FixupRootNodeParentReferences() - Couldn't find inherited parent component 'Scene' for 'StaticMesh25' in BlueprintGeneratedClass 'REINST_Flat_Floor_Flat_C_71' (it may have been removed)
[2016.03.22-22.12.36:413][  0]LogBlueprint:Warning: USimpleConstructionScript::FixupRootNodeParentReferences() - Couldn't find inherited parent component 'Scene' for 'StaticMesh26' in BlueprintGeneratedClass 'REINST_Flat_Floor_Flat_C_71' (it may have been removed)
[2016.03.22-22.12.36:413][  0]LogBlueprint:Warning: USimpleConstructionScript::FixupRootNodeParentReferences() - Couldn't find inherited parent component 'Scene' for 'StaticMesh27' in BlueprintGeneratedClass 'REINST_Flat_Floor_Flat_C_71' (it may have been removed)
[2016.03.22-22.12.36:413][  0]LogBlueprint:Warning: USimpleConstructionScript::FixupRootNodeParentReferences() - Couldn't find inherited parent component 'Scene' for 'StaticMesh28' in BlueprintGeneratedClass 'REINST_Flat_Floor_Flat_C_71' (it may have been removed)
[2016.03.22-22.12.36:413][  0]LogBlueprint:Warning: USimpleConstructionScript::FixupRootNodeParentReferences() - Couldn't find inherited parent component 'Scene' for 'StaticMesh29' in BlueprintGeneratedClass 'REINST_Flat_Floor_Flat_C_71' (it may have been removed)
[2016.03.22-22.12.36:413][  0]LogBlueprint:Warning: USimpleConstructionScript::FixupRootNodeParentReferences() - Couldn't find inherited parent component 'Scene' for 'StaticMesh30' in BlueprintGeneratedClass 'REINST_Flat_Floor_Flat_C_71' (it may have been removed)
[2016.03.22-22.12.36:413][  0]LogBlueprint:Warning: USimpleConstructionScript::FixupRootNodeParentReferences() - Couldn't find inherited parent component 'Scene' for 'StaticMesh31' in BlueprintGeneratedClass 'REINST_Flat_Floor_Flat_C_71' (it may have been removed)
[2016.03.22-22.12.36:413][  0]LogBlueprint:Warning: USimpleConstructionScript::FixupRootNodeParentReferences() - Couldn't find inherited parent component 'Scene' for 'StaticMesh32' in BlueprintGeneratedClass 'REINST_Flat_Floor_Flat_C_71' (it may have been removed)
[2016.03.22-22.12.36:413][  0]LogBlueprint:Warning: USimpleConstructionScript::FixupRootNodeParentReferences() - Couldn't find inherited parent component 'Scene' for 'StaticMesh33' in BlueprintGeneratedClass 'REINST_Flat_Floor_Flat_C_71' (it may have been removed)
[2016.03.22-22.12.36:413][  0]LogBlueprint:Warning: USimpleConstructionScript::FixupRootNodeParentReferences() - Couldn't find inherited parent component 'Scene' for 'StaticMesh34' in BlueprintGeneratedClass 'REINST_Flat_Floor_Flat_C_71' (it may have been removed)
[2016.03.22-22.12.36:413][  0]LogBlueprint:Warning: USimpleConstructionScript::FixupRootNodeParentReferences() - Couldn't find inherited parent component 'Scene' for 'FlatFloor3' in BlueprintGeneratedClass 'REINST_Flat_Floor_Flat_C_71' (it may have been removed)
[2016.03.22-22.12.36:537][  0]LogBlueprint:Warning: [GG] CreatePinForVariable: 'FinalDistance' variable not found. Base class was probably changed.
[2016.03.22-22.12.36:554][  0]LogBlueprint:Warning: [compiler GG] Warning Could not find a variable named "FinalDistance" in 'RunCharacter_C'.
Make sure 'RunCharacter_C' has been compiled for  Get FinalDistance 
[2016.03.22-22.12.36:554][  0]LogBlueprint:Error: [compiler GG] Error The property associated with  Final Distance  could not be found
[2016.03.22-22.12.36:562][  0]LogBlueprint:Warning: [compiler GG] Warning [0026.60] Compile of GG failed. 1 Fatal Issue(s) 1 Warning(s) [in 21 ms]
[2016.03.22-22.12.36:562][  0]LogBlueprint:Warning: [compiler GG] Warning [0026.60] Compile of GG failed. 1 Fatal Issue(s) 2 Warning(s) [in 0 ms]
[2016.03.22-22.12.36:562][  0]LogBlueprint:Warning: [compiler GG] Warning [0026.60] Compile of GG failed. 1 Fatal Issue(s) 3 Warning(s) [in 0 ms]
[2016.03.22-22.12.40:521][  0]LogAIModule: Creating AISystem for world RunnerMapTest
[2016.03.22-22.12.40:525][  0]LogEditorServer: Finished looking for orphan Actors (0.000 secs)
[2016.03.22-22.12.40:527][  0]Cmd: MAP CHECKDEP NOCLEARLOG
[2016.03.22-22.12.40:662][  0]MapCheck: Info Map check complete: 0 Error(s), 0 Warning(s), took 135.223ms to complete.
[2016.03.22-22.12.40:662][  0]LogFileHelpers: Loading map 'RunnerMapTest' took 6.292
[2016.03.22-22.12.40:665][  0]LogWindowsTextInputMethodSystem:Display: IME system now deactivated.
[2016.03.22-22.12.40:740][  0]LogCollectionManager: Loaded 0 collections in 0.002730 seconds
[2016.03.22-22.12.40:748][  0]LogContentBrowser: Native class hierarchy populated in 0.0070 seconds. Added 1792 classes and 301 folders.
[2016.03.22-22.12.40:811][  0]LogContentBrowser: Native class hierarchy updated for 'WidgetCarousel' in 0.0004 seconds. Added 0 classes and 0 folders.
[2016.03.22-22.12.40:848][  0]LogContentBrowser: Native class hierarchy updated for 'AddContentDialog' in 0.0004 seconds. Added 0 classes and 0 folders.
[2016.03.22-22.12.40:871][  0]LogContentBrowser: Native class hierarchy updated for 'SceneOutliner' in 0.0004 seconds. Added 1 classes and 2 folders.
[2016.03.22-22.12.40:914][  0]LogCrashTracker: Crashtracker disabled due to settings.
[2016.03.22-22.12.40:915][  0]LogD3D11RHI: InitD3DDevice
[2016.03.22-22.12.40:920][  0]LogUObjectGlobals:Warning: Failed to find object 'Class None.'
[2016.03.22-22.12.40:942][  0]LogStats:Warning: MetaData mismatch. Did you assign a stat to two groups? New //STATGROUP_Threads//SplashScreenThread///Thread_46c0_0///####STATCAT_Advanced#### old //STATGROUP_Threads//SplashScreenThread///Thread_2e38_0///####STATCAT_Advanced####
[2016.03.22-22.12.40:942][  0]LogLoad: Full Startup: 30.98 seconds (BP compile: 2.19 seconds)
[2016.03.22-22.12.41:008][  0]LogContentStreaming: Texture pool size is 0.000000MB
[2016.03.22-22.12.41:478][  0]LogContentStreaming: Texture pool size now 1000 MB
[2016.03.22-22.12.41:690][  0]LogRenderer: Reallocating scene render targets to support 968x440 (Frame:2).
[2016.03.22-22.12.42:067][  6]LogD3D11RHI: InitD3DDevice
[2016.03.22-22.12.42:594][ 16]LogAssetRegistry: Asset discovery search completed in 24.8309 seconds
[2016.03.22-22.12.49:675][431]LogD3D11RHI: InitD3DDevice
[2016.03.22-22.12.52:433][594]LogPlayLevel: PIE:  No blueprints needed recompiling
[2016.03.22-22.12.52:439][594]LogD3D11RHI: InitD3DDevice
[2016.03.22-22.12.57:441][778]LogD3D11RHI: InitD3DDevice
[2016.03.22-22.12.57:566][778]LogLinker:Warning: Asset '../../../Engine/Content/ArtTools/RenderToTexture/Macros/RenderToTextureMacros.uasset' has been saved with empty engine version. The asset will be loaded but may be incompatible.
[2016.03.22-22.12.57:614][778]LogLinker:Warning: Asset '../../../Engine/Content/ArtTools/RenderToTexture/Enums/RenderToTexture_Enum.uasset' has been saved with empty engine version. The asset will be loaded but may be incompatible.
[2016.03.22-22.13.03:537][ 59]BlueprintLog: New page: Compile GG
[2016.03.22-22.13.03:650][ 59]LogActorComponent: UnregisterComponent: (/Engine/Transient.CharMoveComp) Not registered. Aborting.
[2016.03.22-22.13.03:652][ 59]LogActorComponent: UnregisterComponent: (/Engine/Transient.RotatingMovement0C812BA34D0DD21FB12D1D9A948423D7) Not registered. Aborting.
[2016.03.22-22.13.03:652][ 59]LogActorComponent: UnregisterComponent: (/Engine/Transient.RotatingMovementComponent_0) Not registered. Aborting.
[2016.03.22-22.13.03:976][ 59]BlueprintEditorCompileResults: Info The execution path doesn't end with a return node.  Cast Failed 
[2016.03.22-22.13.03:976][ 59]BlueprintEditorCompileResults: Info The execution path doesn't end with a return node.  Cast Failed 
[2016.03.22-22.13.03:976][ 59]BlueprintEditorCompileResults: Info The execution path doesn't end with a return node.  Cast Failed 
[2016.03.22-22.13.03:976][ 59]BlueprintEditorCompileResults: Info [0054.02] Compile of GG successful! [in 438 ms]
[2016.03.22-22.13.05:948][172]LogPlayLevel: PIE:  No blueprints needed recompiling
[2016.03.22-22.13.05:951][172]PIE: New page: PIE session: RunnerMapTest (Mar 22, 2016, 8:13:05 AM)
[2016.03.22-22.13.05:952][172]LogPlayLevel: Creating play world package: /Game/SpiritRunner/Maps/UEDPIE_0_RunnerMapTest
[2016.03.22-22.13.05:955][172]LogPlayLevel: PIE: StaticDuplicateObject took: (0.002930s)
[2016.03.22-22.13.05:956][172]LogAIModule: Creating AISystem for world RunnerMapTest
[2016.03.22-22.13.05:957][172]LogPlayLevel: PIE: World Init took: (0.001611s)
[2016.03.22-22.13.05:957][172]LogPlayLevel: PIE: Created PIE world by copying editor world from /Game/SpiritRunner/Maps/RunnerMapTest.RunnerMapTest to /Game/SpiritRunner/Maps/UEDPIE_0_RunnerMapTest.RunnerMapTest (0.004781s)
[2016.03.22-22.13.05:996][172]LogInit: XAudio2 using 'Speakers / Headphones (Realtek High Definition Audio)' : 2 channels at 48 kHz using 32 bits per sample (channel mask 0x3)
[2016.03.22-22.13.06:013][172]LogInit: FAudioDevice initialized.
[2016.03.22-22.13.06:018][172]LogD3D11RHI: InitD3DDevice
[2016.03.22-22.13.06:061][172]LogWorld: Game class is 'RunGameMode_C'
[2016.03.22-22.13.06:065][172]LogWorld: Bringing World /Game/SpiritRunner/Maps/UEDPIE_0_RunnerMapTest.RunnerMapTest up for play (max tick rate 60) at 2016.03.22-15.13.06
[2016.03.22-22.13.06:065][172]LogActor:Warning: GameSession /Game/SpiritRunner/Maps/UEDPIE_0_RunnerMapTest.RunnerMapTest:PersistentLevel.GameSession_0 has natively added scene component(s), but none of them were set as the actor's RootComponent - picking one arbitrarily
[2016.03.22-22.13.06:066][172]LogActor:Warning: GameNetworkManager /Game/SpiritRunner/Maps/UEDPIE_0_RunnerMapTest.RunnerMapTest:PersistentLevel.GameNetworkManager_0 has natively added scene component(s), but none of them were set as the actor's RootComponent - picking one arbitrarily
[2016.03.22-22.13.06:066][172]LogWorld: Bringing up level for play took: 0.003034
[2016.03.22-22.13.06:069][172]LogBlueprintUserMessages:Warning: SetTimer passed a bad function (None) or object (RunCharacter_C_0)
[2016.03.22-22.13.06:568][172]PIE: Info Play in editor start time for /Game/SpiritRunner/Maps/UEDPIE_0_RunnerMapTest -0.154
[2016.03.22-22.13.06:623][172]LogRenderer: Reallocating scene render targets to support 1296x760 (Frame:968).
[2016.03.22-22.13.09:972][278]LogAudio:Warning: Detected orphaned looping sound 'runningFinal_Cue'.
[2016.03.22-22.13.17:568][540]LogParticles: Destroying 0 GPU particle simulations for FXSystem 0x000002471880BF60
[2016.03.22-22.13.36:939][701]Cmd: QUIT_EDITOR
[2016.03.22-22.13.37:812][701]LogExit: Preparing to exit.
[2016.03.22-22.13.38:425][701]LogExit: Editor shut down
[2016.03.22-22.13.38:425][701]LogExit: Transaction tracking system shut down
[2016.03.22-22.13.38:457][701]LogParticles: Destroying 0 GPU particle simulations for FXSystem 0x00000247271E8D60
[2016.03.22-22.13.38:458][701]LogParticles: Destroying 0 GPU particle simulations for FXSystem 0x0000024726194C20
[2016.03.22-22.13.38:458][701]LogParticles: Destroying 0 GPU particle simulations for FXSystem 0x0000024735CC4720
[2016.03.22-22.13.38:458][701]LogParticles: Destroying 0 GPU particle simulations for FXSystem 0x0000024725850180
[2016.03.22-22.13.38:459][701]LogParticles: Destroying 0 GPU particle simulations for FXSystem 0x0000024718725B20
[2016.03.22-22.13.38:459][701]LogParticles: Destroying 0 GPU particle simulations for FXSystem 0x0000024718725440
[2016.03.22-22.13.38:636][701]LogExit: Object subsystem successfully closed.
[2016.03.22-22.13.38:658][701]LogD3D11RHI: Shutdown
[2016.03.22-22.13.38:658][701]LogD3D11RHI: CleanupD3DDevice
[2016.03.22-22.13.38:793][701]LogD3D11RHI: ~FD3D11DynamicRHI
[2016.03.22-22.13.38:823][701]LogModuleManager: Shutting down and abandoning module SequencerWidgets (189)
[2016.03.22-22.13.38:823][701]LogModuleManager: Shutting down and abandoning module CrashTracker (188)
[2016.03.22-22.13.38:823][701]LogModuleManager: Shutting down and abandoning module SceneOutliner (187)
[2016.03.22-22.13.38:823][701]LogModuleManager: Shutting down and abandoning module SuperSearch (186)
[2016.03.22-22.13.38:823][701]LogModuleManager: Shutting down and abandoning module WidgetCarousel (185)
[2016.03.22-22.13.38:823][701]LogModuleManager: Shutting down and abandoning module AddContentDialog (184)
[2016.03.22-22.13.38:823][701]LogModuleManager: Shutting down and abandoning module EditorWidgets (183)
[2016.03.22-22.13.38:823][701]LogModuleManager: Shutting down and abandoning module CollectionManager (182)
[2016.03.22-22.13.38:823][701]LogModuleManager: Shutting down and abandoning module StatsViewer (181)
[2016.03.22-22.13.38:823][701]LogModuleManager: Shutting down and abandoning module FoliageEdit (180)
[2016.03.22-22.13.38:823][701]LogModuleManager: Shutting down and abandoning module LandscapeEditor (179)
[2016.03.22-22.13.38:824][701]LogModuleManager: Shutting down and abandoning module ActorPickerMode (178)
[2016.03.22-22.13.38:824][701]LogModuleManager: Shutting down and abandoning module GeometryMode (177)
[2016.03.22-22.13.38:824][701]LogModuleManager: Shutting down and abandoning module TextureAlignMode (176)
[2016.03.22-22.13.38:824][701]LogModuleManager: Shutting down and abandoning module BspMode (175)
[2016.03.22-22.13.38:824][701]LogModuleManager: Shutting down and abandoning module PlacementMode (174)
[2016.03.22-22.13.38:824][701]LogModuleManager: Shutting down and abandoning module AutomationWorker (173)
[2016.03.22-22.13.38:824][701]LogModuleManager: Shutting down and abandoning module CharacterAI (172)
[2016.03.22-22.13.38:824][701]LogModuleManager: Shutting down and abandoning module SmartSnapping (171)
[2016.03.22-22.13.38:824][701]LogModuleManager: Shutting down and abandoning module ViewportSnapping (170)
[2016.03.22-22.13.38:824][701]LogModuleManager: Shutting down and abandoning module LogVisualizer (169)
[2016.03.22-22.13.38:824][701]LogModuleManager: Shutting down and abandoning module GameProjectGeneration (168)
[2016.03.22-22.13.38:824][701]LogModuleManager: Shutting down and abandoning module IntroTutorials (167)
[2016.03.22-22.13.38:824][701]LogModuleManager: Shutting down and abandoning module EditorLiveStreaming (166)
[2016.03.22-22.13.38:824][701]LogModuleManager: Shutting down and abandoning module IOSPlatformEditor (165)
[2016.03.22-22.13.38:824][701]LogModuleManager: Shutting down and abandoning module HTML5PlatformEditor (164)
[2016.03.22-22.13.38:824][701]LogModuleManager: Shutting down and abandoning module AndroidDeviceDetection (163)
[2016.03.22-22.13.39:555][701]LogModuleManager: Shutting down and abandoning module AndroidPlatformEditor (162)
[2016.03.22-22.13.39:555][701]LogModuleManager: Shutting down and abandoning module IOSRuntimeSettings (161)
[2016.03.22-22.13.39:555][701]LogModuleManager: Shutting down and abandoning module AndroidRuntimeSettings (160)
[2016.03.22-22.13.39:555][701]LogModuleManager: Shutting down and abandoning module MergeActors (159)
[2016.03.22-22.13.39:555][701]LogModuleManager: Shutting down and abandoning module SizeMap (158)
[2016.03.22-22.13.39:555][701]LogModuleManager: Shutting down and abandoning module TreeMap (157)
[2016.03.22-22.13.39:555][701]LogModuleManager: Shutting down and abandoning module ReferenceViewer (156)
[2016.03.22-22.13.39:555][701]LogModuleManager: Shutting down and abandoning module LocalizationDashboard (155)
[2016.03.22-22.13.39:555][701]LogModuleManager: Shutting down and abandoning module HardwareTargeting (154)
[2016.03.22-22.13.39:555][701]LogModuleManager: Shutting down and abandoning module DeviceProfileEditor (153)
[2016.03.22-22.13.39:555][701]LogModuleManager: Shutting down and abandoning module UndoHistory (152)
[2016.03.22-22.13.39:555][701]LogModuleManager: Shutting down and abandoning module GameplayTagsEditor (151)
[2016.03.22-22.13.39:555][701]LogModuleManager: Shutting down and abandoning module UserFeedback (150)
[2016.03.22-22.13.39:555][701]LogModuleManager: Shutting down and abandoning module XmlParser (149)
[2016.03.22-22.13.39:555][701]LogModuleManager: Shutting down and abandoning module Blutility (148)
[2016.03.22-22.13.39:555][701]LogModuleManager: Shutting down and abandoning module ProjectTargetPlatformEditor (147)
[2016.03.22-22.13.39:555][701]LogModuleManager: Shutting down and abandoning module ProjectSettingsViewer (146)
[2016.03.22-22.13.39:555][701]LogModuleManager: Shutting down and abandoning module InputBindingEditor (145)
[2016.03.22-22.13.39:555][701]LogModuleManager: Shutting down and abandoning module EditorSettingsViewer (144)
[2016.03.22-22.13.39:555][701]LogModuleManager: Shutting down and abandoning module SettingsEditor (143)
[2016.03.22-22.13.39:555][701]LogModuleManager: Shutting down and abandoning module ProjectLauncher (142)
[2016.03.22-22.13.39:555][701]LogModuleManager: Shutting down and abandoning module SessionFrontend (141)
[2016.03.22-22.13.39:555][701]LogModuleManager: Shutting down and abandoning module ProfilerClient (140)
[2016.03.22-22.13.39:555][701]LogModuleManager: Shutting down and abandoning module TargetDeviceServices (139)
[2016.03.22-22.13.39:555][701]LogModuleManager: Shutting down and abandoning module DeviceManager (138)
[2016.03.22-22.13.39:556][701]LogModuleManager: Shutting down and abandoning module AutomationController (137)
[2016.03.22-22.13.39:556][701]LogModuleManager: Shutting down and abandoning module AutomationWindow (136)
[2016.03.22-22.13.39:556][701]LogModuleManager: Shutting down and abandoning module Layers (135)
[2016.03.22-22.13.39:556][701]LogModuleManager: Shutting down and abandoning module ComponentVisualizers (134)
[2016.03.22-22.13.39:556][701]LogModuleManager: Shutting down and abandoning module DetailCustomizations (133)
[2016.03.22-22.13.39:556][701]LogModuleManager: Shutting down and abandoning module PackagesDialog (132)
[2016.03.22-22.13.39:556][701]LogModuleManager: Shutting down and abandoning module AssetRegistry (131)
[2016.03.22-22.13.39:622][701]LogModuleManager: Shutting down and abandoning module Persona (130)
[2016.03.22-22.13.39:622][701]LogModuleManager: Shutting down and abandoning module Kismet (129)
[2016.03.22-22.13.39:622][701]LogModuleManager: Shutting down and abandoning module GraphEditor (128)
[2016.03.22-22.13.39:622][701]LogModuleManager: Shutting down and abandoning module ClassViewer (127)
[2016.03.22-22.13.39:622][701]LogModuleManager: Shutting down and abandoning module Toolbox (126)
[2016.03.22-22.13.39:622][701]LogModuleManager: Shutting down and abandoning module ModuleUI (125)
[2016.03.22-22.13.39:622][701]LogModuleManager: Shutting down and abandoning module MovieSceneTools (124)
[2016.03.22-22.13.39:622][701]LogModuleManager: Shutting down and abandoning module OutputLog (123)
[2016.03.22-22.13.39:622][701]LogModuleManager: Shutting down and abandoning module GammaUI (122)
[2016.03.22-22.13.39:622][701]LogModuleManager: Shutting down and abandoning module Documentation (121)
[2016.03.22-22.13.39:622][701]LogModuleManager: Shutting down and abandoning module GameLiveStreaming (120)
[2016.03.22-22.13.39:622][701]LogModuleManager: Shutting down and abandoning module StreamingPauseRendering (119)
[2016.03.22-22.13.39:622][701]LogModuleManager: Shutting down and abandoning module AnalyticsET (118)
[2016.03.22-22.13.39:622][701]LogModuleManager: Shutting down and abandoning module Analytics (117)
[2016.03.22-22.13.39:622][701]LogModuleManager: Shutting down and abandoning module AITestSuite (116)
[2016.03.22-22.13.39:622][701]LogModuleManager: Shutting down and abandoning module GameplayDebugger (115)
[2016.03.22-22.13.39:622][701]LogModuleManager: Shutting down and abandoning module AIModule (114)
[2016.03.22-22.13.39:622][701]LogModuleManager: Shutting down and abandoning module ProfilerService (113)
[2016.03.22-22.13.39:870][701]LogModuleManager: Shutting down and abandoning module TaskGraph (112)
[2016.03.22-22.13.39:870][701]LogModuleManager: Shutting down and abandoning module SlateRemote (111)
[2016.03.22-22.13.39:871][701]LogModuleManager: Shutting down and abandoning module SteamVRController (110)
[2016.03.22-22.13.39:871][701]LogModuleManager: Shutting down and abandoning module SteamVR (109)
[2016.03.22-22.13.39:871][701]LogModuleManager: Shutting down and abandoning module ProceduralMeshComponent (108)
[2016.03.22-22.13.39:871][701]LogModuleManager: Shutting down and abandoning module OculusRift (107)
[2016.03.22-22.13.39:871][701]LogModuleManager: Shutting down and abandoning module LeapMotionController (106)
[2016.03.22-22.13.39:919][701]LogModuleManager: Shutting down and abandoning module CustomMeshComponent (105)
[2016.03.22-22.13.39:919][701]LogModuleManager: Shutting down and abandoning module CableComponent (104)
[2016.03.22-22.13.39:919][701]LogModuleManager: Shutting down and abandoning module MessagingDebugger (103)
[2016.03.22-22.13.39:919][701]LogModuleManager: Shutting down and abandoning module MediaPlayerEditor (102)
[2016.03.22-22.13.39:919][701]LogModuleManager: Shutting down and abandoning module SpeedTreeImporter (101)
[2016.03.22-22.13.39:919][701]LogModuleManager: Shutting down and abandoning module PluginBrowser (100)
[2016.03.22-22.13.39:919][701]LogModuleManager: Shutting down and abandoning module EpicSurvey (99)
[2016.03.22-22.13.39:919][701]LogModuleManager: Shutting down and abandoning module DesktopPlatform (98)
[2016.03.22-22.13.39:919][701]LogModuleManager: Shutting down and abandoning module VisualStudioSourceCodeAccess (97)
[2016.03.22-22.13.39:919][701]LogModuleManager: Shutting down and abandoning module UObjectPlugin (96)
[2016.03.22-22.13.39:919][701]LogModuleManager: Shutting down and abandoning module SubversionSourceControl (95)
[2016.03.22-22.13.39:919][701]LogModuleManager: Shutting down and abandoning module PerforceSourceControl (94)
[2016.03.22-22.13.39:919][701]LogModuleManager: Shutting down and abandoning module SourceControl (93)
[2016.03.22-22.13.39:919][701]LogModuleManager: Shutting down and abandoning module GitSourceControl (92)
[2016.03.22-22.13.39:919][701]LogModuleManager: Shutting down and abandoning module BlankPlugin (91)
[2016.03.22-22.13.39:919][701]LogModuleManager: Shutting down and abandoning module PaperTiledImporter (90)
[2016.03.22-22.13.39:919][701]LogModuleManager: Shutting down and abandoning module PaperSpriteSheetImporter (89)
[2016.03.22-22.13.39:919][701]LogModuleManager: Shutting down and abandoning module MeshPaint (88)
[2016.03.22-22.13.39:919][701]LogModuleManager: Shutting down and abandoning module SlateReflector (87)
[2016.03.22-22.13.39:919][701]LogModuleManager: Shutting down and abandoning module DirectoryWatcher (86)
[2016.03.22-22.13.39:920][701]LogModuleManager: Shutting down and abandoning module HotReload (85)
[2016.03.22-22.13.39:920][701]LogModuleManager: Shutting down and abandoning module MainFrame (84)
[2016.03.22-22.13.39:920][701]LogModuleManager: Shutting down and abandoning module LevelEditor (83)
[2016.03.22-22.13.39:920][701]LogModuleManager: Shutting down and abandoning module ContentBrowser (82)
[2016.03.22-22.13.39:921][701]LogModuleManager: Shutting down and abandoning module Paper2DEditor (81)
[2016.03.22-22.13.39:921][701]LogModuleManager: Shutting down and abandoning module UdpMessaging (80)
[2016.03.22-22.13.40:021][701]LogModuleManager: Shutting down and abandoning module Paper2D (79)
[2016.03.22-22.13.40:021][701]LogModuleManager: Shutting down and abandoning module WindowsMoviePlayer (78)
[2016.03.22-22.13.40:025][701]LogModuleManager: Shutting down and abandoning module Media (77)
[2016.03.22-22.13.40:025][701]LogModuleManager: Shutting down and abandoning module WmfMedia (76)
[2016.03.22-22.13.40:025][701]LogModuleManager: Shutting down and abandoning module OnlineBlueprintSupport (75)
[2016.03.22-22.13.40:025][701]LogModuleManager: Shutting down and abandoning module PropertyEditor (74)
[2016.03.22-22.13.40:025][701]LogModuleManager: Shutting down and abandoning module BehaviorTreeEditor (73)
[2016.03.22-22.13.40:025][701]LogModuleManager: Shutting down and abandoning module FunctionalTesting (72)
[2016.03.22-22.13.40:025][701]LogModuleManager: Shutting down and abandoning module CollisionAnalyzer (71)
[2016.03.22-22.13.40:025][701]LogModuleManager: Shutting down and abandoning module WorkspaceMenuStructure (70)
[2016.03.22-22.13.40:025][701]LogModuleManager: Shutting down and abandoning module MessageLog (69)
[2016.03.22-22.13.40:025][701]LogModuleManager: Shutting down and abandoning module Sequencer (68)
[2016.03.22-22.13.40:025][701]LogModuleManager: Shutting down and abandoning module AssetTools (67)
[2016.03.22-22.13.40:025][701]LogModuleManager: Shutting down and abandoning module UMGEditor (66)
[2016.03.22-22.13.40:025][701]LogModuleManager: Shutting down and abandoning module UMG (65)
[2016.03.22-22.13.40:025][701]LogModuleManager: Shutting down and abandoning module Slate (64)
[2016.03.22-22.13.40:025][701]LogModuleManager: Shutting down and abandoning module EditorStyle (63)
[2016.03.22-22.13.40:028][701]LogModuleManager: Shutting down and abandoning module SessionServices (62)
[2016.03.22-22.13.40:028][701]LogModuleManager: Shutting down and abandoning module SourceCodeAccess (61)
[2016.03.22-22.13.40:028][701]LogModuleManager: Shutting down and abandoning module HeadMountedDisplay (60)
[2016.03.22-22.13.40:028][701]LogModuleManager: Shutting down and abandoning module XAudio2 (59)
[2016.03.22-22.13.40:028][701]LogModuleManager: Shutting down and abandoning module Networking (57)
[2016.03.22-22.13.40:028][701]LogModuleManager: Shutting down and abandoning module Core (56)
[2016.03.22-22.13.40:028][701]LogModuleManager: Shutting down and abandoning module KismetCompiler (55)
[2016.03.22-22.13.40:028][701]LogModuleManager: Shutting down and abandoning module PhysXFormats (54)
[2016.03.22-22.13.40:028][701]LogModuleManager: Shutting down and abandoning module MeshUtilities (53)
[2016.03.22-22.13.40:028][701]LogModuleManager: Shutting down and abandoning module DerivedDataCache (52)
[2016.03.22-22.13.40:418][701]LogDerivedDataCache: Shutdown
[2016.03.22-22.13.40:418][701]LogModuleManager: Shutting down and abandoning module ShaderFormatOpenGL (51)
[2016.03.22-22.13.40:418][701]LogModuleManager: Shutting down and abandoning module ShaderFormatD3D (50)
[2016.03.22-22.13.40:418][701]LogModuleManager: Shutting down and abandoning module MetalShaderFormat (49)
[2016.03.22-22.13.40:418][701]LogModuleManager: Shutting down and abandoning module TextureFormatUncompressed (48)
[2016.03.22-22.13.40:418][701]LogModuleManager: Shutting down and abandoning module TextureFormatPVR (47)
[2016.03.22-22.13.40:418][701]LogModuleManager: Shutting down and abandoning module TextureFormatIntelISPCTexComp (46)
[2016.03.22-22.13.40:418][701]LogModuleManager: Shutting down and abandoning module TextureFormatDXT (45)
[2016.03.22-22.13.40:418][701]LogModuleManager: Shutting down and abandoning module ImageWrapper (44)
[2016.03.22-22.13.40:418][701]LogModuleManager: Shutting down and abandoning module TextureFormatASTC (43)
[2016.03.22-22.13.40:418][701]LogModuleManager: Shutting down and abandoning module TextureFormatAndroid (42)
[2016.03.22-22.13.40:418][701]LogModuleManager: Shutting down and abandoning module AudioFormatOpus (41)
[2016.03.22-22.13.40:418][701]LogModuleManager: Shutting down and abandoning module AudioFormatOgg (40)
[2016.03.22-22.13.40:418][701]LogModuleManager: Shutting down and abandoning module AudioFormatADPCM (39)
[2016.03.22-22.13.40:418][701]LogModuleManager: Shutting down and abandoning module LinuxTargetPlatform (38)
[2016.03.22-22.13.40:418][701]LogModuleManager: Shutting down and abandoning module LinuxServerTargetPlatform (37)
[2016.03.22-22.13.40:418][701]LogModuleManager: Shutting down and abandoning module LinuxNoEditorTargetPlatform (36)
[2016.03.22-22.13.40:418][701]LogModuleManager: Shutting down and abandoning module Messaging (35)
[2016.03.22-22.13.40:418][701]LogModuleManager: Shutting down and abandoning module IOSTargetPlatform (34)
[2016.03.22-22.13.40:418][701]LogModuleManager: Shutting down and abandoning module HTML5TargetPlatform (33)
[2016.03.22-22.13.40:418][701]LogModuleManager: Shutting down and abandoning module Android_PVRTCTargetPlatform (32)
[2016.03.22-22.13.40:418][701]LogModuleManager: Shutting down and abandoning module Android_ETC2TargetPlatform (31)
[2016.03.22-22.13.40:418][701]LogModuleManager: Shutting down and abandoning module Android_ETC1TargetPlatform (30)
[2016.03.22-22.13.40:418][701]LogModuleManager: Shutting down and abandoning module Android_DXTTargetPlatform (29)
[2016.03.22-22.13.40:418][701]LogModuleManager: Shutting down and abandoning module Android_ATCTargetPlatform (28)
[2016.03.22-22.13.40:418][701]LogModuleManager: Shutting down and abandoning module Android_ASTCTargetPlatform (27)
[2016.03.22-22.13.40:418][701]LogModuleManager: Shutting down and abandoning module AndroidTargetPlatform (26)
[2016.03.22-22.13.40:418][701]LogModuleManager: Shutting down and abandoning module WindowsTargetPlatform (25)
[2016.03.22-22.13.40:418][701]LogModuleManager: Shutting down and abandoning module WindowsServerTargetPlatform (24)
[2016.03.22-22.13.40:418][701]LogModuleManager: Shutting down and abandoning module WindowsNoEditorTargetPlatform (23)
[2016.03.22-22.13.40:418][701]LogModuleManager: Shutting down and abandoning module WindowsClientTargetPlatform (22)
[2016.03.22-22.13.40:418][701]LogModuleManager: Shutting down and abandoning module DesktopTargetPlatform (21)
[2016.03.22-22.13.40:418][701]LogModuleManager: Shutting down and abandoning module TargetPlatform (20)
[2016.03.22-22.13.40:419][701]LogModuleManager: Shutting down and abandoning module InputCore (19)
[2016.03.22-22.13.40:423][701]LogModuleManager: Shutting down and abandoning module Settings (18)
[2016.03.22-22.13.40:423][701]LogModuleManager: Shutting down and abandoning module OnlineSubsystem (16)
[2016.03.22-22.13.40:423][701]LogModuleManager: Shutting down and abandoning module HTTP (15)
[2016.03.22-22.13.40:423][701]LogModuleManager: Shutting down and abandoning module ExampleDeviceProfileSelector (14)
[2016.03.22-22.13.40:423][701]LogModuleManager: Shutting down and abandoning module TextureCompressor (13)
[2016.03.22-22.13.40:423][701]LogModuleManager: Shutting down and abandoning module ShaderCore (12)
[2016.03.22-22.13.40:423][701]LogModuleManager: Shutting down and abandoning module Landscape (11)
[2016.03.22-22.13.40:423][701]LogModuleManager: Shutting down and abandoning module SlateRHIRenderer (10)
[2016.03.22-22.13.40:428][701]LogModuleManager: Shutting down and abandoning module OpenGLDrv (9)
[2016.03.22-22.13.40:428][701]LogModuleManager: Shutting down and abandoning module D3D11RHI (8)
[2016.03.22-22.13.40:428][701]LogModuleManager: Shutting down and abandoning module Renderer (7)
[2016.03.22-22.13.40:428][701]LogModuleManager: Shutting down and abandoning module Engine (6)
[2016.03.22-22.13.40:428][701]LogModuleManager: Shutting down and abandoning module CoreUObject (5)
[2016.03.22-22.13.40:428][701]LogModuleManager: Shutting down and abandoning module NetworkFile (4)
[2016.03.22-22.13.40:428][701]LogModuleManager: Shutting down and abandoning module StreamingFile (3)
[2016.03.22-22.13.40:428][701]LogModuleManager: Shutting down and abandoning module SandboxFile (2)
[2016.03.22-22.13.40:428][701]LogModuleManager: Shutting down and abandoning module PakFile (1)
[2016.03.22-22.13.40:430][701]LogExit: Exiting.
[2016.03.22-22.13.40:452][701]Log file closed, 03/22/16 15:13:40
